running develop
Removing /home/djqsp2/rokey3_E4_ws/install/amr_multi/lib/python3.10/site-packages/amr-multi.egg-link (link to .)
running egg_info
writing ../../build/amr_multi/amr_multi.egg-info/PKG-INFO
writing dependency_links to ../../build/amr_multi/amr_multi.egg-info/dependency_links.txt
writing entry points to ../../build/amr_multi/amr_multi.egg-info/entry_points.txt
writing requirements to ../../build/amr_multi/amr_multi.egg-info/requires.txt
writing top-level names to ../../build/amr_multi/amr_multi.egg-info/top_level.txt
reading manifest file '../../build/amr_multi/amr_multi.egg-info/SOURCES.txt'
writing manifest file '../../build/amr_multi/amr_multi.egg-info/SOURCES.txt'
running build
running build_py
creating /home/djqsp2/rokey3_E4_ws/build/amr_multi/build
creating /home/djqsp2/rokey3_E4_ws/build/amr_multi/build/lib
copying amr_master.py -> /home/djqsp2/rokey3_E4_ws/build/amr_multi/build/lib
copying yolo_fake_publisher.py -> /home/djqsp2/rokey3_E4_ws/build/amr_multi/build/lib
creating /home/djqsp2/rokey3_E4_ws/build/amr_multi/build/lib/amr_multi
copying amr_multi/__init__.py -> /home/djqsp2/rokey3_E4_ws/build/amr_multi/build/lib/amr_multi
running install
running install_lib
copying /home/djqsp2/rokey3_E4_ws/build/amr_multi/build/lib/amr_master.py -> /home/djqsp2/rokey3_E4_ws/install/amr_multi/lib/python3.10/site-packages
creating /home/djqsp2/rokey3_E4_ws/install/amr_multi/lib/python3.10/site-packages/amr_multi
copying /home/djqsp2/rokey3_E4_ws/build/amr_multi/build/lib/amr_multi/__init__.py -> /home/djqsp2/rokey3_E4_ws/install/amr_multi/lib/python3.10/site-packages/amr_multi
copying /home/djqsp2/rokey3_E4_ws/build/amr_multi/build/lib/yolo_fake_publisher.py -> /home/djqsp2/rokey3_E4_ws/install/amr_multi/lib/python3.10/site-packages
byte-compiling /home/djqsp2/rokey3_E4_ws/install/amr_multi/lib/python3.10/site-packages/amr_master.py to amr_master.cpython-310.pyc
byte-compiling /home/djqsp2/rokey3_E4_ws/install/amr_multi/lib/python3.10/site-packages/amr_multi/__init__.py to __init__.cpython-310.pyc
byte-compiling /home/djqsp2/rokey3_E4_ws/install/amr_multi/lib/python3.10/site-packages/yolo_fake_publisher.py to yolo_fake_publisher.cpython-310.pyc
running install_egg_info
Copying ../../build/amr_multi/amr_multi.egg-info to /home/djqsp2/rokey3_E4_ws/install/amr_multi/lib/python3.10/site-packages/amr_multi-0.0.0-py3.10.egg-info
running install_scripts
Installing amr_master script to /home/djqsp2/rokey3_E4_ws/install/amr_multi/lib/amr_multi
Installing yolo_fake_publisher script to /home/djqsp2/rokey3_E4_ws/install/amr_multi/lib/amr_multi
writing list of installed files to '/home/djqsp2/rokey3_E4_ws/build/amr_multi/install.log'
