[0.413s] Invoking command in '/home/djqsp2/rokey3_E4_ws/build/amr_multi': LD_LIBRARY_PATH=/home/djqsp2/rokey3_E4_ws/install/yoloinference/lib:/home/djqsp2/rokey3_E4_ws/install/yolo_data/lib:/home/djqsp2/rokey3_E4_ws/install/turtlebot4_msgs/lib:/home/djqsp2/rokey3_E4_ws/install/my_interface/lib:/home/djqsp2/rokey3_E4_ws/install/multirobot_map_merge/lib:/usr/lib/x86_64-linux-gnu/gazebo-11/plugins:/opt/ros/humble/opt/rviz_ogre_vendor/lib:/opt/ros/humble/lib/x86_64-linux-gnu:/opt/ros/humble/lib:/usr/lib/x86_64-linux-gnu/gazebo-11/plugins PYTHONPATH=/home/djqsp2/rokey3_E4_ws/build/amr_multi/prefix_override:/usr/lib/python3/dist-packages/colcon_core/task/python/colcon_distutils_commands:/home/djqsp2/rokey3_E4_ws/install/amr_multi/lib/python3.10/site-packages:${PYTHONPATH} /usr/bin/python3 -W ignore:setup.py install is deprecated -W ignore:easy_install command is deprecated setup.py develop --uninstall --editable --build-directory /home/djqsp2/rokey3_E4_ws/build/amr_multi/build
[0.590s] running develop
[0.719s] Removing /home/djqsp2/rokey3_E4_ws/install/amr_multi/lib/python3.10/site-packages/amr-multi.egg-link (link to .)
[0.734s] Invoked command in '/home/djqsp2/rokey3_E4_ws/build/amr_multi' returned '0': LD_LIBRARY_PATH=/home/djqsp2/rokey3_E4_ws/install/yoloinference/lib:/home/djqsp2/rokey3_E4_ws/install/yolo_data/lib:/home/djqsp2/rokey3_E4_ws/install/turtlebot4_msgs/lib:/home/djqsp2/rokey3_E4_ws/install/my_interface/lib:/home/djqsp2/rokey3_E4_ws/install/multirobot_map_merge/lib:/usr/lib/x86_64-linux-gnu/gazebo-11/plugins:/opt/ros/humble/opt/rviz_ogre_vendor/lib:/opt/ros/humble/lib/x86_64-linux-gnu:/opt/ros/humble/lib:/usr/lib/x86_64-linux-gnu/gazebo-11/plugins PYTHONPATH=/home/djqsp2/rokey3_E4_ws/build/amr_multi/prefix_override:/usr/lib/python3/dist-packages/colcon_core/task/python/colcon_distutils_commands:/home/djqsp2/rokey3_E4_ws/install/amr_multi/lib/python3.10/site-packages:${PYTHONPATH} /usr/bin/python3 -W ignore:setup.py install is deprecated -W ignore:easy_install command is deprecated setup.py develop --uninstall --editable --build-directory /home/djqsp2/rokey3_E4_ws/build/amr_multi/build
[0.736s] Invoking command in '/home/djqsp2/rokey3_E4_ws/src/amr_multi': LD_LIBRARY_PATH=/home/djqsp2/rokey3_E4_ws/install/yoloinference/lib:/home/djqsp2/rokey3_E4_ws/install/yolo_data/lib:/home/djqsp2/rokey3_E4_ws/install/turtlebot4_msgs/lib:/home/djqsp2/rokey3_E4_ws/install/my_interface/lib:/home/djqsp2/rokey3_E4_ws/install/multirobot_map_merge/lib:/usr/lib/x86_64-linux-gnu/gazebo-11/plugins:/opt/ros/humble/opt/rviz_ogre_vendor/lib:/opt/ros/humble/lib/x86_64-linux-gnu:/opt/ros/humble/lib:/usr/lib/x86_64-linux-gnu/gazebo-11/plugins PYTHONPATH=/home/djqsp2/rokey3_E4_ws/build/amr_multi/prefix_override:/usr/lib/python3/dist-packages/colcon_core/task/python/colcon_distutils_commands:/home/djqsp2/rokey3_E4_ws/install/amr_multi/lib/python3.10/site-packages:${PYTHONPATH} /usr/bin/python3 -W ignore:setup.py install is deprecated -W ignore:easy_install command is deprecated setup.py egg_info --egg-base ../../build/amr_multi build --build-base /home/djqsp2/rokey3_E4_ws/build/amr_multi/build install --record /home/djqsp2/rokey3_E4_ws/build/amr_multi/install.log --single-version-externally-managed
[0.893s] running egg_info
[0.893s] writing ../../build/amr_multi/amr_multi.egg-info/PKG-INFO
[0.893s] writing dependency_links to ../../build/amr_multi/amr_multi.egg-info/dependency_links.txt
[0.893s] writing entry points to ../../build/amr_multi/amr_multi.egg-info/entry_points.txt
[0.893s] writing requirements to ../../build/amr_multi/amr_multi.egg-info/requires.txt
[0.893s] writing top-level names to ../../build/amr_multi/amr_multi.egg-info/top_level.txt
[0.894s] reading manifest file '../../build/amr_multi/amr_multi.egg-info/SOURCES.txt'
[0.896s] writing manifest file '../../build/amr_multi/amr_multi.egg-info/SOURCES.txt'
[0.896s] running build
[0.896s] running build_py
[0.896s] creating /home/djqsp2/rokey3_E4_ws/build/amr_multi/build
[0.896s] creating /home/djqsp2/rokey3_E4_ws/build/amr_multi/build/lib
[0.896s] copying amr_master.py -> /home/djqsp2/rokey3_E4_ws/build/amr_multi/build/lib
[0.896s] copying yolo_fake_publisher.py -> /home/djqsp2/rokey3_E4_ws/build/amr_multi/build/lib
[0.896s] creating /home/djqsp2/rokey3_E4_ws/build/amr_multi/build/lib/amr_multi
[0.896s] copying amr_multi/__init__.py -> /home/djqsp2/rokey3_E4_ws/build/amr_multi/build/lib/amr_multi
[0.896s] running install
[0.897s] running install_lib
[0.897s] copying /home/djqsp2/rokey3_E4_ws/build/amr_multi/build/lib/amr_master.py -> /home/djqsp2/rokey3_E4_ws/install/amr_multi/lib/python3.10/site-packages
[0.897s] creating /home/djqsp2/rokey3_E4_ws/install/amr_multi/lib/python3.10/site-packages/amr_multi
[0.897s] copying /home/djqsp2/rokey3_E4_ws/build/amr_multi/build/lib/amr_multi/__init__.py -> /home/djqsp2/rokey3_E4_ws/install/amr_multi/lib/python3.10/site-packages/amr_multi
[0.897s] copying /home/djqsp2/rokey3_E4_ws/build/amr_multi/build/lib/yolo_fake_publisher.py -> /home/djqsp2/rokey3_E4_ws/install/amr_multi/lib/python3.10/site-packages
[0.897s] byte-compiling /home/djqsp2/rokey3_E4_ws/install/amr_multi/lib/python3.10/site-packages/amr_master.py to amr_master.cpython-310.pyc
[0.899s] byte-compiling /home/djqsp2/rokey3_E4_ws/install/amr_multi/lib/python3.10/site-packages/amr_multi/__init__.py to __init__.cpython-310.pyc
[0.899s] byte-compiling /home/djqsp2/rokey3_E4_ws/install/amr_multi/lib/python3.10/site-packages/yolo_fake_publisher.py to yolo_fake_publisher.cpython-310.pyc
[0.899s] running install_egg_info
[0.900s] Copying ../../build/amr_multi/amr_multi.egg-info to /home/djqsp2/rokey3_E4_ws/install/amr_multi/lib/python3.10/site-packages/amr_multi-0.0.0-py3.10.egg-info
[0.901s] running install_scripts
[0.913s] Installing amr_master script to /home/djqsp2/rokey3_E4_ws/install/amr_multi/lib/amr_multi
[0.913s] Installing yolo_fake_publisher script to /home/djqsp2/rokey3_E4_ws/install/amr_multi/lib/amr_multi
[0.913s] writing list of installed files to '/home/djqsp2/rokey3_E4_ws/build/amr_multi/install.log'
[0.928s] Invoked command in '/home/djqsp2/rokey3_E4_ws/src/amr_multi' returned '0': LD_LIBRARY_PATH=/home/djqsp2/rokey3_E4_ws/install/yoloinference/lib:/home/djqsp2/rokey3_E4_ws/install/yolo_data/lib:/home/djqsp2/rokey3_E4_ws/install/turtlebot4_msgs/lib:/home/djqsp2/rokey3_E4_ws/install/my_interface/lib:/home/djqsp2/rokey3_E4_ws/install/multirobot_map_merge/lib:/usr/lib/x86_64-linux-gnu/gazebo-11/plugins:/opt/ros/humble/opt/rviz_ogre_vendor/lib:/opt/ros/humble/lib/x86_64-linux-gnu:/opt/ros/humble/lib:/usr/lib/x86_64-linux-gnu/gazebo-11/plugins PYTHONPATH=/home/djqsp2/rokey3_E4_ws/build/amr_multi/prefix_override:/usr/lib/python3/dist-packages/colcon_core/task/python/colcon_distutils_commands:/home/djqsp2/rokey3_E4_ws/install/amr_multi/lib/python3.10/site-packages:${PYTHONPATH} /usr/bin/python3 -W ignore:setup.py install is deprecated -W ignore:easy_install command is deprecated setup.py egg_info --egg-base ../../build/amr_multi build --build-base /home/djqsp2/rokey3_E4_ws/build/amr_multi/build install --record /home/djqsp2/rokey3_E4_ws/build/amr_multi/install.log --single-version-externally-managed
