[0.029s] Invoking command in '/home/djqsp2/rokey3_E4_ws/build/explore_lite': CMAKE_PREFIX_PATH=/opt/ros/humble /usr/bin/cmake --build /home/djqsp2/rokey3_E4_ws/build/explore_lite -- -j22 -l22
[0.090s] [ 20%] Built target gtest
[0.092s] [ 40%] Built target gtest_main
[0.121s] [ 80%] Built target explore
[0.127s] [100%] Built target test_explore
[0.153s] Invoked command in '/home/djqsp2/rokey3_E4_ws/build/explore_lite' returned '0': CMAKE_PREFIX_PATH=/opt/ros/humble /usr/bin/cmake --build /home/djqsp2/rokey3_E4_ws/build/explore_lite -- -j22 -l22
[0.155s] Invoking command in '/home/djqsp2/rokey3_E4_ws/build/explore_lite': CMAKE_PREFIX_PATH=/opt/ros/humble /usr/bin/cmake --install /home/djqsp2/rokey3_E4_ws/build/explore_lite
[0.174s] -- Install configuration: ""
[0.174s] -- Execute custom install script
[0.174s] -- Up-to-date symlink: /home/djqsp2/rokey3_E4_ws/install/explore_lite/include/explore//costmap_client.h
[0.174s] -- Up-to-date symlink: /home/djqsp2/rokey3_E4_ws/install/explore_lite/include/explore//costmap_tools.h
[0.174s] -- Up-to-date symlink: /home/djqsp2/rokey3_E4_ws/install/explore_lite/include/explore//explore.h
[0.174s] -- Up-to-date symlink: /home/djqsp2/rokey3_E4_ws/install/explore_lite/include/explore//frontier_search.h
[0.174s] -- Up-to-date symlink: /home/djqsp2/rokey3_E4_ws/install/explore_lite/share/explore_lite/config/params.yaml
[0.174s] -- Up-to-date symlink: /home/djqsp2/rokey3_E4_ws/install/explore_lite/share/explore_lite/config/params_costmap.yaml
[0.175s] -- Up-to-date symlink: /home/djqsp2/rokey3_E4_ws/install/explore_lite/share/explore_lite/launch/explore.launch.py
[0.175s] -- Up-to-date symlink: /home/djqsp2/rokey3_E4_ws/install/explore_lite/lib/explore_lite/explore
[0.175s] -- Up-to-date symlink: /home/djqsp2/rokey3_E4_ws/install/explore_lite/share/ament_index/resource_index/package_run_dependencies/explore_lite
[0.175s] -- Up-to-date symlink: /home/djqsp2/rokey3_E4_ws/install/explore_lite/share/ament_index/resource_index/parent_prefix_path/explore_lite
[0.175s] -- Up-to-date symlink: /home/djqsp2/rokey3_E4_ws/install/explore_lite/share/explore_lite/environment/ament_prefix_path.sh
[0.175s] -- Up-to-date symlink: /home/djqsp2/rokey3_E4_ws/install/explore_lite/share/explore_lite/environment/ament_prefix_path.dsv
[0.175s] -- Up-to-date symlink: /home/djqsp2/rokey3_E4_ws/install/explore_lite/share/explore_lite/environment/path.sh
[0.175s] -- Up-to-date symlink: /home/djqsp2/rokey3_E4_ws/install/explore_lite/share/explore_lite/environment/path.dsv
[0.175s] -- Up-to-date symlink: /home/djqsp2/rokey3_E4_ws/install/explore_lite/share/explore_lite/local_setup.bash
[0.175s] -- Up-to-date symlink: /home/djqsp2/rokey3_E4_ws/install/explore_lite/share/explore_lite/local_setup.sh
[0.175s] -- Up-to-date symlink: /home/djqsp2/rokey3_E4_ws/install/explore_lite/share/explore_lite/local_setup.zsh
[0.175s] -- Up-to-date symlink: /home/djqsp2/rokey3_E4_ws/install/explore_lite/share/explore_lite/local_setup.dsv
[0.175s] -- Symlinking: /home/djqsp2/rokey3_E4_ws/install/explore_lite/share/explore_lite/package.dsv
[0.177s] -- Up-to-date symlink: /home/djqsp2/rokey3_E4_ws/install/explore_lite/share/ament_index/resource_index/packages/explore_lite
[0.177s] -- Up-to-date symlink: /home/djqsp2/rokey3_E4_ws/install/explore_lite/share/explore_lite/cmake/ament_cmake_export_include_directories-extras.cmake
[0.177s] -- Up-to-date symlink: /home/djqsp2/rokey3_E4_ws/install/explore_lite/share/explore_lite/cmake/explore_liteConfig.cmake
[0.177s] -- Up-to-date symlink: /home/djqsp2/rokey3_E4_ws/install/explore_lite/share/explore_lite/cmake/explore_liteConfig-version.cmake
[0.182s] -- Up-to-date symlink: /home/djqsp2/rokey3_E4_ws/install/explore_lite/share/explore_lite/package.xml
[0.192s] Invoked command in '/home/djqsp2/rokey3_E4_ws/build/explore_lite' returned '0': CMAKE_PREFIX_PATH=/opt/ros/humble /usr/bin/cmake --install /home/djqsp2/rokey3_E4_ws/build/explore_lite
