-- Install configuration: ""
-- Execute custom install script
-- Up-to-date symlink: /home/djqsp2/rokey3_E4_ws/install/turtlebot4_viz/share/turtlebot4_viz/launch/view_diagnostics.launch.py
-- Up-to-date symlink: /home/djqsp2/rokey3_E4_ws/install/turtlebot4_viz/share/turtlebot4_viz/launch/view_model.launch.py
-- Up-to-date symlink: /home/djqsp2/rokey3_E4_ws/install/turtlebot4_viz/share/turtlebot4_viz/launch/view_robot.launch.py
-- Up-to-date symlink: /home/djqsp2/rokey3_E4_ws/install/turtlebot4_viz/share/turtlebot4_viz/rviz/model.rviz
-- Up-to-date symlink: /home/djqsp2/rokey3_E4_ws/install/turtlebot4_viz/share/turtlebot4_viz/rviz/robot.rviz
-- Up-to-date symlink: /home/djqsp2/rokey3_E4_ws/install/turtlebot4_viz/share/ament_index/resource_index/package_run_dependencies/turtlebot4_viz
-- Up-to-date symlink: /home/djqsp2/rokey3_E4_ws/install/turtlebot4_viz/share/ament_index/resource_index/parent_prefix_path/turtlebot4_viz
-- Up-to-date symlink: /home/djqsp2/rokey3_E4_ws/install/turtlebot4_viz/share/turtlebot4_viz/environment/ament_prefix_path.sh
-- Up-to-date symlink: /home/djqsp2/rokey3_E4_ws/install/turtlebot4_viz/share/turtlebot4_viz/environment/ament_prefix_path.dsv
-- Up-to-date symlink: /home/djqsp2/rokey3_E4_ws/install/turtlebot4_viz/share/turtlebot4_viz/environment/path.sh
-- Up-to-date symlink: /home/djqsp2/rokey3_E4_ws/install/turtlebot4_viz/share/turtlebot4_viz/environment/path.dsv
-- Up-to-date symlink: /home/djqsp2/rokey3_E4_ws/install/turtlebot4_viz/share/turtlebot4_viz/local_setup.bash
-- Up-to-date symlink: /home/djqsp2/rokey3_E4_ws/install/turtlebot4_viz/share/turtlebot4_viz/local_setup.sh
-- Up-to-date symlink: /home/djqsp2/rokey3_E4_ws/install/turtlebot4_viz/share/turtlebot4_viz/local_setup.zsh
-- Up-to-date symlink: /home/djqsp2/rokey3_E4_ws/install/turtlebot4_viz/share/turtlebot4_viz/local_setup.dsv
-- Symlinking: /home/djqsp2/rokey3_E4_ws/install/turtlebot4_viz/share/turtlebot4_viz/package.dsv
-- Up-to-date symlink: /home/djqsp2/rokey3_E4_ws/install/turtlebot4_viz/share/ament_index/resource_index/packages/turtlebot4_viz
-- Up-to-date symlink: /home/djqsp2/rokey3_E4_ws/install/turtlebot4_viz/share/turtlebot4_viz/cmake/turtlebot4_vizConfig.cmake
-- Up-to-date symlink: /home/djqsp2/rokey3_E4_ws/install/turtlebot4_viz/share/turtlebot4_viz/cmake/turtlebot4_vizConfig-version.cmake
-- Up-to-date symlink: /home/djqsp2/rokey3_E4_ws/install/turtlebot4_viz/share/turtlebot4_viz/package.xml
