[0.018s] Invoking command in '/home/djqsp2/rokey3_E4_ws/build/turtlebot4_ignition_gui_plugins': CMAKE_PREFIX_PATH=/opt/ros/humble /usr/bin/cmake /home/djqsp2/rokey3_E4_ws/src/turtlebot4_simulator/turtlebot4_ignition_gui_plugins -DAMENT_CMAKE_SYMLINK_INSTALL=1 -DCMAKE_INSTALL_PREFIX=/home/djqsp2/rokey3_E4_ws/install/turtlebot4_ignition_gui_plugins
[0.221s] -- The C compiler identification is GNU 11.4.0
[0.222s] -- The CXX compiler identification is GNU 11.4.0
[0.222s] -- Detecting C compiler ABI info
[0.222s] -- Detecting C compiler ABI info - done
[0.222s] -- Check for working C compiler: /usr/bin/cc - skipped
[0.222s] -- Detecting C compile features
[0.222s] -- Detecting C compile features - done
[0.222s] -- Detecting CXX compiler ABI info
[0.225s] -- Detecting CXX compiler ABI info - done
[0.231s] -- Check for working CXX compiler: /usr/bin/c++ - skipped
[0.232s] -- Detecting CXX compile features
[0.232s] -- Detecting CXX compile features - done
[0.234s] -- Found ament_cmake: 1.3.11 (/opt/ros/humble/share/ament_cmake/cmake)
[0.363s] -- Found Python3: /usr/bin/python3 (found version "3.10.12") found components: Interpreter 
[0.426s] -- Override CMake install command with custom implementation using symlinks instead of copying resources
[0.449s] -- Found ament_lint_auto: 0.12.12 (/opt/ros/humble/share/ament_lint_auto/cmake)
[0.528s] -- Looking for ignition-gui6 -- found version 6.8.0
[0.531s] -- Searching for dependencies of ignition-gui6
[0.671s] -- Found Protobuf: /usr/lib/x86_64-linux-gnu/libprotobuf.so (found suitable version "3.12.4", minimum required is "3") 
[0.676s] -- Checking for module 'tinyxml2'
[0.688s] --   Found tinyxml2, version 9.0.0
[0.715s] -- Looking for ignition-math6 -- found version 6.15.1
[0.716s] -- Searching for dependencies of ignition-math6
[0.719s] -- Looking for ignition-common4 -- found version 4.7.0
[0.720s] -- Searching for dependencies of ignition-common4
[0.720s] -- Looking for dlfcn.h - found
[0.722s] -- Looking for libdl - found
[0.723s] -- Found DL: TRUE  
[0.728s] -- Checking for module 'uuid'
[0.739s] --   Found uuid, version 2.37.2
[0.760s] -- Found UUID: TRUE  
[0.760s] -- Searching for <ignition-common4> component [profiler]
[0.762s] -- Looking for ignition-common4-profiler -- found version 4.7.0
[0.763s] -- Searching for dependencies of ignition-common4-profiler
[0.765s] -- Looking for ignition-plugin1 -- found version 1.4.0
[0.766s] -- Searching for dependencies of ignition-plugin1
[0.766s] -- Searching for <ignition-plugin1> component [loader]
[0.769s] -- Looking for ignition-plugin1-loader -- found version 1.4.0
[0.769s] -- Searching for dependencies of ignition-plugin1-loader
[0.770s] -- Searching for <ignition-plugin1> component [register]
[0.772s] -- Looking for ignition-plugin1-register -- found version 1.4.0
[0.773s] -- Searching for dependencies of ignition-plugin1-register
[0.776s] -- Looking for ignition-transport11 -- found version 11.4.1
[0.776s] -- Searching for dependencies of ignition-transport11
[0.793s] -- Found Protobuf: /usr/lib/x86_64-linux-gnu/libprotobuf.so (found version "3.12.4") 
[0.801s] -- Config-file not installed for ZeroMQ -- checking for pkg-config
[0.804s] -- Checking for module 'libzmq >= 4'
[0.815s] --   Found libzmq , version 4.3.4
[0.843s] -- Found ZeroMQ: TRUE (Required is at least version "4") 
[0.852s] -- Looking for ignition-utils1 -- found version 1.5.1
[0.853s] -- Searching for dependencies of ignition-utils1
[0.853s] -- Searching for <ignition-utils1> component [cli]
[0.854s] -- Looking for ignition-utils1-cli -- found version 1.5.1
[0.855s] -- Searching for dependencies of ignition-utils1-cli
[0.856s] -- Looking for ignition-msgs8 -- found version 8.7.0
[0.857s] -- Searching for dependencies of ignition-msgs8
[0.871s] -- Found Protobuf: /usr/lib/x86_64-linux-gnu/libprotobuf.so (found suitable version "3.12.4", minimum required is "3") 
[0.871s] -- Looking for ignition-math6 -- found version 6.15.1
[0.881s] -- Looking for ignition-rendering6 -- found version 6.6.3
[0.881s] -- Searching for dependencies of ignition-rendering6
[0.881s] -- Looking for ignition-math6 -- found version 6.15.1
[0.882s] -- Searching for dependencies of ignition-math6
[0.882s] -- Searching for <ignition-math6> component [eigen3]
[0.885s] -- Looking for ignition-math6-eigen3 -- found version 6.15.1
[0.885s] -- Searching for dependencies of ignition-math6-eigen3
[0.893s] -- Looking for ignition-common4 -- found version 4.7.0
[0.894s] -- Searching for dependencies of ignition-common4
[0.894s] -- Looking for dlfcn.h - found
[0.894s] -- Looking for libdl - found
[0.903s] -- Searching for <ignition-common4> component [graphics]
[0.904s] -- Looking for ignition-common4-graphics -- found version 4.7.0
[0.905s] -- Searching for dependencies of ignition-common4-graphics
[0.905s] -- Looking for ignition-math6 -- found version 6.15.1
[0.905s] -- Looking for ignition-utils1 -- found version 1.5.1
[0.905s] -- Searching for <ignition-common4> component [events]
[0.907s] -- Looking for ignition-common4-events -- found version 4.7.0
[0.907s] -- Searching for dependencies of ignition-common4-events
[0.907s] -- Looking for ignition-math6 -- found version 6.15.1
[0.908s] -- Looking for ignition-plugin1 -- found version 1.4.0
[0.908s] -- Searching for dependencies of ignition-plugin1
[0.908s] -- Searching for <ignition-plugin1> component [all]
[0.910s] -- Looking for all libraries of ignition-plugin1 -- found version 1.4.0
[0.910s] -- Looking for ignition-plugin1 -- found version 1.4.0
[0.911s] -- Looking for ignition-msgs8 -- found version 8.7.0
[0.914s] -- Looking for ignition-common4 -- found version 4.7.0
[0.917s] -- Added test 'cppcheck' to perform static code analysis on C / C++ code
[0.917s] -- Configured cppcheck include dirs: 
[0.917s] -- Configured cppcheck exclude dirs and/or files: 
[0.917s] -- Added test 'cpplint' to check C / C++ code against the Google style
[0.918s] -- Configured cpplint exclude dirs and/or files: 
[0.918s] -- Added test 'lint_cmake' to check CMake code style
[0.918s] -- Added test 'xmllint' to check XML markup files
[0.919s] -- Configuring done
[0.928s] -- Generating done
[0.930s] -- Build files have been written to: /home/djqsp2/rokey3_E4_ws/build/turtlebot4_ignition_gui_plugins
