[35m[1mConsolidate compiler generated dependencies of target yoloinference__rosidl_generator_c[0m
[  2%] Built target yoloinference__cpp
[ 12%] Built target yoloinference__rosidl_generator_c
[ 12%] Built target ament_cmake_python_symlink_yoloinference
[35m[1mConsolidate compiler generated dependencies of target yoloinference__rosidl_typesupport_fastrtps_cpp[0m
[35m[1mConsolidate compiler generated dependencies of target yoloinference__rosidl_typesupport_cpp[0m
[35m[1mConsolidate compiler generated dependencies of target yoloinference__rosidl_typesupport_introspection_cpp[0m
[35m[1mConsolidate compiler generated dependencies of target yoloinference__rosidl_typesupport_introspection_c[0m
[ 23%] Built target yoloinference__rosidl_typesupport_fastrtps_cpp
[35m[1mConsolidate compiler generated dependencies of target yoloinference__rosidl_typesupport_c[0m
[35m[1mConsolidate compiler generated dependencies of target yoloinference__rosidl_typesupport_fastrtps_c[0m
[ 33%] Built target yoloinference__rosidl_typesupport_cpp
[ 43%] Built target yoloinference__rosidl_typesupport_introspection_cpp
[ 53%] Built target yoloinference__rosidl_typesupport_introspection_c
[ 64%] Built target yoloinference__rosidl_typesupport_c
[ 74%] Built target yoloinference__rosidl_typesupport_fastrtps_c
[ 74%] Built target yoloinference
[ 76%] Built target yoloinference__py
[35m[1mConsolidate compiler generated dependencies of target yoloinference__rosidl_generator_py[0m
[ 84%] Built target yoloinference__rosidl_generator_py
[35m[1mConsolidate compiler generated dependencies of target yoloinference__rosidl_typesupport_fastrtps_c__pyext[0m
[35m[1mConsolidate compiler generated dependencies of target yoloinference__rosidl_typesupport_introspection_c__pyext[0m
[35m[1mConsolidate compiler generated dependencies of target yoloinference__rosidl_typesupport_c__pyext[0m
[ 89%] Built target yoloinference__rosidl_typesupport_fastrtps_c__pyext
[ 94%] Built target yoloinference__rosidl_typesupport_introspection_c__pyext
[100%] Built target yoloinference__rosidl_typesupport_c__pyext
running egg_info
writing yoloinference.egg-info/PKG-INFO
writing dependency_links to yoloinference.egg-info/dependency_links.txt
writing top-level names to yoloinference.egg-info/top_level.txt
reading manifest file 'yoloinference.egg-info/SOURCES.txt'
writing manifest file 'yoloinference.egg-info/SOURCES.txt'
[100%] Built target ament_cmake_python_build_yoloinference_egg
-- Install configuration: ""
-- Execute custom install script
-- Up-to-date symlink: /home/djqsp2/rokey3_E4_ws/install/yoloinference/share/ament_index/resource_index/rosidl_interfaces/yoloinference
-- Up-to-date symlink: /home/djqsp2/rokey3_E4_ws/install/yoloinference/include/yoloinference/yoloinference/msg/bounding_box.h
-- Up-to-date symlink: /home/djqsp2/rokey3_E4_ws/install/yoloinference/include/yoloinference/yoloinference/msg/bounding_boxes.h
-- Up-to-date symlink: /home/djqsp2/rokey3_E4_ws/install/yoloinference/include/yoloinference/yoloinference/msg/detail/bounding_box__functions.h
-- Up-to-date symlink: /home/djqsp2/rokey3_E4_ws/install/yoloinference/include/yoloinference/yoloinference/msg/detail/bounding_box__struct.h
-- Up-to-date symlink: /home/djqsp2/rokey3_E4_ws/install/yoloinference/include/yoloinference/yoloinference/msg/detail/bounding_box__type_support.h
-- Up-to-date symlink: /home/djqsp2/rokey3_E4_ws/install/yoloinference/include/yoloinference/yoloinference/msg/detail/bounding_boxes__functions.h
-- Up-to-date symlink: /home/djqsp2/rokey3_E4_ws/install/yoloinference/include/yoloinference/yoloinference/msg/detail/bounding_boxes__struct.h
-- Up-to-date symlink: /home/djqsp2/rokey3_E4_ws/install/yoloinference/include/yoloinference/yoloinference/msg/detail/bounding_boxes__type_support.h
-- Up-to-date symlink: /home/djqsp2/rokey3_E4_ws/install/yoloinference/include/yoloinference/yoloinference/msg/rosidl_generator_c__visibility_control.h
-- Up-to-date symlink: /home/djqsp2/rokey3_E4_ws/install/yoloinference/share/yoloinference/environment/library_path.sh
-- Up-to-date symlink: /home/djqsp2/rokey3_E4_ws/install/yoloinference/share/yoloinference/environment/library_path.dsv
-- Up-to-date symlink: /home/djqsp2/rokey3_E4_ws/install/yoloinference/include/yoloinference/yoloinference/msg/detail/bounding_box__rosidl_typesupport_fastrtps_c.h
-- Up-to-date symlink: /home/djqsp2/rokey3_E4_ws/install/yoloinference/include/yoloinference/yoloinference/msg/detail/bounding_boxes__rosidl_typesupport_fastrtps_c.h
-- Up-to-date symlink: /home/djqsp2/rokey3_E4_ws/install/yoloinference/include/yoloinference/yoloinference/msg/rosidl_typesupport_fastrtps_c__visibility_control.h
-- Up-to-date symlink: /home/djqsp2/rokey3_E4_ws/install/yoloinference/include/yoloinference/yoloinference/msg/bounding_box.hpp
-- Up-to-date symlink: /home/djqsp2/rokey3_E4_ws/install/yoloinference/include/yoloinference/yoloinference/msg/bounding_boxes.hpp
-- Up-to-date symlink: /home/djqsp2/rokey3_E4_ws/install/yoloinference/include/yoloinference/yoloinference/msg/detail/bounding_box__builder.hpp
-- Up-to-date symlink: /home/djqsp2/rokey3_E4_ws/install/yoloinference/include/yoloinference/yoloinference/msg/detail/bounding_box__struct.hpp
-- Up-to-date symlink: /home/djqsp2/rokey3_E4_ws/install/yoloinference/include/yoloinference/yoloinference/msg/detail/bounding_box__traits.hpp
-- Up-to-date symlink: /home/djqsp2/rokey3_E4_ws/install/yoloinference/include/yoloinference/yoloinference/msg/detail/bounding_box__type_support.hpp
-- Up-to-date symlink: /home/djqsp2/rokey3_E4_ws/install/yoloinference/include/yoloinference/yoloinference/msg/detail/bounding_boxes__builder.hpp
-- Up-to-date symlink: /home/djqsp2/rokey3_E4_ws/install/yoloinference/include/yoloinference/yoloinference/msg/detail/bounding_boxes__struct.hpp
-- Up-to-date symlink: /home/djqsp2/rokey3_E4_ws/install/yoloinference/include/yoloinference/yoloinference/msg/detail/bounding_boxes__traits.hpp
-- Up-to-date symlink: /home/djqsp2/rokey3_E4_ws/install/yoloinference/include/yoloinference/yoloinference/msg/detail/bounding_boxes__type_support.hpp
-- Up-to-date symlink: /home/djqsp2/rokey3_E4_ws/install/yoloinference/include/yoloinference/yoloinference/msg/rosidl_generator_cpp__visibility_control.hpp
-- Up-to-date symlink: /home/djqsp2/rokey3_E4_ws/install/yoloinference/include/yoloinference/yoloinference/msg/detail/bounding_box__rosidl_typesupport_fastrtps_cpp.hpp
-- Up-to-date symlink: /home/djqsp2/rokey3_E4_ws/install/yoloinference/include/yoloinference/yoloinference/msg/detail/bounding_boxes__rosidl_typesupport_fastrtps_cpp.hpp
-- Up-to-date symlink: /home/djqsp2/rokey3_E4_ws/install/yoloinference/include/yoloinference/yoloinference/msg/rosidl_typesupport_fastrtps_cpp__visibility_control.h
-- Up-to-date symlink: /home/djqsp2/rokey3_E4_ws/install/yoloinference/include/yoloinference/yoloinference/msg/detail/bounding_box__rosidl_typesupport_introspection_c.h
-- Up-to-date symlink: /home/djqsp2/rokey3_E4_ws/install/yoloinference/include/yoloinference/yoloinference/msg/detail/bounding_boxes__rosidl_typesupport_introspection_c.h
-- Up-to-date symlink: /home/djqsp2/rokey3_E4_ws/install/yoloinference/include/yoloinference/yoloinference/msg/rosidl_typesupport_introspection_c__visibility_control.h
-- Up-to-date symlink: /home/djqsp2/rokey3_E4_ws/install/yoloinference/include/yoloinference/yoloinference/msg/detail/bounding_box__rosidl_typesupport_introspection_cpp.hpp
-- Up-to-date symlink: /home/djqsp2/rokey3_E4_ws/install/yoloinference/include/yoloinference/yoloinference/msg/detail/bounding_boxes__rosidl_typesupport_introspection_cpp.hpp
-- Up-to-date symlink: /home/djqsp2/rokey3_E4_ws/install/yoloinference/share/yoloinference/environment/pythonpath.sh
-- Up-to-date symlink: /home/djqsp2/rokey3_E4_ws/install/yoloinference/share/yoloinference/environment/pythonpath.dsv
-- Up-to-date symlink: /home/djqsp2/rokey3_E4_ws/install/yoloinference/local/lib/python3.10/dist-packages/yoloinference-0.0.0-py3.10.egg-info/PKG-INFO
-- Up-to-date symlink: /home/djqsp2/rokey3_E4_ws/install/yoloinference/local/lib/python3.10/dist-packages/yoloinference-0.0.0-py3.10.egg-info/SOURCES.txt
-- Up-to-date symlink: /home/djqsp2/rokey3_E4_ws/install/yoloinference/local/lib/python3.10/dist-packages/yoloinference-0.0.0-py3.10.egg-info/dependency_links.txt
-- Up-to-date symlink: /home/djqsp2/rokey3_E4_ws/install/yoloinference/local/lib/python3.10/dist-packages/yoloinference-0.0.0-py3.10.egg-info/top_level.txt
-- Up-to-date symlink: /home/djqsp2/rokey3_E4_ws/install/yoloinference/local/lib/python3.10/dist-packages/yoloinference/__init__.py
-- Up-to-date symlink: /home/djqsp2/rokey3_E4_ws/install/yoloinference/local/lib/python3.10/dist-packages/yoloinference/_yoloinference_s.ep.rosidl_typesupport_c.c
-- Up-to-date symlink: /home/djqsp2/rokey3_E4_ws/install/yoloinference/local/lib/python3.10/dist-packages/yoloinference/_yoloinference_s.ep.rosidl_typesupport_fastrtps_c.c
-- Up-to-date symlink: /home/djqsp2/rokey3_E4_ws/install/yoloinference/local/lib/python3.10/dist-packages/yoloinference/_yoloinference_s.ep.rosidl_typesupport_introspection_c.c
-- Up-to-date symlink: /home/djqsp2/rokey3_E4_ws/install/yoloinference/local/lib/python3.10/dist-packages/yoloinference/libyoloinference__rosidl_generator_py.so
-- Up-to-date symlink: /home/djqsp2/rokey3_E4_ws/install/yoloinference/local/lib/python3.10/dist-packages/yoloinference/msg/__init__.py
-- Up-to-date symlink: /home/djqsp2/rokey3_E4_ws/install/yoloinference/local/lib/python3.10/dist-packages/yoloinference/msg/_bounding_box.py
-- Up-to-date symlink: /home/djqsp2/rokey3_E4_ws/install/yoloinference/local/lib/python3.10/dist-packages/yoloinference/msg/_bounding_box_s.c
-- Up-to-date symlink: /home/djqsp2/rokey3_E4_ws/install/yoloinference/local/lib/python3.10/dist-packages/yoloinference/msg/_bounding_boxes.py
-- Up-to-date symlink: /home/djqsp2/rokey3_E4_ws/install/yoloinference/local/lib/python3.10/dist-packages/yoloinference/msg/_bounding_boxes_s.c
-- Up-to-date symlink: /home/djqsp2/rokey3_E4_ws/install/yoloinference/local/lib/python3.10/dist-packages/yoloinference/yoloinference_s__rosidl_typesupport_c.cpython-310-x86_64-linux-gnu.so
-- Up-to-date symlink: /home/djqsp2/rokey3_E4_ws/install/yoloinference/local/lib/python3.10/dist-packages/yoloinference/yoloinference_s__rosidl_typesupport_fastrtps_c.cpython-310-x86_64-linux-gnu.so
-- Up-to-date symlink: /home/djqsp2/rokey3_E4_ws/install/yoloinference/local/lib/python3.10/dist-packages/yoloinference/yoloinference_s__rosidl_typesupport_introspection_c.cpython-310-x86_64-linux-gnu.so
-- Up-to-date symlink: /home/djqsp2/rokey3_E4_ws/install/yoloinference/local/lib/python3.10/dist-packages/yoloinference/yoloinference_s__rosidl_typesupport_fastrtps_c.cpython-310-x86_64-linux-gnu.so
-- Up-to-date symlink: /home/djqsp2/rokey3_E4_ws/install/yoloinference/local/lib/python3.10/dist-packages/yoloinference/yoloinference_s__rosidl_typesupport_introspection_c.cpython-310-x86_64-linux-gnu.so
-- Up-to-date symlink: /home/djqsp2/rokey3_E4_ws/install/yoloinference/local/lib/python3.10/dist-packages/yoloinference/yoloinference_s__rosidl_typesupport_c.cpython-310-x86_64-linux-gnu.so
-- Up-to-date symlink: /home/djqsp2/rokey3_E4_ws/install/yoloinference/share/yoloinference/msg/BoundingBox.idl
-- Up-to-date symlink: /home/djqsp2/rokey3_E4_ws/install/yoloinference/share/yoloinference/msg/BoundingBoxes.idl
-- Up-to-date symlink: /home/djqsp2/rokey3_E4_ws/install/yoloinference/share/yoloinference/msg/BoundingBox.msg
-- Up-to-date symlink: /home/djqsp2/rokey3_E4_ws/install/yoloinference/share/yoloinference/msg/BoundingBoxes.msg
-- Up-to-date symlink: /home/djqsp2/rokey3_E4_ws/install/yoloinference/share/ament_index/resource_index/package_run_dependencies/yoloinference
-- Up-to-date symlink: /home/djqsp2/rokey3_E4_ws/install/yoloinference/share/ament_index/resource_index/parent_prefix_path/yoloinference
-- Up-to-date symlink: /home/djqsp2/rokey3_E4_ws/install/yoloinference/share/yoloinference/environment/ament_prefix_path.sh
-- Up-to-date symlink: /home/djqsp2/rokey3_E4_ws/install/yoloinference/share/yoloinference/environment/ament_prefix_path.dsv
-- Up-to-date symlink: /home/djqsp2/rokey3_E4_ws/install/yoloinference/share/yoloinference/environment/path.sh
-- Up-to-date symlink: /home/djqsp2/rokey3_E4_ws/install/yoloinference/share/yoloinference/environment/path.dsv
-- Up-to-date symlink: /home/djqsp2/rokey3_E4_ws/install/yoloinference/share/yoloinference/local_setup.bash
-- Up-to-date symlink: /home/djqsp2/rokey3_E4_ws/install/yoloinference/share/yoloinference/local_setup.sh
-- Up-to-date symlink: /home/djqsp2/rokey3_E4_ws/install/yoloinference/share/yoloinference/local_setup.zsh
-- Up-to-date symlink: /home/djqsp2/rokey3_E4_ws/install/yoloinference/share/yoloinference/local_setup.dsv
-- Symlinking: /home/djqsp2/rokey3_E4_ws/install/yoloinference/share/yoloinference/package.dsv
-- Up-to-date symlink: /home/djqsp2/rokey3_E4_ws/install/yoloinference/share/ament_index/resource_index/packages/yoloinference
-- Up-to-date symlink: /home/djqsp2/rokey3_E4_ws/install/yoloinference/share/yoloinference/cmake/rosidl_cmake-extras.cmake
-- Up-to-date symlink: /home/djqsp2/rokey3_E4_ws/install/yoloinference/share/yoloinference/cmake/ament_cmake_export_dependencies-extras.cmake
-- Up-to-date symlink: /home/djqsp2/rokey3_E4_ws/install/yoloinference/share/yoloinference/cmake/ament_cmake_export_include_directories-extras.cmake
-- Up-to-date symlink: /home/djqsp2/rokey3_E4_ws/install/yoloinference/share/yoloinference/cmake/ament_cmake_export_libraries-extras.cmake
-- Up-to-date symlink: /home/djqsp2/rokey3_E4_ws/install/yoloinference/share/yoloinference/cmake/ament_cmake_export_targets-extras.cmake
-- Up-to-date symlink: /home/djqsp2/rokey3_E4_ws/install/yoloinference/share/yoloinference/cmake/rosidl_cmake_export_typesupport_targets-extras.cmake
-- Up-to-date symlink: /home/djqsp2/rokey3_E4_ws/install/yoloinference/share/yoloinference/cmake/rosidl_cmake_export_typesupport_libraries-extras.cmake
-- Up-to-date symlink: /home/djqsp2/rokey3_E4_ws/install/yoloinference/share/yoloinference/cmake/yoloinferenceConfig.cmake
-- Up-to-date symlink: /home/djqsp2/rokey3_E4_ws/install/yoloinference/share/yoloinference/cmake/yoloinferenceConfig-version.cmake
-- Up-to-date symlink: /home/djqsp2/rokey3_E4_ws/install/yoloinference/share/yoloinference/package.xml
-- Up-to-date: /home/djqsp2/rokey3_E4_ws/install/yoloinference/lib/libyoloinference__rosidl_generator_c.so
-- Up-to-date: /home/djqsp2/rokey3_E4_ws/install/yoloinference/lib/libyoloinference__rosidl_typesupport_fastrtps_c.so
-- Up-to-date: /home/djqsp2/rokey3_E4_ws/install/yoloinference/lib/libyoloinference__rosidl_typesupport_fastrtps_cpp.so
-- Up-to-date: /home/djqsp2/rokey3_E4_ws/install/yoloinference/lib/libyoloinference__rosidl_typesupport_introspection_c.so
-- Up-to-date: /home/djqsp2/rokey3_E4_ws/install/yoloinference/lib/libyoloinference__rosidl_typesupport_c.so
-- Up-to-date: /home/djqsp2/rokey3_E4_ws/install/yoloinference/lib/libyoloinference__rosidl_typesupport_introspection_cpp.so
-- Up-to-date: /home/djqsp2/rokey3_E4_ws/install/yoloinference/lib/libyoloinference__rosidl_typesupport_cpp.so
Listing '/home/djqsp2/rokey3_E4_ws/install/yoloinference/local/lib/python3.10/dist-packages/yoloinference'...
Listing '/home/djqsp2/rokey3_E4_ws/install/yoloinference/local/lib/python3.10/dist-packages/yoloinference/msg'...
-- Up-to-date: /home/djqsp2/rokey3_E4_ws/install/yoloinference/lib/libyoloinference__rosidl_generator_py.so
-- Up-to-date: /home/djqsp2/rokey3_E4_ws/install/yoloinference/share/yoloinference/cmake/export_yoloinference__rosidl_generator_cExport.cmake
-- Up-to-date: /home/djqsp2/rokey3_E4_ws/install/yoloinference/share/yoloinference/cmake/export_yoloinference__rosidl_generator_cExport-noconfig.cmake
-- Up-to-date: /home/djqsp2/rokey3_E4_ws/install/yoloinference/share/yoloinference/cmake/export_yoloinference__rosidl_typesupport_fastrtps_cExport.cmake
-- Up-to-date: /home/djqsp2/rokey3_E4_ws/install/yoloinference/share/yoloinference/cmake/export_yoloinference__rosidl_typesupport_fastrtps_cExport-noconfig.cmake
-- Up-to-date: /home/djqsp2/rokey3_E4_ws/install/yoloinference/share/yoloinference/cmake/export_yoloinference__rosidl_generator_cppExport.cmake
-- Up-to-date: /home/djqsp2/rokey3_E4_ws/install/yoloinference/share/yoloinference/cmake/export_yoloinference__rosidl_typesupport_fastrtps_cppExport.cmake
-- Up-to-date: /home/djqsp2/rokey3_E4_ws/install/yoloinference/share/yoloinference/cmake/export_yoloinference__rosidl_typesupport_fastrtps_cppExport-noconfig.cmake
-- Up-to-date: /home/djqsp2/rokey3_E4_ws/install/yoloinference/share/yoloinference/cmake/yoloinference__rosidl_typesupport_introspection_cExport.cmake
-- Up-to-date: /home/djqsp2/rokey3_E4_ws/install/yoloinference/share/yoloinference/cmake/yoloinference__rosidl_typesupport_introspection_cExport-noconfig.cmake
-- Up-to-date: /home/djqsp2/rokey3_E4_ws/install/yoloinference/share/yoloinference/cmake/yoloinference__rosidl_typesupport_cExport.cmake
-- Up-to-date: /home/djqsp2/rokey3_E4_ws/install/yoloinference/share/yoloinference/cmake/yoloinference__rosidl_typesupport_cExport-noconfig.cmake
-- Up-to-date: /home/djqsp2/rokey3_E4_ws/install/yoloinference/share/yoloinference/cmake/yoloinference__rosidl_typesupport_introspection_cppExport.cmake
-- Up-to-date: /home/djqsp2/rokey3_E4_ws/install/yoloinference/share/yoloinference/cmake/yoloinference__rosidl_typesupport_introspection_cppExport-noconfig.cmake
-- Up-to-date: /home/djqsp2/rokey3_E4_ws/install/yoloinference/share/yoloinference/cmake/yoloinference__rosidl_typesupport_cppExport.cmake
-- Up-to-date: /home/djqsp2/rokey3_E4_ws/install/yoloinference/share/yoloinference/cmake/yoloinference__rosidl_typesupport_cppExport-noconfig.cmake
-- Up-to-date: /home/djqsp2/rokey3_E4_ws/install/yoloinference/share/yoloinference/cmake/export_yoloinference__rosidl_generator_pyExport.cmake
-- Up-to-date: /home/djqsp2/rokey3_E4_ws/install/yoloinference/share/yoloinference/cmake/export_yoloinference__rosidl_generator_pyExport-noconfig.cmake
