[0.029s] Invoking command in '/home/djqsp2/rokey3_E4_ws/build/yoloinference': CMAKE_PREFIX_PATH=/opt/ros/humble /usr/bin/cmake --build /home/djqsp2/rokey3_E4_ws/build/yoloinference -- -j22 -l22
[0.069s] [35m[1mConsolidate compiler generated dependencies of target yoloinference__rosidl_generator_c[0m
[0.076s] [  2%] Built target yoloinference__cpp
[0.080s] [ 12%] Built target yoloinference__rosidl_generator_c
[0.085s] [ 12%] Built target ament_cmake_python_symlink_yoloinference
[0.086s] [35m[1mConsolidate compiler generated dependencies of target yoloinference__rosidl_typesupport_fastrtps_cpp[0m
[0.092s] [35m[1mConsolidate compiler generated dependencies of target yoloinference__rosidl_typesupport_cpp[0m
[0.095s] [35m[1mConsolidate compiler generated dependencies of target yoloinference__rosidl_typesupport_introspection_cpp[0m
[0.099s] [35m[1mConsolidate compiler generated dependencies of target yoloinference__rosidl_typesupport_introspection_c[0m
[0.100s] [ 23%] Built target yoloinference__rosidl_typesupport_fastrtps_cpp
[0.100s] [35m[1mConsolidate compiler generated dependencies of target yoloinference__rosidl_typesupport_c[0m
[0.112s] [35m[1mConsolidate compiler generated dependencies of target yoloinference__rosidl_typesupport_fastrtps_c[0m
[0.122s] [ 33%] Built target yoloinference__rosidl_typesupport_cpp
[0.126s] [ 43%] Built target yoloinference__rosidl_typesupport_introspection_cpp
[0.128s] [ 53%] Built target yoloinference__rosidl_typesupport_introspection_c
[0.128s] [ 64%] Built target yoloinference__rosidl_typesupport_c
[0.131s] [ 74%] Built target yoloinference__rosidl_typesupport_fastrtps_c
[0.148s] [ 74%] Built target yoloinference
[0.165s] [ 76%] Built target yoloinference__py
[0.171s] [35m[1mConsolidate compiler generated dependencies of target yoloinference__rosidl_generator_py[0m
[0.183s] [ 84%] Built target yoloinference__rosidl_generator_py
[0.190s] [35m[1mConsolidate compiler generated dependencies of target yoloinference__rosidl_typesupport_fastrtps_c__pyext[0m
[0.195s] [35m[1mConsolidate compiler generated dependencies of target yoloinference__rosidl_typesupport_introspection_c__pyext[0m
[0.195s] [35m[1mConsolidate compiler generated dependencies of target yoloinference__rosidl_typesupport_c__pyext[0m
[0.199s] [ 89%] Built target yoloinference__rosidl_typesupport_fastrtps_c__pyext
[0.205s] [ 94%] Built target yoloinference__rosidl_typesupport_introspection_c__pyext
[0.206s] [100%] Built target yoloinference__rosidl_typesupport_c__pyext
[0.327s] running egg_info
[0.327s] writing yoloinference.egg-info/PKG-INFO
[0.327s] writing dependency_links to yoloinference.egg-info/dependency_links.txt
[0.327s] writing top-level names to yoloinference.egg-info/top_level.txt
[0.330s] reading manifest file 'yoloinference.egg-info/SOURCES.txt'
[0.330s] writing manifest file 'yoloinference.egg-info/SOURCES.txt'
[0.354s] [100%] Built target ament_cmake_python_build_yoloinference_egg
[0.367s] Invoked command in '/home/djqsp2/rokey3_E4_ws/build/yoloinference' returned '0': CMAKE_PREFIX_PATH=/opt/ros/humble /usr/bin/cmake --build /home/djqsp2/rokey3_E4_ws/build/yoloinference -- -j22 -l22
[0.369s] Invoking command in '/home/djqsp2/rokey3_E4_ws/build/yoloinference': CMAKE_PREFIX_PATH=/opt/ros/humble /usr/bin/cmake --install /home/djqsp2/rokey3_E4_ws/build/yoloinference
[0.374s] -- Install configuration: ""
[0.374s] -- Execute custom install script
[0.375s] -- Up-to-date symlink: /home/djqsp2/rokey3_E4_ws/install/yoloinference/share/ament_index/resource_index/rosidl_interfaces/yoloinference
[0.375s] -- Up-to-date symlink: /home/djqsp2/rokey3_E4_ws/install/yoloinference/include/yoloinference/yoloinference/msg/bounding_box.h
[0.375s] -- Up-to-date symlink: /home/djqsp2/rokey3_E4_ws/install/yoloinference/include/yoloinference/yoloinference/msg/bounding_boxes.h
[0.375s] -- Up-to-date symlink: /home/djqsp2/rokey3_E4_ws/install/yoloinference/include/yoloinference/yoloinference/msg/detail/bounding_box__functions.h
[0.376s] -- Up-to-date symlink: /home/djqsp2/rokey3_E4_ws/install/yoloinference/include/yoloinference/yoloinference/msg/detail/bounding_box__struct.h
[0.376s] -- Up-to-date symlink: /home/djqsp2/rokey3_E4_ws/install/yoloinference/include/yoloinference/yoloinference/msg/detail/bounding_box__type_support.h
[0.376s] -- Up-to-date symlink: /home/djqsp2/rokey3_E4_ws/install/yoloinference/include/yoloinference/yoloinference/msg/detail/bounding_boxes__functions.h
[0.376s] -- Up-to-date symlink: /home/djqsp2/rokey3_E4_ws/install/yoloinference/include/yoloinference/yoloinference/msg/detail/bounding_boxes__struct.h
[0.376s] -- Up-to-date symlink: /home/djqsp2/rokey3_E4_ws/install/yoloinference/include/yoloinference/yoloinference/msg/detail/bounding_boxes__type_support.h
[0.376s] -- Up-to-date symlink: /home/djqsp2/rokey3_E4_ws/install/yoloinference/include/yoloinference/yoloinference/msg/rosidl_generator_c__visibility_control.h
[0.376s] -- Up-to-date symlink: /home/djqsp2/rokey3_E4_ws/install/yoloinference/share/yoloinference/environment/library_path.sh
[0.376s] -- Up-to-date symlink: /home/djqsp2/rokey3_E4_ws/install/yoloinference/share/yoloinference/environment/library_path.dsv
[0.376s] -- Up-to-date symlink: /home/djqsp2/rokey3_E4_ws/install/yoloinference/include/yoloinference/yoloinference/msg/detail/bounding_box__rosidl_typesupport_fastrtps_c.h
[0.377s] -- Up-to-date symlink: /home/djqsp2/rokey3_E4_ws/install/yoloinference/include/yoloinference/yoloinference/msg/detail/bounding_boxes__rosidl_typesupport_fastrtps_c.h
[0.377s] -- Up-to-date symlink: /home/djqsp2/rokey3_E4_ws/install/yoloinference/include/yoloinference/yoloinference/msg/rosidl_typesupport_fastrtps_c__visibility_control.h
[0.377s] -- Up-to-date symlink: /home/djqsp2/rokey3_E4_ws/install/yoloinference/include/yoloinference/yoloinference/msg/bounding_box.hpp
[0.377s] -- Up-to-date symlink: /home/djqsp2/rokey3_E4_ws/install/yoloinference/include/yoloinference/yoloinference/msg/bounding_boxes.hpp
[0.377s] -- Up-to-date symlink: /home/djqsp2/rokey3_E4_ws/install/yoloinference/include/yoloinference/yoloinference/msg/detail/bounding_box__builder.hpp
[0.377s] -- Up-to-date symlink: /home/djqsp2/rokey3_E4_ws/install/yoloinference/include/yoloinference/yoloinference/msg/detail/bounding_box__struct.hpp
[0.377s] -- Up-to-date symlink: /home/djqsp2/rokey3_E4_ws/install/yoloinference/include/yoloinference/yoloinference/msg/detail/bounding_box__traits.hpp
[0.377s] -- Up-to-date symlink: /home/djqsp2/rokey3_E4_ws/install/yoloinference/include/yoloinference/yoloinference/msg/detail/bounding_box__type_support.hpp
[0.377s] -- Up-to-date symlink: /home/djqsp2/rokey3_E4_ws/install/yoloinference/include/yoloinference/yoloinference/msg/detail/bounding_boxes__builder.hpp
[0.377s] -- Up-to-date symlink: /home/djqsp2/rokey3_E4_ws/install/yoloinference/include/yoloinference/yoloinference/msg/detail/bounding_boxes__struct.hpp
[0.377s] -- Up-to-date symlink: /home/djqsp2/rokey3_E4_ws/install/yoloinference/include/yoloinference/yoloinference/msg/detail/bounding_boxes__traits.hpp
[0.377s] -- Up-to-date symlink: /home/djqsp2/rokey3_E4_ws/install/yoloinference/include/yoloinference/yoloinference/msg/detail/bounding_boxes__type_support.hpp
[0.377s] -- Up-to-date symlink: /home/djqsp2/rokey3_E4_ws/install/yoloinference/include/yoloinference/yoloinference/msg/rosidl_generator_cpp__visibility_control.hpp
[0.378s] -- Up-to-date symlink: /home/djqsp2/rokey3_E4_ws/install/yoloinference/include/yoloinference/yoloinference/msg/detail/bounding_box__rosidl_typesupport_fastrtps_cpp.hpp
[0.378s] -- Up-to-date symlink: /home/djqsp2/rokey3_E4_ws/install/yoloinference/include/yoloinference/yoloinference/msg/detail/bounding_boxes__rosidl_typesupport_fastrtps_cpp.hpp
[0.378s] -- Up-to-date symlink: /home/djqsp2/rokey3_E4_ws/install/yoloinference/include/yoloinference/yoloinference/msg/rosidl_typesupport_fastrtps_cpp__visibility_control.h
[0.378s] -- Up-to-date symlink: /home/djqsp2/rokey3_E4_ws/install/yoloinference/include/yoloinference/yoloinference/msg/detail/bounding_box__rosidl_typesupport_introspection_c.h
[0.378s] -- Up-to-date symlink: /home/djqsp2/rokey3_E4_ws/install/yoloinference/include/yoloinference/yoloinference/msg/detail/bounding_boxes__rosidl_typesupport_introspection_c.h
[0.378s] -- Up-to-date symlink: /home/djqsp2/rokey3_E4_ws/install/yoloinference/include/yoloinference/yoloinference/msg/rosidl_typesupport_introspection_c__visibility_control.h
[0.379s] -- Up-to-date symlink: /home/djqsp2/rokey3_E4_ws/install/yoloinference/include/yoloinference/yoloinference/msg/detail/bounding_box__rosidl_typesupport_introspection_cpp.hpp
[0.379s] -- Up-to-date symlink: /home/djqsp2/rokey3_E4_ws/install/yoloinference/include/yoloinference/yoloinference/msg/detail/bounding_boxes__rosidl_typesupport_introspection_cpp.hpp
[0.379s] -- Up-to-date symlink: /home/djqsp2/rokey3_E4_ws/install/yoloinference/share/yoloinference/environment/pythonpath.sh
[0.379s] -- Up-to-date symlink: /home/djqsp2/rokey3_E4_ws/install/yoloinference/share/yoloinference/environment/pythonpath.dsv
[0.379s] -- Up-to-date symlink: /home/djqsp2/rokey3_E4_ws/install/yoloinference/local/lib/python3.10/dist-packages/yoloinference-0.0.0-py3.10.egg-info/PKG-INFO
[0.379s] -- Up-to-date symlink: /home/djqsp2/rokey3_E4_ws/install/yoloinference/local/lib/python3.10/dist-packages/yoloinference-0.0.0-py3.10.egg-info/SOURCES.txt
[0.379s] -- Up-to-date symlink: /home/djqsp2/rokey3_E4_ws/install/yoloinference/local/lib/python3.10/dist-packages/yoloinference-0.0.0-py3.10.egg-info/dependency_links.txt
[0.379s] -- Up-to-date symlink: /home/djqsp2/rokey3_E4_ws/install/yoloinference/local/lib/python3.10/dist-packages/yoloinference-0.0.0-py3.10.egg-info/top_level.txt
[0.380s] -- Up-to-date symlink: /home/djqsp2/rokey3_E4_ws/install/yoloinference/local/lib/python3.10/dist-packages/yoloinference/__init__.py
[0.380s] -- Up-to-date symlink: /home/djqsp2/rokey3_E4_ws/install/yoloinference/local/lib/python3.10/dist-packages/yoloinference/_yoloinference_s.ep.rosidl_typesupport_c.c
[0.380s] -- Up-to-date symlink: /home/djqsp2/rokey3_E4_ws/install/yoloinference/local/lib/python3.10/dist-packages/yoloinference/_yoloinference_s.ep.rosidl_typesupport_fastrtps_c.c
[0.380s] -- Up-to-date symlink: /home/djqsp2/rokey3_E4_ws/install/yoloinference/local/lib/python3.10/dist-packages/yoloinference/_yoloinference_s.ep.rosidl_typesupport_introspection_c.c
[0.380s] -- Up-to-date symlink: /home/djqsp2/rokey3_E4_ws/install/yoloinference/local/lib/python3.10/dist-packages/yoloinference/libyoloinference__rosidl_generator_py.so
[0.380s] -- Up-to-date symlink: /home/djqsp2/rokey3_E4_ws/install/yoloinference/local/lib/python3.10/dist-packages/yoloinference/msg/__init__.py
[0.381s] -- Up-to-date symlink: /home/djqsp2/rokey3_E4_ws/install/yoloinference/local/lib/python3.10/dist-packages/yoloinference/msg/_bounding_box.py
[0.381s] -- Up-to-date symlink: /home/djqsp2/rokey3_E4_ws/install/yoloinference/local/lib/python3.10/dist-packages/yoloinference/msg/_bounding_box_s.c
[0.381s] -- Up-to-date symlink: /home/djqsp2/rokey3_E4_ws/install/yoloinference/local/lib/python3.10/dist-packages/yoloinference/msg/_bounding_boxes.py
[0.381s] -- Up-to-date symlink: /home/djqsp2/rokey3_E4_ws/install/yoloinference/local/lib/python3.10/dist-packages/yoloinference/msg/_bounding_boxes_s.c
[0.381s] -- Up-to-date symlink: /home/djqsp2/rokey3_E4_ws/install/yoloinference/local/lib/python3.10/dist-packages/yoloinference/yoloinference_s__rosidl_typesupport_c.cpython-310-x86_64-linux-gnu.so
[0.381s] -- Up-to-date symlink: /home/djqsp2/rokey3_E4_ws/install/yoloinference/local/lib/python3.10/dist-packages/yoloinference/yoloinference_s__rosidl_typesupport_fastrtps_c.cpython-310-x86_64-linux-gnu.so
[0.381s] -- Up-to-date symlink: /home/djqsp2/rokey3_E4_ws/install/yoloinference/local/lib/python3.10/dist-packages/yoloinference/yoloinference_s__rosidl_typesupport_introspection_c.cpython-310-x86_64-linux-gnu.so
[0.381s] -- Up-to-date symlink: /home/djqsp2/rokey3_E4_ws/install/yoloinference/local/lib/python3.10/dist-packages/yoloinference/yoloinference_s__rosidl_typesupport_fastrtps_c.cpython-310-x86_64-linux-gnu.so
[0.382s] -- Up-to-date symlink: /home/djqsp2/rokey3_E4_ws/install/yoloinference/local/lib/python3.10/dist-packages/yoloinference/yoloinference_s__rosidl_typesupport_introspection_c.cpython-310-x86_64-linux-gnu.so
[0.382s] -- Up-to-date symlink: /home/djqsp2/rokey3_E4_ws/install/yoloinference/local/lib/python3.10/dist-packages/yoloinference/yoloinference_s__rosidl_typesupport_c.cpython-310-x86_64-linux-gnu.so
[0.382s] -- Up-to-date symlink: /home/djqsp2/rokey3_E4_ws/install/yoloinference/share/yoloinference/msg/BoundingBox.idl
[0.383s] -- Up-to-date symlink: /home/djqsp2/rokey3_E4_ws/install/yoloinference/share/yoloinference/msg/BoundingBoxes.idl
[0.383s] -- Up-to-date symlink: /home/djqsp2/rokey3_E4_ws/install/yoloinference/share/yoloinference/msg/BoundingBox.msg
[0.383s] -- Up-to-date symlink: /home/djqsp2/rokey3_E4_ws/install/yoloinference/share/yoloinference/msg/BoundingBoxes.msg
[0.384s] -- Up-to-date symlink: /home/djqsp2/rokey3_E4_ws/install/yoloinference/share/ament_index/resource_index/package_run_dependencies/yoloinference
[0.384s] -- Up-to-date symlink: /home/djqsp2/rokey3_E4_ws/install/yoloinference/share/ament_index/resource_index/parent_prefix_path/yoloinference
[0.384s] -- Up-to-date symlink: /home/djqsp2/rokey3_E4_ws/install/yoloinference/share/yoloinference/environment/ament_prefix_path.sh
[0.384s] -- Up-to-date symlink: /home/djqsp2/rokey3_E4_ws/install/yoloinference/share/yoloinference/environment/ament_prefix_path.dsv
[0.384s] -- Up-to-date symlink: /home/djqsp2/rokey3_E4_ws/install/yoloinference/share/yoloinference/environment/path.sh
[0.384s] -- Up-to-date symlink: /home/djqsp2/rokey3_E4_ws/install/yoloinference/share/yoloinference/environment/path.dsv
[0.385s] -- Up-to-date symlink: /home/djqsp2/rokey3_E4_ws/install/yoloinference/share/yoloinference/local_setup.bash
[0.385s] -- Up-to-date symlink: /home/djqsp2/rokey3_E4_ws/install/yoloinference/share/yoloinference/local_setup.sh
[0.385s] -- Up-to-date symlink: /home/djqsp2/rokey3_E4_ws/install/yoloinference/share/yoloinference/local_setup.zsh
[0.385s] -- Up-to-date symlink: /home/djqsp2/rokey3_E4_ws/install/yoloinference/share/yoloinference/local_setup.dsv
[0.385s] -- Symlinking: /home/djqsp2/rokey3_E4_ws/install/yoloinference/share/yoloinference/package.dsv
[0.393s] -- Up-to-date symlink: /home/djqsp2/rokey3_E4_ws/install/yoloinference/share/ament_index/resource_index/packages/yoloinference
[0.393s] -- Up-to-date symlink: /home/djqsp2/rokey3_E4_ws/install/yoloinference/share/yoloinference/cmake/rosidl_cmake-extras.cmake
[0.393s] -- Up-to-date symlink: /home/djqsp2/rokey3_E4_ws/install/yoloinference/share/yoloinference/cmake/ament_cmake_export_dependencies-extras.cmake
[0.393s] -- Up-to-date symlink: /home/djqsp2/rokey3_E4_ws/install/yoloinference/share/yoloinference/cmake/ament_cmake_export_include_directories-extras.cmake
[0.393s] -- Up-to-date symlink: /home/djqsp2/rokey3_E4_ws/install/yoloinference/share/yoloinference/cmake/ament_cmake_export_libraries-extras.cmake
[0.393s] -- Up-to-date symlink: /home/djqsp2/rokey3_E4_ws/install/yoloinference/share/yoloinference/cmake/ament_cmake_export_targets-extras.cmake
[0.394s] -- Up-to-date symlink: /home/djqsp2/rokey3_E4_ws/install/yoloinference/share/yoloinference/cmake/rosidl_cmake_export_typesupport_targets-extras.cmake
[0.394s] -- Up-to-date symlink: /home/djqsp2/rokey3_E4_ws/install/yoloinference/share/yoloinference/cmake/rosidl_cmake_export_typesupport_libraries-extras.cmake
[0.394s] -- Up-to-date symlink: /home/djqsp2/rokey3_E4_ws/install/yoloinference/share/yoloinference/cmake/yoloinferenceConfig.cmake
[0.395s] -- Up-to-date symlink: /home/djqsp2/rokey3_E4_ws/install/yoloinference/share/yoloinference/cmake/yoloinferenceConfig-version.cmake
[0.395s] -- Up-to-date symlink: /home/djqsp2/rokey3_E4_ws/install/yoloinference/share/yoloinference/package.xml
[0.395s] -- Up-to-date: /home/djqsp2/rokey3_E4_ws/install/yoloinference/lib/libyoloinference__rosidl_generator_c.so
[0.395s] -- Up-to-date: /home/djqsp2/rokey3_E4_ws/install/yoloinference/lib/libyoloinference__rosidl_typesupport_fastrtps_c.so
[0.396s] -- Up-to-date: /home/djqsp2/rokey3_E4_ws/install/yoloinference/lib/libyoloinference__rosidl_typesupport_fastrtps_cpp.so
[0.397s] -- Up-to-date: /home/djqsp2/rokey3_E4_ws/install/yoloinference/lib/libyoloinference__rosidl_typesupport_introspection_c.so
[0.397s] -- Up-to-date: /home/djqsp2/rokey3_E4_ws/install/yoloinference/lib/libyoloinference__rosidl_typesupport_c.so
[0.397s] -- Up-to-date: /home/djqsp2/rokey3_E4_ws/install/yoloinference/lib/libyoloinference__rosidl_typesupport_introspection_cpp.so
[0.398s] -- Up-to-date: /home/djqsp2/rokey3_E4_ws/install/yoloinference/lib/libyoloinference__rosidl_typesupport_cpp.so
[0.419s] Listing '/home/djqsp2/rokey3_E4_ws/install/yoloinference/local/lib/python3.10/dist-packages/yoloinference'...
[0.419s] Listing '/home/djqsp2/rokey3_E4_ws/install/yoloinference/local/lib/python3.10/dist-packages/yoloinference/msg'...
[0.423s] -- Up-to-date: /home/djqsp2/rokey3_E4_ws/install/yoloinference/lib/libyoloinference__rosidl_generator_py.so
[0.423s] -- Up-to-date: /home/djqsp2/rokey3_E4_ws/install/yoloinference/share/yoloinference/cmake/export_yoloinference__rosidl_generator_cExport.cmake
[0.423s] -- Up-to-date: /home/djqsp2/rokey3_E4_ws/install/yoloinference/share/yoloinference/cmake/export_yoloinference__rosidl_generator_cExport-noconfig.cmake
[0.423s] -- Up-to-date: /home/djqsp2/rokey3_E4_ws/install/yoloinference/share/yoloinference/cmake/export_yoloinference__rosidl_typesupport_fastrtps_cExport.cmake
[0.423s] -- Up-to-date: /home/djqsp2/rokey3_E4_ws/install/yoloinference/share/yoloinference/cmake/export_yoloinference__rosidl_typesupport_fastrtps_cExport-noconfig.cmake
[0.423s] -- Up-to-date: /home/djqsp2/rokey3_E4_ws/install/yoloinference/share/yoloinference/cmake/export_yoloinference__rosidl_generator_cppExport.cmake
[0.423s] -- Up-to-date: /home/djqsp2/rokey3_E4_ws/install/yoloinference/share/yoloinference/cmake/export_yoloinference__rosidl_typesupport_fastrtps_cppExport.cmake
[0.423s] -- Up-to-date: /home/djqsp2/rokey3_E4_ws/install/yoloinference/share/yoloinference/cmake/export_yoloinference__rosidl_typesupport_fastrtps_cppExport-noconfig.cmake
[0.424s] -- Up-to-date: /home/djqsp2/rokey3_E4_ws/install/yoloinference/share/yoloinference/cmake/yoloinference__rosidl_typesupport_introspection_cExport.cmake
[0.424s] -- Up-to-date: /home/djqsp2/rokey3_E4_ws/install/yoloinference/share/yoloinference/cmake/yoloinference__rosidl_typesupport_introspection_cExport-noconfig.cmake
[0.424s] -- Up-to-date: /home/djqsp2/rokey3_E4_ws/install/yoloinference/share/yoloinference/cmake/yoloinference__rosidl_typesupport_cExport.cmake
[0.424s] -- Up-to-date: /home/djqsp2/rokey3_E4_ws/install/yoloinference/share/yoloinference/cmake/yoloinference__rosidl_typesupport_cExport-noconfig.cmake
[0.424s] -- Up-to-date: /home/djqsp2/rokey3_E4_ws/install/yoloinference/share/yoloinference/cmake/yoloinference__rosidl_typesupport_introspection_cppExport.cmake
[0.424s] -- Up-to-date: /home/djqsp2/rokey3_E4_ws/install/yoloinference/share/yoloinference/cmake/yoloinference__rosidl_typesupport_introspection_cppExport-noconfig.cmake
[0.424s] -- Up-to-date: /home/djqsp2/rokey3_E4_ws/install/yoloinference/share/yoloinference/cmake/yoloinference__rosidl_typesupport_cppExport.cmake
[0.424s] -- Up-to-date: /home/djqsp2/rokey3_E4_ws/install/yoloinference/share/yoloinference/cmake/yoloinference__rosidl_typesupport_cppExport-noconfig.cmake
[0.424s] -- Up-to-date: /home/djqsp2/rokey3_E4_ws/install/yoloinference/share/yoloinference/cmake/export_yoloinference__rosidl_generator_pyExport.cmake
[0.424s] -- Up-to-date: /home/djqsp2/rokey3_E4_ws/install/yoloinference/share/yoloinference/cmake/export_yoloinference__rosidl_generator_pyExport-noconfig.cmake
[0.792s] Invoked command in '/home/djqsp2/rokey3_E4_ws/build/yoloinference' returned '0': CMAKE_PREFIX_PATH=/opt/ros/humble /usr/bin/cmake --install /home/djqsp2/rokey3_E4_ws/build/yoloinference
