[0.032s] Invoking command in '/home/djqsp2/rokey3_E4_ws/build/multirobot_map_merge': CMAKE_PREFIX_PATH=/opt/ros/humble /usr/bin/cmake --build /home/djqsp2/rokey3_E4_ws/build/multirobot_map_merge -- -j22 -l22
[0.091s] [ 16%] Built target gtest
[0.107s] [ 33%] Built target gtest_main
[0.117s] [ 66%] Built target combine_grids
[0.135s] [ 83%] Built target test_merging_pipeline
[0.148s] [100%] Built target map_merge
[0.186s] Invoked command in '/home/djqsp2/rokey3_E4_ws/build/multirobot_map_merge' returned '0': CMAKE_PREFIX_PATH=/opt/ros/humble /usr/bin/cmake --build /home/djqsp2/rokey3_E4_ws/build/multirobot_map_merge -- -j22 -l22
[0.189s] Invoking command in '/home/djqsp2/rokey3_E4_ws/build/multirobot_map_merge': CMAKE_PREFIX_PATH=/opt/ros/humble /usr/bin/cmake --install /home/djqsp2/rokey3_E4_ws/build/multirobot_map_merge
[0.194s] -- Install configuration: ""
[0.195s] -- Execute custom install script
[0.195s] -- Up-to-date symlink: /home/djqsp2/rokey3_E4_ws/install/multirobot_map_merge/include/map_merge//map_merge.h
[0.195s] -- Up-to-date symlink: /home/djqsp2/rokey3_E4_ws/install/multirobot_map_merge/include/map_merge//ros1_names.hpp
[0.196s] -- Up-to-date symlink: /home/djqsp2/rokey3_E4_ws/install/multirobot_map_merge/share/multirobot_map_merge/launch/from_map_server.launch.py
[0.196s] -- Up-to-date symlink: /home/djqsp2/rokey3_E4_ws/install/multirobot_map_merge/share/multirobot_map_merge/launch/map_merge.launch.py
[0.197s] -- Up-to-date symlink: /home/djqsp2/rokey3_E4_ws/install/multirobot_map_merge/share/multirobot_map_merge/launch/map_merge.rviz
[0.197s] -- Up-to-date symlink: /home/djqsp2/rokey3_E4_ws/install/multirobot_map_merge/share/multirobot_map_merge/launch/tb3_simulation/bringup_launch.py
[0.198s] -- Up-to-date symlink: /home/djqsp2/rokey3_E4_ws/install/multirobot_map_merge/share/multirobot_map_merge/launch/tb3_simulation/config/nav2_multirobot_params_1.yaml
[0.198s] -- Up-to-date symlink: /home/djqsp2/rokey3_E4_ws/install/multirobot_map_merge/share/multirobot_map_merge/launch/tb3_simulation/config/nav2_multirobot_params_2.yaml
[0.198s] -- Up-to-date symlink: /home/djqsp2/rokey3_E4_ws/install/multirobot_map_merge/share/multirobot_map_merge/launch/tb3_simulation/multi_tb3_simulation_launch.py
[0.198s] -- Up-to-date symlink: /home/djqsp2/rokey3_E4_ws/install/multirobot_map_merge/share/multirobot_map_merge/launch/tb3_simulation/slam_toolbox.py
[0.198s] -- Up-to-date symlink: /home/djqsp2/rokey3_E4_ws/install/multirobot_map_merge/share/multirobot_map_merge/launch/tb3_simulation/tb3_simulation_launch.py
[0.198s] -- Up-to-date symlink: /home/djqsp2/rokey3_E4_ws/install/multirobot_map_merge/share/multirobot_map_merge/launch/tb3_simulation/worlds/world_only.model
[0.199s] -- Up-to-date symlink: /home/djqsp2/rokey3_E4_ws/install/multirobot_map_merge/share/multirobot_map_merge/config/params.yaml
[0.199s] -- Up-to-date symlink: /home/djqsp2/rokey3_E4_ws/install/multirobot_map_merge/lib/multirobot_map_merge/map_merge
[0.200s] -- Up-to-date symlink: /home/djqsp2/rokey3_E4_ws/install/multirobot_map_merge/share/multirobot_map_merge/environment/library_path.sh
[0.201s] -- Up-to-date symlink: /home/djqsp2/rokey3_E4_ws/install/multirobot_map_merge/share/multirobot_map_merge/environment/library_path.dsv
[0.201s] -- Up-to-date symlink: /home/djqsp2/rokey3_E4_ws/install/multirobot_map_merge/share/ament_index/resource_index/package_run_dependencies/multirobot_map_merge
[0.201s] -- Up-to-date symlink: /home/djqsp2/rokey3_E4_ws/install/multirobot_map_merge/share/ament_index/resource_index/parent_prefix_path/multirobot_map_merge
[0.201s] -- Up-to-date symlink: /home/djqsp2/rokey3_E4_ws/install/multirobot_map_merge/share/multirobot_map_merge/environment/ament_prefix_path.sh
[0.205s] -- Up-to-date symlink: /home/djqsp2/rokey3_E4_ws/install/multirobot_map_merge/share/multirobot_map_merge/environment/ament_prefix_path.dsv
[0.205s] -- Up-to-date symlink: /home/djqsp2/rokey3_E4_ws/install/multirobot_map_merge/share/multirobot_map_merge/environment/path.sh
[0.205s] -- Up-to-date symlink: /home/djqsp2/rokey3_E4_ws/install/multirobot_map_merge/share/multirobot_map_merge/environment/path.dsv
[0.205s] -- Up-to-date symlink: /home/djqsp2/rokey3_E4_ws/install/multirobot_map_merge/share/multirobot_map_merge/local_setup.bash
[0.205s] -- Up-to-date symlink: /home/djqsp2/rokey3_E4_ws/install/multirobot_map_merge/share/multirobot_map_merge/local_setup.sh
[0.205s] -- Up-to-date symlink: /home/djqsp2/rokey3_E4_ws/install/multirobot_map_merge/share/multirobot_map_merge/local_setup.zsh
[0.205s] -- Up-to-date symlink: /home/djqsp2/rokey3_E4_ws/install/multirobot_map_merge/share/multirobot_map_merge/local_setup.dsv
[0.205s] -- Symlinking: /home/djqsp2/rokey3_E4_ws/install/multirobot_map_merge/share/multirobot_map_merge/package.dsv
[0.207s] -- Up-to-date symlink: /home/djqsp2/rokey3_E4_ws/install/multirobot_map_merge/share/ament_index/resource_index/packages/multirobot_map_merge
[0.207s] -- Up-to-date symlink: /home/djqsp2/rokey3_E4_ws/install/multirobot_map_merge/share/multirobot_map_merge/cmake/ament_cmake_export_include_directories-extras.cmake
[0.209s] -- Up-to-date symlink: /home/djqsp2/rokey3_E4_ws/install/multirobot_map_merge/share/multirobot_map_merge/cmake/ament_cmake_export_libraries-extras.cmake
[0.209s] -- Up-to-date symlink: /home/djqsp2/rokey3_E4_ws/install/multirobot_map_merge/share/multirobot_map_merge/cmake/multirobot_map_mergeConfig.cmake
[0.209s] -- Up-to-date symlink: /home/djqsp2/rokey3_E4_ws/install/multirobot_map_merge/share/multirobot_map_merge/cmake/multirobot_map_mergeConfig-version.cmake
[0.209s] -- Up-to-date symlink: /home/djqsp2/rokey3_E4_ws/install/multirobot_map_merge/share/multirobot_map_merge/package.xml
[0.209s] -- Up-to-date: /home/djqsp2/rokey3_E4_ws/install/multirobot_map_merge/lib/libcombine_grids.a
[0.219s] Invoked command in '/home/djqsp2/rokey3_E4_ws/build/multirobot_map_merge' returned '0': CMAKE_PREFIX_PATH=/opt/ros/humble /usr/bin/cmake --install /home/djqsp2/rokey3_E4_ws/build/multirobot_map_merge
