[0.020s] Invoking command in '/home/djqsp2/rokey3_E4_ws/build/turtlebot4_navigation': CMAKE_PREFIX_PATH=/opt/ros/humble /usr/bin/cmake /home/djqsp2/rokey3_E4_ws/src/turtlebot4/turtlebot4_navigation -DAMENT_CMAKE_SYMLINK_INSTALL=1 -DCMAKE_INSTALL_PREFIX=/home/djqsp2/rokey3_E4_ws/install/turtlebot4_navigation
[0.226s] -- The C compiler identification is GNU 11.4.0
[0.226s] -- The CXX compiler identification is GNU 11.4.0
[0.227s] -- Detecting C compiler ABI info
[0.227s] -- Detecting C compiler ABI info - done
[0.227s] -- Check for working C compiler: /usr/bin/cc - skipped
[0.227s] -- Detecting C compile features
[0.227s] -- Detecting C compile features - done
[0.227s] -- Detecting CXX compiler ABI info
[0.230s] -- Detecting CXX compiler ABI info - done
[0.237s] -- Check for working CXX compiler: /usr/bin/c++ - skipped
[0.237s] -- Detecting CXX compile features
[0.237s] -- Detecting CXX compile features - done
[0.239s] -- Found ament_cmake: 1.3.11 (/opt/ros/humble/share/ament_cmake/cmake)
[0.351s] -- Found Python3: /usr/bin/python3 (found version "3.10.12") found components: Interpreter 
[0.392s] -- Override CMake install command with custom implementation using symlinks instead of copying resources
[0.469s] -- Found ament_lint_auto: 0.12.12 (/opt/ros/humble/share/ament_lint_auto/cmake)
[0.531s] -- Added test 'copyright' to check source files copyright and LICENSE
[0.532s] -- Added test 'flake8' to check Python code syntax and style conventions
[0.532s] -- Added test 'lint_cmake' to check CMake code style
[0.532s] -- Added test 'pep257' to check Python code against some of the docstring style conventions in PEP 257
[0.533s] -- Added test 'xmllint' to check XML markup files
[0.534s] -- Configuring done
[0.535s] -- Generating done
[0.536s] -- Build files have been written to: /home/djqsp2/rokey3_E4_ws/build/turtlebot4_navigation
[0.540s] Invoked command in '/home/djqsp2/rokey3_E4_ws/build/turtlebot4_navigation' returned '0': CMAKE_PREFIX_PATH=/opt/ros/humble /usr/bin/cmake /home/djqsp2/rokey3_E4_ws/src/turtlebot4/turtlebot4_navigation -DAMENT_CMAKE_SYMLINK_INSTALL=1 -DCMAKE_INSTALL_PREFIX=/home/djqsp2/rokey3_E4_ws/install/turtlebot4_navigation
[0.542s] Invoking command in '/home/djqsp2/rokey3_E4_ws/build/turtlebot4_navigation': CMAKE_PREFIX_PATH=/opt/ros/humble /usr/bin/cmake --build /home/djqsp2/rokey3_E4_ws/build/turtlebot4_navigation -- -j22 -l22
[0.582s] Built target ament_cmake_python_symlink_turtlebot4_navigation
[0.755s] running egg_info
[0.755s] creating turtlebot4_navigation.egg-info
[0.756s] writing turtlebot4_navigation.egg-info/PKG-INFO
[0.756s] writing dependency_links to turtlebot4_navigation.egg-info/dependency_links.txt
[0.756s] writing top-level names to turtlebot4_navigation.egg-info/top_level.txt
[0.756s] writing manifest file 'turtlebot4_navigation.egg-info/SOURCES.txt'
[0.758s] reading manifest file 'turtlebot4_navigation.egg-info/SOURCES.txt'
[0.758s] writing manifest file 'turtlebot4_navigation.egg-info/SOURCES.txt'
[0.777s] Built target ament_cmake_python_build_turtlebot4_navigation_egg
