-- The C compiler identification is GNU 11.4.0
-- The CXX compiler identification is GNU 11.4.0
-- Detecting C compiler ABI info
-- Detecting C compiler ABI info - done
-- Check for working C compiler: /usr/bin/cc - skipped
-- Detecting C compile features
-- Detecting C compile features - done
-- Detecting CXX compiler ABI info
-- Detecting CXX compiler ABI info - done
-- Check for working CXX compiler: /usr/bin/c++ - skipped
-- Detecting CXX compile features
-- Detecting CXX compile features - done
-- Found ament_cmake: 1.3.11 (/opt/ros/humble/share/ament_cmake/cmake)
-- Found Python3: /usr/bin/python3 (found version "3.10.12") found components: Interpreter 
-- Override CMake install command with custom implementation using symlinks instead of copying resources
-- Found rclcpp: 16.0.12 (/opt/ros/humble/share/rclcpp/cmake)
-- Found rosidl_generator_c: 3.1.6 (/opt/ros/humble/share/rosidl_generator_c/cmake)
-- Found rosidl_adapter: 3.1.6 (/opt/ros/humble/share/rosidl_adapter/cmake)
-- Found rosidl_generator_cpp: 3.1.6 (/opt/ros/humble/share/rosidl_generator_cpp/cmake)
-- Using all available rosidl_typesupport_c: rosidl_typesupport_fastrtps_c;rosidl_typesupport_introspection_c
-- Using all available rosidl_typesupport_cpp: rosidl_typesupport_fastrtps_cpp;rosidl_typesupport_introspection_cpp
-- Found rmw_implementation_cmake: 6.1.2 (/opt/ros/humble/share/rmw_implementation_cmake/cmake)
-- Found rmw_fastrtps_cpp: 6.2.7 (/opt/ros/humble/share/rmw_fastrtps_cpp/cmake)
-- Found OpenSSL: /usr/lib/x86_64-linux-gnu/libcrypto.so (found version "3.0.2")  
-- Found FastRTPS: /opt/ros/humble/include  
-- Using RMW implementation 'rmw_fastrtps_cpp' as default
-- Looking for pthread.h
-- Looking for pthread.h - found
-- Performing Test CMAKE_HAVE_LIBC_PTHREAD
-- Performing Test CMAKE_HAVE_LIBC_PTHREAD - Success
-- Found Threads: TRUE  
-- Found geometry_msgs: 4.8.0 (/opt/ros/humble/share/geometry_msgs/cmake)
-- Found image_geometry: 3.2.1 (/opt/ros/humble/share/image_geometry/cmake)
-- Found map_msgs: 2.1.0 (/opt/ros/humble/share/map_msgs/cmake)
-- Found tf2_geometry_msgs: 0.25.12 (/opt/ros/humble/share/tf2_geometry_msgs/cmake)
-- Found eigen3_cmake_module: 0.1.1 (/opt/ros/humble/share/eigen3_cmake_module/cmake)
-- Found Eigen3: TRUE (found version "3.4.0") 
-- Ensuring Eigen3 include directory is part of orocos-kdl CMake target
-- Found Boost: /usr/lib/x86_64-linux-gnu/cmake/Boost-1.74.0/BoostConfig.cmake (found version "1.74.0") found components: thread 
-- Found OpenCV: /usr (found version "4.5.4") 
-- Found ament_lint_auto: 0.12.12 (/opt/ros/humble/share/ament_lint_auto/cmake)
-- Found ament_cmake_gtest: 1.3.11 (/opt/ros/humble/share/ament_cmake_gtest/cmake)
--2025-06-03 21:26:11--  https://raw.githubusercontent.com/hrnr/m-explore-extra/master/map_merge/hector_maps/map00.pgm
Resolving raw.githubusercontent.com (raw.githubusercontent.com)... 185.199.110.133, 185.199.109.133, 185.199.108.133, ...
Connecting to raw.githubusercontent.com (raw.githubusercontent.com)|185.199.110.133|:443... connected.
HTTP request sent, awaiting response... 200 OK
Length: 4194362 (4.0M) [application/octet-stream]
Saving to: ‘/home/djqsp2/rokey3_E4_ws/build/multirobot_map_merge/map00.pgm’

     0K .......... .......... .......... .......... ..........  1% 3.26M 1s
    50K .......... .......... .......... .......... ..........  2% 5.59M 1s
   100K .......... .......... .......... .......... ..........  3% 8.40M 1s
   150K .......... .......... .......... .......... ..........  4%  378M 1s
   200K .......... .......... .......... .......... ..........  6% 91.8M 0s
   250K .......... .......... .......... .......... ..........  7% 2.79M 1s
   300K .......... .......... .......... .......... ..........  8%  274M 1s
   350K .......... .......... .......... .......... ..........  9%  297M 0s
   400K .......... .......... .......... .......... .......... 10% 10.8M 0s
   450K .......... .......... .......... .......... .......... 12%  237M 0s
   500K .......... .......... .......... .......... .......... 13%  330M 0s
   550K .......... .......... .......... .......... .......... 14% 7.10M 0s
   600K .......... .......... .......... .......... .......... 15% 15.0M 0s
   650K .......... .......... .......... .......... .......... 17%  339M 0s
   700K .......... .......... .......... .......... .......... 18% 14.0M 0s
   750K .......... .......... .......... .......... .......... 19%  294M 0s
   800K .......... .......... .......... .......... .......... 20% 15.8M 0s
   850K .......... .......... .......... .......... .......... 21%  579M 0s
   900K .......... .......... .......... .......... .......... 23%  488M 0s
   950K .......... .......... .......... .......... .......... 24% 10.3M 0s
  1000K .......... .......... .......... .......... .......... 25%  360M 0s
  1050K .......... .......... .......... .......... .......... 26%  438M 0s
  1100K .......... .......... .......... .......... .......... 28%  423M 0s
  1150K .......... .......... .......... .......... .......... 29% 9.32M 0s
  1200K .......... .......... .......... .......... .......... 30%  390M 0s
  1250K .......... .......... .......... .......... .......... 31% 3.10M 0s
  1300K .......... .......... .......... .......... .......... 32% 4.82M 0s
  1350K .......... .......... .......... .......... .......... 34%  384M 0s
  1400K .......... .......... .......... .......... .......... 35% 6.77M 0s
  1450K .......... .......... .......... .......... .......... 36%  340M 0s
  1500K .......... .......... .......... .......... .......... 37% 10.8M 0s
  1550K .......... .......... .......... .......... .......... 39%  315M 0s
  1600K .......... .......... .......... .......... .......... 40% 25.3M 0s
  1650K .......... .......... .......... .......... .......... 41% 11.0M 0s
  1700K .......... .......... .......... .......... .......... 42%  371M 0s
  1750K .......... .......... .......... .......... .......... 43% 5.65M 0s
  1800K .......... .......... .......... .......... .......... 45%  535M 0s
  1850K .......... .......... .......... .......... .......... 46%  575M 0s
  1900K .......... .......... .......... .......... .......... 47%  572M 0s
  1950K .......... .......... .......... .......... .......... 48%  140M 0s
  2000K .......... .......... .......... .......... .......... 50% 2.07M 0s
  2050K .......... .......... .......... .......... .......... 51% 14.7M 0s
  2100K .......... .......... .......... .......... .......... 52% 25.6M 0s
  2150K .......... .......... .......... .......... .......... 53% 30.8M 0s
  2200K .......... .......... .......... .......... .......... 54% 10.0M 0s
  2250K .......... .......... .......... .......... .......... 56% 49.5M 0s
  2300K .......... .......... .......... .......... .......... 57% 4.81M 0s
  2350K .......... .......... .......... .......... .......... 58%  346M 0s
  2400K .......... .......... .......... .......... .......... 59%  319M 0s
  2450K .......... .......... .......... .......... .......... 61% 11.9M 0s
  2500K .......... .......... .......... .......... .......... 62%  256M 0s
  2550K .......... .......... .......... .......... .......... 63%  349M 0s
  2600K .......... .......... .......... .......... .......... 64%  350M 0s
  2650K .......... .......... .......... .......... .......... 65% 4.47M 0s
  2700K .......... .......... .......... .......... .......... 67%  320M 0s
  2750K .......... .......... .......... .......... .......... 68% 38.3M 0s
  2800K .......... .......... .......... .......... .......... 69% 4.48M 0s
  2850K .......... .......... .......... .......... .......... 70%  357M 0s
  2900K .......... .......... .......... .......... .......... 72%  390M 0s
  2950K .......... .......... .......... .......... .......... 73%  421M 0s
  3000K .......... .......... .......... .......... .......... 74%  339M 0s
  3050K .......... .......... .......... .......... .......... 75%  408M 0s
  3100K .......... .......... .......... .......... .......... 76%  396M 0s
  3150K .......... .......... .......... .......... .......... 78% 8.93M 0s
  3200K .......... .......... .......... .......... .......... 79%  330M 0s
  3250K .......... .......... .......... .......... .......... 80%  394M 0s
  3300K .......... .......... .......... .......... .......... 81%  416M 0s
  3350K .......... .......... .......... .......... .......... 83% 9.08M 0s
  3400K .......... .......... .......... .......... .......... 84%  295M 0s
  3450K .......... .......... .......... .......... .......... 85%  365M 0s
  3500K .......... .......... .......... .......... .......... 86%  406M 0s
  3550K .......... .......... .......... .......... .......... 87%  398M 0s
  3600K .......... .......... .......... .......... .......... 89%  369M 0s
  3650K .......... .......... .......... .......... .......... 90% 9.57M 0s
  3700K .......... .......... .......... .......... .......... 91%  311M 0s
  3750K .......... .......... .......... .......... .......... 92%  395M 0s
  3800K .......... .......... .......... .......... .......... 93%  343M 0s
  3850K .......... .......... .......... .......... .......... 95%  394M 0s
  3900K .......... .......... .......... .......... .......... 96%  134M 0s
  3950K .......... .......... .......... .......... .......... 97%  394M 0s
  4000K .......... .......... .......... .......... .......... 98% 4.76M 0s
  4050K .......... .......... .......... .......... ......    100% 13.5M=0.2s

2025-06-03 21:26:11 (16.6 MB/s) - ‘/home/djqsp2/rokey3_E4_ws/build/multirobot_map_merge/map00.pgm’ saved [4194362/4194362]

Checking MD5 sum of /home/djqsp2/rokey3_E4_ws/build/multirobot_map_merge/map00.pgm
/home/djqsp2/rokey3_E4_ws/build/multirobot_map_merge/map00.pgm: OK
--2025-06-03 21:26:11--  https://raw.githubusercontent.com/hrnr/m-explore-extra/master/map_merge/hector_maps/map05.pgm
Resolving raw.githubusercontent.com (raw.githubusercontent.com)... 185.199.111.133, 185.199.108.133, 185.199.109.133, ...
Connecting to raw.githubusercontent.com (raw.githubusercontent.com)|185.199.111.133|:443... connected.
HTTP request sent, awaiting response... 200 OK
Length: 4194362 (4.0M) [application/octet-stream]
Saving to: ‘/home/djqsp2/rokey3_E4_ws/build/multirobot_map_merge/map05.pgm’

     0K .......... .......... .......... .......... ..........  1% 2.37M 2s
    50K .......... .......... .......... .......... ..........  2%  268M 1s
   100K .......... .......... .......... .......... ..........  3% 6.51M 1s
   150K .......... .......... .......... .......... ..........  4% 18.0M 1s
   200K .......... .......... .......... .......... ..........  6%  299M 0s
   250K .......... .......... .......... .......... ..........  7% 2.67M 1s
   300K .......... .......... .......... .......... ..........  8%  331M 1s
   350K .......... .......... .......... .......... ..........  9% 7.98M 1s
   400K .......... .......... .......... .......... .......... 10%  206M 0s
   450K .......... .......... .......... .......... .......... 12%  494M 0s
   500K .......... .......... .......... .......... .......... 13% 7.55M 0s
   550K .......... .......... .......... .......... .......... 14%  323M 0s
   600K .......... .......... .......... .......... .......... 15%  459M 0s
   650K .......... .......... .......... .......... .......... 17% 7.38M 0s
   700K .......... .......... .......... .......... .......... 18%  282M 0s
   750K .......... .......... .......... .......... .......... 19%  329M 0s
   800K .......... .......... .......... .......... .......... 20%  124M 0s
   850K .......... .......... .......... .......... .......... 21% 12.5M 0s
   900K .......... .......... .......... .......... .......... 23%  334M 0s
   950K .......... .......... .......... .......... .......... 24% 6.35M 0s
  1000K .......... .......... .......... .......... .......... 25%  197M 0s
  1050K .......... .......... .......... .......... .......... 26% 3.44M 0s
  1100K .......... .......... .......... .......... .......... 28%  335M 0s
  1150K .......... .......... .......... .......... .......... 29%  342M 0s
  1200K .......... .......... .......... .......... .......... 30%  308M 0s
  1250K .......... .......... .......... .......... .......... 31%  300M 0s
  1300K .......... .......... .......... .......... .......... 32%  399M 0s
  1350K .......... .......... .......... .......... .......... 34%  410M 0s
  1400K .......... .......... .......... .......... .......... 35% 9.43M 0s
  1450K .......... .......... .......... .......... .......... 36%  605M 0s
  1500K .......... .......... .......... .......... .......... 37% 11.5M 0s
  1550K .......... .......... .......... .......... .......... 39%  417M 0s
  1600K .......... .......... .......... .......... .......... 40% 6.48M 0s
  1650K .......... .......... .......... .......... .......... 41%  314M 0s
  1700K .......... .......... .......... .......... .......... 42% 1.56M 0s
  1750K .......... .......... .......... .......... .......... 43%  272M 0s
  1800K .......... .......... .......... .......... .......... 45%  397M 0s
  1850K .......... .......... .......... .......... .......... 46% 4.04M 0s
  1900K .......... .......... .......... .......... .......... 47%  476M 0s
  1950K .......... .......... .......... .......... .......... 48%  395M 0s
  2000K .......... .......... .......... .......... .......... 50% 27.1M 0s
  2050K .......... .......... .......... .......... .......... 51%  223M 0s
  2100K .......... .......... .......... .......... .......... 52%  391M 0s
  2150K .......... .......... .......... .......... .......... 53%  360M 0s
  2200K .......... .......... .......... .......... .......... 54% 4.30M 0s
  2250K .......... .......... .......... .......... .......... 56%  384M 0s
  2300K .......... .......... .......... .......... .......... 57% 8.82M 0s
  2350K .......... .......... .......... .......... .......... 58%  372M 0s
  2400K .......... .......... .......... .......... .......... 59% 32.4M 0s
  2450K .......... .......... .......... .......... .......... 61% 6.63M 0s
  2500K .......... .......... .......... .......... .......... 62%  381M 0s
  2550K .......... .......... .......... .......... .......... 63%  193M 0s
  2600K .......... .......... .......... .......... .......... 64% 3.91M 0s
  2650K .......... .......... .......... .......... .......... 65%  277M 0s
  2700K .......... .......... .......... .......... .......... 67%  233M 0s
  2750K .......... .......... .......... .......... .......... 68%  314M 0s
  2800K .......... .......... .......... .......... .......... 69%  324M 0s
  2850K .......... .......... .......... .......... .......... 70%  395M 0s
  2900K .......... .......... .......... .......... .......... 72%  396M 0s
  2950K .......... .......... .......... .......... .......... 73% 5.62M 0s
  3000K .......... .......... .......... .......... .......... 74%  321M 0s
  3050K .......... .......... .......... .......... .......... 75%  346M 0s
  3100K .......... .......... .......... .......... .......... 76% 9.29M 0s
  3150K .......... .......... .......... .......... .......... 78%  290M 0s
  3200K .......... .......... .......... .......... .......... 79%  286M 0s
  3250K .......... .......... .......... .......... .......... 80%  221M 0s
  3300K .......... .......... .......... .......... .......... 81%  397M 0s
  3350K .......... .......... .......... .......... .......... 83% 5.01M 0s
  3400K .......... .......... .......... .......... .......... 84%  214M 0s
  3450K .......... .......... .......... .......... .......... 85%  311M 0s
  3500K .......... .......... .......... .......... .......... 86%  243M 0s
  3550K .......... .......... .......... .......... .......... 87%  246M 0s
  3600K .......... .......... .......... .......... .......... 89%  576M 0s
  3650K .......... .......... .......... .......... .......... 90%  802M 0s
  3700K .......... .......... .......... .......... .......... 91% 3.01M 0s
  3750K .......... .......... .......... .......... .......... 92%  269M 0s
  3800K .......... .......... .......... .......... .......... 93%  223M 0s
  3850K .......... .......... .......... .......... .......... 95%  262M 0s
  3900K .......... .......... .......... .......... .......... 96%  301M 0s
  3950K .......... .......... .......... .......... .......... 97%  300M 0s
  4000K .......... .......... .......... .......... .......... 98%  251M 0s
  4050K .......... .......... .......... .......... ......    100% 6.11M=0.3s

2025-06-03 21:26:12 (16.0 MB/s) - ‘/home/djqsp2/rokey3_E4_ws/build/multirobot_map_merge/map05.pgm’ saved [4194362/4194362]

Checking MD5 sum of /home/djqsp2/rokey3_E4_ws/build/multirobot_map_merge/map05.pgm
/home/djqsp2/rokey3_E4_ws/build/multirobot_map_merge/map05.pgm: OK
--2025-06-03 21:26:12--  https://raw.githubusercontent.com/hrnr/m-explore-extra/master/map_merge/gmapping_maps/2011-08-09-12-22-52.pgm
Resolving raw.githubusercontent.com (raw.githubusercontent.com)... 185.199.109.133, 185.199.108.133, 185.199.111.133, ...
Connecting to raw.githubusercontent.com (raw.githubusercontent.com)|185.199.109.133|:443... connected.
HTTP request sent, awaiting response... 200 OK
Length: 16000058 (15M) [application/octet-stream]
Saving to: ‘/home/djqsp2/rokey3_E4_ws/build/multirobot_map_merge/2011-08-09-12-22-52.pgm’

     0K .......... .......... .......... .......... ..........  0% 1.16M 13s
    50K .......... .......... .......... .......... ..........  0% 5.11M 8s
   100K .......... .......... .......... .......... ..........  0% 4.39M 6s
   150K .......... .......... .......... .......... ..........  1%  186M 5s
   200K .......... .......... .......... .......... ..........  1% 10.2M 4s
   250K .......... .......... .......... .......... ..........  1% 1.81M 5s
   300K .......... .......... .......... .......... ..........  2%  204M 4s
   350K .......... .......... .......... .......... ..........  2%  184M 4s
   400K .......... .......... .......... .......... ..........  2%  234M 3s
   450K .......... .......... .......... .......... ..........  3%  220M 3s
   500K .......... .......... .......... .......... ..........  3% 1.88M 3s
   550K .......... .......... .......... .......... ..........  3%  208M 3s
   600K .......... .......... .......... .......... ..........  4%  164M 3s
   650K .......... .......... .......... .......... ..........  4%  228M 3s
   700K .......... .......... .......... .......... ..........  4%  219M 2s
   750K .......... .......... .......... .......... ..........  5%  277M 2s
   800K .......... .......... .......... .......... ..........  5%  251M 2s
   850K .......... .......... .......... .......... ..........  5%  285M 2s
   900K .......... .......... .......... .......... ..........  6%  223M 2s
   950K .......... .......... .......... .......... ..........  6%  353M 2s
  1000K .......... .......... .......... .......... ..........  6%  120M 2s
  1050K .......... .......... .......... .......... ..........  7% 4.47M 2s
  1100K .......... .......... .......... .......... ..........  7% 59.3M 2s
  1150K .......... .......... .......... .......... ..........  7% 8.11M 2s
  1200K .......... .......... .......... .......... ..........  7% 6.59M 2s
  1250K .......... .......... .......... .......... ..........  8%  269M 2s
  1300K .......... .......... .......... .......... ..........  8%  263M 2s
  1350K .......... .......... .......... .......... ..........  8%  357M 2s
  1400K .......... .......... .......... .......... ..........  9%  353M 1s
  1450K .......... .......... .......... .......... ..........  9% 42.3M 1s
  1500K .......... .......... .......... .......... ..........  9%  155M 1s
  1550K .......... .......... .......... .......... .......... 10%  324M 1s
  1600K .......... .......... .......... .......... .......... 10% 22.2M 1s
  1650K .......... .......... .......... .......... .......... 10%  154M 1s
  1700K .......... .......... .......... .......... .......... 11% 2.86M 1s
  1750K .......... .......... .......... .......... .......... 11%  471M 1s
  1800K .......... .......... .......... .......... .......... 11%  461M 1s
  1850K .......... .......... .......... .......... .......... 12%  486M 1s
  1900K .......... .......... .......... .......... .......... 12%  116M 1s
  1950K .......... .......... .......... .......... .......... 12%  231M 1s
  2000K .......... .......... .......... .......... .......... 13%  264M 1s
  2050K .......... .......... .......... .......... .......... 13%  327M 1s
  2100K .......... .......... .......... .......... .......... 13%  233M 1s
  2150K .......... .......... .......... .......... .......... 14%  384M 1s
  2200K .......... .......... .......... .......... .......... 14% 6.35M 1s
  2250K .......... .......... .......... .......... .......... 14%  186M 1s
  2300K .......... .......... .......... .......... .......... 15%  370M 1s
  2350K .......... .......... .......... .......... .......... 15% 10.0M 1s
  2400K .......... .......... .......... .......... .......... 15%  256M 1s
  2450K .......... .......... .......... .......... .......... 15%  155M 1s
  2500K .......... .......... .......... .......... .......... 16%  285M 1s
  2550K .......... .......... .......... .......... .......... 16%  289M 1s
  2600K .......... .......... .......... .......... .......... 16% 4.80M 1s
  2650K .......... .......... .......... .......... .......... 17%  225M 1s
  2700K .......... .......... .......... .......... .......... 17%  343M 1s
  2750K .......... .......... .......... .......... .......... 17%  299M 1s
  2800K .......... .......... .......... .......... .......... 18% 1.77M 1s
  2850K .......... .......... .......... .......... .......... 18%  389M 1s
  2900K .......... .......... .......... .......... .......... 18%  498M 1s
  2950K .......... .......... .......... .......... .......... 19% 94.0M 1s
  3000K .......... .......... .......... .......... .......... 19% 7.58M 1s
  3050K .......... .......... .......... .......... .......... 19%  343M 1s
  3100K .......... .......... .......... .......... .......... 20% 98.1M 1s
  3150K .......... .......... .......... .......... .......... 20%  160M 1s
  3200K .......... .......... .......... .......... .......... 20% 2.62M 1s
  3250K .......... .......... .......... .......... .......... 21%  287M 1s
  3300K .......... .......... .......... .......... .......... 21%  346M 1s
  3350K .......... .......... .......... .......... .......... 21%  311M 1s
  3400K .......... .......... .......... .......... .......... 22%  275M 1s
  3450K .......... .......... .......... .......... .......... 22%  328M 1s
  3500K .......... .......... .......... .......... .......... 22%  295M 1s
  3550K .......... .......... .......... .......... .......... 23%  375M 1s
  3600K .......... .......... .......... .......... .......... 23%  318M 1s
  3650K .......... .......... .......... .......... .......... 23%  375M 1s
  3700K .......... .......... .......... .......... .......... 23%  392M 1s
  3750K .......... .......... .......... .......... .......... 24%  381M 1s
  3800K .......... .......... .......... .......... .......... 24% 2.17M 1s
  3850K .......... .......... .......... .......... .......... 24%  496M 1s
  3900K .......... .......... .......... .......... .......... 25%  134M 1s
  3950K .......... .......... .......... .......... .......... 25%  145M 1s
  4000K .......... .......... .......... .......... .......... 25% 14.8M 1s
  4050K .......... .......... .......... .......... .......... 26%  357M 1s
  4100K .......... .......... .......... .......... .......... 26% 17.6M 1s
  4150K .......... .......... .......... .......... .......... 26% 2.46M 1s
  4200K .......... .......... .......... .......... .......... 27%  118M 1s
  4250K .......... .......... .......... .......... .......... 27%  326M 1s
  4300K .......... .......... .......... .......... .......... 27%  347M 1s
  4350K .......... .......... .......... .......... .......... 28%  275M 1s
  4400K .......... .......... .......... .......... .......... 28%  294M 1s
  4450K .......... .......... .......... .......... .......... 28%  336M 1s
  4500K .......... .......... .......... .......... .......... 29%  327M 1s
  4550K .......... .......... .......... .......... .......... 29%  344M 1s
  4600K .......... .......... .......... .......... .......... 29%  335M 1s
  4650K .......... .......... .......... .......... .......... 30%  299M 1s
  4700K .......... .......... .......... .......... .......... 30%  251M 1s
  4750K .......... .......... .......... .......... .......... 30%  404M 1s
  4800K .......... .......... .......... .......... .......... 31%  341M 1s
  4850K .......... .......... .......... .......... .......... 31% 4.18M 1s
  4900K .......... .......... .......... .......... .......... 31% 96.4M 1s
  4950K .......... .......... .......... .......... .......... 31% 6.90M 1s
  5000K .......... .......... .......... .......... .......... 32%  274M 1s
  5050K .......... .......... .......... .......... .......... 32%  234M 1s
  5100K .......... .......... .......... .......... .......... 32%  337M 1s
  5150K .......... .......... .......... .......... .......... 33%  327M 1s
  5200K .......... .......... .......... .......... .......... 33% 16.1M 1s
  5250K .......... .......... .......... .......... .......... 33%  659M 1s
  5300K .......... .......... .......... .......... .......... 34%  662M 1s
  5350K .......... .......... .......... .......... .......... 34% 16.3M 1s
  5400K .......... .......... .......... .......... .......... 34%  145M 1s
  5450K .......... .......... .......... .......... .......... 35%  326M 1s
  5500K .......... .......... .......... .......... .......... 35%  402M 1s
  5550K .......... .......... .......... .......... .......... 35% 4.23M 1s
  5600K .......... .......... .......... .......... .......... 36%  154M 1s
  5650K .......... .......... .......... .......... .......... 36%  324M 1s
  5700K .......... .......... .......... .......... .......... 36%  321M 1s
  5750K .......... .......... .......... .......... .......... 37%  343M 1s
  5800K .......... .......... .......... .......... .......... 37%  328M 1s
  5850K .......... .......... .......... .......... .......... 37%  370M 1s
  5900K .......... .......... .......... .......... .......... 38%  398M 1s
  5950K .......... .......... .......... .......... .......... 38%  405M 1s
  6000K .......... .......... .......... .......... .......... 38%  314M 1s
  6050K .......... .......... .......... .......... .......... 39%  408M 1s
  6100K .......... .......... .......... .......... .......... 39%  399M 1s
  6150K .......... .......... .......... .......... .......... 39% 4.31M 1s
  6200K .......... .......... .......... .......... .......... 39%  231M 1s
  6250K .......... .......... .......... .......... .......... 40%  347M 1s
  6300K .......... .......... .......... .......... .......... 40%  367M 1s
  6350K .......... .......... .......... .......... .......... 40% 19.7M 1s
  6400K .......... .......... .......... .......... .......... 41%  126M 1s
  6450K .......... .......... .......... .......... .......... 41%  290M 1s
  6500K .......... .......... .......... .......... .......... 41%  312M 0s
  6550K .......... .......... .......... .......... .......... 42%  358M 0s
  6600K .......... .......... .......... .......... .......... 42%  350M 0s
  6650K .......... .......... .......... .......... .......... 42%  353M 0s
  6700K .......... .......... .......... .......... .......... 43% 13.2M 0s
  6750K .......... .......... .......... .......... .......... 43%  295M 0s
  6800K .......... .......... .......... .......... .......... 43%  275M 0s
  6850K .......... .......... .......... .......... .......... 44%  184M 0s
  6900K .......... .......... .......... .......... .......... 44%  300M 0s
  6950K .......... .......... .......... .......... .......... 44% 60.2M 0s
  7000K .......... .......... .......... .......... .......... 45%  326M 0s
  7050K .......... .......... .......... .......... .......... 45%  401M 0s
  7100K .......... .......... .......... .......... .......... 45% 82.3M 0s
  7150K .......... .......... .......... .......... .......... 46% 26.6M 0s
  7200K .......... .......... .......... .......... .......... 46% 5.64M 0s
  7250K .......... .......... .......... .......... .......... 46%  319M 0s
  7300K .......... .......... .......... .......... .......... 47%  155M 0s
  7350K .......... .......... .......... .......... .......... 47%  199M 0s
  7400K .......... .......... .......... .......... .......... 47%  275M 0s
  7450K .......... .......... .......... .......... .......... 47%  352M 0s
  7500K .......... .......... .......... .......... .......... 48%  340M 0s
  7550K .......... .......... .......... .......... .......... 48%  388M 0s
  7600K .......... .......... .......... .......... .......... 48%  325M 0s
  7650K .......... .......... .......... .......... .......... 49% 9.90M 0s
  7700K .......... .......... .......... .......... .......... 49%  177M 0s
  7750K .......... .......... .......... .......... .......... 49%  280M 0s
  7800K .......... .......... .......... .......... .......... 50%  252M 0s
  7850K .......... .......... .......... .......... .......... 50%  330M 0s
  7900K .......... .......... .......... .......... .......... 50%  363M 0s
  7950K .......... .......... .......... .......... .......... 51%  398M 0s
  8000K .......... .......... .......... .......... .......... 51%  187M 0s
  8050K .......... .......... .......... .......... .......... 51% 2.10M 0s
  8100K .......... .......... .......... .......... .......... 52%  277M 0s
  8150K .......... .......... .......... .......... .......... 52%  415M 0s
  8200K .......... .......... .......... .......... .......... 52%  348M 0s
  8250K .......... .......... .......... .......... .......... 53% 16.7M 0s
  8300K .......... .......... .......... .......... .......... 53%  349M 0s
  8350K .......... .......... .......... .......... .......... 53%  228M 0s
  8400K .......... .......... .......... .......... .......... 54%  167M 0s
  8450K .......... .......... .......... .......... .......... 54%  101M 0s
  8500K .......... .......... .......... .......... .......... 54%  214M 0s
  8550K .......... .......... .......... .......... .......... 55%  364M 0s
  8600K .......... .......... .......... .......... .......... 55%  303M 0s
  8650K .......... .......... .......... .......... .......... 55%  396M 0s
  8700K .......... .......... .......... .......... .......... 55%  388M 0s
  8750K .......... .......... .......... .......... .......... 56% 25.3M 0s
  8800K .......... .......... .......... .......... .......... 56%  206M 0s
  8850K .......... .......... .......... .......... .......... 56%  386M 0s
  8900K .......... .......... .......... .......... .......... 57%  358M 0s
  8950K .......... .......... .......... .......... .......... 57% 5.30M 0s
  9000K .......... .......... .......... .......... .......... 57%  220M 0s
  9050K .......... .......... .......... .......... .......... 58%  318M 0s
  9100K .......... .......... .......... .......... .......... 58%  347M 0s
  9150K .......... .......... .......... .......... .......... 58%  330M 0s
  9200K .......... .......... .......... .......... .......... 59%  271M 0s
  9250K .......... .......... .......... .......... .......... 59%  338M 0s
  9300K .......... .......... .......... .......... .......... 59%  394M 0s
  9350K .......... .......... .......... .......... .......... 60%  305M 0s
  9400K .......... .......... .......... .......... .......... 60%  369M 0s
  9450K .......... .......... .......... .......... .......... 60% 4.64M 0s
  9500K .......... .......... .......... .......... .......... 61%  394M 0s
  9550K .......... .......... .......... .......... .......... 61%  393M 0s
  9600K .......... .......... .......... .......... .......... 61%  329M 0s
  9650K .......... .......... .......... .......... .......... 62%  379M 0s
  9700K .......... .......... .......... .......... .......... 62%  321M 0s
  9750K .......... .......... .......... .......... .......... 62%  175M 0s
  9800K .......... .......... .......... .......... .......... 63%  307M 0s
  9850K .......... .......... .......... .......... .......... 63%  362M 0s
  9900K .......... .......... .......... .......... .......... 63%  448M 0s
  9950K .......... .......... .......... .......... .......... 63%  448M 0s
 10000K .......... .......... .......... .......... .......... 64%  349M 0s
 10050K .......... .......... .......... .......... .......... 64%  424M 0s
 10100K .......... .......... .......... .......... .......... 64% 25.2M 0s
 10150K .......... .......... .......... .......... .......... 65%  149M 0s
 10200K .......... .......... .......... .......... .......... 65%  340M 0s
 10250K .......... .......... .......... .......... .......... 65%  410M 0s
 10300K .......... .......... .......... .......... .......... 66%  406M 0s
 10350K .......... .......... .......... .......... .......... 66% 3.35M 0s
 10400K .......... .......... .......... .......... .......... 66%  490M 0s
 10450K .......... .......... .......... .......... .......... 67%  704M 0s
 10500K .......... .......... .......... .......... .......... 67%  689M 0s
 10550K .......... .......... .......... .......... .......... 67%  177M 0s
 10600K .......... .......... .......... .......... .......... 68%  339M 0s
 10650K .......... .......... .......... .......... .......... 68% 64.3M 0s
 10700K .......... .......... .......... .......... .......... 68%  159M 0s
 10750K .......... .......... .......... .......... .......... 69%  313M 0s
 10800K .......... .......... .......... .......... .......... 69% 10.2M 0s
 10850K .......... .......... .......... .......... .......... 69%  576M 0s
 10900K .......... .......... .......... .......... .......... 70%  689M 0s
 10950K .......... .......... .......... .......... .......... 70%  295M 0s
 11000K .......... .......... .......... .......... .......... 70%  304M 0s
 11050K .......... .......... .......... .......... .......... 71%  247M 0s
 11100K .......... .......... .......... .......... .......... 71%  404M 0s
 11150K .......... .......... .......... .......... .......... 71%  402M 0s
 11200K .......... .......... .......... .......... .......... 71%  342M 0s
 11250K .......... .......... .......... .......... .......... 72%  175M 0s
 11300K .......... .......... .......... .......... .......... 72%  173M 0s
 11350K .......... .......... .......... .......... .......... 72% 16.2M 0s
 11400K .......... .......... .......... .......... .......... 73% 46.1M 0s
 11450K .......... .......... .......... .......... .......... 73%  209M 0s
 11500K .......... .......... .......... .......... .......... 73% 84.3M 0s
 11550K .......... .......... .......... .......... .......... 74%  230M 0s
 11600K .......... .......... .......... .......... .......... 74% 2.97M 0s
 11650K .......... .......... .......... .......... .......... 74%  282M 0s
 11700K .......... .......... .......... .......... .......... 75%  687M 0s
 11750K .......... .......... .......... .......... .......... 75%  636M 0s
 11800K .......... .......... .......... .......... .......... 75%  658M 0s
 11850K .......... .......... .......... .......... .......... 76%  181M 0s
 11900K .......... .......... .......... .......... .......... 76%  234M 0s
 11950K .......... .......... .......... .......... .......... 76%  324M 0s
 12000K .......... .......... .......... .......... .......... 77%  210M 0s
 12050K .......... .......... .......... .......... .......... 77%  282M 0s
 12100K .......... .......... .......... .......... .......... 77%  364M 0s
 12150K .......... .......... .......... .......... .......... 78%  372M 0s
 12200K .......... .......... .......... .......... .......... 78%  335M 0s
 12250K .......... .......... .......... .......... .......... 78% 9.42M 0s
 12300K .......... .......... .......... .......... .......... 79%  285M 0s
 12350K .......... .......... .......... .......... .......... 79%  479M 0s
 12400K .......... .......... .......... .......... .......... 79%  487M 0s
 12450K .......... .......... .......... .......... .......... 79% 3.35M 0s
 12500K .......... .......... .......... .......... .......... 80%  156M 0s
 12550K .......... .......... .......... .......... .......... 80%  297M 0s
 12600K .......... .......... .......... .......... .......... 80%  301M 0s
 12650K .......... .......... .......... .......... .......... 81% 3.41M 0s
 12700K .......... .......... .......... .......... .......... 81%  220M 0s
 12750K .......... .......... .......... .......... .......... 81%  350M 0s
 12800K .......... .......... .......... .......... .......... 82%  314M 0s
 12850K .......... .......... .......... .......... .......... 82%  319M 0s
 12900K .......... .......... .......... .......... .......... 82%  314M 0s
 12950K .......... .......... .......... .......... .......... 83%  313M 0s
 13000K .......... .......... .......... .......... .......... 83%  263M 0s
 13050K .......... .......... .......... .......... .......... 83%  317M 0s
 13100K .......... .......... .......... .......... .......... 84%  153M 0s
 13150K .......... .......... .......... .......... .......... 84%  316M 0s
 13200K .......... .......... .......... .......... .......... 84%  286M 0s
 13250K .......... .......... .......... .......... .......... 85%  323M 0s
 13300K .......... .......... .......... .......... .......... 85% 4.23M 0s
 13350K .......... .......... .......... .......... .......... 85%  139M 0s
 13400K .......... .......... .......... .......... .......... 86%  183M 0s
 13450K .......... .......... .......... .......... .......... 86%  303M 0s
 13500K .......... .......... .......... .......... .......... 86%  341M 0s
 13550K .......... .......... .......... .......... .......... 87%  321M 0s
 13600K .......... .......... .......... .......... .......... 87%  292M 0s
 13650K .......... .......... .......... .......... .......... 87%  408M 0s
 13700K .......... .......... .......... .......... .......... 87%  358M 0s
 13750K .......... .......... .......... .......... .......... 88%  366M 0s
 13800K .......... .......... .......... .......... .......... 88%  362M 0s
 13850K .......... .......... .......... .......... .......... 88%  397M 0s
 13900K .......... .......... .......... .......... .......... 89%  426M 0s
 13950K .......... .......... .......... .......... .......... 89% 5.38M 0s
 14000K .......... .......... .......... .......... .......... 89%  322M 0s
 14050K .......... .......... .......... .......... .......... 90%  380M 0s
 14100K .......... .......... .......... .......... .......... 90%  310M 0s
 14150K .......... .......... .......... .......... .......... 90%  283M 0s
 14200K .......... .......... .......... .......... .......... 91%  305M 0s
 14250K .......... .......... .......... .......... .......... 91%  385M 0s
 14300K .......... .......... .......... .......... .......... 91%  312M 0s
 14350K .......... .......... .......... .......... .......... 92%  346M 0s
 14400K .......... .......... .......... .......... .......... 92%  306M 0s
 14450K .......... .......... .......... .......... .......... 92%  322M 0s
 14500K .......... .......... .......... .......... .......... 93%  452M 0s
 14550K .......... .......... .......... .......... .......... 93%  463M 0s
 14600K .......... .......... .......... .......... .......... 93% 1.89M 0s
 14650K .......... .......... .......... .......... .......... 94%  198M 0s
 14700K .......... .......... .......... .......... .......... 94%  311M 0s
 14750K .......... .......... .......... .......... .......... 94%  394M 0s
 14800K .......... .......... .......... .......... .......... 95%  344M 0s
 14850K .......... .......... .......... .......... .......... 95%  341M 0s
 14900K .......... .......... .......... .......... .......... 95%  291M 0s
 14950K .......... .......... .......... .......... .......... 95%  338M 0s
 15000K .......... .......... .......... .......... .......... 96%  320M 0s
 15050K .......... .......... .......... .......... .......... 96% 7.90M 0s
 15100K .......... .......... .......... .......... .......... 96% 2.30M 0s
 15150K .......... .......... .......... .......... .......... 97%  173M 0s
 15200K .......... .......... .......... .......... .......... 97%  282M 0s
 15250K .......... .......... .......... .......... .......... 97%  375M 0s
 15300K .......... .......... .......... .......... .......... 98%  279M 0s
 15350K .......... .......... .......... .......... .......... 98%  279M 0s
 15400K .......... .......... .......... .......... .......... 98%  211M 0s
 15450K .......... .......... .......... .......... .......... 99%  288M 0s
 15500K .......... .......... .......... .......... .......... 99%  163M 0s
 15550K .......... .......... .......... .......... .......... 99% 14.6M 0s
 15600K .......... .......... .....                           100%  252M=0.6s

2025-06-03 21:26:13 (25.1 MB/s) - ‘/home/djqsp2/rokey3_E4_ws/build/multirobot_map_merge/2011-08-09-12-22-52.pgm’ saved [16000058/16000058]

Checking MD5 sum of /home/djqsp2/rokey3_E4_ws/build/multirobot_map_merge/2011-08-09-12-22-52.pgm
/home/djqsp2/rokey3_E4_ws/build/multirobot_map_merge/2011-08-09-12-22-52.pgm: OK
--2025-06-03 21:26:13--  https://raw.githubusercontent.com/hrnr/m-explore-extra/master/map_merge/gmapping_maps/2012-01-28-11-12-01.pgm
Resolving raw.githubusercontent.com (raw.githubusercontent.com)... 185.199.110.133, 185.199.108.133, 185.199.111.133, ...
Connecting to raw.githubusercontent.com (raw.githubusercontent.com)|185.199.110.133|:443... connected.
HTTP request sent, awaiting response... 200 OK
Length: 16000058 (15M) [application/octet-stream]
Saving to: ‘/home/djqsp2/rokey3_E4_ws/build/multirobot_map_merge/2012-01-28-11-12-01.pgm’

     0K .......... .......... .......... .......... ..........  0% 5.32M 3s
    50K .......... .......... .......... .......... ..........  0% 8.20M 2s
   100K .......... .......... .......... .......... ..........  0% 4.51M 3s
   150K .......... .......... .......... .......... ..........  1%  287M 2s
   200K .......... .......... .......... .......... ..........  1% 1.97M 3s
   250K .......... .......... .......... .......... ..........  1%  349M 3s
   300K .......... .......... .......... .......... ..........  2%  385M 2s
   350K .......... .......... .......... .......... ..........  2%  392M 2s
   400K .......... .......... .......... .......... ..........  2% 2.55M 2s
   450K .......... .......... .......... .......... ..........  3%  199M 2s
   500K .......... .......... .......... .......... ..........  3%  299M 2s
   550K .......... .......... .......... .......... ..........  3%  182M 2s
   600K .......... .......... .......... .......... ..........  4%  279M 2s
   650K .......... .......... .......... .......... ..........  4%  362M 2s
   700K .......... .......... .......... .......... ..........  4% 1.37M 2s
   750K .......... .......... .......... .......... ..........  5%  468M 2s
   800K .......... .......... .......... .......... ..........  5%  272M 2s
   850K .......... .......... .......... .......... ..........  5% 14.7M 2s
   900K .......... .......... .......... .......... ..........  6%  409M 2s
   950K .......... .......... .......... .......... ..........  6% 2.18M 2s
  1000K .......... .......... .......... .......... ..........  6%  286M 2s
  1050K .......... .......... .......... .......... ..........  7%  371M 2s
  1100K .......... .......... .......... .......... ..........  7%  329M 2s
  1150K .......... .......... .......... .......... ..........  7%  405M 2s
  1200K .......... .......... .......... .......... ..........  7% 1.67M 2s
  1250K .......... .......... .......... .......... ..........  8%  161M 2s
  1300K .......... .......... .......... .......... ..........  8%  370M 2s
  1350K .......... .......... .......... .......... ..........  8%  385M 2s
  1400K .......... .......... .......... .......... ..........  9%  245M 2s
  1450K .......... .......... .......... .......... ..........  9% 88.5M 2s
  1500K .......... .......... .......... .......... ..........  9%  314M 1s
  1550K .......... .......... .......... .......... .......... 10% 2.41M 2s
  1600K .......... .......... .......... .......... .......... 10%  271M 2s
  1650K .......... .......... .......... .......... .......... 10% 40.1M 2s
  1700K .......... .......... .......... .......... .......... 11% 26.2M 1s
  1750K .......... .......... .......... .......... .......... 11% 9.09M 1s
  1800K .......... .......... .......... .......... .......... 11% 12.6M 1s
  1850K .......... .......... .......... .......... .......... 12%  317M 1s
  1900K .......... .......... .......... .......... .......... 12% 3.94M 1s
  1950K .......... .......... .......... .......... .......... 12%  251M 1s
  2000K .......... .......... .......... .......... .......... 13%  422M 1s
  2050K .......... .......... .......... .......... .......... 13% 2.22M 1s
  2100K .......... .......... .......... .......... .......... 13%  223M 1s
  2150K .......... .......... .......... .......... .......... 14%  205M 1s
  2200K .......... .......... .......... .......... .......... 14%  197M 1s
  2250K .......... .......... .......... .......... .......... 14% 1.38M 2s
  2300K .......... .......... .......... .......... .......... 15% 3.34M 2s
  2350K .......... .......... .......... .......... .......... 15%  358M 2s
  2400K .......... .......... .......... .......... .......... 15%  326M 2s
  2450K .......... .......... .......... .......... .......... 15%  397M 1s
  2500K .......... .......... .......... .......... .......... 16% 9.86M 1s
  2550K .......... .......... .......... .......... .......... 16% 19.1M 1s
  2600K .......... .......... .......... .......... .......... 16% 4.53M 1s
  2650K .......... .......... .......... .......... .......... 17%  162M 1s
  2700K .......... .......... .......... .......... .......... 17%  333M 1s
  2750K .......... .......... .......... .......... .......... 17%  339M 1s
  2800K .......... .......... .......... .......... .......... 18%  295M 1s
  2850K .......... .......... .......... .......... .......... 18% 3.94M 1s
  2900K .......... .......... .......... .......... .......... 18%  250M 1s
  2950K .......... .......... .......... .......... .......... 19%  291M 1s
  3000K .......... .......... .......... .......... .......... 19%  292M 1s
  3050K .......... .......... .......... .......... .......... 19%  321M 1s
  3100K .......... .......... .......... .......... .......... 20%  335M 1s
  3150K .......... .......... .......... .......... .......... 20%  252M 1s
  3200K .......... .......... .......... .......... .......... 20% 3.18M 1s
  3250K .......... .......... .......... .......... .......... 21%  225M 1s
  3300K .......... .......... .......... .......... .......... 21%  229M 1s
  3350K .......... .......... .......... .......... .......... 21%  297M 1s
  3400K .......... .......... .......... .......... .......... 22%  274M 1s
  3450K .......... .......... .......... .......... .......... 22%  323M 1s
  3500K .......... .......... .......... .......... .......... 22%  331M 1s
  3550K .......... .......... .......... .......... .......... 23% 2.96M 1s
  3600K .......... .......... .......... .......... .......... 23%  154M 1s
  3650K .......... .......... .......... .......... .......... 23%  264M 1s
  3700K .......... .......... .......... .......... .......... 23%  366M 1s
  3750K .......... .......... .......... .......... .......... 24%  401M 1s
  3800K .......... .......... .......... .......... .......... 24% 2.55M 1s
  3850K .......... .......... .......... .......... .......... 24%  187M 1s
  3900K .......... .......... .......... .......... .......... 25%  258M 1s
  3950K .......... .......... .......... .......... .......... 25% 3.62M 1s
  4000K .......... .......... .......... .......... .......... 25%  201M 1s
  4050K .......... .......... .......... .......... .......... 26% 2.54M 1s
  4100K .......... .......... .......... .......... .......... 26%  228M 1s
  4150K .......... .......... .......... .......... .......... 26%  267M 1s
  4200K .......... .......... .......... .......... .......... 27%  299M 1s
  4250K .......... .......... .......... .......... .......... 27%  335M 1s
  4300K .......... .......... .......... .......... .......... 27% 4.62M 1s
  4350K .......... .......... .......... .......... .......... 28%  269M 1s
  4400K .......... .......... .......... .......... .......... 28%  200M 1s
  4450K .......... .......... .......... .......... .......... 28%  188M 1s
  4500K .......... .......... .......... .......... .......... 29% 7.08M 1s
  4550K .......... .......... .......... .......... .......... 29%  375M 1s
  4600K .......... .......... .......... .......... .......... 29% 16.6M 1s
  4650K .......... .......... .......... .......... .......... 30% 4.10M 1s
  4700K .......... .......... .......... .......... .......... 30% 5.60M 1s
  4750K .......... .......... .......... .......... .......... 30%  315M 1s
  4800K .......... .......... .......... .......... .......... 31%  221M 1s
  4850K .......... .......... .......... .......... .......... 31%  322M 1s
  4900K .......... .......... .......... .......... .......... 31% 2.96M 1s
  4950K .......... .......... .......... .......... .......... 31%  318M 1s
  5000K .......... .......... .......... .......... .......... 32%  280M 1s
  5050K .......... .......... .......... .......... .......... 32%  328M 1s
  5100K .......... .......... .......... .......... .......... 32% 2.82M 1s
  5150K .......... .......... .......... .......... .......... 33%  290M 1s
  5200K .......... .......... .......... .......... .......... 33%  256M 1s
  5250K .......... .......... .......... .......... .......... 33%  256M 1s
  5300K .......... .......... .......... .......... .......... 34%  453M 1s
  5350K .......... .......... .......... .......... .......... 34% 3.01M 1s
  5400K .......... .......... .......... .......... .......... 34%  119M 1s
  5450K .......... .......... .......... .......... .......... 35% 17.8M 1s
  5500K .......... .......... .......... .......... .......... 35%  797K 1s
  5550K .......... .......... .......... .......... .......... 35%  271M 1s
  5600K .......... .......... .......... .......... .......... 36%  244M 1s
  5650K .......... .......... .......... .......... .......... 36%  347M 1s
  5700K .......... .......... .......... .......... .......... 36% 18.3M 1s
  5750K .......... .......... .......... .......... .......... 37%  233M 1s
  5800K .......... .......... .......... .......... .......... 37%  258M 1s
  5850K .......... .......... .......... .......... .......... 37%  273M 1s
  5900K .......... .......... .......... .......... .......... 38%  324M 1s
  5950K .......... .......... .......... .......... .......... 38%  328M 1s
  6000K .......... .......... .......... .......... .......... 38% 2.82M 1s
  6050K .......... .......... .......... .......... .......... 39%  314M 1s
  6100K .......... .......... .......... .......... .......... 39% 2.97M 1s
  6150K .......... .......... .......... .......... .......... 39%  314M 1s
  6200K .......... .......... .......... .......... .......... 39%  291M 1s
  6250K .......... .......... .......... .......... .......... 40%  354M 1s
  6300K .......... .......... .......... .......... .......... 40% 4.49M 1s
  6350K .......... .......... .......... .......... .......... 40%  342M 1s
  6400K .......... .......... .......... .......... .......... 41%  252M 1s
  6450K .......... .......... .......... .......... .......... 41% 5.26M 1s
  6500K .......... .......... .......... .......... .......... 41%  225M 1s
  6550K .......... .......... .......... .......... .......... 42%  339M 1s
  6600K .......... .......... .......... .......... .......... 42%  330M 1s
  6650K .......... .......... .......... .......... .......... 42% 1.99M 1s
  6700K .......... .......... .......... .......... .......... 43%  282M 1s
  6750K .......... .......... .......... .......... .......... 43%  280M 1s
  6800K .......... .......... .......... .......... .......... 43%  165M 1s
  6850K .......... .......... .......... .......... .......... 44%  354M 1s
  6900K .......... .......... .......... .......... .......... 44% 17.4M 1s
  6950K .......... .......... .......... .......... .......... 44% 30.5M 1s
  7000K .......... .......... .......... .......... .......... 45%  351M 1s
  7050K .......... .......... .......... .......... .......... 45%  356M 1s
  7100K .......... .......... .......... .......... .......... 45%  317M 1s
  7150K .......... .......... .......... .......... .......... 46%  371M 1s
  7200K .......... .......... .......... .......... .......... 46% 4.36M 1s
  7250K .......... .......... .......... .......... .......... 46%  288M 1s
  7300K .......... .......... .......... .......... .......... 47%  321M 1s
  7350K .......... .......... .......... .......... .......... 47%  223M 1s
  7400K .......... .......... .......... .......... .......... 47%  306M 1s
  7450K .......... .......... .......... .......... .......... 47% 12.4M 1s
  7500K .......... .......... .......... .......... .......... 48% 3.33M 1s
  7550K .......... .......... .......... .......... .......... 48%  248M 1s
  7600K .......... .......... .......... .......... .......... 48%  240M 1s
  7650K .......... .......... .......... .......... .......... 49%  255M 1s
  7700K .......... .......... .......... .......... .......... 49%  288M 1s
  7750K .......... .......... .......... .......... .......... 49%  314M 1s
  7800K .......... .......... .......... .......... .......... 50%  285M 1s
  7850K .......... .......... .......... .......... .......... 50%  319M 1s
  7900K .......... .......... .......... .......... .......... 50%  288M 1s
  7950K .......... .......... .......... .......... .......... 51%  269M 1s
  8000K .......... .......... .......... .......... .......... 51%  265M 1s
  8050K .......... .......... .......... .......... .......... 51% 1.63M 1s
  8100K .......... .......... .......... .......... .......... 52%  193M 1s
  8150K .......... .......... .......... .......... .......... 52%  299M 1s
  8200K .......... .......... .......... .......... .......... 52%  278M 1s
  8250K .......... .......... .......... .......... .......... 53%  204M 1s
  8300K .......... .......... .......... .......... .......... 53%  330M 1s
  8350K .......... .......... .......... .......... .......... 53%  398M 1s
  8400K .......... .......... .......... .......... .......... 54%  345M 1s
  8450K .......... .......... .......... .......... .......... 54%  436M 1s
  8500K .......... .......... .......... .......... .......... 54%  416M 1s
  8550K .......... .......... .......... .......... .......... 55%  249M 1s
  8600K .......... .......... .......... .......... .......... 55%  180M 1s
  8650K .......... .......... .......... .......... .......... 55% 12.0M 1s
  8700K .......... .......... .......... .......... .......... 55% 3.91M 1s
  8750K .......... .......... .......... .......... .......... 56%  279M 1s
  8800K .......... .......... .......... .......... .......... 56%  228M 1s
  8850K .......... .......... .......... .......... .......... 56% 16.4M 1s
  8900K .......... .......... .......... .......... .......... 57%  272M 1s
  8950K .......... .......... .......... .......... .......... 57%  483M 1s
  9000K .......... .......... .......... .......... .......... 57% 5.03M 1s
  9050K .......... .......... .......... .......... .......... 58%  404M 1s
  9100K .......... .......... .......... .......... .......... 58%  347M 1s
  9150K .......... .......... .......... .......... .......... 58%  588M 1s
  9200K .......... .......... .......... .......... .......... 59%  431M 1s
  9250K .......... .......... .......... .......... .......... 59% 12.8M 1s
  9300K .......... .......... .......... .......... .......... 59%  843K 1s
  9350K .......... .......... .......... .......... .......... 60% 3.10M 1s
  9400K .......... .......... .......... .......... .......... 60% 12.8M 1s
  9450K .......... .......... .......... .......... .......... 60% 4.94M 1s
  9500K .......... .......... .......... .......... .......... 61%  278M 1s
  9550K .......... .......... .......... .......... .......... 61%  342M 1s
  9600K .......... .......... .......... .......... .......... 61% 5.38M 1s
  9650K .......... .......... .......... .......... .......... 62%  254M 1s
  9700K .......... .......... .......... .......... .......... 62%  262M 1s
  9750K .......... .......... .......... .......... .......... 62%  226M 1s
  9800K .......... .......... .......... .......... .......... 63%  205M 0s
  9850K .......... .......... .......... .......... .......... 63% 3.62M 0s
  9900K .......... .......... .......... .......... .......... 63%  211M 0s
  9950K .......... .......... .......... .......... .......... 63%  333M 0s
 10000K .......... .......... .......... .......... .......... 64%  307M 0s
 10050K .......... .......... .......... .......... .......... 64%  419M 0s
 10100K .......... .......... .......... .......... .......... 64%  435M 0s
 10150K .......... .......... .......... .......... .......... 65%  422M 0s
 10200K .......... .......... .......... .......... .......... 65% 55.1M 0s
 10250K .......... .......... .......... .......... .......... 65%  276M 0s
 10300K .......... .......... .......... .......... .......... 66%  332M 0s
 10350K .......... .......... .......... .......... .......... 66% 2.79M 0s
 10400K .......... .......... .......... .......... .......... 66% 78.0M 0s
 10450K .......... .......... .......... .......... .......... 67% 3.60M 0s
 10500K .......... .......... .......... .......... .......... 67%  212M 0s
 10550K .......... .......... .......... .......... .......... 67%  326M 0s
 10600K .......... .......... .......... .......... .......... 68%  338M 0s
 10650K .......... .......... .......... .......... .......... 68%  381M 0s
 10700K .......... .......... .......... .......... .......... 68%  390M 0s
 10750K .......... .......... .......... .......... .......... 69%  389M 0s
 10800K .......... .......... .......... .......... .......... 69%  322M 0s
 10850K .......... .......... .......... .......... .......... 69%  380M 0s
 10900K .......... .......... .......... .......... .......... 70%  390M 0s
 10950K .......... .......... .......... .......... .......... 70%  364M 0s
 11000K .......... .......... .......... .......... .......... 70%  349M 0s
 11050K .......... .......... .......... .......... .......... 71% 2.45M 0s
 11100K .......... .......... .......... .......... .......... 71%  295M 0s
 11150K .......... .......... .......... .......... .......... 71% 60.9M 0s
 11200K .......... .......... .......... .......... .......... 71%  137M 0s
 11250K .......... .......... .......... .......... .......... 72% 6.81M 0s
 11300K .......... .......... .......... .......... .......... 72%  202M 0s
 11350K .......... .......... .......... .......... .......... 72%  233M 0s
 11400K .......... .......... .......... .......... .......... 73% 79.4M 0s
 11450K .......... .......... .......... .......... .......... 73% 2.62M 0s
 11500K .......... .......... .......... .......... .......... 73%  204M 0s
 11550K .......... .......... .......... .......... .......... 74%  266M 0s
 11600K .......... .......... .......... .......... .......... 74%  214M 0s
 11650K .......... .......... .......... .......... .......... 74%  293M 0s
 11700K .......... .......... .......... .......... .......... 75%  321M 0s
 11750K .......... .......... .......... .......... .......... 75%  320M 0s
 11800K .......... .......... .......... .......... .......... 75%  283M 0s
 11850K .......... .......... .......... .......... .......... 76%  321M 0s
 11900K .......... .......... .......... .......... .......... 76%  304M 0s
 11950K .......... .......... .......... .......... .......... 76% 4.24M 0s
 12000K .......... .......... .......... .......... .......... 77%  368M 0s
 12050K .......... .......... .......... .......... .......... 77% 15.5M 0s
 12100K .......... .......... .......... .......... .......... 77%  192M 0s
 12150K .......... .......... .......... .......... .......... 78%  357M 0s
 12200K .......... .......... .......... .......... .......... 78%  341M 0s
 12250K .......... .......... .......... .......... .......... 78%  372M 0s
 12300K .......... .......... .......... .......... .......... 79%  374M 0s
 12350K .......... .......... .......... .......... .......... 79%  389M 0s
 12400K .......... .......... .......... .......... .......... 79% 3.66M 0s
 12450K .......... .......... .......... .......... .......... 79% 7.53M 0s
 12500K .......... .......... .......... .......... .......... 80%  275M 0s
 12550K .......... .......... .......... .......... .......... 80%  328M 0s
 12600K .......... .......... .......... .......... .......... 80%  263M 0s
 12650K .......... .......... .......... .......... .......... 81%  359M 0s
 12700K .......... .......... .......... .......... .......... 81%  351M 0s
 12750K .......... .......... .......... .......... .......... 81%  367M 0s
 12800K .......... .......... .......... .......... .......... 82%  316M 0s
 12850K .......... .......... .......... .......... .......... 82%  312M 0s
 12900K .......... .......... .......... .......... .......... 82%  363M 0s
 12950K .......... .......... .......... .......... .......... 83%  344M 0s
 13000K .......... .......... .......... .......... .......... 83%  333M 0s
 13050K .......... .......... .......... .......... .......... 83%  364M 0s
 13100K .......... .......... .......... .......... .......... 84%  351M 0s
 13150K .......... .......... .......... .......... .......... 84% 2.40M 0s
 13200K .......... .......... .......... .......... .......... 84%  270M 0s
 13250K .......... .......... .......... .......... .......... 85%  375M 0s
 13300K .......... .......... .......... .......... .......... 85%  416M 0s
 13350K .......... .......... .......... .......... .......... 85%  390M 0s
 13400K .......... .......... .......... .......... .......... 86%  429M 0s
 13450K .......... .......... .......... .......... .......... 86%  541M 0s
 13500K .......... .......... .......... .......... .......... 86%  570M 0s
 13550K .......... .......... .......... .......... .......... 87%  542M 0s
 13600K .......... .......... .......... .......... .......... 87% 96.3M 0s
 13650K .......... .......... .......... .......... .......... 87%  344M 0s
 13700K .......... .......... .......... .......... .......... 87% 1.95M 0s
 13750K .......... .......... .......... .......... .......... 88%  242M 0s
 13800K .......... .......... .......... .......... .......... 88%  237M 0s
 13850K .......... .......... .......... .......... .......... 88%  376M 0s
 13900K .......... .......... .......... .......... .......... 89%  321M 0s
 13950K .......... .......... .......... .......... .......... 89%  434M 0s
 14000K .......... .......... .......... .......... .......... 89%  273M 0s
 14050K .......... .......... .......... .......... .......... 90%  340M 0s
 14100K .......... .......... .......... .......... .......... 90%  258M 0s
 14150K .......... .......... .......... .......... .......... 90%  279M 0s
 14200K .......... .......... .......... .......... .......... 91%  354M 0s
 14250K .......... .......... .......... .......... .......... 91%  373M 0s
 14300K .......... .......... .......... .......... .......... 91%  464M 0s
 14350K .......... .......... .......... .......... .......... 92%  398M 0s
 14400K .......... .......... .......... .......... .......... 92% 2.28M 0s
 14450K .......... .......... .......... .......... .......... 92%  304M 0s
 14500K .......... .......... .......... .......... .......... 93% 3.99M 0s
 14550K .......... .......... .......... .......... .......... 93%  217M 0s
 14600K .......... .......... .......... .......... .......... 93%  300M 0s
 14650K .......... .......... .......... .......... .......... 94%  288M 0s
 14700K .......... .......... .......... .......... .......... 94%  225M 0s
 14750K .......... .......... .......... .......... .......... 94%  377M 0s
 14800K .......... .......... .......... .......... .......... 95%  304M 0s
 14850K .......... .......... .......... .......... .......... 95%  411M 0s
 14900K .......... .......... .......... .......... .......... 95%  401M 0s
 14950K .......... .......... .......... .......... .......... 95%  379M 0s
 15000K .......... .......... .......... .......... .......... 96%  366M 0s
 15050K .......... .......... .......... .......... .......... 96%  338M 0s
 15100K .......... .......... .......... .......... .......... 96%  395M 0s
 15150K .......... .......... .......... .......... .......... 97%  132M 0s
 15200K .......... .......... .......... .......... .......... 97%  310M 0s
 15250K .......... .......... .......... .......... .......... 97%  293M 0s
 15300K .......... .......... .......... .......... .......... 98%  306M 0s
 15350K .......... .......... .......... .......... .......... 98% 2.50M 0s
 15400K .......... .......... .......... .......... .......... 98%  407M 0s
 15450K .......... .......... .......... .......... .......... 99% 50.7M 0s
 15500K .......... .......... .......... .......... .......... 99%  398M 0s
 15550K .......... .......... .......... .......... .......... 99%  484M 0s
 15600K .......... .......... .....                           100%  321M=1.1s

2025-06-03 21:26:14 (14.0 MB/s) - ‘/home/djqsp2/rokey3_E4_ws/build/multirobot_map_merge/2012-01-28-11-12-01.pgm’ saved [16000058/16000058]

Checking MD5 sum of /home/djqsp2/rokey3_E4_ws/build/multirobot_map_merge/2012-01-28-11-12-01.pgm
/home/djqsp2/rokey3_E4_ws/build/multirobot_map_merge/2012-01-28-11-12-01.pgm: OK
-- Found gtest sources under '/opt/ros/humble/src/gtest_vendor': C++ tests using 'Google Test' will be built
-- Added test 'cppcheck' to perform static code analysis on C / C++ code
-- Configured cppcheck include dirs: /home/djqsp2/rokey3_E4_ws/src/m-explore-ros2/map_merge/include;$<BUILD_INTERFACE:/home/djqsp2/rokey3_E4_ws/src/m-explore-ros2/map_merge/include>
-- Configured cppcheck exclude dirs and/or files: 
-- Added test 'flake8' to check Python code syntax and style conventions
-- Added test 'lint_cmake' to check CMake code style
-- Added test 'pep257' to check Python code against some of the docstring style conventions in PEP 257
-- Added test 'uncrustify' to check C / C++ code style
-- Configured uncrustify additional arguments: 
-- Added test 'xmllint' to check XML markup files
-- Configuring done
-- Generating done
-- Build files have been written to: /home/djqsp2/rokey3_E4_ws/build/multirobot_map_merge
