[0.012s] Invoking command in '/home/djqsp2/rokey3_E4_ws/build/turtlebot4_ignition_bringup': AMENT_PREFIX_PATH=/home/djqsp2/rokey3_E4_ws/install/turtlebot4_viz:/home/djqsp2/rokey3_E4_ws/install/turtlebot4_node:/home/djqsp2/rokey3_E4_ws/install/turtlebot4_ignition_toolbox:/home/djqsp2/rokey3_E4_ws/install/turtlebot4_navigation:/home/djqsp2/rokey3_E4_ws/install/turtlebot4_msgs:/home/djqsp2/rokey3_E4_ws/install/turtlebot4_ignition_gui_plugins:/home/djqsp2/rokey3_E4_ws/install/turtlebot4_description:${AMENT_PREFIX_PATH} CMAKE_PREFIX_PATH=/home/djqsp2/rokey3_E4_ws/install/turtlebot4_viz:/home/djqsp2/rokey3_E4_ws/install/turtlebot4_node:/home/djqsp2/rokey3_E4_ws/install/turtlebot4_ignition_toolbox:/home/djqsp2/rokey3_E4_ws/install/turtlebot4_navigation:/home/djqsp2/rokey3_E4_ws/install/turtlebot4_msgs:/home/djqsp2/rokey3_E4_ws/install/turtlebot4_ignition_gui_plugins:/home/djqsp2/rokey3_E4_ws/install/turtlebot4_description:/opt/ros/humble LD_LIBRARY_PATH=/home/djqsp2/rokey3_E4_ws/install/turtlebot4_msgs/lib:/usr/lib/x86_64-linux-gnu/gazebo-11/plugins:/opt/ros/humble/opt/rviz_ogre_vendor/lib:/opt/ros/humble/lib/x86_64-linux-gnu:/opt/ros/humble/lib:/usr/lib/x86_64-linux-gnu/gazebo-11/plugins PYTHONPATH=/home/djqsp2/rokey3_E4_ws/install/turtlebot4_navigation/local/lib/python3.10/dist-packages:/home/djqsp2/rokey3_E4_ws/install/turtlebot4_msgs/local/lib/python3.10/dist-packages:${PYTHONPATH} /usr/bin/cmake /home/djqsp2/rokey3_E4_ws/src/turtlebot4_simulator/turtlebot4_ignition_bringup -DAMENT_CMAKE_SYMLINK_INSTALL=1 -DCMAKE_INSTALL_PREFIX=/home/djqsp2/rokey3_E4_ws/install/turtlebot4_ignition_bringup
[0.056s] -- The C compiler identification is GNU 11.4.0
[0.093s] -- The CXX compiler identification is GNU 11.4.0
[0.098s] -- Detecting C compiler ABI info
[0.147s] -- Detecting C compiler ABI info - done
[0.151s] -- Check for working C compiler: /usr/bin/cc - skipped
[0.151s] -- Detecting C compile features
[0.151s] -- Detecting C compile features - done
[0.153s] -- Detecting CXX compiler ABI info
[0.213s] -- Detecting CXX compiler ABI info - done
[0.220s] -- Check for working CXX compiler: /usr/bin/c++ - skipped
[0.220s] -- Detecting CXX compile features
[0.220s] -- Detecting CXX compile features - done
[0.222s] -- Found ament_cmake: 1.3.11 (/opt/ros/humble/share/ament_cmake/cmake)
[0.335s] -- Found Python3: /usr/bin/python3 (found version "3.10.12") found components: Interpreter 
[0.375s] -- Override CMake install command with custom implementation using symlinks instead of copying resources
[0.407s] -- Found ros_ign_interfaces: 0.244.17 (/opt/ros/humble/share/ros_ign_interfaces/cmake)
[0.431s] -- Found rosidl_generator_c: 3.1.6 (/opt/ros/humble/share/rosidl_generator_c/cmake)
[0.435s] -- Found rosidl_adapter: 3.1.6 (/opt/ros/humble/share/rosidl_adapter/cmake)
[0.441s] -- Found rosidl_generator_cpp: 3.1.6 (/opt/ros/humble/share/rosidl_generator_cpp/cmake)
[0.450s] -- Using all available rosidl_typesupport_c: rosidl_typesupport_fastrtps_c;rosidl_typesupport_introspection_c
[0.462s] -- Using all available rosidl_typesupport_cpp: rosidl_typesupport_fastrtps_cpp;rosidl_typesupport_introspection_cpp
[0.523s] -- Found ament_lint_auto: 0.12.12 (/opt/ros/humble/share/ament_lint_auto/cmake)
[0.587s] -- Added test 'copyright' to check source files copyright and LICENSE
[0.588s] -- Added test 'flake8' to check Python code syntax and style conventions
[0.588s] -- Added test 'lint_cmake' to check CMake code style
[0.589s] -- Added test 'pep257' to check Python code against some of the docstring style conventions in PEP 257
[0.589s] -- Added test 'xmllint' to check XML markup files
[0.590s] -- Configuring done
[0.592s] -- Generating done
[0.593s] -- Build files have been written to: /home/djqsp2/rokey3_E4_ws/build/turtlebot4_ignition_bringup
[0.598s] Invoked command in '/home/djqsp2/rokey3_E4_ws/build/turtlebot4_ignition_bringup' returned '0': AMENT_PREFIX_PATH=/home/djqsp2/rokey3_E4_ws/install/turtlebot4_viz:/home/djqsp2/rokey3_E4_ws/install/turtlebot4_node:/home/djqsp2/rokey3_E4_ws/install/turtlebot4_ignition_toolbox:/home/djqsp2/rokey3_E4_ws/install/turtlebot4_navigation:/home/djqsp2/rokey3_E4_ws/install/turtlebot4_msgs:/home/djqsp2/rokey3_E4_ws/install/turtlebot4_ignition_gui_plugins:/home/djqsp2/rokey3_E4_ws/install/turtlebot4_description:${AMENT_PREFIX_PATH} CMAKE_PREFIX_PATH=/home/djqsp2/rokey3_E4_ws/install/turtlebot4_viz:/home/djqsp2/rokey3_E4_ws/install/turtlebot4_node:/home/djqsp2/rokey3_E4_ws/install/turtlebot4_ignition_toolbox:/home/djqsp2/rokey3_E4_ws/install/turtlebot4_navigation:/home/djqsp2/rokey3_E4_ws/install/turtlebot4_msgs:/home/djqsp2/rokey3_E4_ws/install/turtlebot4_ignition_gui_plugins:/home/djqsp2/rokey3_E4_ws/install/turtlebot4_description:/opt/ros/humble LD_LIBRARY_PATH=/home/djqsp2/rokey3_E4_ws/install/turtlebot4_msgs/lib:/usr/lib/x86_64-linux-gnu/gazebo-11/plugins:/opt/ros/humble/opt/rviz_ogre_vendor/lib:/opt/ros/humble/lib/x86_64-linux-gnu:/opt/ros/humble/lib:/usr/lib/x86_64-linux-gnu/gazebo-11/plugins PYTHONPATH=/home/djqsp2/rokey3_E4_ws/install/turtlebot4_navigation/local/lib/python3.10/dist-packages:/home/djqsp2/rokey3_E4_ws/install/turtlebot4_msgs/local/lib/python3.10/dist-packages:${PYTHONPATH} /usr/bin/cmake /home/djqsp2/rokey3_E4_ws/src/turtlebot4_simulator/turtlebot4_ignition_bringup -DAMENT_CMAKE_SYMLINK_INSTALL=1 -DCMAKE_INSTALL_PREFIX=/home/djqsp2/rokey3_E4_ws/install/turtlebot4_ignition_bringup
[0.600s] Invoking command in '/home/djqsp2/rokey3_E4_ws/build/turtlebot4_ignition_bringup': AMENT_PREFIX_PATH=/home/djqsp2/rokey3_E4_ws/install/turtlebot4_viz:/home/djqsp2/rokey3_E4_ws/install/turtlebot4_node:/home/djqsp2/rokey3_E4_ws/install/turtlebot4_ignition_toolbox:/home/djqsp2/rokey3_E4_ws/install/turtlebot4_navigation:/home/djqsp2/rokey3_E4_ws/install/turtlebot4_msgs:/home/djqsp2/rokey3_E4_ws/install/turtlebot4_ignition_gui_plugins:/home/djqsp2/rokey3_E4_ws/install/turtlebot4_description:${AMENT_PREFIX_PATH} CMAKE_PREFIX_PATH=/home/djqsp2/rokey3_E4_ws/install/turtlebot4_viz:/home/djqsp2/rokey3_E4_ws/install/turtlebot4_node:/home/djqsp2/rokey3_E4_ws/install/turtlebot4_ignition_toolbox:/home/djqsp2/rokey3_E4_ws/install/turtlebot4_navigation:/home/djqsp2/rokey3_E4_ws/install/turtlebot4_msgs:/home/djqsp2/rokey3_E4_ws/install/turtlebot4_ignition_gui_plugins:/home/djqsp2/rokey3_E4_ws/install/turtlebot4_description:/opt/ros/humble LD_LIBRARY_PATH=/home/djqsp2/rokey3_E4_ws/install/turtlebot4_msgs/lib:/usr/lib/x86_64-linux-gnu/gazebo-11/plugins:/opt/ros/humble/opt/rviz_ogre_vendor/lib:/opt/ros/humble/lib/x86_64-linux-gnu:/opt/ros/humble/lib:/usr/lib/x86_64-linux-gnu/gazebo-11/plugins PYTHONPATH=/home/djqsp2/rokey3_E4_ws/install/turtlebot4_navigation/local/lib/python3.10/dist-packages:/home/djqsp2/rokey3_E4_ws/install/turtlebot4_msgs/local/lib/python3.10/dist-packages:${PYTHONPATH} /usr/bin/cmake --build /home/djqsp2/rokey3_E4_ws/build/turtlebot4_ignition_bringup -- -j22 -l22
[0.626s] Invoked command in '/home/djqsp2/rokey3_E4_ws/build/turtlebot4_ignition_bringup' returned '0': AMENT_PREFIX_PATH=/home/djqsp2/rokey3_E4_ws/install/turtlebot4_viz:/home/djqsp2/rokey3_E4_ws/install/turtlebot4_node:/home/djqsp2/rokey3_E4_ws/install/turtlebot4_ignition_toolbox:/home/djqsp2/rokey3_E4_ws/install/turtlebot4_navigation:/home/djqsp2/rokey3_E4_ws/install/turtlebot4_msgs:/home/djqsp2/rokey3_E4_ws/install/turtlebot4_ignition_gui_plugins:/home/djqsp2/rokey3_E4_ws/install/turtlebot4_description:${AMENT_PREFIX_PATH} CMAKE_PREFIX_PATH=/home/djqsp2/rokey3_E4_ws/install/turtlebot4_viz:/home/djqsp2/rokey3_E4_ws/install/turtlebot4_node:/home/djqsp2/rokey3_E4_ws/install/turtlebot4_ignition_toolbox:/home/djqsp2/rokey3_E4_ws/install/turtlebot4_navigation:/home/djqsp2/rokey3_E4_ws/install/turtlebot4_msgs:/home/djqsp2/rokey3_E4_ws/install/turtlebot4_ignition_gui_plugins:/home/djqsp2/rokey3_E4_ws/install/turtlebot4_description:/opt/ros/humble LD_LIBRARY_PATH=/home/djqsp2/rokey3_E4_ws/install/turtlebot4_msgs/lib:/usr/lib/x86_64-linux-gnu/gazebo-11/plugins:/opt/ros/humble/opt/rviz_ogre_vendor/lib:/opt/ros/humble/lib/x86_64-linux-gnu:/opt/ros/humble/lib:/usr/lib/x86_64-linux-gnu/gazebo-11/plugins PYTHONPATH=/home/djqsp2/rokey3_E4_ws/install/turtlebot4_navigation/local/lib/python3.10/dist-packages:/home/djqsp2/rokey3_E4_ws/install/turtlebot4_msgs/local/lib/python3.10/dist-packages:${PYTHONPATH} /usr/bin/cmake --build /home/djqsp2/rokey3_E4_ws/build/turtlebot4_ignition_bringup -- -j22 -l22
[0.627s] Invoking command in '/home/djqsp2/rokey3_E4_ws/build/turtlebot4_ignition_bringup': AMENT_PREFIX_PATH=/home/djqsp2/rokey3_E4_ws/install/turtlebot4_viz:/home/djqsp2/rokey3_E4_ws/install/turtlebot4_node:/home/djqsp2/rokey3_E4_ws/install/turtlebot4_ignition_toolbox:/home/djqsp2/rokey3_E4_ws/install/turtlebot4_navigation:/home/djqsp2/rokey3_E4_ws/install/turtlebot4_msgs:/home/djqsp2/rokey3_E4_ws/install/turtlebot4_ignition_gui_plugins:/home/djqsp2/rokey3_E4_ws/install/turtlebot4_description:${AMENT_PREFIX_PATH} CMAKE_PREFIX_PATH=/home/djqsp2/rokey3_E4_ws/install/turtlebot4_viz:/home/djqsp2/rokey3_E4_ws/install/turtlebot4_node:/home/djqsp2/rokey3_E4_ws/install/turtlebot4_ignition_toolbox:/home/djqsp2/rokey3_E4_ws/install/turtlebot4_navigation:/home/djqsp2/rokey3_E4_ws/install/turtlebot4_msgs:/home/djqsp2/rokey3_E4_ws/install/turtlebot4_ignition_gui_plugins:/home/djqsp2/rokey3_E4_ws/install/turtlebot4_description:/opt/ros/humble LD_LIBRARY_PATH=/home/djqsp2/rokey3_E4_ws/install/turtlebot4_msgs/lib:/usr/lib/x86_64-linux-gnu/gazebo-11/plugins:/opt/ros/humble/opt/rviz_ogre_vendor/lib:/opt/ros/humble/lib/x86_64-linux-gnu:/opt/ros/humble/lib:/usr/lib/x86_64-linux-gnu/gazebo-11/plugins PYTHONPATH=/home/djqsp2/rokey3_E4_ws/install/turtlebot4_navigation/local/lib/python3.10/dist-packages:/home/djqsp2/rokey3_E4_ws/install/turtlebot4_msgs/local/lib/python3.10/dist-packages:${PYTHONPATH} /usr/bin/cmake --install /home/djqsp2/rokey3_E4_ws/build/turtlebot4_ignition_bringup
[0.633s] -- Install configuration: ""
[0.633s] -- Execute custom install script
[0.633s] -- Symlinking: /home/djqsp2/rokey3_E4_ws/install/turtlebot4_ignition_bringup/share/turtlebot4_ignition_bringup/config/turtlebot4_node.yaml
[0.638s] -- Symlinking: /home/djqsp2/rokey3_E4_ws/install/turtlebot4_ignition_bringup/share/turtlebot4_ignition_bringup/gui/lite/gui.config
[0.643s] -- Symlinking: /home/djqsp2/rokey3_E4_ws/install/turtlebot4_ignition_bringup/share/turtlebot4_ignition_bringup/gui/standard/gui.config
[0.648s] -- Symlinking: /home/djqsp2/rokey3_E4_ws/install/turtlebot4_ignition_bringup/share/turtlebot4_ignition_bringup/launch/ignition.launch.py
[0.652s] -- Symlinking: /home/djqsp2/rokey3_E4_ws/install/turtlebot4_ignition_bringup/share/turtlebot4_ignition_bringup/launch/ros_ign_bridge.launch.py
[0.658s] -- Symlinking: /home/djqsp2/rokey3_E4_ws/install/turtlebot4_ignition_bringup/share/turtlebot4_ignition_bringup/launch/turtlebot4_ignition.launch.py
[0.664s] -- Symlinking: /home/djqsp2/rokey3_E4_ws/install/turtlebot4_ignition_bringup/share/turtlebot4_ignition_bringup/launch/turtlebot4_nodes.launch.py
[0.670s] -- Symlinking: /home/djqsp2/rokey3_E4_ws/install/turtlebot4_ignition_bringup/share/turtlebot4_ignition_bringup/launch/turtlebot4_spawn.launch.py
[0.676s] -- Symlinking: /home/djqsp2/rokey3_E4_ws/install/turtlebot4_ignition_bringup/share/turtlebot4_ignition_bringup/worlds/depot.sdf
[0.682s] -- Symlinking: /home/djqsp2/rokey3_E4_ws/install/turtlebot4_ignition_bringup/share/turtlebot4_ignition_bringup/worlds/maze.sdf
[0.689s] -- Symlinking: /home/djqsp2/rokey3_E4_ws/install/turtlebot4_ignition_bringup/share/turtlebot4_ignition_bringup/worlds/warehouse.sdf
[0.695s] -- Symlinking: /home/djqsp2/rokey3_E4_ws/install/turtlebot4_ignition_bringup/share/ament_index/resource_index/package_run_dependencies/turtlebot4_ignition_bringup
[0.700s] -- Symlinking: /home/djqsp2/rokey3_E4_ws/install/turtlebot4_ignition_bringup/share/ament_index/resource_index/parent_prefix_path/turtlebot4_ignition_bringup
[0.706s] -- Symlinking: /home/djqsp2/rokey3_E4_ws/install/turtlebot4_ignition_bringup/share/turtlebot4_ignition_bringup/environment/ament_prefix_path.sh
[0.710s] -- Symlinking: /home/djqsp2/rokey3_E4_ws/install/turtlebot4_ignition_bringup/share/turtlebot4_ignition_bringup/environment/ament_prefix_path.dsv
[0.717s] -- Symlinking: /home/djqsp2/rokey3_E4_ws/install/turtlebot4_ignition_bringup/share/turtlebot4_ignition_bringup/environment/path.sh
[0.722s] -- Symlinking: /home/djqsp2/rokey3_E4_ws/install/turtlebot4_ignition_bringup/share/turtlebot4_ignition_bringup/environment/path.dsv
[0.727s] -- Symlinking: /home/djqsp2/rokey3_E4_ws/install/turtlebot4_ignition_bringup/share/turtlebot4_ignition_bringup/local_setup.bash
[0.731s] -- Symlinking: /home/djqsp2/rokey3_E4_ws/install/turtlebot4_ignition_bringup/share/turtlebot4_ignition_bringup/local_setup.sh
[0.736s] -- Symlinking: /home/djqsp2/rokey3_E4_ws/install/turtlebot4_ignition_bringup/share/turtlebot4_ignition_bringup/local_setup.zsh
[0.742s] -- Symlinking: /home/djqsp2/rokey3_E4_ws/install/turtlebot4_ignition_bringup/share/turtlebot4_ignition_bringup/local_setup.dsv
[0.748s] -- Symlinking: /home/djqsp2/rokey3_E4_ws/install/turtlebot4_ignition_bringup/share/turtlebot4_ignition_bringup/package.dsv
[0.754s] -- Symlinking: /home/djqsp2/rokey3_E4_ws/install/turtlebot4_ignition_bringup/share/ament_index/resource_index/packages/turtlebot4_ignition_bringup
[0.758s] -- Symlinking: /home/djqsp2/rokey3_E4_ws/install/turtlebot4_ignition_bringup/share/turtlebot4_ignition_bringup/cmake/turtlebot4_ignition_bringupConfig.cmake
[0.764s] -- Symlinking: /home/djqsp2/rokey3_E4_ws/install/turtlebot4_ignition_bringup/share/turtlebot4_ignition_bringup/cmake/turtlebot4_ignition_bringupConfig-version.cmake
[0.769s] -- Symlinking: /home/djqsp2/rokey3_E4_ws/install/turtlebot4_ignition_bringup/share/turtlebot4_ignition_bringup/package.xml
[0.777s] Invoked command in '/home/djqsp2/rokey3_E4_ws/build/turtlebot4_ignition_bringup' returned '0': AMENT_PREFIX_PATH=/home/djqsp2/rokey3_E4_ws/install/turtlebot4_viz:/home/djqsp2/rokey3_E4_ws/install/turtlebot4_node:/home/djqsp2/rokey3_E4_ws/install/turtlebot4_ignition_toolbox:/home/djqsp2/rokey3_E4_ws/install/turtlebot4_navigation:/home/djqsp2/rokey3_E4_ws/install/turtlebot4_msgs:/home/djqsp2/rokey3_E4_ws/install/turtlebot4_ignition_gui_plugins:/home/djqsp2/rokey3_E4_ws/install/turtlebot4_description:${AMENT_PREFIX_PATH} CMAKE_PREFIX_PATH=/home/djqsp2/rokey3_E4_ws/install/turtlebot4_viz:/home/djqsp2/rokey3_E4_ws/install/turtlebot4_node:/home/djqsp2/rokey3_E4_ws/install/turtlebot4_ignition_toolbox:/home/djqsp2/rokey3_E4_ws/install/turtlebot4_navigation:/home/djqsp2/rokey3_E4_ws/install/turtlebot4_msgs:/home/djqsp2/rokey3_E4_ws/install/turtlebot4_ignition_gui_plugins:/home/djqsp2/rokey3_E4_ws/install/turtlebot4_description:/opt/ros/humble LD_LIBRARY_PATH=/home/djqsp2/rokey3_E4_ws/install/turtlebot4_msgs/lib:/usr/lib/x86_64-linux-gnu/gazebo-11/plugins:/opt/ros/humble/opt/rviz_ogre_vendor/lib:/opt/ros/humble/lib/x86_64-linux-gnu:/opt/ros/humble/lib:/usr/lib/x86_64-linux-gnu/gazebo-11/plugins PYTHONPATH=/home/djqsp2/rokey3_E4_ws/install/turtlebot4_navigation/local/lib/python3.10/dist-packages:/home/djqsp2/rokey3_E4_ws/install/turtlebot4_msgs/local/lib/python3.10/dist-packages:${PYTHONPATH} /usr/bin/cmake --install /home/djqsp2/rokey3_E4_ws/build/turtlebot4_ignition_bringup
