[0.019s] Invoking command in '/home/djqsp2/rokey3_E4_ws/build/turtlebot4_description': CMAKE_PREFIX_PATH=/opt/ros/humble /usr/bin/cmake /home/djqsp2/rokey3_E4_ws/src/turtlebot4/turtlebot4_description -DAMENT_CMAKE_SYMLINK_INSTALL=1 -DCMAKE_INSTALL_PREFIX=/home/djqsp2/rokey3_E4_ws/install/turtlebot4_description
[0.224s] -- The C compiler identification is GNU 11.4.0
[0.224s] -- The CXX compiler identification is GNU 11.4.0
[0.224s] -- Detecting C compiler ABI info
[0.224s] -- Detecting C compiler ABI info - done
[0.224s] -- Check for working C compiler: /usr/bin/cc - skipped
[0.224s] -- Detecting C compile features
[0.224s] -- Detecting C compile features - done
[0.225s] -- Detecting CXX compiler ABI info
[0.237s] -- Detecting CXX compiler ABI info - done
[0.245s] -- Check for working CXX compiler: /usr/bin/c++ - skipped
[0.245s] -- Detecting CXX compile features
[0.246s] -- Detecting CXX compile features - done
[0.248s] -- Found ament_cmake: 1.3.11 (/opt/ros/humble/share/ament_cmake/cmake)
[0.384s] -- Found Python3: /usr/bin/python3 (found version "3.10.12") found components: Interpreter 
[0.458s] -- Override CMake install command with custom implementation using symlinks instead of copying resources
[0.480s] -- Found urdf: 2.6.1 (/opt/ros/humble/share/urdf/cmake)
[0.517s] -- Found irobot_create_description: 2.1.0 (/opt/ros/humble/share/irobot_create_description/cmake)
[0.518s] -- Found ament_lint_auto: 0.12.12 (/opt/ros/humble/share/ament_lint_auto/cmake)
[0.572s] -- Added test 'copyright' to check source files copyright and LICENSE
[0.574s] -- Added test 'flake8' to check Python code syntax and style conventions
[0.574s] -- Added test 'lint_cmake' to check CMake code style
[0.574s] -- Added test 'pep257' to check Python code against some of the docstring style conventions in PEP 257
[0.575s] -- Added test 'xmllint' to check XML markup files
[0.577s] -- Configuring done
[0.579s] -- Generating done
[0.580s] -- Build files have been written to: /home/djqsp2/rokey3_E4_ws/build/turtlebot4_description
[0.590s] Invoked command in '/home/djqsp2/rokey3_E4_ws/build/turtlebot4_description' returned '0': CMAKE_PREFIX_PATH=/opt/ros/humble /usr/bin/cmake /home/djqsp2/rokey3_E4_ws/src/turtlebot4/turtlebot4_description -DAMENT_CMAKE_SYMLINK_INSTALL=1 -DCMAKE_INSTALL_PREFIX=/home/djqsp2/rokey3_E4_ws/install/turtlebot4_description
[0.592s] Invoking command in '/home/djqsp2/rokey3_E4_ws/build/turtlebot4_description': CMAKE_PREFIX_PATH=/opt/ros/humble /usr/bin/cmake --build /home/djqsp2/rokey3_E4_ws/build/turtlebot4_description -- -j22 -l22
