[35m[1mConsolidate compiler generated dependencies of target turtlebot4_first_cpp_node[0m
[100%] Built target turtlebot4_first_cpp_node
-- Install configuration: ""
-- Execute custom install script
-- Symlinking: /home/djqsp2/rokey3_E4_ws/install/turtlebot4_cpp_tutorials/lib/turtlebot4_cpp_tutorials/turtlebot4_first_cpp_node
-- Symlinking: /home/djqsp2/rokey3_E4_ws/install/turtlebot4_cpp_tutorials/share/ament_index/resource_index/package_run_dependencies/turtlebot4_cpp_tutorials
-- Symlinking: /home/djqsp2/rokey3_E4_ws/install/turtlebot4_cpp_tutorials/share/ament_index/resource_index/parent_prefix_path/turtlebot4_cpp_tutorials
-- Symlinking: /home/djqsp2/rokey3_E4_ws/install/turtlebot4_cpp_tutorials/share/turtlebot4_cpp_tutorials/environment/ament_prefix_path.sh
-- Symlinking: /home/djqsp2/rokey3_E4_ws/install/turtlebot4_cpp_tutorials/share/turtlebot4_cpp_tutorials/environment/ament_prefix_path.dsv
-- Symlinking: /home/djqsp2/rokey3_E4_ws/install/turtlebot4_cpp_tutorials/share/turtlebot4_cpp_tutorials/environment/path.sh
-- Symlinking: /home/djqsp2/rokey3_E4_ws/install/turtlebot4_cpp_tutorials/share/turtlebot4_cpp_tutorials/environment/path.dsv
-- Symlinking: /home/djqsp2/rokey3_E4_ws/install/turtlebot4_cpp_tutorials/share/turtlebot4_cpp_tutorials/local_setup.bash
-- Symlinking: /home/djqsp2/rokey3_E4_ws/install/turtlebot4_cpp_tutorials/share/turtlebot4_cpp_tutorials/local_setup.sh
-- Symlinking: /home/djqsp2/rokey3_E4_ws/install/turtlebot4_cpp_tutorials/share/turtlebot4_cpp_tutorials/local_setup.zsh
-- Symlinking: /home/djqsp2/rokey3_E4_ws/install/turtlebot4_cpp_tutorials/share/turtlebot4_cpp_tutorials/local_setup.dsv
-- Symlinking: /home/djqsp2/rokey3_E4_ws/install/turtlebot4_cpp_tutorials/share/turtlebot4_cpp_tutorials/package.dsv
-- Symlinking: /home/djqsp2/rokey3_E4_ws/install/turtlebot4_cpp_tutorials/share/ament_index/resource_index/packages/turtlebot4_cpp_tutorials
-- Symlinking: /home/djqsp2/rokey3_E4_ws/install/turtlebot4_cpp_tutorials/share/turtlebot4_cpp_tutorials/cmake/turtlebot4_cpp_tutorialsConfig.cmake
-- Symlinking: /home/djqsp2/rokey3_E4_ws/install/turtlebot4_cpp_tutorials/share/turtlebot4_cpp_tutorials/cmake/turtlebot4_cpp_tutorialsConfig-version.cmake
-- Symlinking: /home/djqsp2/rokey3_E4_ws/install/turtlebot4_cpp_tutorials/share/turtlebot4_cpp_tutorials/package.xml
