[35m[1mConsolidate compiler generated dependencies of target yolo_data__rosidl_generator_c[0m
[  2%] Built target yolo_data__cpp
[ 12%] Built target yolo_data__rosidl_generator_c
[ 12%] Built target ament_cmake_python_symlink_yolo_data
[35m[1mConsolidate compiler generated dependencies of target yolo_data__rosidl_typesupport_fastrtps_cpp[0m
[35m[1mConsolidate compiler generated dependencies of target yolo_data__rosidl_typesupport_introspection_cpp[0m
[35m[1mConsolidate compiler generated dependencies of target yolo_data__rosidl_typesupport_c[0m
[35m[1mConsolidate compiler generated dependencies of target yolo_data__rosidl_typesupport_fastrtps_c[0m
[35m[1mConsolidate compiler generated dependencies of target yolo_data__rosidl_typesupport_cpp[0m
[35m[1mConsolidate compiler generated dependencies of target yolo_data__rosidl_typesupport_introspection_c[0m
[ 23%] Built target yolo_data__rosidl_typesupport_introspection_cpp
[ 44%] Built target yolo_data__rosidl_typesupport_fastrtps_c
[ 44%] Built target yolo_data__rosidl_typesupport_cpp
[ 55%] Built target yolo_data__rosidl_typesupport_c
[ 65%] Built target yolo_data__rosidl_typesupport_fastrtps_cpp
[ 76%] Built target yolo_data__rosidl_typesupport_introspection_c
[ 76%] Built target yolo_data
[ 78%] Built target yolo_data__py
[35m[1mConsolidate compiler generated dependencies of target yolo_data__rosidl_generator_py[0m
[ 87%] Built target yolo_data__rosidl_generator_py
[35m[1mConsolidate compiler generated dependencies of target yolo_data__rosidl_typesupport_introspection_c__pyext[0m
[35m[1mConsolidate compiler generated dependencies of target yolo_data__rosidl_typesupport_c__pyext[0m
[35m[1mConsolidate compiler generated dependencies of target yolo_data__rosidl_typesupport_fastrtps_c__pyext[0m
[ 91%] Built target yolo_data__rosidl_typesupport_c__pyext
[ 95%] Built target yolo_data__rosidl_typesupport_introspection_c__pyext
[100%] Built target yolo_data__rosidl_typesupport_fastrtps_c__pyext
running egg_info
writing yolo_data.egg-info/PKG-INFO
writing dependency_links to yolo_data.egg-info/dependency_links.txt
writing top-level names to yolo_data.egg-info/top_level.txt
reading manifest file 'yolo_data.egg-info/SOURCES.txt'
writing manifest file 'yolo_data.egg-info/SOURCES.txt'
[100%] Built target ament_cmake_python_build_yolo_data_egg
-- Install configuration: ""
-- Execute custom install script
-- Up-to-date symlink: /home/djqsp2/rokey3_E4_ws/install/yolo_data/share/ament_index/resource_index/rosidl_interfaces/yolo_data
-- Up-to-date symlink: /home/djqsp2/rokey3_E4_ws/install/yolo_data/include/yolo_data/yolo_data/msg/detail/map_point__functions.h
-- Up-to-date symlink: /home/djqsp2/rokey3_E4_ws/install/yolo_data/include/yolo_data/yolo_data/msg/detail/map_point__struct.h
-- Up-to-date symlink: /home/djqsp2/rokey3_E4_ws/install/yolo_data/include/yolo_data/yolo_data/msg/detail/map_point__type_support.h
-- Up-to-date symlink: /home/djqsp2/rokey3_E4_ws/install/yolo_data/include/yolo_data/yolo_data/msg/detail/monitor_data__functions.h
-- Up-to-date symlink: /home/djqsp2/rokey3_E4_ws/install/yolo_data/include/yolo_data/yolo_data/msg/detail/monitor_data__struct.h
-- Up-to-date symlink: /home/djqsp2/rokey3_E4_ws/install/yolo_data/include/yolo_data/yolo_data/msg/detail/monitor_data__type_support.h
-- Up-to-date symlink: /home/djqsp2/rokey3_E4_ws/install/yolo_data/include/yolo_data/yolo_data/msg/detail/monitored__functions.h
-- Up-to-date symlink: /home/djqsp2/rokey3_E4_ws/install/yolo_data/include/yolo_data/yolo_data/msg/detail/monitored__struct.h
-- Up-to-date symlink: /home/djqsp2/rokey3_E4_ws/install/yolo_data/include/yolo_data/yolo_data/msg/detail/monitored__type_support.h
-- Up-to-date symlink: /home/djqsp2/rokey3_E4_ws/install/yolo_data/include/yolo_data/yolo_data/msg/map_point.h
-- Up-to-date symlink: /home/djqsp2/rokey3_E4_ws/install/yolo_data/include/yolo_data/yolo_data/msg/monitor_data.h
-- Up-to-date symlink: /home/djqsp2/rokey3_E4_ws/install/yolo_data/include/yolo_data/yolo_data/msg/monitored.h
-- Up-to-date symlink: /home/djqsp2/rokey3_E4_ws/install/yolo_data/include/yolo_data/yolo_data/msg/rosidl_generator_c__visibility_control.h
-- Up-to-date symlink: /home/djqsp2/rokey3_E4_ws/install/yolo_data/share/yolo_data/environment/library_path.sh
-- Up-to-date symlink: /home/djqsp2/rokey3_E4_ws/install/yolo_data/share/yolo_data/environment/library_path.dsv
-- Up-to-date symlink: /home/djqsp2/rokey3_E4_ws/install/yolo_data/include/yolo_data/yolo_data/msg/detail/map_point__rosidl_typesupport_fastrtps_c.h
-- Up-to-date symlink: /home/djqsp2/rokey3_E4_ws/install/yolo_data/include/yolo_data/yolo_data/msg/detail/monitor_data__rosidl_typesupport_fastrtps_c.h
-- Up-to-date symlink: /home/djqsp2/rokey3_E4_ws/install/yolo_data/include/yolo_data/yolo_data/msg/detail/monitored__rosidl_typesupport_fastrtps_c.h
-- Up-to-date symlink: /home/djqsp2/rokey3_E4_ws/install/yolo_data/include/yolo_data/yolo_data/msg/rosidl_typesupport_fastrtps_c__visibility_control.h
-- Up-to-date symlink: /home/djqsp2/rokey3_E4_ws/install/yolo_data/include/yolo_data/yolo_data/msg/detail/map_point__builder.hpp
-- Up-to-date symlink: /home/djqsp2/rokey3_E4_ws/install/yolo_data/include/yolo_data/yolo_data/msg/detail/map_point__struct.hpp
-- Up-to-date symlink: /home/djqsp2/rokey3_E4_ws/install/yolo_data/include/yolo_data/yolo_data/msg/detail/map_point__traits.hpp
-- Up-to-date symlink: /home/djqsp2/rokey3_E4_ws/install/yolo_data/include/yolo_data/yolo_data/msg/detail/map_point__type_support.hpp
-- Up-to-date symlink: /home/djqsp2/rokey3_E4_ws/install/yolo_data/include/yolo_data/yolo_data/msg/detail/monitor_data__builder.hpp
-- Up-to-date symlink: /home/djqsp2/rokey3_E4_ws/install/yolo_data/include/yolo_data/yolo_data/msg/detail/monitor_data__struct.hpp
-- Up-to-date symlink: /home/djqsp2/rokey3_E4_ws/install/yolo_data/include/yolo_data/yolo_data/msg/detail/monitor_data__traits.hpp
-- Up-to-date symlink: /home/djqsp2/rokey3_E4_ws/install/yolo_data/include/yolo_data/yolo_data/msg/detail/monitor_data__type_support.hpp
-- Up-to-date symlink: /home/djqsp2/rokey3_E4_ws/install/yolo_data/include/yolo_data/yolo_data/msg/detail/monitored__builder.hpp
-- Up-to-date symlink: /home/djqsp2/rokey3_E4_ws/install/yolo_data/include/yolo_data/yolo_data/msg/detail/monitored__struct.hpp
-- Up-to-date symlink: /home/djqsp2/rokey3_E4_ws/install/yolo_data/include/yolo_data/yolo_data/msg/detail/monitored__traits.hpp
-- Up-to-date symlink: /home/djqsp2/rokey3_E4_ws/install/yolo_data/include/yolo_data/yolo_data/msg/detail/monitored__type_support.hpp
-- Up-to-date symlink: /home/djqsp2/rokey3_E4_ws/install/yolo_data/include/yolo_data/yolo_data/msg/map_point.hpp
-- Up-to-date symlink: /home/djqsp2/rokey3_E4_ws/install/yolo_data/include/yolo_data/yolo_data/msg/monitor_data.hpp
-- Up-to-date symlink: /home/djqsp2/rokey3_E4_ws/install/yolo_data/include/yolo_data/yolo_data/msg/monitored.hpp
-- Up-to-date symlink: /home/djqsp2/rokey3_E4_ws/install/yolo_data/include/yolo_data/yolo_data/msg/rosidl_generator_cpp__visibility_control.hpp
-- Up-to-date symlink: /home/djqsp2/rokey3_E4_ws/install/yolo_data/include/yolo_data/yolo_data/msg/detail/map_point__rosidl_typesupport_fastrtps_cpp.hpp
-- Up-to-date symlink: /home/djqsp2/rokey3_E4_ws/install/yolo_data/include/yolo_data/yolo_data/msg/detail/monitor_data__rosidl_typesupport_fastrtps_cpp.hpp
-- Up-to-date symlink: /home/djqsp2/rokey3_E4_ws/install/yolo_data/include/yolo_data/yolo_data/msg/detail/monitored__rosidl_typesupport_fastrtps_cpp.hpp
-- Up-to-date symlink: /home/djqsp2/rokey3_E4_ws/install/yolo_data/include/yolo_data/yolo_data/msg/rosidl_typesupport_fastrtps_cpp__visibility_control.h
-- Up-to-date symlink: /home/djqsp2/rokey3_E4_ws/install/yolo_data/include/yolo_data/yolo_data/msg/detail/map_point__rosidl_typesupport_introspection_c.h
-- Up-to-date symlink: /home/djqsp2/rokey3_E4_ws/install/yolo_data/include/yolo_data/yolo_data/msg/detail/monitor_data__rosidl_typesupport_introspection_c.h
-- Up-to-date symlink: /home/djqsp2/rokey3_E4_ws/install/yolo_data/include/yolo_data/yolo_data/msg/detail/monitored__rosidl_typesupport_introspection_c.h
-- Up-to-date symlink: /home/djqsp2/rokey3_E4_ws/install/yolo_data/include/yolo_data/yolo_data/msg/rosidl_typesupport_introspection_c__visibility_control.h
-- Up-to-date symlink: /home/djqsp2/rokey3_E4_ws/install/yolo_data/include/yolo_data/yolo_data/msg/detail/map_point__rosidl_typesupport_introspection_cpp.hpp
-- Up-to-date symlink: /home/djqsp2/rokey3_E4_ws/install/yolo_data/include/yolo_data/yolo_data/msg/detail/monitor_data__rosidl_typesupport_introspection_cpp.hpp
-- Up-to-date symlink: /home/djqsp2/rokey3_E4_ws/install/yolo_data/include/yolo_data/yolo_data/msg/detail/monitored__rosidl_typesupport_introspection_cpp.hpp
-- Up-to-date symlink: /home/djqsp2/rokey3_E4_ws/install/yolo_data/share/yolo_data/environment/pythonpath.sh
-- Up-to-date symlink: /home/djqsp2/rokey3_E4_ws/install/yolo_data/share/yolo_data/environment/pythonpath.dsv
-- Up-to-date symlink: /home/djqsp2/rokey3_E4_ws/install/yolo_data/local/lib/python3.10/dist-packages/yolo_data-0.0.0-py3.10.egg-info/PKG-INFO
-- Up-to-date symlink: /home/djqsp2/rokey3_E4_ws/install/yolo_data/local/lib/python3.10/dist-packages/yolo_data-0.0.0-py3.10.egg-info/SOURCES.txt
-- Up-to-date symlink: /home/djqsp2/rokey3_E4_ws/install/yolo_data/local/lib/python3.10/dist-packages/yolo_data-0.0.0-py3.10.egg-info/dependency_links.txt
-- Up-to-date symlink: /home/djqsp2/rokey3_E4_ws/install/yolo_data/local/lib/python3.10/dist-packages/yolo_data-0.0.0-py3.10.egg-info/top_level.txt
-- Up-to-date symlink: /home/djqsp2/rokey3_E4_ws/install/yolo_data/local/lib/python3.10/dist-packages/yolo_data/__init__.py
-- Up-to-date symlink: /home/djqsp2/rokey3_E4_ws/install/yolo_data/local/lib/python3.10/dist-packages/yolo_data/_yolo_data_s.ep.rosidl_typesupport_c.c
-- Up-to-date symlink: /home/djqsp2/rokey3_E4_ws/install/yolo_data/local/lib/python3.10/dist-packages/yolo_data/_yolo_data_s.ep.rosidl_typesupport_fastrtps_c.c
-- Up-to-date symlink: /home/djqsp2/rokey3_E4_ws/install/yolo_data/local/lib/python3.10/dist-packages/yolo_data/_yolo_data_s.ep.rosidl_typesupport_introspection_c.c
-- Up-to-date symlink: /home/djqsp2/rokey3_E4_ws/install/yolo_data/local/lib/python3.10/dist-packages/yolo_data/libyolo_data__rosidl_generator_py.so
-- Up-to-date symlink: /home/djqsp2/rokey3_E4_ws/install/yolo_data/local/lib/python3.10/dist-packages/yolo_data/msg/__init__.py
-- Up-to-date symlink: /home/djqsp2/rokey3_E4_ws/install/yolo_data/local/lib/python3.10/dist-packages/yolo_data/msg/_map_point.py
-- Up-to-date symlink: /home/djqsp2/rokey3_E4_ws/install/yolo_data/local/lib/python3.10/dist-packages/yolo_data/msg/_map_point_s.c
-- Up-to-date symlink: /home/djqsp2/rokey3_E4_ws/install/yolo_data/local/lib/python3.10/dist-packages/yolo_data/msg/_monitor_data.py
-- Up-to-date symlink: /home/djqsp2/rokey3_E4_ws/install/yolo_data/local/lib/python3.10/dist-packages/yolo_data/msg/_monitor_data_s.c
-- Up-to-date symlink: /home/djqsp2/rokey3_E4_ws/install/yolo_data/local/lib/python3.10/dist-packages/yolo_data/msg/_monitored.py
-- Up-to-date symlink: /home/djqsp2/rokey3_E4_ws/install/yolo_data/local/lib/python3.10/dist-packages/yolo_data/msg/_monitored_s.c
-- Up-to-date symlink: /home/djqsp2/rokey3_E4_ws/install/yolo_data/local/lib/python3.10/dist-packages/yolo_data/yolo_data_s__rosidl_typesupport_c.cpython-310-x86_64-linux-gnu.so
-- Up-to-date symlink: /home/djqsp2/rokey3_E4_ws/install/yolo_data/local/lib/python3.10/dist-packages/yolo_data/yolo_data_s__rosidl_typesupport_fastrtps_c.cpython-310-x86_64-linux-gnu.so
-- Up-to-date symlink: /home/djqsp2/rokey3_E4_ws/install/yolo_data/local/lib/python3.10/dist-packages/yolo_data/yolo_data_s__rosidl_typesupport_introspection_c.cpython-310-x86_64-linux-gnu.so
-- Up-to-date symlink: /home/djqsp2/rokey3_E4_ws/install/yolo_data/local/lib/python3.10/dist-packages/yolo_data/yolo_data_s__rosidl_typesupport_fastrtps_c.cpython-310-x86_64-linux-gnu.so
-- Up-to-date symlink: /home/djqsp2/rokey3_E4_ws/install/yolo_data/local/lib/python3.10/dist-packages/yolo_data/yolo_data_s__rosidl_typesupport_introspection_c.cpython-310-x86_64-linux-gnu.so
-- Up-to-date symlink: /home/djqsp2/rokey3_E4_ws/install/yolo_data/local/lib/python3.10/dist-packages/yolo_data/yolo_data_s__rosidl_typesupport_c.cpython-310-x86_64-linux-gnu.so
-- Up-to-date symlink: /home/djqsp2/rokey3_E4_ws/install/yolo_data/share/yolo_data/msg/Monitored.idl
-- Up-to-date symlink: /home/djqsp2/rokey3_E4_ws/install/yolo_data/share/yolo_data/msg/MonitorData.idl
-- Up-to-date symlink: /home/djqsp2/rokey3_E4_ws/install/yolo_data/share/yolo_data/msg/MapPoint.idl
-- Up-to-date symlink: /home/djqsp2/rokey3_E4_ws/install/yolo_data/share/yolo_data/msg/Monitored.msg
-- Up-to-date symlink: /home/djqsp2/rokey3_E4_ws/install/yolo_data/share/yolo_data/msg/MonitorData.msg
-- Up-to-date symlink: /home/djqsp2/rokey3_E4_ws/install/yolo_data/share/yolo_data/msg/MapPoint.msg
-- Up-to-date symlink: /home/djqsp2/rokey3_E4_ws/install/yolo_data/share/ament_index/resource_index/package_run_dependencies/yolo_data
-- Up-to-date symlink: /home/djqsp2/rokey3_E4_ws/install/yolo_data/share/ament_index/resource_index/parent_prefix_path/yolo_data
-- Up-to-date symlink: /home/djqsp2/rokey3_E4_ws/install/yolo_data/share/yolo_data/environment/ament_prefix_path.sh
-- Up-to-date symlink: /home/djqsp2/rokey3_E4_ws/install/yolo_data/share/yolo_data/environment/ament_prefix_path.dsv
-- Up-to-date symlink: /home/djqsp2/rokey3_E4_ws/install/yolo_data/share/yolo_data/environment/path.sh
-- Up-to-date symlink: /home/djqsp2/rokey3_E4_ws/install/yolo_data/share/yolo_data/environment/path.dsv
-- Up-to-date symlink: /home/djqsp2/rokey3_E4_ws/install/yolo_data/share/yolo_data/local_setup.bash
-- Up-to-date symlink: /home/djqsp2/rokey3_E4_ws/install/yolo_data/share/yolo_data/local_setup.sh
-- Up-to-date symlink: /home/djqsp2/rokey3_E4_ws/install/yolo_data/share/yolo_data/local_setup.zsh
-- Up-to-date symlink: /home/djqsp2/rokey3_E4_ws/install/yolo_data/share/yolo_data/local_setup.dsv
-- Symlinking: /home/djqsp2/rokey3_E4_ws/install/yolo_data/share/yolo_data/package.dsv
-- Up-to-date symlink: /home/djqsp2/rokey3_E4_ws/install/yolo_data/share/ament_index/resource_index/packages/yolo_data
-- Up-to-date symlink: /home/djqsp2/rokey3_E4_ws/install/yolo_data/share/yolo_data/cmake/rosidl_cmake-extras.cmake
-- Up-to-date symlink: /home/djqsp2/rokey3_E4_ws/install/yolo_data/share/yolo_data/cmake/ament_cmake_export_dependencies-extras.cmake
-- Up-to-date symlink: /home/djqsp2/rokey3_E4_ws/install/yolo_data/share/yolo_data/cmake/ament_cmake_export_include_directories-extras.cmake
-- Up-to-date symlink: /home/djqsp2/rokey3_E4_ws/install/yolo_data/share/yolo_data/cmake/ament_cmake_export_libraries-extras.cmake
-- Up-to-date symlink: /home/djqsp2/rokey3_E4_ws/install/yolo_data/share/yolo_data/cmake/ament_cmake_export_targets-extras.cmake
-- Up-to-date symlink: /home/djqsp2/rokey3_E4_ws/install/yolo_data/share/yolo_data/cmake/rosidl_cmake_export_typesupport_targets-extras.cmake
-- Up-to-date symlink: /home/djqsp2/rokey3_E4_ws/install/yolo_data/share/yolo_data/cmake/rosidl_cmake_export_typesupport_libraries-extras.cmake
-- Up-to-date symlink: /home/djqsp2/rokey3_E4_ws/install/yolo_data/share/yolo_data/cmake/yolo_dataConfig.cmake
-- Up-to-date symlink: /home/djqsp2/rokey3_E4_ws/install/yolo_data/share/yolo_data/cmake/yolo_dataConfig-version.cmake
-- Up-to-date symlink: /home/djqsp2/rokey3_E4_ws/install/yolo_data/share/yolo_data/package.xml
-- Up-to-date: /home/djqsp2/rokey3_E4_ws/install/yolo_data/lib/libyolo_data__rosidl_generator_c.so
-- Up-to-date: /home/djqsp2/rokey3_E4_ws/install/yolo_data/lib/libyolo_data__rosidl_typesupport_fastrtps_c.so
-- Up-to-date: /home/djqsp2/rokey3_E4_ws/install/yolo_data/lib/libyolo_data__rosidl_typesupport_fastrtps_cpp.so
-- Up-to-date: /home/djqsp2/rokey3_E4_ws/install/yolo_data/lib/libyolo_data__rosidl_typesupport_introspection_c.so
-- Up-to-date: /home/djqsp2/rokey3_E4_ws/install/yolo_data/lib/libyolo_data__rosidl_typesupport_c.so
-- Up-to-date: /home/djqsp2/rokey3_E4_ws/install/yolo_data/lib/libyolo_data__rosidl_typesupport_introspection_cpp.so
-- Up-to-date: /home/djqsp2/rokey3_E4_ws/install/yolo_data/lib/libyolo_data__rosidl_typesupport_cpp.so
Listing '/home/djqsp2/rokey3_E4_ws/install/yolo_data/local/lib/python3.10/dist-packages/yolo_data'...
Listing '/home/djqsp2/rokey3_E4_ws/install/yolo_data/local/lib/python3.10/dist-packages/yolo_data/msg'...
-- Up-to-date: /home/djqsp2/rokey3_E4_ws/install/yolo_data/lib/libyolo_data__rosidl_generator_py.so
-- Up-to-date: /home/djqsp2/rokey3_E4_ws/install/yolo_data/share/yolo_data/cmake/export_yolo_data__rosidl_generator_cExport.cmake
-- Up-to-date: /home/djqsp2/rokey3_E4_ws/install/yolo_data/share/yolo_data/cmake/export_yolo_data__rosidl_generator_cExport-noconfig.cmake
-- Up-to-date: /home/djqsp2/rokey3_E4_ws/install/yolo_data/share/yolo_data/cmake/export_yolo_data__rosidl_typesupport_fastrtps_cExport.cmake
-- Up-to-date: /home/djqsp2/rokey3_E4_ws/install/yolo_data/share/yolo_data/cmake/export_yolo_data__rosidl_typesupport_fastrtps_cExport-noconfig.cmake
-- Up-to-date: /home/djqsp2/rokey3_E4_ws/install/yolo_data/share/yolo_data/cmake/export_yolo_data__rosidl_generator_cppExport.cmake
-- Up-to-date: /home/djqsp2/rokey3_E4_ws/install/yolo_data/share/yolo_data/cmake/export_yolo_data__rosidl_typesupport_fastrtps_cppExport.cmake
-- Up-to-date: /home/djqsp2/rokey3_E4_ws/install/yolo_data/share/yolo_data/cmake/export_yolo_data__rosidl_typesupport_fastrtps_cppExport-noconfig.cmake
-- Up-to-date: /home/djqsp2/rokey3_E4_ws/install/yolo_data/share/yolo_data/cmake/yolo_data__rosidl_typesupport_introspection_cExport.cmake
-- Up-to-date: /home/djqsp2/rokey3_E4_ws/install/yolo_data/share/yolo_data/cmake/yolo_data__rosidl_typesupport_introspection_cExport-noconfig.cmake
-- Up-to-date: /home/djqsp2/rokey3_E4_ws/install/yolo_data/share/yolo_data/cmake/yolo_data__rosidl_typesupport_cExport.cmake
-- Up-to-date: /home/djqsp2/rokey3_E4_ws/install/yolo_data/share/yolo_data/cmake/yolo_data__rosidl_typesupport_cExport-noconfig.cmake
-- Up-to-date: /home/djqsp2/rokey3_E4_ws/install/yolo_data/share/yolo_data/cmake/yolo_data__rosidl_typesupport_introspection_cppExport.cmake
-- Up-to-date: /home/djqsp2/rokey3_E4_ws/install/yolo_data/share/yolo_data/cmake/yolo_data__rosidl_typesupport_introspection_cppExport-noconfig.cmake
-- Up-to-date: /home/djqsp2/rokey3_E4_ws/install/yolo_data/share/yolo_data/cmake/yolo_data__rosidl_typesupport_cppExport.cmake
-- Up-to-date: /home/djqsp2/rokey3_E4_ws/install/yolo_data/share/yolo_data/cmake/yolo_data__rosidl_typesupport_cppExport-noconfig.cmake
-- Up-to-date: /home/djqsp2/rokey3_E4_ws/install/yolo_data/share/yolo_data/cmake/export_yolo_data__rosidl_generator_pyExport.cmake
-- Up-to-date: /home/djqsp2/rokey3_E4_ws/install/yolo_data/share/yolo_data/cmake/export_yolo_data__rosidl_generator_pyExport-noconfig.cmake
