[0.030s] Invoking command in '/home/djqsp2/rokey3_E4_ws/build/yolo_data': CMAKE_PREFIX_PATH=/opt/ros/humble /usr/bin/cmake --build /home/djqsp2/rokey3_E4_ws/build/yolo_data -- -j22 -l22
[0.075s] [35m[1mConsolidate compiler generated dependencies of target yolo_data__rosidl_generator_c[0m
[0.081s] [  2%] Built target yolo_data__cpp
[0.089s] [ 12%] Built target yolo_data__rosidl_generator_c
[0.095s] [ 12%] Built target ament_cmake_python_symlink_yolo_data
[0.117s] [35m[1mConsolidate compiler generated dependencies of target yolo_data__rosidl_typesupport_fastrtps_cpp[0m
[0.118s] [35m[1mConsolidate compiler generated dependencies of target yolo_data__rosidl_typesupport_introspection_cpp[0m
[0.118s] [35m[1mConsolidate compiler generated dependencies of target yolo_data__rosidl_typesupport_c[0m
[0.118s] [35m[1mConsolidate compiler generated dependencies of target yolo_data__rosidl_typesupport_fastrtps_c[0m
[0.122s] [35m[1mConsolidate compiler generated dependencies of target yolo_data__rosidl_typesupport_cpp[0m
[0.124s] [35m[1mConsolidate compiler generated dependencies of target yolo_data__rosidl_typesupport_introspection_c[0m
[0.127s] [ 23%] Built target yolo_data__rosidl_typesupport_introspection_cpp
[0.128s] [ 44%] Built target yolo_data__rosidl_typesupport_fastrtps_c
[0.128s] [ 44%] Built target yolo_data__rosidl_typesupport_cpp
[0.128s] [ 55%] Built target yolo_data__rosidl_typesupport_c
[0.128s] [ 65%] Built target yolo_data__rosidl_typesupport_fastrtps_cpp
[0.130s] [ 76%] Built target yolo_data__rosidl_typesupport_introspection_c
[0.148s] [ 76%] Built target yolo_data
[0.166s] [ 78%] Built target yolo_data__py
[0.177s] [35m[1mConsolidate compiler generated dependencies of target yolo_data__rosidl_generator_py[0m
[0.186s] [ 87%] Built target yolo_data__rosidl_generator_py
[0.194s] [35m[1mConsolidate compiler generated dependencies of target yolo_data__rosidl_typesupport_introspection_c__pyext[0m
[0.194s] [35m[1mConsolidate compiler generated dependencies of target yolo_data__rosidl_typesupport_c__pyext[0m
[0.196s] [35m[1mConsolidate compiler generated dependencies of target yolo_data__rosidl_typesupport_fastrtps_c__pyext[0m
[0.202s] [ 91%] Built target yolo_data__rosidl_typesupport_c__pyext
[0.204s] [ 95%] Built target yolo_data__rosidl_typesupport_introspection_c__pyext
[0.209s] [100%] Built target yolo_data__rosidl_typesupport_fastrtps_c__pyext
[0.348s] running egg_info
[0.348s] writing yolo_data.egg-info/PKG-INFO
[0.348s] writing dependency_links to yolo_data.egg-info/dependency_links.txt
[0.348s] writing top-level names to yolo_data.egg-info/top_level.txt
[0.350s] reading manifest file 'yolo_data.egg-info/SOURCES.txt'
[0.351s] writing manifest file 'yolo_data.egg-info/SOURCES.txt'
[0.376s] [100%] Built target ament_cmake_python_build_yolo_data_egg
[0.422s] Invoked command in '/home/djqsp2/rokey3_E4_ws/build/yolo_data' returned '0': CMAKE_PREFIX_PATH=/opt/ros/humble /usr/bin/cmake --build /home/djqsp2/rokey3_E4_ws/build/yolo_data -- -j22 -l22
[0.424s] Invoking command in '/home/djqsp2/rokey3_E4_ws/build/yolo_data': CMAKE_PREFIX_PATH=/opt/ros/humble /usr/bin/cmake --install /home/djqsp2/rokey3_E4_ws/build/yolo_data
[0.433s] -- Install configuration: ""
[0.433s] -- Execute custom install script
[0.434s] -- Up-to-date symlink: /home/djqsp2/rokey3_E4_ws/install/yolo_data/share/ament_index/resource_index/rosidl_interfaces/yolo_data
[0.435s] -- Up-to-date symlink: /home/djqsp2/rokey3_E4_ws/install/yolo_data/include/yolo_data/yolo_data/msg/detail/map_point__functions.h
[0.435s] -- Up-to-date symlink: /home/djqsp2/rokey3_E4_ws/install/yolo_data/include/yolo_data/yolo_data/msg/detail/map_point__struct.h
[0.435s] -- Up-to-date symlink: /home/djqsp2/rokey3_E4_ws/install/yolo_data/include/yolo_data/yolo_data/msg/detail/map_point__type_support.h
[0.435s] -- Up-to-date symlink: /home/djqsp2/rokey3_E4_ws/install/yolo_data/include/yolo_data/yolo_data/msg/detail/monitor_data__functions.h
[0.435s] -- Up-to-date symlink: /home/djqsp2/rokey3_E4_ws/install/yolo_data/include/yolo_data/yolo_data/msg/detail/monitor_data__struct.h
[0.435s] -- Up-to-date symlink: /home/djqsp2/rokey3_E4_ws/install/yolo_data/include/yolo_data/yolo_data/msg/detail/monitor_data__type_support.h
[0.436s] -- Up-to-date symlink: /home/djqsp2/rokey3_E4_ws/install/yolo_data/include/yolo_data/yolo_data/msg/detail/monitored__functions.h
[0.436s] -- Up-to-date symlink: /home/djqsp2/rokey3_E4_ws/install/yolo_data/include/yolo_data/yolo_data/msg/detail/monitored__struct.h
[0.436s] -- Up-to-date symlink: /home/djqsp2/rokey3_E4_ws/install/yolo_data/include/yolo_data/yolo_data/msg/detail/monitored__type_support.h
[0.436s] -- Up-to-date symlink: /home/djqsp2/rokey3_E4_ws/install/yolo_data/include/yolo_data/yolo_data/msg/map_point.h
[0.436s] -- Up-to-date symlink: /home/djqsp2/rokey3_E4_ws/install/yolo_data/include/yolo_data/yolo_data/msg/monitor_data.h
[0.436s] -- Up-to-date symlink: /home/djqsp2/rokey3_E4_ws/install/yolo_data/include/yolo_data/yolo_data/msg/monitored.h
[0.436s] -- Up-to-date symlink: /home/djqsp2/rokey3_E4_ws/install/yolo_data/include/yolo_data/yolo_data/msg/rosidl_generator_c__visibility_control.h
[0.437s] -- Up-to-date symlink: /home/djqsp2/rokey3_E4_ws/install/yolo_data/share/yolo_data/environment/library_path.sh
[0.437s] -- Up-to-date symlink: /home/djqsp2/rokey3_E4_ws/install/yolo_data/share/yolo_data/environment/library_path.dsv
[0.437s] -- Up-to-date symlink: /home/djqsp2/rokey3_E4_ws/install/yolo_data/include/yolo_data/yolo_data/msg/detail/map_point__rosidl_typesupport_fastrtps_c.h
[0.437s] -- Up-to-date symlink: /home/djqsp2/rokey3_E4_ws/install/yolo_data/include/yolo_data/yolo_data/msg/detail/monitor_data__rosidl_typesupport_fastrtps_c.h
[0.438s] -- Up-to-date symlink: /home/djqsp2/rokey3_E4_ws/install/yolo_data/include/yolo_data/yolo_data/msg/detail/monitored__rosidl_typesupport_fastrtps_c.h
[0.438s] -- Up-to-date symlink: /home/djqsp2/rokey3_E4_ws/install/yolo_data/include/yolo_data/yolo_data/msg/rosidl_typesupport_fastrtps_c__visibility_control.h
[0.438s] -- Up-to-date symlink: /home/djqsp2/rokey3_E4_ws/install/yolo_data/include/yolo_data/yolo_data/msg/detail/map_point__builder.hpp
[0.438s] -- Up-to-date symlink: /home/djqsp2/rokey3_E4_ws/install/yolo_data/include/yolo_data/yolo_data/msg/detail/map_point__struct.hpp
[0.439s] -- Up-to-date symlink: /home/djqsp2/rokey3_E4_ws/install/yolo_data/include/yolo_data/yolo_data/msg/detail/map_point__traits.hpp
[0.439s] -- Up-to-date symlink: /home/djqsp2/rokey3_E4_ws/install/yolo_data/include/yolo_data/yolo_data/msg/detail/map_point__type_support.hpp
[0.439s] -- Up-to-date symlink: /home/djqsp2/rokey3_E4_ws/install/yolo_data/include/yolo_data/yolo_data/msg/detail/monitor_data__builder.hpp
[0.439s] -- Up-to-date symlink: /home/djqsp2/rokey3_E4_ws/install/yolo_data/include/yolo_data/yolo_data/msg/detail/monitor_data__struct.hpp
[0.439s] -- Up-to-date symlink: /home/djqsp2/rokey3_E4_ws/install/yolo_data/include/yolo_data/yolo_data/msg/detail/monitor_data__traits.hpp
[0.440s] -- Up-to-date symlink: /home/djqsp2/rokey3_E4_ws/install/yolo_data/include/yolo_data/yolo_data/msg/detail/monitor_data__type_support.hpp
[0.440s] -- Up-to-date symlink: /home/djqsp2/rokey3_E4_ws/install/yolo_data/include/yolo_data/yolo_data/msg/detail/monitored__builder.hpp
[0.440s] -- Up-to-date symlink: /home/djqsp2/rokey3_E4_ws/install/yolo_data/include/yolo_data/yolo_data/msg/detail/monitored__struct.hpp
[0.440s] -- Up-to-date symlink: /home/djqsp2/rokey3_E4_ws/install/yolo_data/include/yolo_data/yolo_data/msg/detail/monitored__traits.hpp
[0.440s] -- Up-to-date symlink: /home/djqsp2/rokey3_E4_ws/install/yolo_data/include/yolo_data/yolo_data/msg/detail/monitored__type_support.hpp
[0.440s] -- Up-to-date symlink: /home/djqsp2/rokey3_E4_ws/install/yolo_data/include/yolo_data/yolo_data/msg/map_point.hpp
[0.440s] -- Up-to-date symlink: /home/djqsp2/rokey3_E4_ws/install/yolo_data/include/yolo_data/yolo_data/msg/monitor_data.hpp
[0.440s] -- Up-to-date symlink: /home/djqsp2/rokey3_E4_ws/install/yolo_data/include/yolo_data/yolo_data/msg/monitored.hpp
[0.440s] -- Up-to-date symlink: /home/djqsp2/rokey3_E4_ws/install/yolo_data/include/yolo_data/yolo_data/msg/rosidl_generator_cpp__visibility_control.hpp
[0.441s] -- Up-to-date symlink: /home/djqsp2/rokey3_E4_ws/install/yolo_data/include/yolo_data/yolo_data/msg/detail/map_point__rosidl_typesupport_fastrtps_cpp.hpp
[0.441s] -- Up-to-date symlink: /home/djqsp2/rokey3_E4_ws/install/yolo_data/include/yolo_data/yolo_data/msg/detail/monitor_data__rosidl_typesupport_fastrtps_cpp.hpp
[0.441s] -- Up-to-date symlink: /home/djqsp2/rokey3_E4_ws/install/yolo_data/include/yolo_data/yolo_data/msg/detail/monitored__rosidl_typesupport_fastrtps_cpp.hpp
[0.441s] -- Up-to-date symlink: /home/djqsp2/rokey3_E4_ws/install/yolo_data/include/yolo_data/yolo_data/msg/rosidl_typesupport_fastrtps_cpp__visibility_control.h
[0.442s] -- Up-to-date symlink: /home/djqsp2/rokey3_E4_ws/install/yolo_data/include/yolo_data/yolo_data/msg/detail/map_point__rosidl_typesupport_introspection_c.h
[0.442s] -- Up-to-date symlink: /home/djqsp2/rokey3_E4_ws/install/yolo_data/include/yolo_data/yolo_data/msg/detail/monitor_data__rosidl_typesupport_introspection_c.h
[0.442s] -- Up-to-date symlink: /home/djqsp2/rokey3_E4_ws/install/yolo_data/include/yolo_data/yolo_data/msg/detail/monitored__rosidl_typesupport_introspection_c.h
[0.442s] -- Up-to-date symlink: /home/djqsp2/rokey3_E4_ws/install/yolo_data/include/yolo_data/yolo_data/msg/rosidl_typesupport_introspection_c__visibility_control.h
[0.442s] -- Up-to-date symlink: /home/djqsp2/rokey3_E4_ws/install/yolo_data/include/yolo_data/yolo_data/msg/detail/map_point__rosidl_typesupport_introspection_cpp.hpp
[0.442s] -- Up-to-date symlink: /home/djqsp2/rokey3_E4_ws/install/yolo_data/include/yolo_data/yolo_data/msg/detail/monitor_data__rosidl_typesupport_introspection_cpp.hpp
[0.442s] -- Up-to-date symlink: /home/djqsp2/rokey3_E4_ws/install/yolo_data/include/yolo_data/yolo_data/msg/detail/monitored__rosidl_typesupport_introspection_cpp.hpp
[0.442s] -- Up-to-date symlink: /home/djqsp2/rokey3_E4_ws/install/yolo_data/share/yolo_data/environment/pythonpath.sh
[0.443s] -- Up-to-date symlink: /home/djqsp2/rokey3_E4_ws/install/yolo_data/share/yolo_data/environment/pythonpath.dsv
[0.443s] -- Up-to-date symlink: /home/djqsp2/rokey3_E4_ws/install/yolo_data/local/lib/python3.10/dist-packages/yolo_data-0.0.0-py3.10.egg-info/PKG-INFO
[0.443s] -- Up-to-date symlink: /home/djqsp2/rokey3_E4_ws/install/yolo_data/local/lib/python3.10/dist-packages/yolo_data-0.0.0-py3.10.egg-info/SOURCES.txt
[0.443s] -- Up-to-date symlink: /home/djqsp2/rokey3_E4_ws/install/yolo_data/local/lib/python3.10/dist-packages/yolo_data-0.0.0-py3.10.egg-info/dependency_links.txt
[0.443s] -- Up-to-date symlink: /home/djqsp2/rokey3_E4_ws/install/yolo_data/local/lib/python3.10/dist-packages/yolo_data-0.0.0-py3.10.egg-info/top_level.txt
[0.444s] -- Up-to-date symlink: /home/djqsp2/rokey3_E4_ws/install/yolo_data/local/lib/python3.10/dist-packages/yolo_data/__init__.py
[0.444s] -- Up-to-date symlink: /home/djqsp2/rokey3_E4_ws/install/yolo_data/local/lib/python3.10/dist-packages/yolo_data/_yolo_data_s.ep.rosidl_typesupport_c.c
[0.444s] -- Up-to-date symlink: /home/djqsp2/rokey3_E4_ws/install/yolo_data/local/lib/python3.10/dist-packages/yolo_data/_yolo_data_s.ep.rosidl_typesupport_fastrtps_c.c
[0.444s] -- Up-to-date symlink: /home/djqsp2/rokey3_E4_ws/install/yolo_data/local/lib/python3.10/dist-packages/yolo_data/_yolo_data_s.ep.rosidl_typesupport_introspection_c.c
[0.444s] -- Up-to-date symlink: /home/djqsp2/rokey3_E4_ws/install/yolo_data/local/lib/python3.10/dist-packages/yolo_data/libyolo_data__rosidl_generator_py.so
[0.444s] -- Up-to-date symlink: /home/djqsp2/rokey3_E4_ws/install/yolo_data/local/lib/python3.10/dist-packages/yolo_data/msg/__init__.py
[0.444s] -- Up-to-date symlink: /home/djqsp2/rokey3_E4_ws/install/yolo_data/local/lib/python3.10/dist-packages/yolo_data/msg/_map_point.py
[0.444s] -- Up-to-date symlink: /home/djqsp2/rokey3_E4_ws/install/yolo_data/local/lib/python3.10/dist-packages/yolo_data/msg/_map_point_s.c
[0.444s] -- Up-to-date symlink: /home/djqsp2/rokey3_E4_ws/install/yolo_data/local/lib/python3.10/dist-packages/yolo_data/msg/_monitor_data.py
[0.445s] -- Up-to-date symlink: /home/djqsp2/rokey3_E4_ws/install/yolo_data/local/lib/python3.10/dist-packages/yolo_data/msg/_monitor_data_s.c
[0.445s] -- Up-to-date symlink: /home/djqsp2/rokey3_E4_ws/install/yolo_data/local/lib/python3.10/dist-packages/yolo_data/msg/_monitored.py
[0.445s] -- Up-to-date symlink: /home/djqsp2/rokey3_E4_ws/install/yolo_data/local/lib/python3.10/dist-packages/yolo_data/msg/_monitored_s.c
[0.445s] -- Up-to-date symlink: /home/djqsp2/rokey3_E4_ws/install/yolo_data/local/lib/python3.10/dist-packages/yolo_data/yolo_data_s__rosidl_typesupport_c.cpython-310-x86_64-linux-gnu.so
[0.445s] -- Up-to-date symlink: /home/djqsp2/rokey3_E4_ws/install/yolo_data/local/lib/python3.10/dist-packages/yolo_data/yolo_data_s__rosidl_typesupport_fastrtps_c.cpython-310-x86_64-linux-gnu.so
[0.445s] -- Up-to-date symlink: /home/djqsp2/rokey3_E4_ws/install/yolo_data/local/lib/python3.10/dist-packages/yolo_data/yolo_data_s__rosidl_typesupport_introspection_c.cpython-310-x86_64-linux-gnu.so
[0.445s] -- Up-to-date symlink: /home/djqsp2/rokey3_E4_ws/install/yolo_data/local/lib/python3.10/dist-packages/yolo_data/yolo_data_s__rosidl_typesupport_fastrtps_c.cpython-310-x86_64-linux-gnu.so
[0.445s] -- Up-to-date symlink: /home/djqsp2/rokey3_E4_ws/install/yolo_data/local/lib/python3.10/dist-packages/yolo_data/yolo_data_s__rosidl_typesupport_introspection_c.cpython-310-x86_64-linux-gnu.so
[0.446s] -- Up-to-date symlink: /home/djqsp2/rokey3_E4_ws/install/yolo_data/local/lib/python3.10/dist-packages/yolo_data/yolo_data_s__rosidl_typesupport_c.cpython-310-x86_64-linux-gnu.so
[0.446s] -- Up-to-date symlink: /home/djqsp2/rokey3_E4_ws/install/yolo_data/share/yolo_data/msg/Monitored.idl
[0.446s] -- Up-to-date symlink: /home/djqsp2/rokey3_E4_ws/install/yolo_data/share/yolo_data/msg/MonitorData.idl
[0.446s] -- Up-to-date symlink: /home/djqsp2/rokey3_E4_ws/install/yolo_data/share/yolo_data/msg/MapPoint.idl
[0.446s] -- Up-to-date symlink: /home/djqsp2/rokey3_E4_ws/install/yolo_data/share/yolo_data/msg/Monitored.msg
[0.446s] -- Up-to-date symlink: /home/djqsp2/rokey3_E4_ws/install/yolo_data/share/yolo_data/msg/MonitorData.msg
[0.446s] -- Up-to-date symlink: /home/djqsp2/rokey3_E4_ws/install/yolo_data/share/yolo_data/msg/MapPoint.msg
[0.446s] -- Up-to-date symlink: /home/djqsp2/rokey3_E4_ws/install/yolo_data/share/ament_index/resource_index/package_run_dependencies/yolo_data
[0.446s] -- Up-to-date symlink: /home/djqsp2/rokey3_E4_ws/install/yolo_data/share/ament_index/resource_index/parent_prefix_path/yolo_data
[0.447s] -- Up-to-date symlink: /home/djqsp2/rokey3_E4_ws/install/yolo_data/share/yolo_data/environment/ament_prefix_path.sh
[0.447s] -- Up-to-date symlink: /home/djqsp2/rokey3_E4_ws/install/yolo_data/share/yolo_data/environment/ament_prefix_path.dsv
[0.447s] -- Up-to-date symlink: /home/djqsp2/rokey3_E4_ws/install/yolo_data/share/yolo_data/environment/path.sh
[0.447s] -- Up-to-date symlink: /home/djqsp2/rokey3_E4_ws/install/yolo_data/share/yolo_data/environment/path.dsv
[0.447s] -- Up-to-date symlink: /home/djqsp2/rokey3_E4_ws/install/yolo_data/share/yolo_data/local_setup.bash
[0.447s] -- Up-to-date symlink: /home/djqsp2/rokey3_E4_ws/install/yolo_data/share/yolo_data/local_setup.sh
[0.447s] -- Up-to-date symlink: /home/djqsp2/rokey3_E4_ws/install/yolo_data/share/yolo_data/local_setup.zsh
[0.447s] -- Up-to-date symlink: /home/djqsp2/rokey3_E4_ws/install/yolo_data/share/yolo_data/local_setup.dsv
[0.447s] -- Symlinking: /home/djqsp2/rokey3_E4_ws/install/yolo_data/share/yolo_data/package.dsv
[0.454s] -- Up-to-date symlink: /home/djqsp2/rokey3_E4_ws/install/yolo_data/share/ament_index/resource_index/packages/yolo_data
[0.455s] -- Up-to-date symlink: /home/djqsp2/rokey3_E4_ws/install/yolo_data/share/yolo_data/cmake/rosidl_cmake-extras.cmake
[0.455s] -- Up-to-date symlink: /home/djqsp2/rokey3_E4_ws/install/yolo_data/share/yolo_data/cmake/ament_cmake_export_dependencies-extras.cmake
[0.455s] -- Up-to-date symlink: /home/djqsp2/rokey3_E4_ws/install/yolo_data/share/yolo_data/cmake/ament_cmake_export_include_directories-extras.cmake
[0.455s] -- Up-to-date symlink: /home/djqsp2/rokey3_E4_ws/install/yolo_data/share/yolo_data/cmake/ament_cmake_export_libraries-extras.cmake
[0.455s] -- Up-to-date symlink: /home/djqsp2/rokey3_E4_ws/install/yolo_data/share/yolo_data/cmake/ament_cmake_export_targets-extras.cmake
[0.455s] -- Up-to-date symlink: /home/djqsp2/rokey3_E4_ws/install/yolo_data/share/yolo_data/cmake/rosidl_cmake_export_typesupport_targets-extras.cmake
[0.455s] -- Up-to-date symlink: /home/djqsp2/rokey3_E4_ws/install/yolo_data/share/yolo_data/cmake/rosidl_cmake_export_typesupport_libraries-extras.cmake
[0.455s] -- Up-to-date symlink: /home/djqsp2/rokey3_E4_ws/install/yolo_data/share/yolo_data/cmake/yolo_dataConfig.cmake
[0.455s] -- Up-to-date symlink: /home/djqsp2/rokey3_E4_ws/install/yolo_data/share/yolo_data/cmake/yolo_dataConfig-version.cmake
[0.455s] -- Up-to-date symlink: /home/djqsp2/rokey3_E4_ws/install/yolo_data/share/yolo_data/package.xml
[0.456s] -- Up-to-date: /home/djqsp2/rokey3_E4_ws/install/yolo_data/lib/libyolo_data__rosidl_generator_c.so
[0.456s] -- Up-to-date: /home/djqsp2/rokey3_E4_ws/install/yolo_data/lib/libyolo_data__rosidl_typesupport_fastrtps_c.so
[0.456s] -- Up-to-date: /home/djqsp2/rokey3_E4_ws/install/yolo_data/lib/libyolo_data__rosidl_typesupport_fastrtps_cpp.so
[0.456s] -- Up-to-date: /home/djqsp2/rokey3_E4_ws/install/yolo_data/lib/libyolo_data__rosidl_typesupport_introspection_c.so
[0.457s] -- Up-to-date: /home/djqsp2/rokey3_E4_ws/install/yolo_data/lib/libyolo_data__rosidl_typesupport_c.so
[0.457s] -- Up-to-date: /home/djqsp2/rokey3_E4_ws/install/yolo_data/lib/libyolo_data__rosidl_typesupport_introspection_cpp.so
[0.457s] -- Up-to-date: /home/djqsp2/rokey3_E4_ws/install/yolo_data/lib/libyolo_data__rosidl_typesupport_cpp.so
[0.479s] Listing '/home/djqsp2/rokey3_E4_ws/install/yolo_data/local/lib/python3.10/dist-packages/yolo_data'...
[0.479s] Listing '/home/djqsp2/rokey3_E4_ws/install/yolo_data/local/lib/python3.10/dist-packages/yolo_data/msg'...
[0.482s] -- Up-to-date: /home/djqsp2/rokey3_E4_ws/install/yolo_data/lib/libyolo_data__rosidl_generator_py.so
[0.482s] -- Up-to-date: /home/djqsp2/rokey3_E4_ws/install/yolo_data/share/yolo_data/cmake/export_yolo_data__rosidl_generator_cExport.cmake
[0.482s] -- Up-to-date: /home/djqsp2/rokey3_E4_ws/install/yolo_data/share/yolo_data/cmake/export_yolo_data__rosidl_generator_cExport-noconfig.cmake
[0.482s] -- Up-to-date: /home/djqsp2/rokey3_E4_ws/install/yolo_data/share/yolo_data/cmake/export_yolo_data__rosidl_typesupport_fastrtps_cExport.cmake
[0.482s] -- Up-to-date: /home/djqsp2/rokey3_E4_ws/install/yolo_data/share/yolo_data/cmake/export_yolo_data__rosidl_typesupport_fastrtps_cExport-noconfig.cmake
[0.482s] -- Up-to-date: /home/djqsp2/rokey3_E4_ws/install/yolo_data/share/yolo_data/cmake/export_yolo_data__rosidl_generator_cppExport.cmake
[0.483s] -- Up-to-date: /home/djqsp2/rokey3_E4_ws/install/yolo_data/share/yolo_data/cmake/export_yolo_data__rosidl_typesupport_fastrtps_cppExport.cmake
[0.483s] -- Up-to-date: /home/djqsp2/rokey3_E4_ws/install/yolo_data/share/yolo_data/cmake/export_yolo_data__rosidl_typesupport_fastrtps_cppExport-noconfig.cmake
[0.483s] -- Up-to-date: /home/djqsp2/rokey3_E4_ws/install/yolo_data/share/yolo_data/cmake/yolo_data__rosidl_typesupport_introspection_cExport.cmake
[0.483s] -- Up-to-date: /home/djqsp2/rokey3_E4_ws/install/yolo_data/share/yolo_data/cmake/yolo_data__rosidl_typesupport_introspection_cExport-noconfig.cmake
[0.483s] -- Up-to-date: /home/djqsp2/rokey3_E4_ws/install/yolo_data/share/yolo_data/cmake/yolo_data__rosidl_typesupport_cExport.cmake
[0.483s] -- Up-to-date: /home/djqsp2/rokey3_E4_ws/install/yolo_data/share/yolo_data/cmake/yolo_data__rosidl_typesupport_cExport-noconfig.cmake
[0.483s] -- Up-to-date: /home/djqsp2/rokey3_E4_ws/install/yolo_data/share/yolo_data/cmake/yolo_data__rosidl_typesupport_introspection_cppExport.cmake
[0.483s] -- Up-to-date: /home/djqsp2/rokey3_E4_ws/install/yolo_data/share/yolo_data/cmake/yolo_data__rosidl_typesupport_introspection_cppExport-noconfig.cmake
[0.483s] -- Up-to-date: /home/djqsp2/rokey3_E4_ws/install/yolo_data/share/yolo_data/cmake/yolo_data__rosidl_typesupport_cppExport.cmake
[0.484s] -- Up-to-date: /home/djqsp2/rokey3_E4_ws/install/yolo_data/share/yolo_data/cmake/yolo_data__rosidl_typesupport_cppExport-noconfig.cmake
[0.484s] -- Up-to-date: /home/djqsp2/rokey3_E4_ws/install/yolo_data/share/yolo_data/cmake/export_yolo_data__rosidl_generator_pyExport.cmake
[0.484s] -- Up-to-date: /home/djqsp2/rokey3_E4_ws/install/yolo_data/share/yolo_data/cmake/export_yolo_data__rosidl_generator_pyExport-noconfig.cmake
[0.806s] Invoked command in '/home/djqsp2/rokey3_E4_ws/build/yolo_data' returned '0': CMAKE_PREFIX_PATH=/opt/ros/humble /usr/bin/cmake --install /home/djqsp2/rokey3_E4_ws/build/yolo_data
