[0.385s] Invoking command in '/home/djqsp2/rokey3_E4_ws/build/turtlebot4_ignition_toolbox': AMENT_PREFIX_PATH=/home/djqsp2/rokey3_E4_ws/install/turtlebot4_msgs:${AMENT_PREFIX_PATH} CMAKE_PREFIX_PATH=/home/djqsp2/rokey3_E4_ws/install/turtlebot4_msgs:/opt/ros/humble LD_LIBRARY_PATH=/home/djqsp2/rokey3_E4_ws/install/turtlebot4_msgs/lib:/usr/lib/x86_64-linux-gnu/gazebo-11/plugins:/opt/ros/humble/opt/rviz_ogre_vendor/lib:/opt/ros/humble/lib/x86_64-linux-gnu:/opt/ros/humble/lib:/usr/lib/x86_64-linux-gnu/gazebo-11/plugins PYTHONPATH=/home/djqsp2/rokey3_E4_ws/install/turtlebot4_msgs/local/lib/python3.10/dist-packages:${PYTHONPATH} /usr/bin/cmake --build /home/djqsp2/rokey3_E4_ws/build/turtlebot4_ignition_toolbox -- -j22 -l22
[0.429s] [ 60%] Built target turtlebot4_ignition_toolbox_lib
[0.450s] [100%] Built target turtlebot4_ignition_hmi_node
[0.811s] Invoked command in '/home/djqsp2/rokey3_E4_ws/build/turtlebot4_ignition_toolbox' returned '0': AMENT_PREFIX_PATH=/home/djqsp2/rokey3_E4_ws/install/turtlebot4_msgs:${AMENT_PREFIX_PATH} CMAKE_PREFIX_PATH=/home/djqsp2/rokey3_E4_ws/install/turtlebot4_msgs:/opt/ros/humble LD_LIBRARY_PATH=/home/djqsp2/rokey3_E4_ws/install/turtlebot4_msgs/lib:/usr/lib/x86_64-linux-gnu/gazebo-11/plugins:/opt/ros/humble/opt/rviz_ogre_vendor/lib:/opt/ros/humble/lib/x86_64-linux-gnu:/opt/ros/humble/lib:/usr/lib/x86_64-linux-gnu/gazebo-11/plugins PYTHONPATH=/home/djqsp2/rokey3_E4_ws/install/turtlebot4_msgs/local/lib/python3.10/dist-packages:${PYTHONPATH} /usr/bin/cmake --build /home/djqsp2/rokey3_E4_ws/build/turtlebot4_ignition_toolbox -- -j22 -l22
[0.813s] Invoking command in '/home/djqsp2/rokey3_E4_ws/build/turtlebot4_ignition_toolbox': AMENT_PREFIX_PATH=/home/djqsp2/rokey3_E4_ws/install/turtlebot4_msgs:${AMENT_PREFIX_PATH} CMAKE_PREFIX_PATH=/home/djqsp2/rokey3_E4_ws/install/turtlebot4_msgs:/opt/ros/humble LD_LIBRARY_PATH=/home/djqsp2/rokey3_E4_ws/install/turtlebot4_msgs/lib:/usr/lib/x86_64-linux-gnu/gazebo-11/plugins:/opt/ros/humble/opt/rviz_ogre_vendor/lib:/opt/ros/humble/lib/x86_64-linux-gnu:/opt/ros/humble/lib:/usr/lib/x86_64-linux-gnu/gazebo-11/plugins PYTHONPATH=/home/djqsp2/rokey3_E4_ws/install/turtlebot4_msgs/local/lib/python3.10/dist-packages:${PYTHONPATH} /usr/bin/cmake --install /home/djqsp2/rokey3_E4_ws/build/turtlebot4_ignition_toolbox
[0.822s] -- Install configuration: ""
[0.822s] -- Execute custom install script
[0.824s] -- Up-to-date symlink: /home/djqsp2/rokey3_E4_ws/install/turtlebot4_ignition_toolbox/lib/turtlebot4_ignition_toolbox/turtlebot4_ignition_hmi_node
[0.824s] -- Up-to-date symlink: /home/djqsp2/rokey3_E4_ws/install/turtlebot4_ignition_toolbox/share/ament_index/resource_index/package_run_dependencies/turtlebot4_ignition_toolbox
[0.824s] -- Up-to-date symlink: /home/djqsp2/rokey3_E4_ws/install/turtlebot4_ignition_toolbox/share/ament_index/resource_index/parent_prefix_path/turtlebot4_ignition_toolbox
[0.824s] -- Up-to-date symlink: /home/djqsp2/rokey3_E4_ws/install/turtlebot4_ignition_toolbox/share/turtlebot4_ignition_toolbox/environment/ament_prefix_path.sh
[0.825s] -- Up-to-date symlink: /home/djqsp2/rokey3_E4_ws/install/turtlebot4_ignition_toolbox/share/turtlebot4_ignition_toolbox/environment/ament_prefix_path.dsv
[0.825s] -- Up-to-date symlink: /home/djqsp2/rokey3_E4_ws/install/turtlebot4_ignition_toolbox/share/turtlebot4_ignition_toolbox/environment/path.sh
[0.826s] -- Up-to-date symlink: /home/djqsp2/rokey3_E4_ws/install/turtlebot4_ignition_toolbox/share/turtlebot4_ignition_toolbox/environment/path.dsv
[0.826s] -- Up-to-date symlink: /home/djqsp2/rokey3_E4_ws/install/turtlebot4_ignition_toolbox/share/turtlebot4_ignition_toolbox/local_setup.bash
[0.826s] -- Up-to-date symlink: /home/djqsp2/rokey3_E4_ws/install/turtlebot4_ignition_toolbox/share/turtlebot4_ignition_toolbox/local_setup.sh
[0.826s] -- Up-to-date symlink: /home/djqsp2/rokey3_E4_ws/install/turtlebot4_ignition_toolbox/share/turtlebot4_ignition_toolbox/local_setup.zsh
[0.826s] -- Up-to-date symlink: /home/djqsp2/rokey3_E4_ws/install/turtlebot4_ignition_toolbox/share/turtlebot4_ignition_toolbox/local_setup.dsv
[0.826s] -- Symlinking: /home/djqsp2/rokey3_E4_ws/install/turtlebot4_ignition_toolbox/share/turtlebot4_ignition_toolbox/package.dsv
[0.836s] -- Up-to-date symlink: /home/djqsp2/rokey3_E4_ws/install/turtlebot4_ignition_toolbox/share/ament_index/resource_index/packages/turtlebot4_ignition_toolbox
[0.836s] -- Up-to-date symlink: /home/djqsp2/rokey3_E4_ws/install/turtlebot4_ignition_toolbox/share/turtlebot4_ignition_toolbox/cmake/ament_cmake_export_include_directories-extras.cmake
[0.836s] -- Up-to-date symlink: /home/djqsp2/rokey3_E4_ws/install/turtlebot4_ignition_toolbox/share/turtlebot4_ignition_toolbox/cmake/turtlebot4_ignition_toolboxConfig.cmake
[0.836s] -- Up-to-date symlink: /home/djqsp2/rokey3_E4_ws/install/turtlebot4_ignition_toolbox/share/turtlebot4_ignition_toolbox/cmake/turtlebot4_ignition_toolboxConfig-version.cmake
[0.836s] -- Up-to-date symlink: /home/djqsp2/rokey3_E4_ws/install/turtlebot4_ignition_toolbox/share/turtlebot4_ignition_toolbox/package.xml
