[0.029s] Invoking command in '/home/djqsp2/rokey3_E4_ws/build/turtlebot4_cpp_tutorials': CMAKE_PREFIX_PATH=/opt/ros/humble /usr/bin/cmake --build /home/djqsp2/rokey3_E4_ws/build/turtlebot4_cpp_tutorials -- -j22 -l22
[0.086s] [100%] Built target turtlebot4_first_cpp_node
[0.115s] Invoked command in '/home/djqsp2/rokey3_E4_ws/build/turtlebot4_cpp_tutorials' returned '0': CMAKE_PREFIX_PATH=/opt/ros/humble /usr/bin/cmake --build /home/djqsp2/rokey3_E4_ws/build/turtlebot4_cpp_tutorials -- -j22 -l22
[0.122s] Invoking command in '/home/djqsp2/rokey3_E4_ws/build/turtlebot4_cpp_tutorials': CMAKE_PREFIX_PATH=/opt/ros/humble /usr/bin/cmake --install /home/djqsp2/rokey3_E4_ws/build/turtlebot4_cpp_tutorials
[0.129s] -- Install configuration: ""
[0.130s] -- Execute custom install script
[0.130s] -- Up-to-date symlink: /home/djqsp2/rokey3_E4_ws/install/turtlebot4_cpp_tutorials/lib/turtlebot4_cpp_tutorials/turtlebot4_first_cpp_node
[0.130s] -- Up-to-date symlink: /home/djqsp2/rokey3_E4_ws/install/turtlebot4_cpp_tutorials/share/ament_index/resource_index/package_run_dependencies/turtlebot4_cpp_tutorials
[0.131s] -- Up-to-date symlink: /home/djqsp2/rokey3_E4_ws/install/turtlebot4_cpp_tutorials/share/ament_index/resource_index/parent_prefix_path/turtlebot4_cpp_tutorials
[0.131s] -- Up-to-date symlink: /home/djqsp2/rokey3_E4_ws/install/turtlebot4_cpp_tutorials/share/turtlebot4_cpp_tutorials/environment/ament_prefix_path.sh
[0.132s] -- Up-to-date symlink: /home/djqsp2/rokey3_E4_ws/install/turtlebot4_cpp_tutorials/share/turtlebot4_cpp_tutorials/environment/ament_prefix_path.dsv
[0.132s] -- Up-to-date symlink: /home/djqsp2/rokey3_E4_ws/install/turtlebot4_cpp_tutorials/share/turtlebot4_cpp_tutorials/environment/path.sh
[0.132s] -- Up-to-date symlink: /home/djqsp2/rokey3_E4_ws/install/turtlebot4_cpp_tutorials/share/turtlebot4_cpp_tutorials/environment/path.dsv
[0.132s] -- Up-to-date symlink: /home/djqsp2/rokey3_E4_ws/install/turtlebot4_cpp_tutorials/share/turtlebot4_cpp_tutorials/local_setup.bash
[0.133s] -- Up-to-date symlink: /home/djqsp2/rokey3_E4_ws/install/turtlebot4_cpp_tutorials/share/turtlebot4_cpp_tutorials/local_setup.sh
[0.134s] -- Up-to-date symlink: /home/djqsp2/rokey3_E4_ws/install/turtlebot4_cpp_tutorials/share/turtlebot4_cpp_tutorials/local_setup.zsh
[0.134s] -- Up-to-date symlink: /home/djqsp2/rokey3_E4_ws/install/turtlebot4_cpp_tutorials/share/turtlebot4_cpp_tutorials/local_setup.dsv
[0.134s] -- Symlinking: /home/djqsp2/rokey3_E4_ws/install/turtlebot4_cpp_tutorials/share/turtlebot4_cpp_tutorials/package.dsv
[0.145s] -- Up-to-date symlink: /home/djqsp2/rokey3_E4_ws/install/turtlebot4_cpp_tutorials/share/ament_index/resource_index/packages/turtlebot4_cpp_tutorials
[0.145s] -- Up-to-date symlink: /home/djqsp2/rokey3_E4_ws/install/turtlebot4_cpp_tutorials/share/turtlebot4_cpp_tutorials/cmake/turtlebot4_cpp_tutorialsConfig.cmake
[0.145s] -- Up-to-date symlink: /home/djqsp2/rokey3_E4_ws/install/turtlebot4_cpp_tutorials/share/turtlebot4_cpp_tutorials/cmake/turtlebot4_cpp_tutorialsConfig-version.cmake
[0.146s] -- Up-to-date symlink: /home/djqsp2/rokey3_E4_ws/install/turtlebot4_cpp_tutorials/share/turtlebot4_cpp_tutorials/package.xml
[0.162s] Invoked command in '/home/djqsp2/rokey3_E4_ws/build/turtlebot4_cpp_tutorials' returned '0': CMAKE_PREFIX_PATH=/opt/ros/humble /usr/bin/cmake --install /home/djqsp2/rokey3_E4_ws/build/turtlebot4_cpp_tutorials
