running develop
running egg_info
creating patrol.egg-info
writing patrol.egg-info/PKG-INFO
writing dependency_links to patrol.egg-info/dependency_links.txt
writing entry points to patrol.egg-info/entry_points.txt
writing requirements to patrol.egg-info/requires.txt
writing top-level names to patrol.egg-info/top_level.txt
writing manifest file 'patrol.egg-info/SOURCES.txt'
reading manifest file 'patrol.egg-info/SOURCES.txt'
writing manifest file 'patrol.egg-info/SOURCES.txt'
running build_ext
Creating /home/djqsp2/rokey3_E4_ws/install/patrol/lib/python3.10/site-packages/patrol.egg-link (link to .)
Installing patrol_node script to /home/djqsp2/rokey3_E4_ws/install/patrol/bin

Installed /home/djqsp2/rokey3_E4_ws/build/patrol
running symlink_data
creating /home/djqsp2/rokey3_E4_ws/install/patrol/share/ament_index
creating /home/djqsp2/rokey3_E4_ws/install/patrol/share/ament_index/resource_index
creating /home/djqsp2/rokey3_E4_ws/install/patrol/share/ament_index/resource_index/packages
symbolically linking /home/djqsp2/rokey3_E4_ws/build/patrol/resource/patrol -> /home/djqsp2/rokey3_E4_ws/install/patrol/share/ament_index/resource_index/packages
symbolically linking /home/djqsp2/rokey3_E4_ws/build/patrol/package.xml -> /home/djqsp2/rokey3_E4_ws/install/patrol/share/patrol
