[0.821s] Invoking command in '/home/djqsp2/rokey3_E4_ws/build/patrol': AMENT_PREFIX_PATH=/home/djqsp2/rokey3_E4_ws/install/turtlebot4_navigation:${AMENT_PREFIX_PATH} CMAKE_PREFIX_PATH=/home/djqsp2/rokey3_E4_ws/install/turtlebot4_navigation PYTHONPATH=/home/djqsp2/rokey3_E4_ws/build/patrol/prefix_override:/usr/lib/python3/dist-packages/colcon_core/task/python/colcon_distutils_commands:/home/djqsp2/rokey3_E4_ws/install/patrol/lib/python3.10/site-packages:/home/djqsp2/rokey3_E4_ws/install/turtlebot4_navigation/local/lib/python3.10/dist-packages:${PYTHONPATH} /usr/bin/python3 -W ignore:setup.py install is deprecated -W ignore:easy_install command is deprecated setup.py develop --editable --build-directory /home/djqsp2/rokey3_E4_ws/build/patrol/build --no-deps symlink_data
[1.035s] running develop
[1.176s] running egg_info
[1.176s] creating patrol.egg-info
[1.176s] writing patrol.egg-info/PKG-INFO
[1.176s] writing dependency_links to patrol.egg-info/dependency_links.txt
[1.176s] writing entry points to patrol.egg-info/entry_points.txt
[1.176s] writing requirements to patrol.egg-info/requires.txt
[1.176s] writing top-level names to patrol.egg-info/top_level.txt
[1.176s] writing manifest file 'patrol.egg-info/SOURCES.txt'
[1.177s] reading manifest file 'patrol.egg-info/SOURCES.txt'
[1.177s] writing manifest file 'patrol.egg-info/SOURCES.txt'
[1.178s] running build_ext
[1.179s] Creating /home/djqsp2/rokey3_E4_ws/install/patrol/lib/python3.10/site-packages/patrol.egg-link (link to .)
[1.180s] Installing patrol_node script to /home/djqsp2/rokey3_E4_ws/install/patrol/bin
[1.180s] 
[1.180s] Installed /home/djqsp2/rokey3_E4_ws/build/patrol
[1.180s] running symlink_data
[1.180s] creating /home/djqsp2/rokey3_E4_ws/install/patrol/share/ament_index
[1.180s] creating /home/djqsp2/rokey3_E4_ws/install/patrol/share/ament_index/resource_index
[1.180s] creating /home/djqsp2/rokey3_E4_ws/install/patrol/share/ament_index/resource_index/packages
[1.180s] symbolically linking /home/djqsp2/rokey3_E4_ws/build/patrol/resource/patrol -> /home/djqsp2/rokey3_E4_ws/install/patrol/share/ament_index/resource_index/packages
[1.180s] symbolically linking /home/djqsp2/rokey3_E4_ws/build/patrol/package.xml -> /home/djqsp2/rokey3_E4_ws/install/patrol/share/patrol
[1.202s] Invoked command in '/home/djqsp2/rokey3_E4_ws/build/patrol' returned '0': AMENT_PREFIX_PATH=/home/djqsp2/rokey3_E4_ws/install/turtlebot4_navigation:${AMENT_PREFIX_PATH} CMAKE_PREFIX_PATH=/home/djqsp2/rokey3_E4_ws/install/turtlebot4_navigation PYTHONPATH=/home/djqsp2/rokey3_E4_ws/build/patrol/prefix_override:/usr/lib/python3/dist-packages/colcon_core/task/python/colcon_distutils_commands:/home/djqsp2/rokey3_E4_ws/install/patrol/lib/python3.10/site-packages:/home/djqsp2/rokey3_E4_ws/install/turtlebot4_navigation/local/lib/python3.10/dist-packages:${PYTHONPATH} /usr/bin/python3 -W ignore:setup.py install is deprecated -W ignore:easy_install command is deprecated setup.py develop --editable --build-directory /home/djqsp2/rokey3_E4_ws/build/patrol/build --no-deps symlink_data
