[0.035s] Invoking command in '/home/djqsp2/rokey3_E4_ws/build/my_interface': CMAKE_PREFIX_PATH=/opt/ros/humble /usr/bin/cmake /home/djqsp2/rokey3_E4_ws/src/my_interface -DCMAKE_INSTALL_PREFIX=/home/djqsp2/rokey3_E4_ws/install/my_interface
[0.125s] -- The C compiler identification is GNU 11.4.0
[0.187s] -- The CXX compiler identification is GNU 11.4.0
[0.195s] -- Detecting C compiler ABI info
[0.251s] -- Detecting C compiler ABI info - done
[0.256s] -- Check for working C compiler: /usr/bin/cc - skipped
[0.257s] -- Detecting C compile features
[0.258s] -- Detecting C compile features - done
[0.260s] -- Detecting CXX compiler ABI info
[0.323s] -- Detecting CXX compiler ABI info - done
[0.328s] -- Check for working CXX compiler: /usr/bin/c++ - skipped
[0.328s] -- Detecting CXX compile features
[0.329s] -- Detecting CXX compile features - done
[0.333s] -- Found ament_cmake: 1.3.11 (/opt/ros/humble/share/ament_cmake/cmake)
[0.439s] -- Found Python3: /usr/bin/python3 (found version "3.10.12") found components: Interpreter 
[0.510s] -- Found std_msgs: 4.8.0 (/opt/ros/humble/share/std_msgs/cmake)
[0.538s] -- Found rosidl_generator_c: 3.1.6 (/opt/ros/humble/share/rosidl_generator_c/cmake)
[0.543s] -- Found rosidl_adapter: 3.1.6 (/opt/ros/humble/share/rosidl_adapter/cmake)
[0.549s] -- Found rosidl_generator_cpp: 3.1.6 (/opt/ros/humble/share/rosidl_generator_cpp/cmake)
[0.559s] -- Using all available rosidl_typesupport_c: rosidl_typesupport_fastrtps_c;rosidl_typesupport_introspection_c
[0.570s] -- Using all available rosidl_typesupport_cpp: rosidl_typesupport_fastrtps_cpp;rosidl_typesupport_introspection_cpp
[0.589s] -- Found geometry_msgs: 4.8.0 (/opt/ros/humble/share/geometry_msgs/cmake)
[0.598s] -- Found rosidl_default_generators: 1.2.0 (/opt/ros/humble/share/rosidl_default_generators/cmake)
[0.765s] -- Found ament_cmake_ros: 0.10.0 (/opt/ros/humble/share/ament_cmake_ros/cmake)
[0.986s] -- Using all available rosidl_typesupport_c: rosidl_typesupport_fastrtps_c;rosidl_typesupport_introspection_c
[1.068s] -- Using all available rosidl_typesupport_cpp: rosidl_typesupport_fastrtps_cpp;rosidl_typesupport_introspection_cpp
[1.083s] -- Found PythonInterp: /usr/bin/python3 (found suitable version "3.10.12", minimum required is "3.6") 
[1.084s] -- Found python_cmake_module: 0.10.0 (/opt/ros/humble/share/python_cmake_module/cmake)
[1.102s] -- Found PythonLibs: /usr/lib/x86_64-linux-gnu/libpython3.10.so (found suitable version "3.10.12", minimum required is "3.5") 
[1.102s] -- Using PYTHON_EXECUTABLE: /usr/bin/python3
[1.102s] -- Using PYTHON_INCLUDE_DIRS: /usr/include/python3.10
[1.102s] -- Using PYTHON_LIBRARIES: /usr/lib/x86_64-linux-gnu/libpython3.10.so
[1.116s] -- Found PythonExtra: .so  
[1.144s] -- Found ament_lint_auto: 0.12.12 (/opt/ros/humble/share/ament_lint_auto/cmake)
[1.162s] -- Added test 'lint_cmake' to check CMake code style
[1.163s] -- Added test 'xmllint' to check XML markup files
[1.165s] -- Configuring done
[1.179s] -- Generating done
[1.185s] -- Build files have been written to: /home/djqsp2/rokey3_E4_ws/build/my_interface
[1.192s] Invoked command in '/home/djqsp2/rokey3_E4_ws/build/my_interface' returned '0': CMAKE_PREFIX_PATH=/opt/ros/humble /usr/bin/cmake /home/djqsp2/rokey3_E4_ws/src/my_interface -DCMAKE_INSTALL_PREFIX=/home/djqsp2/rokey3_E4_ws/install/my_interface
[1.193s] Invoking command in '/home/djqsp2/rokey3_E4_ws/build/my_interface': CMAKE_PREFIX_PATH=/opt/ros/humble /usr/bin/cmake --build /home/djqsp2/rokey3_E4_ws/build/my_interface -- -j22 -l22
[1.225s] [  3%] [34m[1mGenerating C code for ROS interfaces[0m
[1.231s] [  6%] [34m[1mGenerating C++ code for ROS interfaces[0m
[1.235s] [  6%] Built target ament_cmake_python_copy_my_interface
[1.378s] [  6%] Built target my_interface__cpp
[1.383s] [  9%] [32mBuilding C object CMakeFiles/my_interface__rosidl_generator_c.dir/rosidl_generator_c/my_interface/msg/detail/yolo_info__functions.c.o[0m
[1.386s] [ 12%] [34m[1mGenerating C++ type support dispatch for ROS interfaces[0m
[1.386s] running egg_info
[1.386s] [ 16%] [34m[1mGenerating C++ introspection for ROS interfaces[0m
[1.386s] [ 19%] [34m[1mGenerating C++ type support for eProsima Fast-RTPS[0m
[1.386s] creating my_interface.egg-info
[1.387s] writing my_interface.egg-info/PKG-INFO
[1.387s] writing dependency_links to my_interface.egg-info/dependency_links.txt
[1.387s] writing top-level names to my_interface.egg-info/top_level.txt
[1.387s] writing manifest file 'my_interface.egg-info/SOURCES.txt'
[1.389s] reading manifest file 'my_interface.egg-info/SOURCES.txt'
[1.389s] writing manifest file 'my_interface.egg-info/SOURCES.txt'
[1.407s] [ 19%] Built target ament_cmake_python_build_my_interface_egg
[1.445s] [ 22%] [32m[1mLinking C shared library libmy_interface__rosidl_generator_c.so[0m
[1.477s] [ 22%] Built target my_interface__rosidl_generator_c
[1.484s] [ 25%] [34m[1mGenerating C type support for eProsima Fast-RTPS[0m
[1.484s] [ 29%] [34m[1mGenerating C introspection for ROS interfaces[0m
[1.487s] [ 32%] [34m[1mGenerating C type support dispatch for ROS interfaces[0m
[1.522s] [ 35%] [32mBuilding CXX object CMakeFiles/my_interface__rosidl_typesupport_cpp.dir/rosidl_typesupport_cpp/my_interface/msg/yolo_info__type_support.cpp.o[0m
[1.523s] [ 38%] [32mBuilding CXX object CMakeFiles/my_interface__rosidl_typesupport_introspection_cpp.dir/rosidl_typesupport_introspection_cpp/my_interface/msg/detail/yolo_info__type_support.cpp.o[0m
[1.532s] [ 41%] [32mBuilding CXX object CMakeFiles/my_interface__rosidl_typesupport_fastrtps_cpp.dir/rosidl_typesupport_fastrtps_cpp/my_interface/msg/detail/dds_fastrtps/yolo_info__type_support.cpp.o[0m
[1.618s] [ 45%] [32mBuilding CXX object CMakeFiles/my_interface__rosidl_typesupport_c.dir/rosidl_typesupport_c/my_interface/msg/yolo_info__type_support.cpp.o[0m
[1.645s] [ 48%] [32mBuilding CXX object CMakeFiles/my_interface__rosidl_typesupport_fastrtps_c.dir/rosidl_typesupport_fastrtps_c/my_interface/msg/detail/yolo_info__type_support_c.cpp.o[0m
[1.645s] [ 51%] [32m[1mLinking CXX shared library libmy_interface__rosidl_typesupport_c.so[0m
[1.657s] [ 54%] [32mBuilding C object CMakeFiles/my_interface__rosidl_typesupport_introspection_c.dir/rosidl_typesupport_introspection_c/my_interface/msg/detail/yolo_info__type_support.c.o[0m
[1.678s] [ 54%] Built target my_interface__rosidl_typesupport_c
[1.683s] [ 61%] [32m[1mLinking CXX shared library libmy_interface__rosidl_typesupport_cpp.so[0m
[1.683s] [ 61%] [32m[1mLinking C shared library libmy_interface__rosidl_typesupport_introspection_c.so[0m
[1.713s] [ 61%] Built target my_interface__rosidl_typesupport_introspection_c
[1.714s] [ 61%] Built target my_interface__rosidl_typesupport_cpp
[1.756s] [ 64%] [32m[1mLinking CXX shared library libmy_interface__rosidl_typesupport_introspection_cpp.so[0m
[1.792s] [ 67%] [32m[1mLinking CXX shared library libmy_interface__rosidl_typesupport_fastrtps_cpp.so[0m
[1.801s] [ 67%] Built target my_interface__rosidl_typesupport_introspection_cpp
[1.832s] [ 70%] [32m[1mLinking CXX shared library libmy_interface__rosidl_typesupport_fastrtps_c.so[0m
[1.840s] [ 70%] Built target my_interface__rosidl_typesupport_fastrtps_cpp
[1.880s] [ 70%] Built target my_interface__rosidl_typesupport_fastrtps_c
[1.898s] [ 70%] Built target my_interface
[1.911s] [ 74%] [34m[1mGenerating Python code for ROS interfaces[0m
[2.081s] [ 74%] Built target my_interface__py
[2.097s] [ 77%] [32mBuilding C object CMakeFiles/my_interface__rosidl_generator_py.dir/rosidl_generator_py/my_interface/msg/_yolo_info_s.c.o[0m
[2.180s] [ 80%] [32m[1mLinking C shared library rosidl_generator_py/my_interface/libmy_interface__rosidl_generator_py.so[0m
[2.214s] [ 80%] Built target my_interface__rosidl_generator_py
[2.230s] [ 83%] [32mBuilding C object CMakeFiles/my_interface__rosidl_typesupport_fastrtps_c__pyext.dir/rosidl_generator_py/my_interface/_my_interface_s.ep.rosidl_typesupport_fastrtps_c.c.o[0m
[2.230s] [ 87%] [32mBuilding C object CMakeFiles/my_interface__rosidl_typesupport_c__pyext.dir/rosidl_generator_py/my_interface/_my_interface_s.ep.rosidl_typesupport_c.c.o[0m
[2.232s] [ 90%] [32mBuilding C object CMakeFiles/my_interface__rosidl_typesupport_introspection_c__pyext.dir/rosidl_generator_py/my_interface/_my_interface_s.ep.rosidl_typesupport_introspection_c.c.o[0m
[2.289s] [ 93%] [32m[1mLinking C shared library rosidl_generator_py/my_interface/my_interface_s__rosidl_typesupport_fastrtps_c.cpython-310-x86_64-linux-gnu.so[0m
[2.290s] [ 96%] [32m[1mLinking C shared library rosidl_generator_py/my_interface/my_interface_s__rosidl_typesupport_introspection_c.cpython-310-x86_64-linux-gnu.so[0m
[2.291s] [100%] [32m[1mLinking C shared library rosidl_generator_py/my_interface/my_interface_s__rosidl_typesupport_c.cpython-310-x86_64-linux-gnu.so[0m
[2.315s] [100%] Built target my_interface__rosidl_typesupport_introspection_c__pyext
[2.316s] [100%] Built target my_interface__rosidl_typesupport_fastrtps_c__pyext
[2.316s] [100%] Built target my_interface__rosidl_typesupport_c__pyext
[2.324s] Invoked command in '/home/djqsp2/rokey3_E4_ws/build/my_interface' returned '0': CMAKE_PREFIX_PATH=/opt/ros/humble /usr/bin/cmake --build /home/djqsp2/rokey3_E4_ws/build/my_interface -- -j22 -l22
[2.332s] Invoking command in '/home/djqsp2/rokey3_E4_ws/build/my_interface': CMAKE_PREFIX_PATH=/opt/ros/humble /usr/bin/cmake --install /home/djqsp2/rokey3_E4_ws/build/my_interface
[2.336s] -- Install configuration: ""
[2.336s] -- Installing: /home/djqsp2/rokey3_E4_ws/install/my_interface/share/ament_index/resource_index/rosidl_interfaces/my_interface
[2.336s] -- Installing: /home/djqsp2/rokey3_E4_ws/install/my_interface/include/my_interface/my_interface
[2.336s] -- Installing: /home/djqsp2/rokey3_E4_ws/install/my_interface/include/my_interface/my_interface/msg
[2.336s] -- Installing: /home/djqsp2/rokey3_E4_ws/install/my_interface/include/my_interface/my_interface/msg/yolo_info.h
[2.336s] -- Installing: /home/djqsp2/rokey3_E4_ws/install/my_interface/include/my_interface/my_interface/msg/detail
[2.336s] -- Installing: /home/djqsp2/rokey3_E4_ws/install/my_interface/include/my_interface/my_interface/msg/detail/yolo_info__functions.h
[2.336s] -- Installing: /home/djqsp2/rokey3_E4_ws/install/my_interface/include/my_interface/my_interface/msg/detail/yolo_info__struct.h
[2.336s] -- Installing: /home/djqsp2/rokey3_E4_ws/install/my_interface/include/my_interface/my_interface/msg/detail/yolo_info__type_support.h
[2.336s] -- Installing: /home/djqsp2/rokey3_E4_ws/install/my_interface/include/my_interface/my_interface/msg/detail/yolo_info__functions.c
[2.336s] -- Installing: /home/djqsp2/rokey3_E4_ws/install/my_interface/include/my_interface/my_interface/msg/rosidl_generator_c__visibility_control.h
[2.336s] -- Installing: /home/djqsp2/rokey3_E4_ws/install/my_interface/share/my_interface/environment/library_path.sh
[2.336s] -- Installing: /home/djqsp2/rokey3_E4_ws/install/my_interface/share/my_interface/environment/library_path.dsv
[2.336s] -- Installing: /home/djqsp2/rokey3_E4_ws/install/my_interface/lib/libmy_interface__rosidl_generator_c.so
[2.336s] -- Set runtime path of "/home/djqsp2/rokey3_E4_ws/install/my_interface/lib/libmy_interface__rosidl_generator_c.so" to ""
[2.336s] -- Up-to-date: /home/djqsp2/rokey3_E4_ws/install/my_interface/include/my_interface/my_interface
[2.336s] -- Up-to-date: /home/djqsp2/rokey3_E4_ws/install/my_interface/include/my_interface/my_interface/msg
[2.337s] -- Up-to-date: /home/djqsp2/rokey3_E4_ws/install/my_interface/include/my_interface/my_interface/msg/detail
[2.337s] -- Installing: /home/djqsp2/rokey3_E4_ws/install/my_interface/include/my_interface/my_interface/msg/detail/yolo_info__rosidl_typesupport_fastrtps_c.h
[2.337s] -- Installing: /home/djqsp2/rokey3_E4_ws/install/my_interface/include/my_interface/my_interface/msg/rosidl_typesupport_fastrtps_c__visibility_control.h
[2.337s] -- Installing: /home/djqsp2/rokey3_E4_ws/install/my_interface/lib/libmy_interface__rosidl_typesupport_fastrtps_c.so
[2.337s] -- Set runtime path of "/home/djqsp2/rokey3_E4_ws/install/my_interface/lib/libmy_interface__rosidl_typesupport_fastrtps_c.so" to ""
[2.337s] -- Up-to-date: /home/djqsp2/rokey3_E4_ws/install/my_interface/include/my_interface/my_interface
[2.337s] -- Up-to-date: /home/djqsp2/rokey3_E4_ws/install/my_interface/include/my_interface/my_interface/msg
[2.337s] -- Up-to-date: /home/djqsp2/rokey3_E4_ws/install/my_interface/include/my_interface/my_interface/msg/detail
[2.337s] -- Installing: /home/djqsp2/rokey3_E4_ws/install/my_interface/include/my_interface/my_interface/msg/detail/yolo_info__builder.hpp
[2.337s] -- Installing: /home/djqsp2/rokey3_E4_ws/install/my_interface/include/my_interface/my_interface/msg/detail/yolo_info__type_support.hpp
[2.337s] -- Installing: /home/djqsp2/rokey3_E4_ws/install/my_interface/include/my_interface/my_interface/msg/detail/yolo_info__struct.hpp
[2.337s] -- Installing: /home/djqsp2/rokey3_E4_ws/install/my_interface/include/my_interface/my_interface/msg/detail/yolo_info__traits.hpp
[2.337s] -- Installing: /home/djqsp2/rokey3_E4_ws/install/my_interface/include/my_interface/my_interface/msg/yolo_info.hpp
[2.337s] -- Installing: /home/djqsp2/rokey3_E4_ws/install/my_interface/include/my_interface/my_interface/msg/rosidl_generator_cpp__visibility_control.hpp
[2.337s] -- Up-to-date: /home/djqsp2/rokey3_E4_ws/install/my_interface/include/my_interface/my_interface
[2.337s] -- Up-to-date: /home/djqsp2/rokey3_E4_ws/install/my_interface/include/my_interface/my_interface/msg
[2.337s] -- Up-to-date: /home/djqsp2/rokey3_E4_ws/install/my_interface/include/my_interface/my_interface/msg/detail
[2.337s] -- Installing: /home/djqsp2/rokey3_E4_ws/install/my_interface/include/my_interface/my_interface/msg/detail/yolo_info__rosidl_typesupport_fastrtps_cpp.hpp
[2.337s] -- Installing: /home/djqsp2/rokey3_E4_ws/install/my_interface/include/my_interface/my_interface/msg/detail/dds_fastrtps
[2.337s] -- Installing: /home/djqsp2/rokey3_E4_ws/install/my_interface/include/my_interface/my_interface/msg/rosidl_typesupport_fastrtps_cpp__visibility_control.h
[2.337s] -- Installing: /home/djqsp2/rokey3_E4_ws/install/my_interface/lib/libmy_interface__rosidl_typesupport_fastrtps_cpp.so
[2.337s] -- Set runtime path of "/home/djqsp2/rokey3_E4_ws/install/my_interface/lib/libmy_interface__rosidl_typesupport_fastrtps_cpp.so" to ""
[2.337s] -- Up-to-date: /home/djqsp2/rokey3_E4_ws/install/my_interface/include/my_interface/my_interface
[2.337s] -- Up-to-date: /home/djqsp2/rokey3_E4_ws/install/my_interface/include/my_interface/my_interface/msg
[2.337s] -- Up-to-date: /home/djqsp2/rokey3_E4_ws/install/my_interface/include/my_interface/my_interface/msg/detail
[2.337s] -- Installing: /home/djqsp2/rokey3_E4_ws/install/my_interface/include/my_interface/my_interface/msg/detail/yolo_info__rosidl_typesupport_introspection_c.h
[2.337s] -- Installing: /home/djqsp2/rokey3_E4_ws/install/my_interface/include/my_interface/my_interface/msg/detail/yolo_info__type_support.c
[2.337s] -- Installing: /home/djqsp2/rokey3_E4_ws/install/my_interface/include/my_interface/my_interface/msg/rosidl_typesupport_introspection_c__visibility_control.h
[2.338s] -- Installing: /home/djqsp2/rokey3_E4_ws/install/my_interface/lib/libmy_interface__rosidl_typesupport_introspection_c.so
[2.338s] -- Set runtime path of "/home/djqsp2/rokey3_E4_ws/install/my_interface/lib/libmy_interface__rosidl_typesupport_introspection_c.so" to ""
[2.338s] -- Installing: /home/djqsp2/rokey3_E4_ws/install/my_interface/lib/libmy_interface__rosidl_typesupport_c.so
[2.338s] -- Set runtime path of "/home/djqsp2/rokey3_E4_ws/install/my_interface/lib/libmy_interface__rosidl_typesupport_c.so" to ""
[2.338s] -- Up-to-date: /home/djqsp2/rokey3_E4_ws/install/my_interface/include/my_interface/my_interface
[2.338s] -- Up-to-date: /home/djqsp2/rokey3_E4_ws/install/my_interface/include/my_interface/my_interface/msg
[2.338s] -- Up-to-date: /home/djqsp2/rokey3_E4_ws/install/my_interface/include/my_interface/my_interface/msg/detail
[2.338s] -- Installing: /home/djqsp2/rokey3_E4_ws/install/my_interface/include/my_interface/my_interface/msg/detail/yolo_info__rosidl_typesupport_introspection_cpp.hpp
[2.338s] -- Installing: /home/djqsp2/rokey3_E4_ws/install/my_interface/include/my_interface/my_interface/msg/detail/yolo_info__type_support.cpp
[2.338s] -- Installing: /home/djqsp2/rokey3_E4_ws/install/my_interface/lib/libmy_interface__rosidl_typesupport_introspection_cpp.so
[2.338s] -- Set runtime path of "/home/djqsp2/rokey3_E4_ws/install/my_interface/lib/libmy_interface__rosidl_typesupport_introspection_cpp.so" to ""
[2.338s] -- Installing: /home/djqsp2/rokey3_E4_ws/install/my_interface/lib/libmy_interface__rosidl_typesupport_cpp.so
[2.338s] -- Set runtime path of "/home/djqsp2/rokey3_E4_ws/install/my_interface/lib/libmy_interface__rosidl_typesupport_cpp.so" to ""
[2.338s] -- Installing: /home/djqsp2/rokey3_E4_ws/install/my_interface/share/my_interface/environment/pythonpath.sh
[2.338s] -- Installing: /home/djqsp2/rokey3_E4_ws/install/my_interface/share/my_interface/environment/pythonpath.dsv
[2.338s] -- Installing: /home/djqsp2/rokey3_E4_ws/install/my_interface/local/lib/python3.10/dist-packages/my_interface-0.0.0-py3.10.egg-info
[2.338s] -- Installing: /home/djqsp2/rokey3_E4_ws/install/my_interface/local/lib/python3.10/dist-packages/my_interface-0.0.0-py3.10.egg-info/top_level.txt
[2.338s] -- Installing: /home/djqsp2/rokey3_E4_ws/install/my_interface/local/lib/python3.10/dist-packages/my_interface-0.0.0-py3.10.egg-info/dependency_links.txt
[2.338s] -- Installing: /home/djqsp2/rokey3_E4_ws/install/my_interface/local/lib/python3.10/dist-packages/my_interface-0.0.0-py3.10.egg-info/SOURCES.txt
[2.338s] -- Installing: /home/djqsp2/rokey3_E4_ws/install/my_interface/local/lib/python3.10/dist-packages/my_interface-0.0.0-py3.10.egg-info/PKG-INFO
[2.338s] -- Installing: /home/djqsp2/rokey3_E4_ws/install/my_interface/local/lib/python3.10/dist-packages/my_interface
[2.338s] -- Installing: /home/djqsp2/rokey3_E4_ws/install/my_interface/local/lib/python3.10/dist-packages/my_interface/my_interface_s__rosidl_typesupport_fastrtps_c.cpython-310-x86_64-linux-gnu.so
[2.338s] -- Installing: /home/djqsp2/rokey3_E4_ws/install/my_interface/local/lib/python3.10/dist-packages/my_interface/_my_interface_s.ep.rosidl_typesupport_introspection_c.c
[2.338s] -- Installing: /home/djqsp2/rokey3_E4_ws/install/my_interface/local/lib/python3.10/dist-packages/my_interface/libmy_interface__rosidl_generator_py.so
[2.339s] -- Installing: /home/djqsp2/rokey3_E4_ws/install/my_interface/local/lib/python3.10/dist-packages/my_interface/__init__.py
[2.339s] -- Installing: /home/djqsp2/rokey3_E4_ws/install/my_interface/local/lib/python3.10/dist-packages/my_interface/_my_interface_s.ep.rosidl_typesupport_c.c
[2.339s] -- Installing: /home/djqsp2/rokey3_E4_ws/install/my_interface/local/lib/python3.10/dist-packages/my_interface/_my_interface_s.ep.rosidl_typesupport_fastrtps_c.c
[2.339s] -- Installing: /home/djqsp2/rokey3_E4_ws/install/my_interface/local/lib/python3.10/dist-packages/my_interface/my_interface_s__rosidl_typesupport_c.cpython-310-x86_64-linux-gnu.so
[2.339s] -- Installing: /home/djqsp2/rokey3_E4_ws/install/my_interface/local/lib/python3.10/dist-packages/my_interface/my_interface_s__rosidl_typesupport_introspection_c.cpython-310-x86_64-linux-gnu.so
[2.339s] -- Installing: /home/djqsp2/rokey3_E4_ws/install/my_interface/local/lib/python3.10/dist-packages/my_interface/msg
[2.339s] -- Installing: /home/djqsp2/rokey3_E4_ws/install/my_interface/local/lib/python3.10/dist-packages/my_interface/msg/_yolo_info.py
[2.339s] -- Installing: /home/djqsp2/rokey3_E4_ws/install/my_interface/local/lib/python3.10/dist-packages/my_interface/msg/__init__.py
[2.339s] -- Installing: /home/djqsp2/rokey3_E4_ws/install/my_interface/local/lib/python3.10/dist-packages/my_interface/msg/_yolo_info_s.c
[2.363s] Listing '/home/djqsp2/rokey3_E4_ws/install/my_interface/local/lib/python3.10/dist-packages/my_interface'...
[2.363s] Compiling '/home/djqsp2/rokey3_E4_ws/install/my_interface/local/lib/python3.10/dist-packages/my_interface/__init__.py'...
[2.363s] Listing '/home/djqsp2/rokey3_E4_ws/install/my_interface/local/lib/python3.10/dist-packages/my_interface/msg'...
[2.363s] Compiling '/home/djqsp2/rokey3_E4_ws/install/my_interface/local/lib/python3.10/dist-packages/my_interface/msg/__init__.py'...
[2.363s] Compiling '/home/djqsp2/rokey3_E4_ws/install/my_interface/local/lib/python3.10/dist-packages/my_interface/msg/_yolo_info.py'...
[2.366s] -- Installing: /home/djqsp2/rokey3_E4_ws/install/my_interface/local/lib/python3.10/dist-packages/my_interface/my_interface_s__rosidl_typesupport_fastrtps_c.cpython-310-x86_64-linux-gnu.so
[2.366s] -- Set runtime path of "/home/djqsp2/rokey3_E4_ws/install/my_interface/local/lib/python3.10/dist-packages/my_interface/my_interface_s__rosidl_typesupport_fastrtps_c.cpython-310-x86_64-linux-gnu.so" to ""
[2.366s] -- Installing: /home/djqsp2/rokey3_E4_ws/install/my_interface/local/lib/python3.10/dist-packages/my_interface/my_interface_s__rosidl_typesupport_introspection_c.cpython-310-x86_64-linux-gnu.so
[2.366s] -- Set runtime path of "/home/djqsp2/rokey3_E4_ws/install/my_interface/local/lib/python3.10/dist-packages/my_interface/my_interface_s__rosidl_typesupport_introspection_c.cpython-310-x86_64-linux-gnu.so" to ""
[2.366s] -- Installing: /home/djqsp2/rokey3_E4_ws/install/my_interface/local/lib/python3.10/dist-packages/my_interface/my_interface_s__rosidl_typesupport_c.cpython-310-x86_64-linux-gnu.so
[2.366s] -- Set runtime path of "/home/djqsp2/rokey3_E4_ws/install/my_interface/local/lib/python3.10/dist-packages/my_interface/my_interface_s__rosidl_typesupport_c.cpython-310-x86_64-linux-gnu.so" to ""
[2.366s] -- Installing: /home/djqsp2/rokey3_E4_ws/install/my_interface/lib/libmy_interface__rosidl_generator_py.so
[2.366s] -- Set runtime path of "/home/djqsp2/rokey3_E4_ws/install/my_interface/lib/libmy_interface__rosidl_generator_py.so" to ""
[2.366s] -- Installing: /home/djqsp2/rokey3_E4_ws/install/my_interface/share/my_interface/msg/YoloInfo.idl
[2.366s] -- Installing: /home/djqsp2/rokey3_E4_ws/install/my_interface/share/my_interface/msg/YoloInfo.msg
[2.366s] -- Installing: /home/djqsp2/rokey3_E4_ws/install/my_interface/share/ament_index/resource_index/package_run_dependencies/my_interface
[2.367s] -- Installing: /home/djqsp2/rokey3_E4_ws/install/my_interface/share/ament_index/resource_index/parent_prefix_path/my_interface
[2.367s] -- Installing: /home/djqsp2/rokey3_E4_ws/install/my_interface/share/my_interface/environment/ament_prefix_path.sh
[2.367s] -- Installing: /home/djqsp2/rokey3_E4_ws/install/my_interface/share/my_interface/environment/ament_prefix_path.dsv
[2.367s] -- Installing: /home/djqsp2/rokey3_E4_ws/install/my_interface/share/my_interface/environment/path.sh
[2.367s] -- Installing: /home/djqsp2/rokey3_E4_ws/install/my_interface/share/my_interface/environment/path.dsv
[2.367s] -- Installing: /home/djqsp2/rokey3_E4_ws/install/my_interface/share/my_interface/local_setup.bash
[2.367s] -- Installing: /home/djqsp2/rokey3_E4_ws/install/my_interface/share/my_interface/local_setup.sh
[2.367s] -- Installing: /home/djqsp2/rokey3_E4_ws/install/my_interface/share/my_interface/local_setup.zsh
[2.367s] -- Installing: /home/djqsp2/rokey3_E4_ws/install/my_interface/share/my_interface/local_setup.dsv
[2.367s] -- Installing: /home/djqsp2/rokey3_E4_ws/install/my_interface/share/my_interface/package.dsv
[2.367s] -- Installing: /home/djqsp2/rokey3_E4_ws/install/my_interface/share/ament_index/resource_index/packages/my_interface
[2.367s] -- Installing: /home/djqsp2/rokey3_E4_ws/install/my_interface/share/my_interface/cmake/export_my_interface__rosidl_generator_cExport.cmake
[2.367s] -- Installing: /home/djqsp2/rokey3_E4_ws/install/my_interface/share/my_interface/cmake/export_my_interface__rosidl_generator_cExport-noconfig.cmake
[2.367s] -- Installing: /home/djqsp2/rokey3_E4_ws/install/my_interface/share/my_interface/cmake/export_my_interface__rosidl_typesupport_fastrtps_cExport.cmake
[2.367s] -- Installing: /home/djqsp2/rokey3_E4_ws/install/my_interface/share/my_interface/cmake/export_my_interface__rosidl_typesupport_fastrtps_cExport-noconfig.cmake
[2.367s] -- Installing: /home/djqsp2/rokey3_E4_ws/install/my_interface/share/my_interface/cmake/export_my_interface__rosidl_generator_cppExport.cmake
[2.367s] -- Installing: /home/djqsp2/rokey3_E4_ws/install/my_interface/share/my_interface/cmake/export_my_interface__rosidl_typesupport_fastrtps_cppExport.cmake
[2.367s] -- Installing: /home/djqsp2/rokey3_E4_ws/install/my_interface/share/my_interface/cmake/export_my_interface__rosidl_typesupport_fastrtps_cppExport-noconfig.cmake
[2.368s] -- Installing: /home/djqsp2/rokey3_E4_ws/install/my_interface/share/my_interface/cmake/my_interface__rosidl_typesupport_introspection_cExport.cmake
[2.368s] -- Installing: /home/djqsp2/rokey3_E4_ws/install/my_interface/share/my_interface/cmake/my_interface__rosidl_typesupport_introspection_cExport-noconfig.cmake
[2.368s] -- Installing: /home/djqsp2/rokey3_E4_ws/install/my_interface/share/my_interface/cmake/my_interface__rosidl_typesupport_cExport.cmake
[2.368s] -- Installing: /home/djqsp2/rokey3_E4_ws/install/my_interface/share/my_interface/cmake/my_interface__rosidl_typesupport_cExport-noconfig.cmake
[2.368s] -- Installing: /home/djqsp2/rokey3_E4_ws/install/my_interface/share/my_interface/cmake/my_interface__rosidl_typesupport_introspection_cppExport.cmake
[2.368s] -- Installing: /home/djqsp2/rokey3_E4_ws/install/my_interface/share/my_interface/cmake/my_interface__rosidl_typesupport_introspection_cppExport-noconfig.cmake
[2.368s] -- Installing: /home/djqsp2/rokey3_E4_ws/install/my_interface/share/my_interface/cmake/my_interface__rosidl_typesupport_cppExport.cmake
[2.368s] -- Installing: /home/djqsp2/rokey3_E4_ws/install/my_interface/share/my_interface/cmake/my_interface__rosidl_typesupport_cppExport-noconfig.cmake
[2.368s] -- Installing: /home/djqsp2/rokey3_E4_ws/install/my_interface/share/my_interface/cmake/export_my_interface__rosidl_generator_pyExport.cmake
[2.368s] -- Installing: /home/djqsp2/rokey3_E4_ws/install/my_interface/share/my_interface/cmake/export_my_interface__rosidl_generator_pyExport-noconfig.cmake
[2.368s] -- Installing: /home/djqsp2/rokey3_E4_ws/install/my_interface/share/my_interface/cmake/rosidl_cmake-extras.cmake
[2.368s] -- Installing: /home/djqsp2/rokey3_E4_ws/install/my_interface/share/my_interface/cmake/ament_cmake_export_dependencies-extras.cmake
[2.368s] -- Installing: /home/djqsp2/rokey3_E4_ws/install/my_interface/share/my_interface/cmake/ament_cmake_export_include_directories-extras.cmake
[2.368s] -- Installing: /home/djqsp2/rokey3_E4_ws/install/my_interface/share/my_interface/cmake/ament_cmake_export_libraries-extras.cmake
[2.368s] -- Installing: /home/djqsp2/rokey3_E4_ws/install/my_interface/share/my_interface/cmake/ament_cmake_export_targets-extras.cmake
[2.368s] -- Installing: /home/djqsp2/rokey3_E4_ws/install/my_interface/share/my_interface/cmake/rosidl_cmake_export_typesupport_targets-extras.cmake
[2.368s] -- Installing: /home/djqsp2/rokey3_E4_ws/install/my_interface/share/my_interface/cmake/rosidl_cmake_export_typesupport_libraries-extras.cmake
[2.368s] -- Installing: /home/djqsp2/rokey3_E4_ws/install/my_interface/share/my_interface/cmake/my_interfaceConfig.cmake
[2.368s] -- Installing: /home/djqsp2/rokey3_E4_ws/install/my_interface/share/my_interface/cmake/my_interfaceConfig-version.cmake
[2.369s] -- Installing: /home/djqsp2/rokey3_E4_ws/install/my_interface/share/my_interface/package.xml
[2.370s] Invoked command in '/home/djqsp2/rokey3_E4_ws/build/my_interface' returned '0': CMAKE_PREFIX_PATH=/opt/ros/humble /usr/bin/cmake --install /home/djqsp2/rokey3_E4_ws/build/my_interface
