[0.008s] Invoking command in '/home/djqsp2/rokey3_E4_ws/build/turtlebot4_desktop': AMENT_PREFIX_PATH=/home/djqsp2/rokey3_E4_ws/install/turtlebot4_viz:/home/djqsp2/rokey3_E4_ws/install/turtlebot4_description:${AMENT_PREFIX_PATH} CMAKE_PREFIX_PATH=/home/djqsp2/rokey3_E4_ws/install/turtlebot4_viz:/home/djqsp2/rokey3_E4_ws/install/turtlebot4_description:/opt/ros/humble /usr/bin/cmake /home/djqsp2/rokey3_E4_ws/src/turtlebot4_desktop/turtlebot4_desktop -DAMENT_CMAKE_SYMLINK_INSTALL=1 -DCMAKE_INSTALL_PREFIX=/home/djqsp2/rokey3_E4_ws/install/turtlebot4_desktop
[0.057s] -- The C compiler identification is GNU 11.4.0
[0.095s] -- The CXX compiler identification is GNU 11.4.0
[0.101s] -- Detecting C compiler ABI info
[0.152s] -- Detecting C compiler ABI info - done
[0.158s] -- Check for working C compiler: /usr/bin/cc - skipped
[0.158s] -- Detecting C compile features
[0.158s] -- Detecting C compile features - done
[0.160s] -- Detecting CXX compiler ABI info
[0.218s] -- Detecting CXX compiler ABI info - done
[0.223s] -- Check for working CXX compiler: /usr/bin/c++ - skipped
[0.223s] -- Detecting CXX compile features
[0.223s] -- Detecting CXX compile features - done
[0.225s] -- Found ament_cmake: 1.3.11 (/opt/ros/humble/share/ament_cmake/cmake)
[0.349s] -- Found Python3: /usr/bin/python3 (found version "3.10.12") found components: Interpreter 
[0.390s] -- Override CMake install command with custom implementation using symlinks instead of copying resources
[0.457s] -- Configuring done
[0.460s] -- Generating done
[0.461s] -- Build files have been written to: /home/djqsp2/rokey3_E4_ws/build/turtlebot4_desktop
[0.466s] Invoked command in '/home/djqsp2/rokey3_E4_ws/build/turtlebot4_desktop' returned '0': AMENT_PREFIX_PATH=/home/djqsp2/rokey3_E4_ws/install/turtlebot4_viz:/home/djqsp2/rokey3_E4_ws/install/turtlebot4_description:${AMENT_PREFIX_PATH} CMAKE_PREFIX_PATH=/home/djqsp2/rokey3_E4_ws/install/turtlebot4_viz:/home/djqsp2/rokey3_E4_ws/install/turtlebot4_description:/opt/ros/humble /usr/bin/cmake /home/djqsp2/rokey3_E4_ws/src/turtlebot4_desktop/turtlebot4_desktop -DAMENT_CMAKE_SYMLINK_INSTALL=1 -DCMAKE_INSTALL_PREFIX=/home/djqsp2/rokey3_E4_ws/install/turtlebot4_desktop
[0.468s] Invoking command in '/home/djqsp2/rokey3_E4_ws/build/turtlebot4_desktop': AMENT_PREFIX_PATH=/home/djqsp2/rokey3_E4_ws/install/turtlebot4_viz:/home/djqsp2/rokey3_E4_ws/install/turtlebot4_description:${AMENT_PREFIX_PATH} CMAKE_PREFIX_PATH=/home/djqsp2/rokey3_E4_ws/install/turtlebot4_viz:/home/djqsp2/rokey3_E4_ws/install/turtlebot4_description:/opt/ros/humble /usr/bin/cmake --build /home/djqsp2/rokey3_E4_ws/build/turtlebot4_desktop -- -j22 -l22
[0.506s] Invoked command in '/home/djqsp2/rokey3_E4_ws/build/turtlebot4_desktop' returned '0': AMENT_PREFIX_PATH=/home/djqsp2/rokey3_E4_ws/install/turtlebot4_viz:/home/djqsp2/rokey3_E4_ws/install/turtlebot4_description:${AMENT_PREFIX_PATH} CMAKE_PREFIX_PATH=/home/djqsp2/rokey3_E4_ws/install/turtlebot4_viz:/home/djqsp2/rokey3_E4_ws/install/turtlebot4_description:/opt/ros/humble /usr/bin/cmake --build /home/djqsp2/rokey3_E4_ws/build/turtlebot4_desktop -- -j22 -l22
[0.508s] Invoking command in '/home/djqsp2/rokey3_E4_ws/build/turtlebot4_desktop': AMENT_PREFIX_PATH=/home/djqsp2/rokey3_E4_ws/install/turtlebot4_viz:/home/djqsp2/rokey3_E4_ws/install/turtlebot4_description:${AMENT_PREFIX_PATH} CMAKE_PREFIX_PATH=/home/djqsp2/rokey3_E4_ws/install/turtlebot4_viz:/home/djqsp2/rokey3_E4_ws/install/turtlebot4_description:/opt/ros/humble /usr/bin/cmake --install /home/djqsp2/rokey3_E4_ws/build/turtlebot4_desktop
[0.516s] -- Install configuration: ""
[0.516s] -- Execute custom install script
[0.517s] -- Symlinking: /home/djqsp2/rokey3_E4_ws/install/turtlebot4_desktop/share/ament_index/resource_index/package_run_dependencies/turtlebot4_desktop
[0.521s] -- Symlinking: /home/djqsp2/rokey3_E4_ws/install/turtlebot4_desktop/share/ament_index/resource_index/parent_prefix_path/turtlebot4_desktop
[0.527s] -- Symlinking: /home/djqsp2/rokey3_E4_ws/install/turtlebot4_desktop/share/turtlebot4_desktop/environment/ament_prefix_path.sh
[0.535s] -- Symlinking: /home/djqsp2/rokey3_E4_ws/install/turtlebot4_desktop/share/turtlebot4_desktop/environment/ament_prefix_path.dsv
[0.543s] -- Symlinking: /home/djqsp2/rokey3_E4_ws/install/turtlebot4_desktop/share/turtlebot4_desktop/environment/path.sh
[0.549s] -- Symlinking: /home/djqsp2/rokey3_E4_ws/install/turtlebot4_desktop/share/turtlebot4_desktop/environment/path.dsv
[0.554s] -- Symlinking: /home/djqsp2/rokey3_E4_ws/install/turtlebot4_desktop/share/turtlebot4_desktop/local_setup.bash
[0.562s] -- Symlinking: /home/djqsp2/rokey3_E4_ws/install/turtlebot4_desktop/share/turtlebot4_desktop/local_setup.sh
[0.568s] -- Symlinking: /home/djqsp2/rokey3_E4_ws/install/turtlebot4_desktop/share/turtlebot4_desktop/local_setup.zsh
[0.576s] -- Symlinking: /home/djqsp2/rokey3_E4_ws/install/turtlebot4_desktop/share/turtlebot4_desktop/local_setup.dsv
[0.584s] -- Symlinking: /home/djqsp2/rokey3_E4_ws/install/turtlebot4_desktop/share/turtlebot4_desktop/package.dsv
[0.592s] -- Symlinking: /home/djqsp2/rokey3_E4_ws/install/turtlebot4_desktop/share/ament_index/resource_index/packages/turtlebot4_desktop
[0.599s] -- Symlinking: /home/djqsp2/rokey3_E4_ws/install/turtlebot4_desktop/share/turtlebot4_desktop/cmake/turtlebot4_desktopConfig.cmake
[0.604s] -- Symlinking: /home/djqsp2/rokey3_E4_ws/install/turtlebot4_desktop/share/turtlebot4_desktop/cmake/turtlebot4_desktopConfig-version.cmake
[0.610s] -- Symlinking: /home/djqsp2/rokey3_E4_ws/install/turtlebot4_desktop/share/turtlebot4_desktop/package.xml
[0.621s] Invoked command in '/home/djqsp2/rokey3_E4_ws/build/turtlebot4_desktop' returned '0': AMENT_PREFIX_PATH=/home/djqsp2/rokey3_E4_ws/install/turtlebot4_viz:/home/djqsp2/rokey3_E4_ws/install/turtlebot4_description:${AMENT_PREFIX_PATH} CMAKE_PREFIX_PATH=/home/djqsp2/rokey3_E4_ws/install/turtlebot4_viz:/home/djqsp2/rokey3_E4_ws/install/turtlebot4_description:/opt/ros/humble /usr/bin/cmake --install /home/djqsp2/rokey3_E4_ws/build/turtlebot4_desktop
