[1.413s] Invoking command in '/home/rokey/rokey3_E4_ws/build/my_package': PYTHONPATH=/home/rokey/rokey3_E4_ws/build/my_package/prefix_override:/usr/lib/python3/dist-packages/colcon_core/task/python/colcon_distutils_commands:/home/rokey/rokey3_E4_ws/install/my_package/lib/python3.10/site-packages:${PYTHONPATH} /usr/bin/python3 -W ignore:setup.py install is deprecated -W ignore:easy_install command is deprecated setup.py develop --editable --build-directory /home/rokey/rokey3_E4_ws/build/my_package/build --no-deps symlink_data
[2.007s] running develop
[2.441s] running egg_info
[2.441s] writing my_package.egg-info/PKG-INFO
[2.441s] writing dependency_links to my_package.egg-info/dependency_links.txt
[2.442s] writing entry points to my_package.egg-info/entry_points.txt
[2.442s] writing requirements to my_package.egg-info/requires.txt
[2.442s] writing top-level names to my_package.egg-info/top_level.txt
[2.445s] reading manifest file 'my_package.egg-info/SOURCES.txt'
[2.447s] writing manifest file 'my_package.egg-info/SOURCES.txt'
[2.449s] running build_ext
[2.450s] Creating /home/rokey/rokey3_E4_ws/install/my_package/lib/python3.10/site-packages/my-package.egg-link (link to .)
[2.451s] Installing pub_data script to /home/rokey/rokey3_E4_ws/install/my_package/lib/my_package
[2.451s] Installing pub_image script to /home/rokey/rokey3_E4_ws/install/my_package/lib/my_package
[2.452s] Installing show_data script to /home/rokey/rokey3_E4_ws/install/my_package/lib/my_package
[2.452s] Installing show_image script to /home/rokey/rokey3_E4_ws/install/my_package/lib/my_package
[2.452s] 
[2.452s] Installed /home/rokey/rokey3_E4_ws/build/my_package
[2.452s] running symlink_data
[2.553s] Invoked command in '/home/rokey/rokey3_E4_ws/build/my_package' returned '0': PYTHONPATH=/home/rokey/rokey3_E4_ws/build/my_package/prefix_override:/usr/lib/python3/dist-packages/colcon_core/task/python/colcon_distutils_commands:/home/rokey/rokey3_E4_ws/install/my_package/lib/python3.10/site-packages:${PYTHONPATH} /usr/bin/python3 -W ignore:setup.py install is deprecated -W ignore:easy_install command is deprecated setup.py develop --editable --build-directory /home/rokey/rokey3_E4_ws/build/my_package/build --no-deps symlink_data
