[0.020s] Invoking command in '/home/djqsp2/rokey3_E4_ws/build/turtlebot4_navigation': CMAKE_PREFIX_PATH=/opt/ros/humble /usr/bin/cmake --build /home/djqsp2/rokey3_E4_ws/build/turtlebot4_navigation -- -j22 -l22
[0.219s] Built target ament_cmake_python_symlink_turtlebot4_navigation
[0.251s] running egg_info
[0.252s] writing turtlebot4_navigation.egg-info/PKG-INFO
[0.253s] writing dependency_links to turtlebot4_navigation.egg-info/dependency_links.txt
[0.253s] writing top-level names to turtlebot4_navigation.egg-info/top_level.txt
[0.258s] reading manifest file 'turtlebot4_navigation.egg-info/SOURCES.txt'
[0.258s] writing manifest file 'turtlebot4_navigation.egg-info/SOURCES.txt'
[0.311s] Built target ament_cmake_python_build_turtlebot4_navigation_egg
[0.323s] Invoked command in '/home/djqsp2/rokey3_E4_ws/build/turtlebot4_navigation' returned '0': CMAKE_PREFIX_PATH=/opt/ros/humble /usr/bin/cmake --build /home/djqsp2/rokey3_E4_ws/build/turtlebot4_navigation -- -j22 -l22
[0.325s] Invoking command in '/home/djqsp2/rokey3_E4_ws/build/turtlebot4_navigation': CMAKE_PREFIX_PATH=/opt/ros/humble /usr/bin/cmake --install /home/djqsp2/rokey3_E4_ws/build/turtlebot4_navigation
[0.333s] -- Install configuration: ""
[0.334s] -- Execute custom install script
[0.334s] -- Symlinking: /home/djqsp2/rokey3_E4_ws/install/turtlebot4_navigation/share/turtlebot4_navigation/config/localization.yaml
[0.345s] -- Symlinking: /home/djqsp2/rokey3_E4_ws/install/turtlebot4_navigation/share/turtlebot4_navigation/config/nav2.yaml
[0.351s] -- Symlinking: /home/djqsp2/rokey3_E4_ws/install/turtlebot4_navigation/share/turtlebot4_navigation/config/slam.yaml
[0.359s] -- Symlinking: /home/djqsp2/rokey3_E4_ws/install/turtlebot4_navigation/share/turtlebot4_navigation/launch/localization.launch.py
[0.366s] -- Symlinking: /home/djqsp2/rokey3_E4_ws/install/turtlebot4_navigation/share/turtlebot4_navigation/launch/nav2.launch.py
[0.382s] -- Symlinking: /home/djqsp2/rokey3_E4_ws/install/turtlebot4_navigation/share/turtlebot4_navigation/launch/slam.launch.py
[0.397s] -- Symlinking: /home/djqsp2/rokey3_E4_ws/install/turtlebot4_navigation/share/turtlebot4_navigation/maps/depot.pgm
[0.410s] -- Symlinking: /home/djqsp2/rokey3_E4_ws/install/turtlebot4_navigation/share/turtlebot4_navigation/maps/depot.yaml
[0.422s] -- Symlinking: /home/djqsp2/rokey3_E4_ws/install/turtlebot4_navigation/share/turtlebot4_navigation/maps/maze.pgm
[0.430s] -- Symlinking: /home/djqsp2/rokey3_E4_ws/install/turtlebot4_navigation/share/turtlebot4_navigation/maps/maze.yaml
[0.442s] -- Symlinking: /home/djqsp2/rokey3_E4_ws/install/turtlebot4_navigation/share/turtlebot4_navigation/maps/warehouse.pgm
[0.452s] -- Symlinking: /home/djqsp2/rokey3_E4_ws/install/turtlebot4_navigation/share/turtlebot4_navigation/maps/warehouse.yaml
[0.461s] -- Symlinking: /home/djqsp2/rokey3_E4_ws/install/turtlebot4_navigation/share/turtlebot4_navigation/environment/pythonpath.sh
[0.471s] -- Symlinking: /home/djqsp2/rokey3_E4_ws/install/turtlebot4_navigation/share/turtlebot4_navigation/environment/pythonpath.dsv
[0.480s] -- Symlinking: /home/djqsp2/rokey3_E4_ws/install/turtlebot4_navigation/local/lib/python3.10/dist-packages/turtlebot4_navigation-1.0.5-py3.10.egg-info/PKG-INFO
[0.493s] -- Symlinking: /home/djqsp2/rokey3_E4_ws/install/turtlebot4_navigation/local/lib/python3.10/dist-packages/turtlebot4_navigation-1.0.5-py3.10.egg-info/SOURCES.txt
[0.507s] -- Symlinking: /home/djqsp2/rokey3_E4_ws/install/turtlebot4_navigation/local/lib/python3.10/dist-packages/turtlebot4_navigation-1.0.5-py3.10.egg-info/dependency_links.txt
[0.515s] -- Symlinking: /home/djqsp2/rokey3_E4_ws/install/turtlebot4_navigation/local/lib/python3.10/dist-packages/turtlebot4_navigation-1.0.5-py3.10.egg-info/top_level.txt
[0.526s] -- Symlinking: /home/djqsp2/rokey3_E4_ws/install/turtlebot4_navigation/local/lib/python3.10/dist-packages/turtlebot4_navigation/__init__.py
[0.549s] -- Symlinking: /home/djqsp2/rokey3_E4_ws/install/turtlebot4_navigation/local/lib/python3.10/dist-packages/turtlebot4_navigation/turtlebot4_navigator.py
[0.566s] -- Symlinking: /home/djqsp2/rokey3_E4_ws/install/turtlebot4_navigation/local/lib/python3.10/dist-packages/turtlebot4_navigator.py
[0.585s] -- Symlinking: /home/djqsp2/rokey3_E4_ws/install/turtlebot4_navigation/share/ament_index/resource_index/package_run_dependencies/turtlebot4_navigation
[0.606s] -- Symlinking: /home/djqsp2/rokey3_E4_ws/install/turtlebot4_navigation/share/ament_index/resource_index/parent_prefix_path/turtlebot4_navigation
[0.622s] -- Symlinking: /home/djqsp2/rokey3_E4_ws/install/turtlebot4_navigation/share/turtlebot4_navigation/environment/ament_prefix_path.sh
[0.636s] -- Symlinking: /home/djqsp2/rokey3_E4_ws/install/turtlebot4_navigation/share/turtlebot4_navigation/environment/ament_prefix_path.dsv
[0.656s] -- Symlinking: /home/djqsp2/rokey3_E4_ws/install/turtlebot4_navigation/share/turtlebot4_navigation/environment/path.sh
[0.670s] -- Symlinking: /home/djqsp2/rokey3_E4_ws/install/turtlebot4_navigation/share/turtlebot4_navigation/environment/path.dsv
[0.692s] -- Symlinking: /home/djqsp2/rokey3_E4_ws/install/turtlebot4_navigation/share/turtlebot4_navigation/local_setup.bash
[0.702s] -- Symlinking: /home/djqsp2/rokey3_E4_ws/install/turtlebot4_navigation/share/turtlebot4_navigation/local_setup.sh
[0.715s] -- Symlinking: /home/djqsp2/rokey3_E4_ws/install/turtlebot4_navigation/share/turtlebot4_navigation/local_setup.zsh
[0.728s] -- Symlinking: /home/djqsp2/rokey3_E4_ws/install/turtlebot4_navigation/share/turtlebot4_navigation/local_setup.dsv
[0.737s] -- Symlinking: /home/djqsp2/rokey3_E4_ws/install/turtlebot4_navigation/share/turtlebot4_navigation/package.dsv
[0.758s] -- Symlinking: /home/djqsp2/rokey3_E4_ws/install/turtlebot4_navigation/share/ament_index/resource_index/packages/turtlebot4_navigation
[0.769s] -- Symlinking: /home/djqsp2/rokey3_E4_ws/install/turtlebot4_navigation/share/turtlebot4_navigation/cmake/turtlebot4_navigationConfig.cmake
[0.779s] -- Symlinking: /home/djqsp2/rokey3_E4_ws/install/turtlebot4_navigation/share/turtlebot4_navigation/cmake/turtlebot4_navigationConfig-version.cmake
[0.789s] -- Symlinking: /home/djqsp2/rokey3_E4_ws/install/turtlebot4_navigation/share/turtlebot4_navigation/package.xml
[0.836s] Listing '/home/djqsp2/rokey3_E4_ws/install/turtlebot4_navigation/local/lib/python3.10/dist-packages/turtlebot4_navigation'...
[0.836s] Compiling '/home/djqsp2/rokey3_E4_ws/install/turtlebot4_navigation/local/lib/python3.10/dist-packages/turtlebot4_navigation/__init__.py'...
[0.836s] Compiling '/home/djqsp2/rokey3_E4_ws/install/turtlebot4_navigation/local/lib/python3.10/dist-packages/turtlebot4_navigation/turtlebot4_navigator.py'...
[0.879s] Compiling '/home/djqsp2/rokey3_E4_ws/install/turtlebot4_navigation/local/lib/python3.10/dist-packages/turtlebot4_navigator.py'...
