running develop
running egg_info
creating turtlebot4_python_tutorials.egg-info
writing turtlebot4_python_tutorials.egg-info/PKG-INFO
writing dependency_links to turtlebot4_python_tutorials.egg-info/dependency_links.txt
writing entry points to turtlebot4_python_tutorials.egg-info/entry_points.txt
writing requirements to turtlebot4_python_tutorials.egg-info/requires.txt
writing top-level names to turtlebot4_python_tutorials.egg-info/top_level.txt
writing manifest file 'turtlebot4_python_tutorials.egg-info/SOURCES.txt'
reading manifest file 'turtlebot4_python_tutorials.egg-info/SOURCES.txt'
writing manifest file 'turtlebot4_python_tutorials.egg-info/SOURCES.txt'
running build_ext
Creating /home/djqsp2/rokey3_E4_ws/install/turtlebot4_python_tutorials/lib/python3.10/site-packages/turtlebot4-python-tutorials.egg-link (link to .)
Installing create_path script to /home/djqsp2/rokey3_E4_ws/install/turtlebot4_python_tutorials/lib/turtlebot4_python_tutorials
Installing follow_waypoints script to /home/djqsp2/rokey3_E4_ws/install/turtlebot4_python_tutorials/lib/turtlebot4_python_tutorials
Installing mail_delivery script to /home/djqsp2/rokey3_E4_ws/install/turtlebot4_python_tutorials/lib/turtlebot4_python_tutorials
Installing nav_through_poses script to /home/djqsp2/rokey3_E4_ws/install/turtlebot4_python_tutorials/lib/turtlebot4_python_tutorials
Installing nav_to_pose script to /home/djqsp2/rokey3_E4_ws/install/turtlebot4_python_tutorials/lib/turtlebot4_python_tutorials
Installing patrol_loop script to /home/djqsp2/rokey3_E4_ws/install/turtlebot4_python_tutorials/lib/turtlebot4_python_tutorials
Installing turtlebot4_first_python_node script to /home/djqsp2/rokey3_E4_ws/install/turtlebot4_python_tutorials/lib/turtlebot4_python_tutorials

Installed /home/djqsp2/rokey3_E4_ws/build/turtlebot4_python_tutorials
running symlink_data
creating /home/djqsp2/rokey3_E4_ws/install/turtlebot4_python_tutorials/share/ament_index
creating /home/djqsp2/rokey3_E4_ws/install/turtlebot4_python_tutorials/share/ament_index/resource_index
creating /home/djqsp2/rokey3_E4_ws/install/turtlebot4_python_tutorials/share/ament_index/resource_index/packages
symbolically linking /home/djqsp2/rokey3_E4_ws/build/turtlebot4_python_tutorials/resource/turtlebot4_python_tutorials -> /home/djqsp2/rokey3_E4_ws/install/turtlebot4_python_tutorials/share/ament_index/resource_index/packages
symbolically linking /home/djqsp2/rokey3_E4_ws/build/turtlebot4_python_tutorials/package.xml -> /home/djqsp2/rokey3_E4_ws/install/turtlebot4_python_tutorials/share/turtlebot4_python_tutorials
