[0.984s] Invoking command in '/home/djqsp2/rokey3_E4_ws/build/turtlebot4_python_tutorials': AMENT_PREFIX_PATH=/home/djqsp2/rokey3_E4_ws/install/turtlebot4_navigation:${AMENT_PREFIX_PATH} CMAKE_PREFIX_PATH=/home/djqsp2/rokey3_E4_ws/install/turtlebot4_navigation PYTHONPATH=/home/djqsp2/rokey3_E4_ws/build/turtlebot4_python_tutorials/prefix_override:/usr/lib/python3/dist-packages/colcon_core/task/python/colcon_distutils_commands:/home/djqsp2/rokey3_E4_ws/install/turtlebot4_python_tutorials/lib/python3.10/site-packages:/home/djqsp2/rokey3_E4_ws/install/turtlebot4_navigation/local/lib/python3.10/dist-packages:${PYTHONPATH} /usr/bin/python3 -W ignore:setup.py install is deprecated -W ignore:easy_install command is deprecated setup.py develop --editable --build-directory /home/djqsp2/rokey3_E4_ws/build/turtlebot4_python_tutorials/build --no-deps symlink_data
[1.195s] running develop
[1.334s] running egg_info
[1.334s] creating turtlebot4_python_tutorials.egg-info
[1.334s] writing turtlebot4_python_tutorials.egg-info/PKG-INFO
[1.335s] writing dependency_links to turtlebot4_python_tutorials.egg-info/dependency_links.txt
[1.335s] writing entry points to turtlebot4_python_tutorials.egg-info/entry_points.txt
[1.335s] writing requirements to turtlebot4_python_tutorials.egg-info/requires.txt
[1.335s] writing top-level names to turtlebot4_python_tutorials.egg-info/top_level.txt
[1.335s] writing manifest file 'turtlebot4_python_tutorials.egg-info/SOURCES.txt'
[1.336s] reading manifest file 'turtlebot4_python_tutorials.egg-info/SOURCES.txt'
[1.336s] writing manifest file 'turtlebot4_python_tutorials.egg-info/SOURCES.txt'
[1.337s] running build_ext
[1.337s] Creating /home/djqsp2/rokey3_E4_ws/install/turtlebot4_python_tutorials/lib/python3.10/site-packages/turtlebot4-python-tutorials.egg-link (link to .)
[1.338s] Installing create_path script to /home/djqsp2/rokey3_E4_ws/install/turtlebot4_python_tutorials/lib/turtlebot4_python_tutorials
[1.338s] Installing follow_waypoints script to /home/djqsp2/rokey3_E4_ws/install/turtlebot4_python_tutorials/lib/turtlebot4_python_tutorials
[1.338s] Installing mail_delivery script to /home/djqsp2/rokey3_E4_ws/install/turtlebot4_python_tutorials/lib/turtlebot4_python_tutorials
[1.338s] Installing nav_through_poses script to /home/djqsp2/rokey3_E4_ws/install/turtlebot4_python_tutorials/lib/turtlebot4_python_tutorials
[1.338s] Installing nav_to_pose script to /home/djqsp2/rokey3_E4_ws/install/turtlebot4_python_tutorials/lib/turtlebot4_python_tutorials
[1.338s] Installing patrol_loop script to /home/djqsp2/rokey3_E4_ws/install/turtlebot4_python_tutorials/lib/turtlebot4_python_tutorials
[1.338s] Installing turtlebot4_first_python_node script to /home/djqsp2/rokey3_E4_ws/install/turtlebot4_python_tutorials/lib/turtlebot4_python_tutorials
[1.338s] 
[1.338s] Installed /home/djqsp2/rokey3_E4_ws/build/turtlebot4_python_tutorials
[1.338s] running symlink_data
[1.338s] creating /home/djqsp2/rokey3_E4_ws/install/turtlebot4_python_tutorials/share/ament_index
[1.338s] creating /home/djqsp2/rokey3_E4_ws/install/turtlebot4_python_tutorials/share/ament_index/resource_index
[1.338s] creating /home/djqsp2/rokey3_E4_ws/install/turtlebot4_python_tutorials/share/ament_index/resource_index/packages
[1.338s] symbolically linking /home/djqsp2/rokey3_E4_ws/build/turtlebot4_python_tutorials/resource/turtlebot4_python_tutorials -> /home/djqsp2/rokey3_E4_ws/install/turtlebot4_python_tutorials/share/ament_index/resource_index/packages
[1.338s] symbolically linking /home/djqsp2/rokey3_E4_ws/build/turtlebot4_python_tutorials/package.xml -> /home/djqsp2/rokey3_E4_ws/install/turtlebot4_python_tutorials/share/turtlebot4_python_tutorials
[1.359s] Invoked command in '/home/djqsp2/rokey3_E4_ws/build/turtlebot4_python_tutorials' returned '0': AMENT_PREFIX_PATH=/home/djqsp2/rokey3_E4_ws/install/turtlebot4_navigation:${AMENT_PREFIX_PATH} CMAKE_PREFIX_PATH=/home/djqsp2/rokey3_E4_ws/install/turtlebot4_navigation PYTHONPATH=/home/djqsp2/rokey3_E4_ws/build/turtlebot4_python_tutorials/prefix_override:/usr/lib/python3/dist-packages/colcon_core/task/python/colcon_distutils_commands:/home/djqsp2/rokey3_E4_ws/install/turtlebot4_python_tutorials/lib/python3.10/site-packages:/home/djqsp2/rokey3_E4_ws/install/turtlebot4_navigation/local/lib/python3.10/dist-packages:${PYTHONPATH} /usr/bin/python3 -W ignore:setup.py install is deprecated -W ignore:easy_install command is deprecated setup.py develop --editable --build-directory /home/djqsp2/rokey3_E4_ws/build/turtlebot4_python_tutorials/build --no-deps symlink_data
