-- The C compiler identification is GNU 11.4.0
-- The CXX compiler identification is GNU 11.4.0
-- Detecting C compiler ABI info
-- Detecting C compiler ABI info - done
-- Check for working C compiler: /usr/bin/cc - skipped
-- Detecting C compile features
-- Detecting C compile features - done
-- Detecting CXX compiler ABI info
-- Detecting CXX compiler ABI info - done
-- Check for working CXX compiler: /usr/bin/c++ - skipped
-- Detecting CXX compile features
-- Detecting CXX compile features - done
-- Found ament_cmake: 1.3.11 (/opt/ros/humble/share/ament_cmake/cmake)
-- Found Python3: /usr/bin/python3 (found version "3.10.12") found components: Interpreter 
-- Override CMake install command with custom implementation using symlinks instead of copying resources
-- Found rclcpp: 16.0.12 (/opt/ros/humble/share/rclcpp/cmake)
-- Found rosidl_generator_c: 3.1.6 (/opt/ros/humble/share/rosidl_generator_c/cmake)
-- Found rosidl_adapter: 3.1.6 (/opt/ros/humble/share/rosidl_adapter/cmake)
-- Found rosidl_generator_cpp: 3.1.6 (/opt/ros/humble/share/rosidl_generator_cpp/cmake)
-- Using all available rosidl_typesupport_c: rosidl_typesupport_fastrtps_c;rosidl_typesupport_introspection_c
-- Using all available rosidl_typesupport_cpp: rosidl_typesupport_fastrtps_cpp;rosidl_typesupport_introspection_cpp
-- Found rmw_implementation_cmake: 6.1.2 (/opt/ros/humble/share/rmw_implementation_cmake/cmake)
-- Found rmw_fastrtps_cpp: 6.2.7 (/opt/ros/humble/share/rmw_fastrtps_cpp/cmake)
-- Found OpenSSL: /usr/lib/x86_64-linux-gnu/libcrypto.so (found version "3.0.2")  
-- Found FastRTPS: /opt/ros/humble/include  
-- Using RMW implementation 'rmw_fastrtps_cpp' as default
-- Looking for pthread.h
-- Looking for pthread.h - found
-- Performing Test CMAKE_HAVE_LIBC_PTHREAD
-- Performing Test CMAKE_HAVE_LIBC_PTHREAD - Success
-- Found Threads: TRUE  
-- Found sensor_msgs: 4.8.0 (/opt/ros/humble/share/sensor_msgs/cmake)
-- Found rosidl_default_generators: 1.2.0 (/opt/ros/humble/share/rosidl_default_generators/cmake)
-- Found ament_cmake_ros: 0.10.0 (/opt/ros/humble/share/ament_cmake_ros/cmake)
-- Using all available rosidl_typesupport_c: rosidl_typesupport_fastrtps_c;rosidl_typesupport_introspection_c
-- Using all available rosidl_typesupport_cpp: rosidl_typesupport_fastrtps_cpp;rosidl_typesupport_introspection_cpp
-- Found PythonInterp: /usr/bin/python3 (found suitable version "3.10.12", minimum required is "3.6") 
-- Found python_cmake_module: 0.10.0 (/opt/ros/humble/share/python_cmake_module/cmake)
-- Found PythonLibs: /usr/lib/x86_64-linux-gnu/libpython3.10.so (found suitable version "3.10.12", minimum required is "3.5") 
-- Using PYTHON_EXECUTABLE: /usr/bin/python3
-- Using PYTHON_INCLUDE_DIRS: /usr/include/python3.10
-- Using PYTHON_LIBRARIES: /usr/lib/x86_64-linux-gnu/libpython3.10.so
-- Found PythonExtra: .so  
-- Configuring done
-- Generating done
-- Build files have been written to: /home/djqsp2/rokey3_E4_ws/build/yolo_data
[  2%] [34m[1mGenerating C code for ROS interfaces[0m
[  4%] [34m[1mGenerating C++ code for ROS interfaces[0m
[  4%] Built target ament_cmake_python_symlink_yolo_data
running egg_info
creating yolo_data.egg-info
writing yolo_data.egg-info/PKG-INFO
writing dependency_links to yolo_data.egg-info/dependency_links.txt
writing top-level names to yolo_data.egg-info/top_level.txt
writing manifest file 'yolo_data.egg-info/SOURCES.txt'
reading manifest file 'yolo_data.egg-info/SOURCES.txt'
writing manifest file 'yolo_data.egg-info/SOURCES.txt'
[  4%] Built target yolo_data__cpp
[  6%] [34m[1mGenerating C++ type support dispatch for ROS interfaces[0m
[  8%] [34m[1mGenerating C++ type support for eProsima Fast-RTPS[0m
[ 10%] [34m[1mGenerating C++ introspection for ROS interfaces[0m
[ 10%] Built target ament_cmake_python_build_yolo_data_egg
[ 12%] [32mBuilding C object CMakeFiles/yolo_data__rosidl_generator_c.dir/rosidl_generator_c/yolo_data/msg/detail/monitor_data__functions.c.o[0m
[ 14%] [32mBuilding C object CMakeFiles/yolo_data__rosidl_generator_c.dir/rosidl_generator_c/yolo_data/msg/detail/map_point__functions.c.o[0m
[ 17%] [32mBuilding C object CMakeFiles/yolo_data__rosidl_generator_c.dir/rosidl_generator_c/yolo_data/msg/detail/monitored__functions.c.o[0m
[ 19%] [32m[1mLinking C shared library libyolo_data__rosidl_generator_c.so[0m
[ 19%] Built target yolo_data__rosidl_generator_c
[ 21%] [34m[1mGenerating C type support for eProsima Fast-RTPS[0m
[ 23%] [34m[1mGenerating C type support dispatch for ROS interfaces[0m
[ 25%] [34m[1mGenerating C introspection for ROS interfaces[0m
[ 27%] [32mBuilding CXX object CMakeFiles/yolo_data__rosidl_typesupport_fastrtps_cpp.dir/rosidl_typesupport_fastrtps_cpp/yolo_data/msg/detail/dds_fastrtps/monitored__type_support.cpp.o[0m
[ 29%] [32mBuilding CXX object CMakeFiles/yolo_data__rosidl_typesupport_fastrtps_cpp.dir/rosidl_typesupport_fastrtps_cpp/yolo_data/msg/detail/dds_fastrtps/monitor_data__type_support.cpp.o[0m
[ 31%] [32mBuilding CXX object CMakeFiles/yolo_data__rosidl_typesupport_fastrtps_cpp.dir/rosidl_typesupport_fastrtps_cpp/yolo_data/msg/detail/dds_fastrtps/map_point__type_support.cpp.o[0m
[ 34%] [32mBuilding CXX object CMakeFiles/yolo_data__rosidl_typesupport_cpp.dir/rosidl_typesupport_cpp/yolo_data/msg/monitored__type_support.cpp.o[0m
[ 36%] [32mBuilding CXX object CMakeFiles/yolo_data__rosidl_typesupport_cpp.dir/rosidl_typesupport_cpp/yolo_data/msg/map_point__type_support.cpp.o[0m
[ 38%] [32mBuilding CXX object CMakeFiles/yolo_data__rosidl_typesupport_cpp.dir/rosidl_typesupport_cpp/yolo_data/msg/monitor_data__type_support.cpp.o[0m
[ 40%] [32mBuilding CXX object CMakeFiles/yolo_data__rosidl_typesupport_introspection_cpp.dir/rosidl_typesupport_introspection_cpp/yolo_data/msg/detail/monitored__type_support.cpp.o[0m
[ 42%] [32mBuilding CXX object CMakeFiles/yolo_data__rosidl_typesupport_introspection_cpp.dir/rosidl_typesupport_introspection_cpp/yolo_data/msg/detail/map_point__type_support.cpp.o[0m
[ 44%] [32mBuilding CXX object CMakeFiles/yolo_data__rosidl_typesupport_introspection_cpp.dir/rosidl_typesupport_introspection_cpp/yolo_data/msg/detail/monitor_data__type_support.cpp.o[0m
[ 46%] [32mBuilding C object CMakeFiles/yolo_data__rosidl_typesupport_introspection_c.dir/rosidl_typesupport_introspection_c/yolo_data/msg/detail/map_point__type_support.c.o[0m
[ 48%] [32mBuilding C object CMakeFiles/yolo_data__rosidl_typesupport_introspection_c.dir/rosidl_typesupport_introspection_c/yolo_data/msg/detail/monitor_data__type_support.c.o[0m
[ 51%] [32mBuilding C object CMakeFiles/yolo_data__rosidl_typesupport_introspection_c.dir/rosidl_typesupport_introspection_c/yolo_data/msg/detail/monitored__type_support.c.o[0m
[ 53%] [32mBuilding CXX object CMakeFiles/yolo_data__rosidl_typesupport_c.dir/rosidl_typesupport_c/yolo_data/msg/monitored__type_support.cpp.o[0m
[ 55%] [32mBuilding CXX object CMakeFiles/yolo_data__rosidl_typesupport_c.dir/rosidl_typesupport_c/yolo_data/msg/map_point__type_support.cpp.o[0m
[ 57%] [32mBuilding CXX object CMakeFiles/yolo_data__rosidl_typesupport_c.dir/rosidl_typesupport_c/yolo_data/msg/monitor_data__type_support.cpp.o[0m
[ 59%] [32m[1mLinking C shared library libyolo_data__rosidl_typesupport_introspection_c.so[0m
[ 61%] [32mBuilding CXX object CMakeFiles/yolo_data__rosidl_typesupport_fastrtps_c.dir/rosidl_typesupport_fastrtps_c/yolo_data/msg/detail/map_point__type_support_c.cpp.o[0m
[ 65%] [32mBuilding CXX object CMakeFiles/yolo_data__rosidl_typesupport_fastrtps_c.dir/rosidl_typesupport_fastrtps_c/yolo_data/msg/detail/monitored__type_support_c.cpp.o[0m
[ 65%] [32mBuilding CXX object CMakeFiles/yolo_data__rosidl_typesupport_fastrtps_c.dir/rosidl_typesupport_fastrtps_c/yolo_data/msg/detail/monitor_data__type_support_c.cpp.o[0m
[ 68%] [32m[1mLinking CXX shared library libyolo_data__rosidl_typesupport_c.so[0m
[ 68%] Built target yolo_data__rosidl_typesupport_introspection_c
[ 68%] Built target yolo_data__rosidl_typesupport_c
[ 70%] [32m[1mLinking CXX shared library libyolo_data__rosidl_typesupport_cpp.so[0m
[ 70%] Built target yolo_data__rosidl_typesupport_cpp
[ 72%] [32m[1mLinking CXX shared library libyolo_data__rosidl_typesupport_fastrtps_cpp.so[0m
[ 72%] Built target yolo_data__rosidl_typesupport_fastrtps_cpp
[ 74%] [32m[1mLinking CXX shared library libyolo_data__rosidl_typesupport_fastrtps_c.so[0m
[ 76%] [32m[1mLinking CXX shared library libyolo_data__rosidl_typesupport_introspection_cpp.so[0m
[ 76%] Built target yolo_data__rosidl_typesupport_fastrtps_c
[ 76%] Built target yolo_data__rosidl_typesupport_introspection_cpp
[ 76%] Built target yolo_data
[ 78%] [34m[1mGenerating Python code for ROS interfaces[0m
[ 78%] Built target yolo_data__py
[ 80%] [32mBuilding C object CMakeFiles/yolo_data__rosidl_generator_py.dir/rosidl_generator_py/yolo_data/msg/_monitor_data_s.c.o[0m
[ 85%] [32mBuilding C object CMakeFiles/yolo_data__rosidl_generator_py.dir/rosidl_generator_py/yolo_data/msg/_map_point_s.c.o[0m
[ 85%] [32mBuilding C object CMakeFiles/yolo_data__rosidl_generator_py.dir/rosidl_generator_py/yolo_data/msg/_monitored_s.c.o[0m
[ 87%] [32m[1mLinking C shared library rosidl_generator_py/yolo_data/libyolo_data__rosidl_generator_py.so[0m
[ 87%] Built target yolo_data__rosidl_generator_py
[ 89%] [32mBuilding C object CMakeFiles/yolo_data__rosidl_typesupport_c__pyext.dir/rosidl_generator_py/yolo_data/_yolo_data_s.ep.rosidl_typesupport_c.c.o[0m
[ 91%] [32mBuilding C object CMakeFiles/yolo_data__rosidl_typesupport_fastrtps_c__pyext.dir/rosidl_generator_py/yolo_data/_yolo_data_s.ep.rosidl_typesupport_fastrtps_c.c.o[0m
[ 93%] [32mBuilding C object CMakeFiles/yolo_data__rosidl_typesupport_introspection_c__pyext.dir/rosidl_generator_py/yolo_data/_yolo_data_s.ep.rosidl_typesupport_introspection_c.c.o[0m
[ 95%] [32m[1mLinking C shared library rosidl_generator_py/yolo_data/yolo_data_s__rosidl_typesupport_fastrtps_c.cpython-310-x86_64-linux-gnu.so[0m
[ 97%] [32m[1mLinking C shared library rosidl_generator_py/yolo_data/yolo_data_s__rosidl_typesupport_c.cpython-310-x86_64-linux-gnu.so[0m
[100%] [32m[1mLinking C shared library rosidl_generator_py/yolo_data/yolo_data_s__rosidl_typesupport_introspection_c.cpython-310-x86_64-linux-gnu.so[0m
[100%] Built target yolo_data__rosidl_typesupport_c__pyext
[100%] Built target yolo_data__rosidl_typesupport_fastrtps_c__pyext
[100%] Built target yolo_data__rosidl_typesupport_introspection_c__pyext
-- Install configuration: ""
-- Execute custom install script
-- Symlinking: /home/djqsp2/rokey3_E4_ws/install/yolo_data/share/ament_index/resource_index/rosidl_interfaces/yolo_data
-- Symlinking: /home/djqsp2/rokey3_E4_ws/install/yolo_data/include/yolo_data/yolo_data/msg/detail/map_point__functions.h
-- Symlinking: /home/djqsp2/rokey3_E4_ws/install/yolo_data/include/yolo_data/yolo_data/msg/detail/map_point__struct.h
-- Symlinking: /home/djqsp2/rokey3_E4_ws/install/yolo_data/include/yolo_data/yolo_data/msg/detail/map_point__type_support.h
-- Symlinking: /home/djqsp2/rokey3_E4_ws/install/yolo_data/include/yolo_data/yolo_data/msg/detail/monitor_data__functions.h
-- Symlinking: /home/djqsp2/rokey3_E4_ws/install/yolo_data/include/yolo_data/yolo_data/msg/detail/monitor_data__struct.h
-- Symlinking: /home/djqsp2/rokey3_E4_ws/install/yolo_data/include/yolo_data/yolo_data/msg/detail/monitor_data__type_support.h
-- Symlinking: /home/djqsp2/rokey3_E4_ws/install/yolo_data/include/yolo_data/yolo_data/msg/detail/monitored__functions.h
-- Symlinking: /home/djqsp2/rokey3_E4_ws/install/yolo_data/include/yolo_data/yolo_data/msg/detail/monitored__struct.h
-- Symlinking: /home/djqsp2/rokey3_E4_ws/install/yolo_data/include/yolo_data/yolo_data/msg/detail/monitored__type_support.h
-- Symlinking: /home/djqsp2/rokey3_E4_ws/install/yolo_data/include/yolo_data/yolo_data/msg/map_point.h
-- Symlinking: /home/djqsp2/rokey3_E4_ws/install/yolo_data/include/yolo_data/yolo_data/msg/monitor_data.h
-- Symlinking: /home/djqsp2/rokey3_E4_ws/install/yolo_data/include/yolo_data/yolo_data/msg/monitored.h
-- Symlinking: /home/djqsp2/rokey3_E4_ws/install/yolo_data/include/yolo_data/yolo_data/msg/rosidl_generator_c__visibility_control.h
-- Symlinking: /home/djqsp2/rokey3_E4_ws/install/yolo_data/share/yolo_data/environment/library_path.sh
-- Symlinking: /home/djqsp2/rokey3_E4_ws/install/yolo_data/share/yolo_data/environment/library_path.dsv
-- Symlinking: /home/djqsp2/rokey3_E4_ws/install/yolo_data/include/yolo_data/yolo_data/msg/detail/map_point__rosidl_typesupport_fastrtps_c.h
-- Symlinking: /home/djqsp2/rokey3_E4_ws/install/yolo_data/include/yolo_data/yolo_data/msg/detail/monitor_data__rosidl_typesupport_fastrtps_c.h
-- Symlinking: /home/djqsp2/rokey3_E4_ws/install/yolo_data/include/yolo_data/yolo_data/msg/detail/monitored__rosidl_typesupport_fastrtps_c.h
-- Symlinking: /home/djqsp2/rokey3_E4_ws/install/yolo_data/include/yolo_data/yolo_data/msg/rosidl_typesupport_fastrtps_c__visibility_control.h
-- Symlinking: /home/djqsp2/rokey3_E4_ws/install/yolo_data/include/yolo_data/yolo_data/msg/detail/map_point__builder.hpp
-- Symlinking: /home/djqsp2/rokey3_E4_ws/install/yolo_data/include/yolo_data/yolo_data/msg/detail/map_point__struct.hpp
-- Symlinking: /home/djqsp2/rokey3_E4_ws/install/yolo_data/include/yolo_data/yolo_data/msg/detail/map_point__traits.hpp
-- Symlinking: /home/djqsp2/rokey3_E4_ws/install/yolo_data/include/yolo_data/yolo_data/msg/detail/map_point__type_support.hpp
-- Symlinking: /home/djqsp2/rokey3_E4_ws/install/yolo_data/include/yolo_data/yolo_data/msg/detail/monitor_data__builder.hpp
-- Symlinking: /home/djqsp2/rokey3_E4_ws/install/yolo_data/include/yolo_data/yolo_data/msg/detail/monitor_data__struct.hpp
-- Symlinking: /home/djqsp2/rokey3_E4_ws/install/yolo_data/include/yolo_data/yolo_data/msg/detail/monitor_data__traits.hpp
-- Symlinking: /home/djqsp2/rokey3_E4_ws/install/yolo_data/include/yolo_data/yolo_data/msg/detail/monitor_data__type_support.hpp
-- Symlinking: /home/djqsp2/rokey3_E4_ws/install/yolo_data/include/yolo_data/yolo_data/msg/detail/monitored__builder.hpp
-- Symlinking: /home/djqsp2/rokey3_E4_ws/install/yolo_data/include/yolo_data/yolo_data/msg/detail/monitored__struct.hpp
-- Symlinking: /home/djqsp2/rokey3_E4_ws/install/yolo_data/include/yolo_data/yolo_data/msg/detail/monitored__traits.hpp
-- Symlinking: /home/djqsp2/rokey3_E4_ws/install/yolo_data/include/yolo_data/yolo_data/msg/detail/monitored__type_support.hpp
-- Symlinking: /home/djqsp2/rokey3_E4_ws/install/yolo_data/include/yolo_data/yolo_data/msg/map_point.hpp
-- Symlinking: /home/djqsp2/rokey3_E4_ws/install/yolo_data/include/yolo_data/yolo_data/msg/monitor_data.hpp
-- Symlinking: /home/djqsp2/rokey3_E4_ws/install/yolo_data/include/yolo_data/yolo_data/msg/monitored.hpp
-- Symlinking: /home/djqsp2/rokey3_E4_ws/install/yolo_data/include/yolo_data/yolo_data/msg/rosidl_generator_cpp__visibility_control.hpp
-- Symlinking: /home/djqsp2/rokey3_E4_ws/install/yolo_data/include/yolo_data/yolo_data/msg/detail/map_point__rosidl_typesupport_fastrtps_cpp.hpp
-- Symlinking: /home/djqsp2/rokey3_E4_ws/install/yolo_data/include/yolo_data/yolo_data/msg/detail/monitor_data__rosidl_typesupport_fastrtps_cpp.hpp
-- Symlinking: /home/djqsp2/rokey3_E4_ws/install/yolo_data/include/yolo_data/yolo_data/msg/detail/monitored__rosidl_typesupport_fastrtps_cpp.hpp
-- Symlinking: /home/djqsp2/rokey3_E4_ws/install/yolo_data/include/yolo_data/yolo_data/msg/rosidl_typesupport_fastrtps_cpp__visibility_control.h
-- Symlinking: /home/djqsp2/rokey3_E4_ws/install/yolo_data/include/yolo_data/yolo_data/msg/detail/map_point__rosidl_typesupport_introspection_c.h
-- Symlinking: /home/djqsp2/rokey3_E4_ws/install/yolo_data/include/yolo_data/yolo_data/msg/detail/monitor_data__rosidl_typesupport_introspection_c.h
-- Symlinking: /home/djqsp2/rokey3_E4_ws/install/yolo_data/include/yolo_data/yolo_data/msg/detail/monitored__rosidl_typesupport_introspection_c.h
-- Symlinking: /home/djqsp2/rokey3_E4_ws/install/yolo_data/include/yolo_data/yolo_data/msg/rosidl_typesupport_introspection_c__visibility_control.h
-- Symlinking: /home/djqsp2/rokey3_E4_ws/install/yolo_data/include/yolo_data/yolo_data/msg/detail/map_point__rosidl_typesupport_introspection_cpp.hpp
-- Symlinking: /home/djqsp2/rokey3_E4_ws/install/yolo_data/include/yolo_data/yolo_data/msg/detail/monitor_data__rosidl_typesupport_introspection_cpp.hpp
-- Symlinking: /home/djqsp2/rokey3_E4_ws/install/yolo_data/include/yolo_data/yolo_data/msg/detail/monitored__rosidl_typesupport_introspection_cpp.hpp
-- Symlinking: /home/djqsp2/rokey3_E4_ws/install/yolo_data/share/yolo_data/environment/pythonpath.sh
-- Symlinking: /home/djqsp2/rokey3_E4_ws/install/yolo_data/share/yolo_data/environment/pythonpath.dsv
-- Symlinking: /home/djqsp2/rokey3_E4_ws/install/yolo_data/local/lib/python3.10/dist-packages/yolo_data-0.0.0-py3.10.egg-info/PKG-INFO
-- Symlinking: /home/djqsp2/rokey3_E4_ws/install/yolo_data/local/lib/python3.10/dist-packages/yolo_data-0.0.0-py3.10.egg-info/SOURCES.txt
-- Symlinking: /home/djqsp2/rokey3_E4_ws/install/yolo_data/local/lib/python3.10/dist-packages/yolo_data-0.0.0-py3.10.egg-info/dependency_links.txt
-- Symlinking: /home/djqsp2/rokey3_E4_ws/install/yolo_data/local/lib/python3.10/dist-packages/yolo_data-0.0.0-py3.10.egg-info/top_level.txt
-- Symlinking: /home/djqsp2/rokey3_E4_ws/install/yolo_data/local/lib/python3.10/dist-packages/yolo_data/__init__.py
-- Symlinking: /home/djqsp2/rokey3_E4_ws/install/yolo_data/local/lib/python3.10/dist-packages/yolo_data/_yolo_data_s.ep.rosidl_typesupport_c.c
-- Symlinking: /home/djqsp2/rokey3_E4_ws/install/yolo_data/local/lib/python3.10/dist-packages/yolo_data/_yolo_data_s.ep.rosidl_typesupport_fastrtps_c.c
-- Symlinking: /home/djqsp2/rokey3_E4_ws/install/yolo_data/local/lib/python3.10/dist-packages/yolo_data/_yolo_data_s.ep.rosidl_typesupport_introspection_c.c
-- Symlinking: /home/djqsp2/rokey3_E4_ws/install/yolo_data/local/lib/python3.10/dist-packages/yolo_data/libyolo_data__rosidl_generator_py.so
-- Symlinking: /home/djqsp2/rokey3_E4_ws/install/yolo_data/local/lib/python3.10/dist-packages/yolo_data/msg/__init__.py
-- Symlinking: /home/djqsp2/rokey3_E4_ws/install/yolo_data/local/lib/python3.10/dist-packages/yolo_data/msg/_map_point.py
-- Symlinking: /home/djqsp2/rokey3_E4_ws/install/yolo_data/local/lib/python3.10/dist-packages/yolo_data/msg/_map_point_s.c
-- Symlinking: /home/djqsp2/rokey3_E4_ws/install/yolo_data/local/lib/python3.10/dist-packages/yolo_data/msg/_monitor_data.py
-- Symlinking: /home/djqsp2/rokey3_E4_ws/install/yolo_data/local/lib/python3.10/dist-packages/yolo_data/msg/_monitor_data_s.c
-- Symlinking: /home/djqsp2/rokey3_E4_ws/install/yolo_data/local/lib/python3.10/dist-packages/yolo_data/msg/_monitored.py
-- Symlinking: /home/djqsp2/rokey3_E4_ws/install/yolo_data/local/lib/python3.10/dist-packages/yolo_data/msg/_monitored_s.c
-- Symlinking: /home/djqsp2/rokey3_E4_ws/install/yolo_data/local/lib/python3.10/dist-packages/yolo_data/yolo_data_s__rosidl_typesupport_c.cpython-310-x86_64-linux-gnu.so
-- Symlinking: /home/djqsp2/rokey3_E4_ws/install/yolo_data/local/lib/python3.10/dist-packages/yolo_data/yolo_data_s__rosidl_typesupport_fastrtps_c.cpython-310-x86_64-linux-gnu.so
-- Symlinking: /home/djqsp2/rokey3_E4_ws/install/yolo_data/local/lib/python3.10/dist-packages/yolo_data/yolo_data_s__rosidl_typesupport_introspection_c.cpython-310-x86_64-linux-gnu.so
-- Up-to-date symlink: /home/djqsp2/rokey3_E4_ws/install/yolo_data/local/lib/python3.10/dist-packages/yolo_data/yolo_data_s__rosidl_typesupport_fastrtps_c.cpython-310-x86_64-linux-gnu.so
-- Up-to-date symlink: /home/djqsp2/rokey3_E4_ws/install/yolo_data/local/lib/python3.10/dist-packages/yolo_data/yolo_data_s__rosidl_typesupport_introspection_c.cpython-310-x86_64-linux-gnu.so
-- Up-to-date symlink: /home/djqsp2/rokey3_E4_ws/install/yolo_data/local/lib/python3.10/dist-packages/yolo_data/yolo_data_s__rosidl_typesupport_c.cpython-310-x86_64-linux-gnu.so
-- Symlinking: /home/djqsp2/rokey3_E4_ws/install/yolo_data/share/yolo_data/msg/Monitored.idl
-- Symlinking: /home/djqsp2/rokey3_E4_ws/install/yolo_data/share/yolo_data/msg/MonitorData.idl
-- Symlinking: /home/djqsp2/rokey3_E4_ws/install/yolo_data/share/yolo_data/msg/MapPoint.idl
-- Symlinking: /home/djqsp2/rokey3_E4_ws/install/yolo_data/share/yolo_data/msg/Monitored.msg
-- Symlinking: /home/djqsp2/rokey3_E4_ws/install/yolo_data/share/yolo_data/msg/MonitorData.msg
-- Symlinking: /home/djqsp2/rokey3_E4_ws/install/yolo_data/share/yolo_data/msg/MapPoint.msg
-- Symlinking: /home/djqsp2/rokey3_E4_ws/install/yolo_data/share/ament_index/resource_index/package_run_dependencies/yolo_data
-- Symlinking: /home/djqsp2/rokey3_E4_ws/install/yolo_data/share/ament_index/resource_index/parent_prefix_path/yolo_data
-- Symlinking: /home/djqsp2/rokey3_E4_ws/install/yolo_data/share/yolo_data/environment/ament_prefix_path.sh
-- Symlinking: /home/djqsp2/rokey3_E4_ws/install/yolo_data/share/yolo_data/environment/ament_prefix_path.dsv
-- Symlinking: /home/djqsp2/rokey3_E4_ws/install/yolo_data/share/yolo_data/environment/path.sh
-- Symlinking: /home/djqsp2/rokey3_E4_ws/install/yolo_data/share/yolo_data/environment/path.dsv
-- Symlinking: /home/djqsp2/rokey3_E4_ws/install/yolo_data/share/yolo_data/local_setup.bash
-- Symlinking: /home/djqsp2/rokey3_E4_ws/install/yolo_data/share/yolo_data/local_setup.sh
-- Symlinking: /home/djqsp2/rokey3_E4_ws/install/yolo_data/share/yolo_data/local_setup.zsh
-- Symlinking: /home/djqsp2/rokey3_E4_ws/install/yolo_data/share/yolo_data/local_setup.dsv
-- Symlinking: /home/djqsp2/rokey3_E4_ws/install/yolo_data/share/yolo_data/package.dsv
-- Symlinking: /home/djqsp2/rokey3_E4_ws/install/yolo_data/share/ament_index/resource_index/packages/yolo_data
-- Symlinking: /home/djqsp2/rokey3_E4_ws/install/yolo_data/share/yolo_data/cmake/rosidl_cmake-extras.cmake
-- Symlinking: /home/djqsp2/rokey3_E4_ws/install/yolo_data/share/yolo_data/cmake/ament_cmake_export_dependencies-extras.cmake
-- Symlinking: /home/djqsp2/rokey3_E4_ws/install/yolo_data/share/yolo_data/cmake/ament_cmake_export_include_directories-extras.cmake
-- Symlinking: /home/djqsp2/rokey3_E4_ws/install/yolo_data/share/yolo_data/cmake/ament_cmake_export_libraries-extras.cmake
-- Symlinking: /home/djqsp2/rokey3_E4_ws/install/yolo_data/share/yolo_data/cmake/ament_cmake_export_targets-extras.cmake
-- Symlinking: /home/djqsp2/rokey3_E4_ws/install/yolo_data/share/yolo_data/cmake/rosidl_cmake_export_typesupport_targets-extras.cmake
-- Symlinking: /home/djqsp2/rokey3_E4_ws/install/yolo_data/share/yolo_data/cmake/rosidl_cmake_export_typesupport_libraries-extras.cmake
-- Symlinking: /home/djqsp2/rokey3_E4_ws/install/yolo_data/share/yolo_data/cmake/yolo_dataConfig.cmake
-- Symlinking: /home/djqsp2/rokey3_E4_ws/install/yolo_data/share/yolo_data/cmake/yolo_dataConfig-version.cmake
-- Symlinking: /home/djqsp2/rokey3_E4_ws/install/yolo_data/share/yolo_data/package.xml
-- Installing: /home/djqsp2/rokey3_E4_ws/install/yolo_data/lib/libyolo_data__rosidl_generator_c.so
-- Set runtime path of "/home/djqsp2/rokey3_E4_ws/install/yolo_data/lib/libyolo_data__rosidl_generator_c.so" to ""
-- Installing: /home/djqsp2/rokey3_E4_ws/install/yolo_data/lib/libyolo_data__rosidl_typesupport_fastrtps_c.so
-- Set runtime path of "/home/djqsp2/rokey3_E4_ws/install/yolo_data/lib/libyolo_data__rosidl_typesupport_fastrtps_c.so" to ""
-- Installing: /home/djqsp2/rokey3_E4_ws/install/yolo_data/lib/libyolo_data__rosidl_typesupport_fastrtps_cpp.so
-- Set runtime path of "/home/djqsp2/rokey3_E4_ws/install/yolo_data/lib/libyolo_data__rosidl_typesupport_fastrtps_cpp.so" to ""
-- Installing: /home/djqsp2/rokey3_E4_ws/install/yolo_data/lib/libyolo_data__rosidl_typesupport_introspection_c.so
-- Set runtime path of "/home/djqsp2/rokey3_E4_ws/install/yolo_data/lib/libyolo_data__rosidl_typesupport_introspection_c.so" to ""
-- Installing: /home/djqsp2/rokey3_E4_ws/install/yolo_data/lib/libyolo_data__rosidl_typesupport_c.so
-- Set runtime path of "/home/djqsp2/rokey3_E4_ws/install/yolo_data/lib/libyolo_data__rosidl_typesupport_c.so" to ""
-- Installing: /home/djqsp2/rokey3_E4_ws/install/yolo_data/lib/libyolo_data__rosidl_typesupport_introspection_cpp.so
-- Set runtime path of "/home/djqsp2/rokey3_E4_ws/install/yolo_data/lib/libyolo_data__rosidl_typesupport_introspection_cpp.so" to ""
-- Installing: /home/djqsp2/rokey3_E4_ws/install/yolo_data/lib/libyolo_data__rosidl_typesupport_cpp.so
-- Set runtime path of "/home/djqsp2/rokey3_E4_ws/install/yolo_data/lib/libyolo_data__rosidl_typesupport_cpp.so" to ""
Listing '/home/djqsp2/rokey3_E4_ws/install/yolo_data/local/lib/python3.10/dist-packages/yolo_data'...
Compiling '/home/djqsp2/rokey3_E4_ws/install/yolo_data/local/lib/python3.10/dist-packages/yolo_data/__init__.py'...
Listing '/home/djqsp2/rokey3_E4_ws/install/yolo_data/local/lib/python3.10/dist-packages/yolo_data/msg'...
Compiling '/home/djqsp2/rokey3_E4_ws/install/yolo_data/local/lib/python3.10/dist-packages/yolo_data/msg/__init__.py'...
Compiling '/home/djqsp2/rokey3_E4_ws/install/yolo_data/local/lib/python3.10/dist-packages/yolo_data/msg/_map_point.py'...
Compiling '/home/djqsp2/rokey3_E4_ws/install/yolo_data/local/lib/python3.10/dist-packages/yolo_data/msg/_monitor_data.py'...
Compiling '/home/djqsp2/rokey3_E4_ws/install/yolo_data/local/lib/python3.10/dist-packages/yolo_data/msg/_monitored.py'...
-- Installing: /home/djqsp2/rokey3_E4_ws/install/yolo_data/lib/libyolo_data__rosidl_generator_py.so
-- Set runtime path of "/home/djqsp2/rokey3_E4_ws/install/yolo_data/lib/libyolo_data__rosidl_generator_py.so" to ""
-- Installing: /home/djqsp2/rokey3_E4_ws/install/yolo_data/share/yolo_data/cmake/export_yolo_data__rosidl_generator_cExport.cmake
-- Installing: /home/djqsp2/rokey3_E4_ws/install/yolo_data/share/yolo_data/cmake/export_yolo_data__rosidl_generator_cExport-noconfig.cmake
-- Installing: /home/djqsp2/rokey3_E4_ws/install/yolo_data/share/yolo_data/cmake/export_yolo_data__rosidl_typesupport_fastrtps_cExport.cmake
-- Installing: /home/djqsp2/rokey3_E4_ws/install/yolo_data/share/yolo_data/cmake/export_yolo_data__rosidl_typesupport_fastrtps_cExport-noconfig.cmake
-- Installing: /home/djqsp2/rokey3_E4_ws/install/yolo_data/share/yolo_data/cmake/export_yolo_data__rosidl_generator_cppExport.cmake
-- Installing: /home/djqsp2/rokey3_E4_ws/install/yolo_data/share/yolo_data/cmake/export_yolo_data__rosidl_typesupport_fastrtps_cppExport.cmake
-- Installing: /home/djqsp2/rokey3_E4_ws/install/yolo_data/share/yolo_data/cmake/export_yolo_data__rosidl_typesupport_fastrtps_cppExport-noconfig.cmake
-- Installing: /home/djqsp2/rokey3_E4_ws/install/yolo_data/share/yolo_data/cmake/yolo_data__rosidl_typesupport_introspection_cExport.cmake
-- Installing: /home/djqsp2/rokey3_E4_ws/install/yolo_data/share/yolo_data/cmake/yolo_data__rosidl_typesupport_introspection_cExport-noconfig.cmake
-- Installing: /home/djqsp2/rokey3_E4_ws/install/yolo_data/share/yolo_data/cmake/yolo_data__rosidl_typesupport_cExport.cmake
-- Installing: /home/djqsp2/rokey3_E4_ws/install/yolo_data/share/yolo_data/cmake/yolo_data__rosidl_typesupport_cExport-noconfig.cmake
-- Installing: /home/djqsp2/rokey3_E4_ws/install/yolo_data/share/yolo_data/cmake/yolo_data__rosidl_typesupport_introspection_cppExport.cmake
-- Installing: /home/djqsp2/rokey3_E4_ws/install/yolo_data/share/yolo_data/cmake/yolo_data__rosidl_typesupport_introspection_cppExport-noconfig.cmake
-- Installing: /home/djqsp2/rokey3_E4_ws/install/yolo_data/share/yolo_data/cmake/yolo_data__rosidl_typesupport_cppExport.cmake
-- Installing: /home/djqsp2/rokey3_E4_ws/install/yolo_data/share/yolo_data/cmake/yolo_data__rosidl_typesupport_cppExport-noconfig.cmake
-- Installing: /home/djqsp2/rokey3_E4_ws/install/yolo_data/share/yolo_data/cmake/export_yolo_data__rosidl_generator_pyExport.cmake
-- Installing: /home/djqsp2/rokey3_E4_ws/install/yolo_data/share/yolo_data/cmake/export_yolo_data__rosidl_generator_pyExport-noconfig.cmake
