[0.212s] Invoking command in '/home/djqsp2/rokey3_E4_ws/build/explore_lite': CMAKE_PREFIX_PATH=/opt/ros/humble /usr/bin/cmake /home/djqsp2/rokey3_E4_ws/src/m-explore-ros2/explore -DAMENT_CMAKE_SYMLINK_INSTALL=1 -DCMAKE_INSTALL_PREFIX=/home/djqsp2/rokey3_E4_ws/install/explore_lite
[0.252s] -- The C compiler identification is GNU 11.4.0
[0.293s] -- The CXX compiler identification is GNU 11.4.0
[0.301s] -- Detecting C compiler ABI info
[0.356s] -- Detecting C compiler ABI info - done
[0.363s] -- Check for working C compiler: /usr/bin/cc - skipped
[0.363s] -- Detecting C compile features
[0.364s] -- Detecting C compile features - done
[0.367s] -- Detecting CXX compiler ABI info
[0.424s] -- Detecting CXX compiler ABI info - done
[0.429s] -- Check for working CXX compiler: /usr/bin/c++ - skipped
[0.429s] -- Detecting CXX compile features
[0.430s] -- Detecting CXX compile features - done
[0.430s] -- BuilD for ROS2: humble
[0.431s] -- Found ament_cmake: 1.3.11 (/opt/ros/humble/share/ament_cmake/cmake)
[0.552s] -- Found Python3: /usr/bin/python3 (found version "3.10.12") found components: Interpreter 
[0.592s] -- Override CMake install command with custom implementation using symlinks instead of copying resources
[0.614s] -- Found rclcpp: 16.0.12 (/opt/ros/humble/share/rclcpp/cmake)
[0.644s] -- Found rosidl_generator_c: 3.1.6 (/opt/ros/humble/share/rosidl_generator_c/cmake)
[0.647s] -- Found rosidl_adapter: 3.1.6 (/opt/ros/humble/share/rosidl_adapter/cmake)
[0.653s] -- Found rosidl_generator_cpp: 3.1.6 (/opt/ros/humble/share/rosidl_generator_cpp/cmake)
[0.661s] -- Using all available rosidl_typesupport_c: rosidl_typesupport_fastrtps_c;rosidl_typesupport_introspection_c
[0.672s] -- Using all available rosidl_typesupport_cpp: rosidl_typesupport_fastrtps_cpp;rosidl_typesupport_introspection_cpp
[0.700s] -- Found rmw_implementation_cmake: 6.1.2 (/opt/ros/humble/share/rmw_implementation_cmake/cmake)
[0.702s] -- Found rmw_fastrtps_cpp: 6.2.7 (/opt/ros/humble/share/rmw_fastrtps_cpp/cmake)
[0.765s] -- Found OpenSSL: /usr/lib/x86_64-linux-gnu/libcrypto.so (found version "3.0.2")  
[0.792s] -- Found FastRTPS: /opt/ros/humble/include  
[0.821s] -- Using RMW implementation 'rmw_fastrtps_cpp' as default
[0.827s] -- Looking for pthread.h
[0.877s] -- Looking for pthread.h - found
[0.877s] -- Performing Test CMAKE_HAVE_LIBC_PTHREAD
[0.931s] -- Performing Test CMAKE_HAVE_LIBC_PTHREAD - Success
[0.931s] -- Found Threads: TRUE  
[0.972s] -- Found sensor_msgs: 4.8.0 (/opt/ros/humble/share/sensor_msgs/cmake)
[0.991s] -- Found tf2_ros: 0.25.12 (/opt/ros/humble/share/tf2_ros/cmake)
[1.055s] -- Found tf2_geometry_msgs: 0.25.12 (/opt/ros/humble/share/tf2_geometry_msgs/cmake)
[1.064s] -- Found eigen3_cmake_module: 0.1.1 (/opt/ros/humble/share/eigen3_cmake_module/cmake)
[1.064s] -- Found Eigen3: TRUE (found version "3.4.0") 
[1.064s] -- Ensuring Eigen3 include directory is part of orocos-kdl CMake target
[1.066s] -- Found nav2_msgs: 1.1.18 (/opt/ros/humble/share/nav2_msgs/cmake)
[1.091s] -- Found map_msgs: 2.1.0 (/opt/ros/humble/share/map_msgs/cmake)
[1.102s] -- Found visualization_msgs: 4.8.0 (/opt/ros/humble/share/visualization_msgs/cmake)
[1.115s] -- Found nav2_costmap_2d: 1.1.18 (/opt/ros/humble/share/nav2_costmap_2d/cmake)
[1.188s] -- Found ament_lint_auto: 0.12.12 (/opt/ros/humble/share/ament_lint_auto/cmake)
[1.235s] -- Found ament_cmake_gtest: 1.3.11 (/opt/ros/humble/share/ament_cmake_gtest/cmake)
[1.237s] -- Found gtest sources under '/opt/ros/humble/src/gtest_vendor': C++ tests using 'Google Test' will be built
[1.244s] -- Added test 'cppcheck' to perform static code analysis on C / C++ code
[1.245s] -- Configured cppcheck include dirs: /home/djqsp2/rokey3_E4_ws/src/m-explore-ros2/explore/include;$<BUILD_INTERFACE:/home/djqsp2/rokey3_E4_ws/src/m-explore-ros2/explore/include>
[1.245s] -- Configured cppcheck exclude dirs and/or files: 
[1.245s] -- Added test 'flake8' to check Python code syntax and style conventions
[1.245s] -- Added test 'lint_cmake' to check CMake code style
[1.245s] -- Added test 'pep257' to check Python code against some of the docstring style conventions in PEP 257
[1.246s] -- Added test 'uncrustify' to check C / C++ code style
[1.246s] -- Configured uncrustify additional arguments: 
[1.246s] -- Added test 'xmllint' to check XML markup files
[1.247s] -- Configuring done
[1.288s] -- Generating done
[1.295s] -- Build files have been written to: /home/djqsp2/rokey3_E4_ws/build/explore_lite
