running develop
running egg_info
writing turtlebot4_python_tutorials.egg-info/PKG-INFO
writing dependency_links to turtlebot4_python_tutorials.egg-info/dependency_links.txt
writing entry points to turtlebot4_python_tutorials.egg-info/entry_points.txt
writing requirements to turtlebot4_python_tutorials.egg-info/requires.txt
writing top-level names to turtlebot4_python_tutorials.egg-info/top_level.txt
reading manifest file 'turtlebot4_python_tutorials.egg-info/SOURCES.txt'
writing manifest file 'turtlebot4_python_tutorials.egg-info/SOURCES.txt'
running build_ext
Creating /home/djqsp2/rokey3_E4_ws/install/turtlebot4_python_tutorials/lib/python3.10/site-packages/turtlebot4-python-tutorials.egg-link (link to .)
Installing create_path script to /home/djqsp2/rokey3_E4_ws/install/turtlebot4_python_tutorials/lib/turtlebot4_python_tutorials
Installing follow_waypoints script to /home/djqsp2/rokey3_E4_ws/install/turtlebot4_python_tutorials/lib/turtlebot4_python_tutorials
Installing mail_delivery script to /home/djqsp2/rokey3_E4_ws/install/turtlebot4_python_tutorials/lib/turtlebot4_python_tutorials
Installing nav_through_poses script to /home/djqsp2/rokey3_E4_ws/install/turtlebot4_python_tutorials/lib/turtlebot4_python_tutorials
Installing nav_to_pose script to /home/djqsp2/rokey3_E4_ws/install/turtlebot4_python_tutorials/lib/turtlebot4_python_tutorials
Installing patrol_loop script to /home/djqsp2/rokey3_E4_ws/install/turtlebot4_python_tutorials/lib/turtlebot4_python_tutorials
Installing turtlebot4_first_python_node script to /home/djqsp2/rokey3_E4_ws/install/turtlebot4_python_tutorials/lib/turtlebot4_python_tutorials

Installed /home/djqsp2/rokey3_E4_ws/build/turtlebot4_python_tutorials
running symlink_data
