[0.842s] Invoking command in '/home/djqsp2/rokey3_E4_ws/build/turtlebot4_python_tutorials': AMENT_PREFIX_PATH=/home/djqsp2/rokey3_E4_ws/install/turtlebot4_navigation:${AMENT_PREFIX_PATH} CMAKE_PREFIX_PATH=/home/djqsp2/rokey3_E4_ws/install/turtlebot4_navigation PYTHONPATH=/home/djqsp2/rokey3_E4_ws/build/turtlebot4_python_tutorials/prefix_override:/usr/lib/python3/dist-packages/colcon_core/task/python/colcon_distutils_commands:/home/djqsp2/rokey3_E4_ws/install/turtlebot4_python_tutorials/lib/python3.10/site-packages:/home/djqsp2/rokey3_E4_ws/install/turtlebot4_navigation/local/lib/python3.10/dist-packages:${PYTHONPATH} /usr/bin/python3 -W ignore:setup.py install is deprecated -W ignore:easy_install command is deprecated setup.py develop --editable --build-directory /home/djqsp2/rokey3_E4_ws/build/turtlebot4_python_tutorials/build --no-deps symlink_data
[1.006s] running develop
[1.140s] running egg_info
[1.140s] writing turtlebot4_python_tutorials.egg-info/PKG-INFO
[1.141s] writing dependency_links to turtlebot4_python_tutorials.egg-info/dependency_links.txt
[1.141s] writing entry points to turtlebot4_python_tutorials.egg-info/entry_points.txt
[1.141s] writing requirements to turtlebot4_python_tutorials.egg-info/requires.txt
[1.141s] writing top-level names to turtlebot4_python_tutorials.egg-info/top_level.txt
[1.142s] reading manifest file 'turtlebot4_python_tutorials.egg-info/SOURCES.txt'
[1.143s] writing manifest file 'turtlebot4_python_tutorials.egg-info/SOURCES.txt'
[1.143s] running build_ext
[1.144s] Creating /home/djqsp2/rokey3_E4_ws/install/turtlebot4_python_tutorials/lib/python3.10/site-packages/turtlebot4-python-tutorials.egg-link (link to .)
[1.144s] Installing create_path script to /home/djqsp2/rokey3_E4_ws/install/turtlebot4_python_tutorials/lib/turtlebot4_python_tutorials
[1.144s] Installing follow_waypoints script to /home/djqsp2/rokey3_E4_ws/install/turtlebot4_python_tutorials/lib/turtlebot4_python_tutorials
[1.144s] Installing mail_delivery script to /home/djqsp2/rokey3_E4_ws/install/turtlebot4_python_tutorials/lib/turtlebot4_python_tutorials
[1.144s] Installing nav_through_poses script to /home/djqsp2/rokey3_E4_ws/install/turtlebot4_python_tutorials/lib/turtlebot4_python_tutorials
[1.144s] Installing nav_to_pose script to /home/djqsp2/rokey3_E4_ws/install/turtlebot4_python_tutorials/lib/turtlebot4_python_tutorials
[1.144s] Installing patrol_loop script to /home/djqsp2/rokey3_E4_ws/install/turtlebot4_python_tutorials/lib/turtlebot4_python_tutorials
[1.144s] Installing turtlebot4_first_python_node script to /home/djqsp2/rokey3_E4_ws/install/turtlebot4_python_tutorials/lib/turtlebot4_python_tutorials
[1.144s] 
[1.144s] Installed /home/djqsp2/rokey3_E4_ws/build/turtlebot4_python_tutorials
[1.144s] running symlink_data
