[0.643s] Invoking command in '/home/djqsp2/rokey3_E4_ws/build/turtlebot4_python_tutorials': CMAKE_PREFIX_PATH=/home/djqsp2/rokey3_E4_ws/install/turtlebot4_navigation:/home/djqsp2/rokey3_E4_ws/install/turtlebot4_simulator:/home/djqsp2/rokey3_E4_ws/install/turtlebot4_ignition_bringup:/home/djqsp2/rokey3_E4_ws/install/turtlebot4_desktop:/home/djqsp2/rokey3_E4_ws/install/turtlebot4_viz:/home/djqsp2/rokey3_E4_ws/install/turtlebot4_tutorials:/home/djqsp2/rokey3_E4_ws/install/turtlebot4_node:/home/djqsp2/rokey3_E4_ws/install/turtlebot4_ignition_toolbox:/home/djqsp2/rokey3_E4_ws/install/turtlebot4_msgs:/home/djqsp2/rokey3_E4_ws/install/turtlebot4_ignition_gui_plugins:/home/djqsp2/rokey3_E4_ws/install/turtlebot4_description:/home/djqsp2/rokey3_E4_ws/install/turtlebot4_cpp_tutorials:/home/djqsp2/rokey3_E4_ws/install/multirobot_map_merge:/home/djqsp2/rokey3_E4_ws/install/explore_lite PYTHONPATH=/home/djqsp2/rokey3_E4_ws/build/turtlebot4_python_tutorials/prefix_override:/usr/lib/python3/dist-packages/colcon_core/task/python/colcon_distutils_commands:/home/djqsp2/rokey3_E4_ws/install/turtlebot4_python_tutorials/lib/python3.10/site-packages:${PYTHONPATH} /usr/bin/python3 -W ignore:setup.py install is deprecated -W ignore:easy_install command is deprecated setup.py develop --editable --build-directory /home/djqsp2/rokey3_E4_ws/build/turtlebot4_python_tutorials/build --no-deps symlink_data
[0.818s] running develop
[0.956s] running egg_info
[0.956s] writing turtlebot4_python_tutorials.egg-info/PKG-INFO
[0.956s] writing dependency_links to turtlebot4_python_tutorials.egg-info/dependency_links.txt
[0.956s] writing entry points to turtlebot4_python_tutorials.egg-info/entry_points.txt
[0.957s] writing requirements to turtlebot4_python_tutorials.egg-info/requires.txt
[0.957s] writing top-level names to turtlebot4_python_tutorials.egg-info/top_level.txt
[0.957s] reading manifest file 'turtlebot4_python_tutorials.egg-info/SOURCES.txt'
[0.958s] writing manifest file 'turtlebot4_python_tutorials.egg-info/SOURCES.txt'
[0.958s] running build_ext
[0.959s] Creating /home/djqsp2/rokey3_E4_ws/install/turtlebot4_python_tutorials/lib/python3.10/site-packages/turtlebot4-python-tutorials.egg-link (link to .)
[0.960s] Installing create_path script to /home/djqsp2/rokey3_E4_ws/install/turtlebot4_python_tutorials/lib/turtlebot4_python_tutorials
[0.960s] Installing follow_waypoints script to /home/djqsp2/rokey3_E4_ws/install/turtlebot4_python_tutorials/lib/turtlebot4_python_tutorials
[0.960s] Installing mail_delivery script to /home/djqsp2/rokey3_E4_ws/install/turtlebot4_python_tutorials/lib/turtlebot4_python_tutorials
[0.960s] Installing nav_through_poses script to /home/djqsp2/rokey3_E4_ws/install/turtlebot4_python_tutorials/lib/turtlebot4_python_tutorials
[0.960s] Installing nav_to_pose script to /home/djqsp2/rokey3_E4_ws/install/turtlebot4_python_tutorials/lib/turtlebot4_python_tutorials
[0.960s] Installing patrol_loop script to /home/djqsp2/rokey3_E4_ws/install/turtlebot4_python_tutorials/lib/turtlebot4_python_tutorials
[0.960s] Installing turtlebot4_first_python_node script to /home/djqsp2/rokey3_E4_ws/install/turtlebot4_python_tutorials/lib/turtlebot4_python_tutorials
[0.961s] 
[0.961s] Installed /home/djqsp2/rokey3_E4_ws/build/turtlebot4_python_tutorials
[0.961s] running symlink_data
[0.981s] Invoked command in '/home/djqsp2/rokey3_E4_ws/build/turtlebot4_python_tutorials' returned '0': CMAKE_PREFIX_PATH=/home/djqsp2/rokey3_E4_ws/install/turtlebot4_navigation:/home/djqsp2/rokey3_E4_ws/install/turtlebot4_simulator:/home/djqsp2/rokey3_E4_ws/install/turtlebot4_ignition_bringup:/home/djqsp2/rokey3_E4_ws/install/turtlebot4_desktop:/home/djqsp2/rokey3_E4_ws/install/turtlebot4_viz:/home/djqsp2/rokey3_E4_ws/install/turtlebot4_tutorials:/home/djqsp2/rokey3_E4_ws/install/turtlebot4_node:/home/djqsp2/rokey3_E4_ws/install/turtlebot4_ignition_toolbox:/home/djqsp2/rokey3_E4_ws/install/turtlebot4_msgs:/home/djqsp2/rokey3_E4_ws/install/turtlebot4_ignition_gui_plugins:/home/djqsp2/rokey3_E4_ws/install/turtlebot4_description:/home/djqsp2/rokey3_E4_ws/install/turtlebot4_cpp_tutorials:/home/djqsp2/rokey3_E4_ws/install/multirobot_map_merge:/home/djqsp2/rokey3_E4_ws/install/explore_lite PYTHONPATH=/home/djqsp2/rokey3_E4_ws/build/turtlebot4_python_tutorials/prefix_override:/usr/lib/python3/dist-packages/colcon_core/task/python/colcon_distutils_commands:/home/djqsp2/rokey3_E4_ws/install/turtlebot4_python_tutorials/lib/python3.10/site-packages:${PYTHONPATH} /usr/bin/python3 -W ignore:setup.py install is deprecated -W ignore:easy_install command is deprecated setup.py develop --editable --build-directory /home/djqsp2/rokey3_E4_ws/build/turtlebot4_python_tutorials/build --no-deps symlink_data
