[0.038s] Invoking command in '/home/djqsp2/rokey3_E4_ws/build/turtlebot4_viz': AMENT_PREFIX_PATH=/home/djqsp2/rokey3_E4_ws/install/turtlebot4_description:${AMENT_PREFIX_PATH} CMAKE_PREFIX_PATH=/home/djqsp2/rokey3_E4_ws/install/turtlebot4_description:/opt/ros/humble /usr/bin/cmake --build /home/djqsp2/rokey3_E4_ws/build/turtlebot4_viz -- -j22 -l22
[0.080s] Invoked command in '/home/djqsp2/rokey3_E4_ws/build/turtlebot4_viz' returned '0': AMENT_PREFIX_PATH=/home/djqsp2/rokey3_E4_ws/install/turtlebot4_description:${AMENT_PREFIX_PATH} CMAKE_PREFIX_PATH=/home/djqsp2/rokey3_E4_ws/install/turtlebot4_description:/opt/ros/humble /usr/bin/cmake --build /home/djqsp2/rokey3_E4_ws/build/turtlebot4_viz -- -j22 -l22
[0.082s] Invoking command in '/home/djqsp2/rokey3_E4_ws/build/turtlebot4_viz': AMENT_PREFIX_PATH=/home/djqsp2/rokey3_E4_ws/install/turtlebot4_description:${AMENT_PREFIX_PATH} CMAKE_PREFIX_PATH=/home/djqsp2/rokey3_E4_ws/install/turtlebot4_description:/opt/ros/humble /usr/bin/cmake --install /home/djqsp2/rokey3_E4_ws/build/turtlebot4_viz
[0.089s] -- Install configuration: ""
[0.089s] -- Execute custom install script
[0.090s] -- Up-to-date symlink: /home/djqsp2/rokey3_E4_ws/install/turtlebot4_viz/share/turtlebot4_viz/launch/view_diagnostics.launch.py
[0.090s] -- Up-to-date symlink: /home/djqsp2/rokey3_E4_ws/install/turtlebot4_viz/share/turtlebot4_viz/launch/view_model.launch.py
[0.090s] -- Up-to-date symlink: /home/djqsp2/rokey3_E4_ws/install/turtlebot4_viz/share/turtlebot4_viz/launch/view_robot.launch.py
[0.091s] -- Up-to-date symlink: /home/djqsp2/rokey3_E4_ws/install/turtlebot4_viz/share/turtlebot4_viz/rviz/model.rviz
[0.091s] -- Up-to-date symlink: /home/djqsp2/rokey3_E4_ws/install/turtlebot4_viz/share/turtlebot4_viz/rviz/robot.rviz
[0.091s] -- Up-to-date symlink: /home/djqsp2/rokey3_E4_ws/install/turtlebot4_viz/share/ament_index/resource_index/package_run_dependencies/turtlebot4_viz
[0.091s] -- Up-to-date symlink: /home/djqsp2/rokey3_E4_ws/install/turtlebot4_viz/share/ament_index/resource_index/parent_prefix_path/turtlebot4_viz
[0.091s] -- Up-to-date symlink: /home/djqsp2/rokey3_E4_ws/install/turtlebot4_viz/share/turtlebot4_viz/environment/ament_prefix_path.sh
[0.091s] -- Up-to-date symlink: /home/djqsp2/rokey3_E4_ws/install/turtlebot4_viz/share/turtlebot4_viz/environment/ament_prefix_path.dsv
[0.091s] -- Up-to-date symlink: /home/djqsp2/rokey3_E4_ws/install/turtlebot4_viz/share/turtlebot4_viz/environment/path.sh
[0.092s] -- Up-to-date symlink: /home/djqsp2/rokey3_E4_ws/install/turtlebot4_viz/share/turtlebot4_viz/environment/path.dsv
[0.092s] -- Up-to-date symlink: /home/djqsp2/rokey3_E4_ws/install/turtlebot4_viz/share/turtlebot4_viz/local_setup.bash
[0.092s] -- Up-to-date symlink: /home/djqsp2/rokey3_E4_ws/install/turtlebot4_viz/share/turtlebot4_viz/local_setup.sh
[0.092s] -- Up-to-date symlink: /home/djqsp2/rokey3_E4_ws/install/turtlebot4_viz/share/turtlebot4_viz/local_setup.zsh
[0.092s] -- Up-to-date symlink: /home/djqsp2/rokey3_E4_ws/install/turtlebot4_viz/share/turtlebot4_viz/local_setup.dsv
[0.092s] -- Symlinking: /home/djqsp2/rokey3_E4_ws/install/turtlebot4_viz/share/turtlebot4_viz/package.dsv
[0.099s] -- Up-to-date symlink: /home/djqsp2/rokey3_E4_ws/install/turtlebot4_viz/share/ament_index/resource_index/packages/turtlebot4_viz
[0.099s] -- Up-to-date symlink: /home/djqsp2/rokey3_E4_ws/install/turtlebot4_viz/share/turtlebot4_viz/cmake/turtlebot4_vizConfig.cmake
[0.099s] -- Up-to-date symlink: /home/djqsp2/rokey3_E4_ws/install/turtlebot4_viz/share/turtlebot4_viz/cmake/turtlebot4_vizConfig-version.cmake
[0.099s] -- Up-to-date symlink: /home/djqsp2/rokey3_E4_ws/install/turtlebot4_viz/share/turtlebot4_viz/package.xml
[0.100s] Invoked command in '/home/djqsp2/rokey3_E4_ws/build/turtlebot4_viz' returned '0': AMENT_PREFIX_PATH=/home/djqsp2/rokey3_E4_ws/install/turtlebot4_description:${AMENT_PREFIX_PATH} CMAKE_PREFIX_PATH=/home/djqsp2/rokey3_E4_ws/install/turtlebot4_description:/opt/ros/humble /usr/bin/cmake --install /home/djqsp2/rokey3_E4_ws/build/turtlebot4_viz
