[35m[1mConsolidate compiler generated dependencies of target turtlebot4_msgs__rosidl_generator_c[0m
[  2%] Built target turtlebot4_msgs__cpp
[ 12%] Built target turtlebot4_msgs__rosidl_generator_c
[35m[1mConsolidate compiler generated dependencies of target turtlebot4_msgs__rosidl_typesupport_cpp[0m
[35m[1mConsolidate compiler generated dependencies of target turtlebot4_msgs__rosidl_typesupport_fastrtps_cpp[0m
[ 12%] Built target ament_cmake_python_symlink_turtlebot4_msgs
[35m[1mConsolidate compiler generated dependencies of target turtlebot4_msgs__rosidl_typesupport_introspection_cpp[0m
[35m[1mConsolidate compiler generated dependencies of target turtlebot4_msgs__rosidl_typesupport_fastrtps_c[0m
[35m[1mConsolidate compiler generated dependencies of target turtlebot4_msgs__rosidl_typesupport_c[0m
[35m[1mConsolidate compiler generated dependencies of target turtlebot4_msgs__rosidl_typesupport_introspection_c[0m
[ 23%] Built target turtlebot4_msgs__rosidl_typesupport_introspection_cpp
[ 34%] Built target turtlebot4_msgs__rosidl_typesupport_cpp
[ 44%] Built target turtlebot4_msgs__rosidl_typesupport_introspection_c
[ 57%] Built target turtlebot4_msgs__rosidl_typesupport_fastrtps_cpp
[ 65%] Built target turtlebot4_msgs__rosidl_typesupport_fastrtps_c
[ 76%] Built target turtlebot4_msgs__rosidl_typesupport_c
[ 76%] Built target turtlebot4_msgs
[ 78%] Built target turtlebot4_msgs__py
[35m[1mConsolidate compiler generated dependencies of target turtlebot4_msgs__rosidl_generator_py[0m
[ 87%] Built target turtlebot4_msgs__rosidl_generator_py
[35m[1mConsolidate compiler generated dependencies of target turtlebot4_msgs__rosidl_typesupport_fastrtps_c__pyext[0m
[35m[1mConsolidate compiler generated dependencies of target turtlebot4_msgs__rosidl_typesupport_c__pyext[0m
[35m[1mConsolidate compiler generated dependencies of target turtlebot4_msgs__rosidl_typesupport_introspection_c__pyext[0m
[ 95%] Built target turtlebot4_msgs__rosidl_typesupport_c__pyext
[ 95%] Built target turtlebot4_msgs__rosidl_typesupport_fastrtps_c__pyext
[100%] Built target turtlebot4_msgs__rosidl_typesupport_introspection_c__pyext
running egg_info
writing turtlebot4_msgs.egg-info/PKG-INFO
writing dependency_links to turtlebot4_msgs.egg-info/dependency_links.txt
writing top-level names to turtlebot4_msgs.egg-info/top_level.txt
reading manifest file 'turtlebot4_msgs.egg-info/SOURCES.txt'
writing manifest file 'turtlebot4_msgs.egg-info/SOURCES.txt'
[100%] Built target ament_cmake_python_build_turtlebot4_msgs_egg
-- Install configuration: ""
-- Execute custom install script
-- Symlinking: /home/djqsp2/rokey3_E4_ws/install/turtlebot4_msgs/share/ament_index/resource_index/rosidl_interfaces/turtlebot4_msgs
-- Symlinking: /home/djqsp2/rokey3_E4_ws/install/turtlebot4_msgs/include/turtlebot4_msgs/turtlebot4_msgs/msg/detail/user_button__functions.h
-- Symlinking: /home/djqsp2/rokey3_E4_ws/install/turtlebot4_msgs/include/turtlebot4_msgs/turtlebot4_msgs/msg/detail/user_button__struct.h
-- Symlinking: /home/djqsp2/rokey3_E4_ws/install/turtlebot4_msgs/include/turtlebot4_msgs/turtlebot4_msgs/msg/detail/user_button__type_support.h
-- Symlinking: /home/djqsp2/rokey3_E4_ws/install/turtlebot4_msgs/include/turtlebot4_msgs/turtlebot4_msgs/msg/detail/user_display__functions.h
-- Symlinking: /home/djqsp2/rokey3_E4_ws/install/turtlebot4_msgs/include/turtlebot4_msgs/turtlebot4_msgs/msg/detail/user_display__struct.h
-- Symlinking: /home/djqsp2/rokey3_E4_ws/install/turtlebot4_msgs/include/turtlebot4_msgs/turtlebot4_msgs/msg/detail/user_display__type_support.h
-- Symlinking: /home/djqsp2/rokey3_E4_ws/install/turtlebot4_msgs/include/turtlebot4_msgs/turtlebot4_msgs/msg/detail/user_led__functions.h
-- Symlinking: /home/djqsp2/rokey3_E4_ws/install/turtlebot4_msgs/include/turtlebot4_msgs/turtlebot4_msgs/msg/detail/user_led__struct.h
-- Symlinking: /home/djqsp2/rokey3_E4_ws/install/turtlebot4_msgs/include/turtlebot4_msgs/turtlebot4_msgs/msg/detail/user_led__type_support.h
-- Symlinking: /home/djqsp2/rokey3_E4_ws/install/turtlebot4_msgs/include/turtlebot4_msgs/turtlebot4_msgs/msg/rosidl_generator_c__visibility_control.h
-- Symlinking: /home/djqsp2/rokey3_E4_ws/install/turtlebot4_msgs/include/turtlebot4_msgs/turtlebot4_msgs/msg/user_button.h
-- Symlinking: /home/djqsp2/rokey3_E4_ws/install/turtlebot4_msgs/include/turtlebot4_msgs/turtlebot4_msgs/msg/user_display.h
-- Symlinking: /home/djqsp2/rokey3_E4_ws/install/turtlebot4_msgs/include/turtlebot4_msgs/turtlebot4_msgs/msg/user_led.h
-- Symlinking: /home/djqsp2/rokey3_E4_ws/install/turtlebot4_msgs/share/turtlebot4_msgs/environment/library_path.sh
-- Symlinking: /home/djqsp2/rokey3_E4_ws/install/turtlebot4_msgs/share/turtlebot4_msgs/environment/library_path.dsv
-- Symlinking: /home/djqsp2/rokey3_E4_ws/install/turtlebot4_msgs/include/turtlebot4_msgs/turtlebot4_msgs/msg/detail/user_button__rosidl_typesupport_fastrtps_c.h
-- Symlinking: /home/djqsp2/rokey3_E4_ws/install/turtlebot4_msgs/include/turtlebot4_msgs/turtlebot4_msgs/msg/detail/user_display__rosidl_typesupport_fastrtps_c.h
-- Symlinking: /home/djqsp2/rokey3_E4_ws/install/turtlebot4_msgs/include/turtlebot4_msgs/turtlebot4_msgs/msg/detail/user_led__rosidl_typesupport_fastrtps_c.h
-- Symlinking: /home/djqsp2/rokey3_E4_ws/install/turtlebot4_msgs/include/turtlebot4_msgs/turtlebot4_msgs/msg/rosidl_typesupport_fastrtps_c__visibility_control.h
-- Symlinking: /home/djqsp2/rokey3_E4_ws/install/turtlebot4_msgs/include/turtlebot4_msgs/turtlebot4_msgs/msg/detail/user_button__rosidl_typesupport_introspection_c.h
-- Symlinking: /home/djqsp2/rokey3_E4_ws/install/turtlebot4_msgs/include/turtlebot4_msgs/turtlebot4_msgs/msg/detail/user_display__rosidl_typesupport_introspection_c.h
-- Symlinking: /home/djqsp2/rokey3_E4_ws/install/turtlebot4_msgs/include/turtlebot4_msgs/turtlebot4_msgs/msg/detail/user_led__rosidl_typesupport_introspection_c.h
-- Symlinking: /home/djqsp2/rokey3_E4_ws/install/turtlebot4_msgs/include/turtlebot4_msgs/turtlebot4_msgs/msg/rosidl_typesupport_introspection_c__visibility_control.h
-- Symlinking: /home/djqsp2/rokey3_E4_ws/install/turtlebot4_msgs/include/turtlebot4_msgs/turtlebot4_msgs/msg/detail/user_button__builder.hpp
-- Symlinking: /home/djqsp2/rokey3_E4_ws/install/turtlebot4_msgs/include/turtlebot4_msgs/turtlebot4_msgs/msg/detail/user_button__struct.hpp
-- Symlinking: /home/djqsp2/rokey3_E4_ws/install/turtlebot4_msgs/include/turtlebot4_msgs/turtlebot4_msgs/msg/detail/user_button__traits.hpp
-- Symlinking: /home/djqsp2/rokey3_E4_ws/install/turtlebot4_msgs/include/turtlebot4_msgs/turtlebot4_msgs/msg/detail/user_button__type_support.hpp
-- Symlinking: /home/djqsp2/rokey3_E4_ws/install/turtlebot4_msgs/include/turtlebot4_msgs/turtlebot4_msgs/msg/detail/user_display__builder.hpp
-- Symlinking: /home/djqsp2/rokey3_E4_ws/install/turtlebot4_msgs/include/turtlebot4_msgs/turtlebot4_msgs/msg/detail/user_display__struct.hpp
-- Symlinking: /home/djqsp2/rokey3_E4_ws/install/turtlebot4_msgs/include/turtlebot4_msgs/turtlebot4_msgs/msg/detail/user_display__traits.hpp
-- Symlinking: /home/djqsp2/rokey3_E4_ws/install/turtlebot4_msgs/include/turtlebot4_msgs/turtlebot4_msgs/msg/detail/user_display__type_support.hpp
-- Symlinking: /home/djqsp2/rokey3_E4_ws/install/turtlebot4_msgs/include/turtlebot4_msgs/turtlebot4_msgs/msg/detail/user_led__builder.hpp
-- Symlinking: /home/djqsp2/rokey3_E4_ws/install/turtlebot4_msgs/include/turtlebot4_msgs/turtlebot4_msgs/msg/detail/user_led__struct.hpp
-- Symlinking: /home/djqsp2/rokey3_E4_ws/install/turtlebot4_msgs/include/turtlebot4_msgs/turtlebot4_msgs/msg/detail/user_led__traits.hpp
-- Symlinking: /home/djqsp2/rokey3_E4_ws/install/turtlebot4_msgs/include/turtlebot4_msgs/turtlebot4_msgs/msg/detail/user_led__type_support.hpp
-- Symlinking: /home/djqsp2/rokey3_E4_ws/install/turtlebot4_msgs/include/turtlebot4_msgs/turtlebot4_msgs/msg/rosidl_generator_cpp__visibility_control.hpp
-- Symlinking: /home/djqsp2/rokey3_E4_ws/install/turtlebot4_msgs/include/turtlebot4_msgs/turtlebot4_msgs/msg/user_button.hpp
-- Symlinking: /home/djqsp2/rokey3_E4_ws/install/turtlebot4_msgs/include/turtlebot4_msgs/turtlebot4_msgs/msg/user_display.hpp
-- Symlinking: /home/djqsp2/rokey3_E4_ws/install/turtlebot4_msgs/include/turtlebot4_msgs/turtlebot4_msgs/msg/user_led.hpp
-- Symlinking: /home/djqsp2/rokey3_E4_ws/install/turtlebot4_msgs/include/turtlebot4_msgs/turtlebot4_msgs/msg/detail/user_button__rosidl_typesupport_fastrtps_cpp.hpp
-- Symlinking: /home/djqsp2/rokey3_E4_ws/install/turtlebot4_msgs/include/turtlebot4_msgs/turtlebot4_msgs/msg/detail/user_display__rosidl_typesupport_fastrtps_cpp.hpp
-- Symlinking: /home/djqsp2/rokey3_E4_ws/install/turtlebot4_msgs/include/turtlebot4_msgs/turtlebot4_msgs/msg/detail/user_led__rosidl_typesupport_fastrtps_cpp.hpp
-- Symlinking: /home/djqsp2/rokey3_E4_ws/install/turtlebot4_msgs/include/turtlebot4_msgs/turtlebot4_msgs/msg/rosidl_typesupport_fastrtps_cpp__visibility_control.h
-- Symlinking: /home/djqsp2/rokey3_E4_ws/install/turtlebot4_msgs/include/turtlebot4_msgs/turtlebot4_msgs/msg/detail/user_button__rosidl_typesupport_introspection_cpp.hpp
-- Symlinking: /home/djqsp2/rokey3_E4_ws/install/turtlebot4_msgs/include/turtlebot4_msgs/turtlebot4_msgs/msg/detail/user_display__rosidl_typesupport_introspection_cpp.hpp
-- Symlinking: /home/djqsp2/rokey3_E4_ws/install/turtlebot4_msgs/include/turtlebot4_msgs/turtlebot4_msgs/msg/detail/user_led__rosidl_typesupport_introspection_cpp.hpp
-- Symlinking: /home/djqsp2/rokey3_E4_ws/install/turtlebot4_msgs/share/turtlebot4_msgs/environment/pythonpath.sh
-- Symlinking: /home/djqsp2/rokey3_E4_ws/install/turtlebot4_msgs/share/turtlebot4_msgs/environment/pythonpath.dsv
-- Symlinking: /home/djqsp2/rokey3_E4_ws/install/turtlebot4_msgs/local/lib/python3.10/dist-packages/turtlebot4_msgs-1.0.5-py3.10.egg-info/PKG-INFO
-- Symlinking: /home/djqsp2/rokey3_E4_ws/install/turtlebot4_msgs/local/lib/python3.10/dist-packages/turtlebot4_msgs-1.0.5-py3.10.egg-info/SOURCES.txt
-- Symlinking: /home/djqsp2/rokey3_E4_ws/install/turtlebot4_msgs/local/lib/python3.10/dist-packages/turtlebot4_msgs-1.0.5-py3.10.egg-info/dependency_links.txt
-- Symlinking: /home/djqsp2/rokey3_E4_ws/install/turtlebot4_msgs/local/lib/python3.10/dist-packages/turtlebot4_msgs-1.0.5-py3.10.egg-info/top_level.txt
-- Symlinking: /home/djqsp2/rokey3_E4_ws/install/turtlebot4_msgs/local/lib/python3.10/dist-packages/turtlebot4_msgs/__init__.py
-- Symlinking: /home/djqsp2/rokey3_E4_ws/install/turtlebot4_msgs/local/lib/python3.10/dist-packages/turtlebot4_msgs/_turtlebot4_msgs_s.ep.rosidl_typesupport_c.c
-- Symlinking: /home/djqsp2/rokey3_E4_ws/install/turtlebot4_msgs/local/lib/python3.10/dist-packages/turtlebot4_msgs/_turtlebot4_msgs_s.ep.rosidl_typesupport_fastrtps_c.c
-- Symlinking: /home/djqsp2/rokey3_E4_ws/install/turtlebot4_msgs/local/lib/python3.10/dist-packages/turtlebot4_msgs/_turtlebot4_msgs_s.ep.rosidl_typesupport_introspection_c.c
-- Symlinking: /home/djqsp2/rokey3_E4_ws/install/turtlebot4_msgs/local/lib/python3.10/dist-packages/turtlebot4_msgs/libturtlebot4_msgs__rosidl_generator_py.so
-- Symlinking: /home/djqsp2/rokey3_E4_ws/install/turtlebot4_msgs/local/lib/python3.10/dist-packages/turtlebot4_msgs/msg/__init__.py
-- Symlinking: /home/djqsp2/rokey3_E4_ws/install/turtlebot4_msgs/local/lib/python3.10/dist-packages/turtlebot4_msgs/msg/_user_button.py
-- Symlinking: /home/djqsp2/rokey3_E4_ws/install/turtlebot4_msgs/local/lib/python3.10/dist-packages/turtlebot4_msgs/msg/_user_button_s.c
-- Symlinking: /home/djqsp2/rokey3_E4_ws/install/turtlebot4_msgs/local/lib/python3.10/dist-packages/turtlebot4_msgs/msg/_user_display.py
-- Symlinking: /home/djqsp2/rokey3_E4_ws/install/turtlebot4_msgs/local/lib/python3.10/dist-packages/turtlebot4_msgs/msg/_user_display_s.c
-- Symlinking: /home/djqsp2/rokey3_E4_ws/install/turtlebot4_msgs/local/lib/python3.10/dist-packages/turtlebot4_msgs/msg/_user_led.py
-- Symlinking: /home/djqsp2/rokey3_E4_ws/install/turtlebot4_msgs/local/lib/python3.10/dist-packages/turtlebot4_msgs/msg/_user_led_s.c
-- Symlinking: /home/djqsp2/rokey3_E4_ws/install/turtlebot4_msgs/local/lib/python3.10/dist-packages/turtlebot4_msgs/turtlebot4_msgs_s__rosidl_typesupport_c.cpython-310-x86_64-linux-gnu.so
-- Symlinking: /home/djqsp2/rokey3_E4_ws/install/turtlebot4_msgs/local/lib/python3.10/dist-packages/turtlebot4_msgs/turtlebot4_msgs_s__rosidl_typesupport_fastrtps_c.cpython-310-x86_64-linux-gnu.so
-- Symlinking: /home/djqsp2/rokey3_E4_ws/install/turtlebot4_msgs/local/lib/python3.10/dist-packages/turtlebot4_msgs/turtlebot4_msgs_s__rosidl_typesupport_introspection_c.cpython-310-x86_64-linux-gnu.so
-- Up-to-date symlink: /home/djqsp2/rokey3_E4_ws/install/turtlebot4_msgs/local/lib/python3.10/dist-packages/turtlebot4_msgs/turtlebot4_msgs_s__rosidl_typesupport_fastrtps_c.cpython-310-x86_64-linux-gnu.so
-- Up-to-date symlink: /home/djqsp2/rokey3_E4_ws/install/turtlebot4_msgs/local/lib/python3.10/dist-packages/turtlebot4_msgs/turtlebot4_msgs_s__rosidl_typesupport_introspection_c.cpython-310-x86_64-linux-gnu.so
-- Up-to-date symlink: /home/djqsp2/rokey3_E4_ws/install/turtlebot4_msgs/local/lib/python3.10/dist-packages/turtlebot4_msgs/turtlebot4_msgs_s__rosidl_typesupport_c.cpython-310-x86_64-linux-gnu.so
-- Symlinking: /home/djqsp2/rokey3_E4_ws/install/turtlebot4_msgs/share/turtlebot4_msgs/msg/UserLed.idl
-- Symlinking: /home/djqsp2/rokey3_E4_ws/install/turtlebot4_msgs/share/turtlebot4_msgs/msg/UserButton.idl
-- Symlinking: /home/djqsp2/rokey3_E4_ws/install/turtlebot4_msgs/share/turtlebot4_msgs/msg/UserDisplay.idl
-- Symlinking: /home/djqsp2/rokey3_E4_ws/install/turtlebot4_msgs/share/turtlebot4_msgs/msg/UserLed.msg
-- Symlinking: /home/djqsp2/rokey3_E4_ws/install/turtlebot4_msgs/share/turtlebot4_msgs/msg/UserButton.msg
-- Symlinking: /home/djqsp2/rokey3_E4_ws/install/turtlebot4_msgs/share/turtlebot4_msgs/msg/UserDisplay.msg
-- Symlinking: /home/djqsp2/rokey3_E4_ws/install/turtlebot4_msgs/share/ament_index/resource_index/package_run_dependencies/turtlebot4_msgs
-- Symlinking: /home/djqsp2/rokey3_E4_ws/install/turtlebot4_msgs/share/ament_index/resource_index/parent_prefix_path/turtlebot4_msgs
-- Symlinking: /home/djqsp2/rokey3_E4_ws/install/turtlebot4_msgs/share/turtlebot4_msgs/environment/ament_prefix_path.sh
-- Symlinking: /home/djqsp2/rokey3_E4_ws/install/turtlebot4_msgs/share/turtlebot4_msgs/environment/ament_prefix_path.dsv
-- Symlinking: /home/djqsp2/rokey3_E4_ws/install/turtlebot4_msgs/share/turtlebot4_msgs/environment/path.sh
-- Symlinking: /home/djqsp2/rokey3_E4_ws/install/turtlebot4_msgs/share/turtlebot4_msgs/environment/path.dsv
-- Symlinking: /home/djqsp2/rokey3_E4_ws/install/turtlebot4_msgs/share/turtlebot4_msgs/local_setup.bash
-- Symlinking: /home/djqsp2/rokey3_E4_ws/install/turtlebot4_msgs/share/turtlebot4_msgs/local_setup.sh
-- Symlinking: /home/djqsp2/rokey3_E4_ws/install/turtlebot4_msgs/share/turtlebot4_msgs/local_setup.zsh
-- Symlinking: /home/djqsp2/rokey3_E4_ws/install/turtlebot4_msgs/share/turtlebot4_msgs/local_setup.dsv
-- Symlinking: /home/djqsp2/rokey3_E4_ws/install/turtlebot4_msgs/share/turtlebot4_msgs/package.dsv
-- Symlinking: /home/djqsp2/rokey3_E4_ws/install/turtlebot4_msgs/share/ament_index/resource_index/packages/turtlebot4_msgs
-- Symlinking: /home/djqsp2/rokey3_E4_ws/install/turtlebot4_msgs/share/turtlebot4_msgs/cmake/rosidl_cmake-extras.cmake
-- Symlinking: /home/djqsp2/rokey3_E4_ws/install/turtlebot4_msgs/share/turtlebot4_msgs/cmake/ament_cmake_export_include_directories-extras.cmake
-- Symlinking: /home/djqsp2/rokey3_E4_ws/install/turtlebot4_msgs/share/turtlebot4_msgs/cmake/ament_cmake_export_libraries-extras.cmake
-- Symlinking: /home/djqsp2/rokey3_E4_ws/install/turtlebot4_msgs/share/turtlebot4_msgs/cmake/ament_cmake_export_targets-extras.cmake
-- Symlinking: /home/djqsp2/rokey3_E4_ws/install/turtlebot4_msgs/share/turtlebot4_msgs/cmake/rosidl_cmake_export_typesupport_targets-extras.cmake
-- Symlinking: /home/djqsp2/rokey3_E4_ws/install/turtlebot4_msgs/share/turtlebot4_msgs/cmake/ament_cmake_export_dependencies-extras.cmake
-- Symlinking: /home/djqsp2/rokey3_E4_ws/install/turtlebot4_msgs/share/turtlebot4_msgs/cmake/rosidl_cmake_export_typesupport_libraries-extras.cmake
-- Symlinking: /home/djqsp2/rokey3_E4_ws/install/turtlebot4_msgs/share/turtlebot4_msgs/cmake/turtlebot4_msgsConfig.cmake
-- Symlinking: /home/djqsp2/rokey3_E4_ws/install/turtlebot4_msgs/share/turtlebot4_msgs/cmake/turtlebot4_msgsConfig-version.cmake
-- Symlinking: /home/djqsp2/rokey3_E4_ws/install/turtlebot4_msgs/share/turtlebot4_msgs/package.xml
-- Installing: /home/djqsp2/rokey3_E4_ws/install/turtlebot4_msgs/lib/libturtlebot4_msgs__rosidl_generator_c.so
-- Set runtime path of "/home/djqsp2/rokey3_E4_ws/install/turtlebot4_msgs/lib/libturtlebot4_msgs__rosidl_generator_c.so" to ""
-- Installing: /home/djqsp2/rokey3_E4_ws/install/turtlebot4_msgs/lib/libturtlebot4_msgs__rosidl_typesupport_fastrtps_c.so
-- Set runtime path of "/home/djqsp2/rokey3_E4_ws/install/turtlebot4_msgs/lib/libturtlebot4_msgs__rosidl_typesupport_fastrtps_c.so" to ""
-- Installing: /home/djqsp2/rokey3_E4_ws/install/turtlebot4_msgs/lib/libturtlebot4_msgs__rosidl_typesupport_introspection_c.so
-- Set runtime path of "/home/djqsp2/rokey3_E4_ws/install/turtlebot4_msgs/lib/libturtlebot4_msgs__rosidl_typesupport_introspection_c.so" to ""
-- Installing: /home/djqsp2/rokey3_E4_ws/install/turtlebot4_msgs/lib/libturtlebot4_msgs__rosidl_typesupport_c.so
-- Set runtime path of "/home/djqsp2/rokey3_E4_ws/install/turtlebot4_msgs/lib/libturtlebot4_msgs__rosidl_typesupport_c.so" to ""
-- Installing: /home/djqsp2/rokey3_E4_ws/install/turtlebot4_msgs/lib/libturtlebot4_msgs__rosidl_typesupport_fastrtps_cpp.so
-- Set runtime path of "/home/djqsp2/rokey3_E4_ws/install/turtlebot4_msgs/lib/libturtlebot4_msgs__rosidl_typesupport_fastrtps_cpp.so" to ""
-- Installing: /home/djqsp2/rokey3_E4_ws/install/turtlebot4_msgs/lib/libturtlebot4_msgs__rosidl_typesupport_introspection_cpp.so
-- Set runtime path of "/home/djqsp2/rokey3_E4_ws/install/turtlebot4_msgs/lib/libturtlebot4_msgs__rosidl_typesupport_introspection_cpp.so" to ""
-- Installing: /home/djqsp2/rokey3_E4_ws/install/turtlebot4_msgs/lib/libturtlebot4_msgs__rosidl_typesupport_cpp.so
-- Set runtime path of "/home/djqsp2/rokey3_E4_ws/install/turtlebot4_msgs/lib/libturtlebot4_msgs__rosidl_typesupport_cpp.so" to ""
Listing '/home/djqsp2/rokey3_E4_ws/install/turtlebot4_msgs/local/lib/python3.10/dist-packages/turtlebot4_msgs'...
Compiling '/home/djqsp2/rokey3_E4_ws/install/turtlebot4_msgs/local/lib/python3.10/dist-packages/turtlebot4_msgs/__init__.py'...
Listing '/home/djqsp2/rokey3_E4_ws/install/turtlebot4_msgs/local/lib/python3.10/dist-packages/turtlebot4_msgs/msg'...
Compiling '/home/djqsp2/rokey3_E4_ws/install/turtlebot4_msgs/local/lib/python3.10/dist-packages/turtlebot4_msgs/msg/__init__.py'...
Compiling '/home/djqsp2/rokey3_E4_ws/install/turtlebot4_msgs/local/lib/python3.10/dist-packages/turtlebot4_msgs/msg/_user_button.py'...
Compiling '/home/djqsp2/rokey3_E4_ws/install/turtlebot4_msgs/local/lib/python3.10/dist-packages/turtlebot4_msgs/msg/_user_display.py'...
Compiling '/home/djqsp2/rokey3_E4_ws/install/turtlebot4_msgs/local/lib/python3.10/dist-packages/turtlebot4_msgs/msg/_user_led.py'...
-- Installing: /home/djqsp2/rokey3_E4_ws/install/turtlebot4_msgs/lib/libturtlebot4_msgs__rosidl_generator_py.so
-- Set runtime path of "/home/djqsp2/rokey3_E4_ws/install/turtlebot4_msgs/lib/libturtlebot4_msgs__rosidl_generator_py.so" to ""
-- Installing: /home/djqsp2/rokey3_E4_ws/install/turtlebot4_msgs/share/turtlebot4_msgs/cmake/export_turtlebot4_msgs__rosidl_generator_cExport.cmake
-- Installing: /home/djqsp2/rokey3_E4_ws/install/turtlebot4_msgs/share/turtlebot4_msgs/cmake/export_turtlebot4_msgs__rosidl_generator_cExport-noconfig.cmake
-- Installing: /home/djqsp2/rokey3_E4_ws/install/turtlebot4_msgs/share/turtlebot4_msgs/cmake/export_turtlebot4_msgs__rosidl_typesupport_fastrtps_cExport.cmake
-- Installing: /home/djqsp2/rokey3_E4_ws/install/turtlebot4_msgs/share/turtlebot4_msgs/cmake/export_turtlebot4_msgs__rosidl_typesupport_fastrtps_cExport-noconfig.cmake
-- Installing: /home/djqsp2/rokey3_E4_ws/install/turtlebot4_msgs/share/turtlebot4_msgs/cmake/turtlebot4_msgs__rosidl_typesupport_introspection_cExport.cmake
-- Installing: /home/djqsp2/rokey3_E4_ws/install/turtlebot4_msgs/share/turtlebot4_msgs/cmake/turtlebot4_msgs__rosidl_typesupport_introspection_cExport-noconfig.cmake
-- Installing: /home/djqsp2/rokey3_E4_ws/install/turtlebot4_msgs/share/turtlebot4_msgs/cmake/turtlebot4_msgs__rosidl_typesupport_cExport.cmake
-- Installing: /home/djqsp2/rokey3_E4_ws/install/turtlebot4_msgs/share/turtlebot4_msgs/cmake/turtlebot4_msgs__rosidl_typesupport_cExport-noconfig.cmake
-- Installing: /home/djqsp2/rokey3_E4_ws/install/turtlebot4_msgs/share/turtlebot4_msgs/cmake/export_turtlebot4_msgs__rosidl_generator_cppExport.cmake
-- Installing: /home/djqsp2/rokey3_E4_ws/install/turtlebot4_msgs/share/turtlebot4_msgs/cmake/export_turtlebot4_msgs__rosidl_typesupport_fastrtps_cppExport.cmake
-- Installing: /home/djqsp2/rokey3_E4_ws/install/turtlebot4_msgs/share/turtlebot4_msgs/cmake/export_turtlebot4_msgs__rosidl_typesupport_fastrtps_cppExport-noconfig.cmake
-- Installing: /home/djqsp2/rokey3_E4_ws/install/turtlebot4_msgs/share/turtlebot4_msgs/cmake/turtlebot4_msgs__rosidl_typesupport_introspection_cppExport.cmake
-- Installing: /home/djqsp2/rokey3_E4_ws/install/turtlebot4_msgs/share/turtlebot4_msgs/cmake/turtlebot4_msgs__rosidl_typesupport_introspection_cppExport-noconfig.cmake
-- Installing: /home/djqsp2/rokey3_E4_ws/install/turtlebot4_msgs/share/turtlebot4_msgs/cmake/turtlebot4_msgs__rosidl_typesupport_cppExport.cmake
-- Installing: /home/djqsp2/rokey3_E4_ws/install/turtlebot4_msgs/share/turtlebot4_msgs/cmake/turtlebot4_msgs__rosidl_typesupport_cppExport-noconfig.cmake
-- Installing: /home/djqsp2/rokey3_E4_ws/install/turtlebot4_msgs/share/turtlebot4_msgs/cmake/export_turtlebot4_msgs__rosidl_generator_pyExport.cmake
-- Installing: /home/djqsp2/rokey3_E4_ws/install/turtlebot4_msgs/share/turtlebot4_msgs/cmake/export_turtlebot4_msgs__rosidl_generator_pyExport-noconfig.cmake
