[0.428s] Invoking command in '/home/djqsp2/rokey3_E4_ws/src/amr_multi': CMAKE_PREFIX_PATH=/home/djqsp2/rokey3_E4_ws/install/yoloinference:/home/djqsp2/rokey3_E4_ws/install/yolo_data:/home/djqsp2/rokey3_E4_ws/install/my_interface:/home/djqsp2/rokey3_E4_ws/install/turtlebot4_simulator:/home/djqsp2/rokey3_E4_ws/install/turtlebot4_ignition_bringup:/home/djqsp2/rokey3_E4_ws/install/turtlebot4_desktop:/home/djqsp2/rokey3_E4_ws/install/turtlebot4_viz:/home/djqsp2/rokey3_E4_ws/install/turtlebot4_tutorials:/home/djqsp2/rokey3_E4_ws/install/turtlebot4_navigation:/home/djqsp2/rokey3_E4_ws/install/turtlebot4_msgs:/home/djqsp2/rokey3_E4_ws/install/turtlebot4_ignition_gui_plugins:/home/djqsp2/rokey3_E4_ws/install/turtlebot4_description:/home/djqsp2/rokey3_E4_ws/install/turtlebot4_cpp_tutorials:/home/djqsp2/rokey3_E4_ws/install/multirobot_map_merge:/home/djqsp2/rokey3_E4_ws/install/explore_lite LD_LIBRARY_PATH=/home/djqsp2/rokey3_E4_ws/install/yoloinference/lib:/home/djqsp2/rokey3_E4_ws/install/yolo_data/lib:/home/djqsp2/rokey3_E4_ws/install/my_interface/lib:/home/djqsp2/rokey3_E4_ws/install/turtlebot4_msgs/lib:/home/djqsp2/rokey3_E4_ws/install/multirobot_map_merge/lib:/usr/lib/x86_64-linux-gnu/gazebo-11/plugins:/opt/ros/humble/opt/rviz_ogre_vendor/lib:/opt/ros/humble/lib/x86_64-linux-gnu:/opt/ros/humble/lib:/usr/lib/x86_64-linux-gnu/gazebo-11/plugins PYTHONPATH=/home/djqsp2/rokey3_E4_ws/build/amr_multi/prefix_override:/usr/lib/python3/dist-packages/colcon_core/task/python/colcon_distutils_commands:/home/djqsp2/rokey3_E4_ws/install/amr_multi/lib/python3.10/site-packages:${PYTHONPATH} /usr/bin/python3 -W ignore:setup.py install is deprecated -W ignore:easy_install command is deprecated setup.py egg_info --egg-base ../../build/amr_multi build --build-base /home/djqsp2/rokey3_E4_ws/build/amr_multi/build install --record /home/djqsp2/rokey3_E4_ws/build/amr_multi/install.log --single-version-externally-managed
[0.584s] running egg_info
[0.584s] writing ../../build/amr_multi/amr_multi.egg-info/PKG-INFO
[0.584s] writing dependency_links to ../../build/amr_multi/amr_multi.egg-info/dependency_links.txt
[0.584s] writing entry points to ../../build/amr_multi/amr_multi.egg-info/entry_points.txt
[0.584s] writing requirements to ../../build/amr_multi/amr_multi.egg-info/requires.txt
[0.584s] writing top-level names to ../../build/amr_multi/amr_multi.egg-info/top_level.txt
[0.585s] reading manifest file '../../build/amr_multi/amr_multi.egg-info/SOURCES.txt'
[0.585s] writing manifest file '../../build/amr_multi/amr_multi.egg-info/SOURCES.txt'
[0.585s] running build
[0.585s] running build_py
[0.585s] running install
[0.585s] running install_lib
[0.586s] running install_egg_info
[0.587s] removing '/home/djqsp2/rokey3_E4_ws/install/amr_multi/lib/python3.10/site-packages/amr_multi-0.0.0-py3.10.egg-info' (and everything under it)
[0.587s] Copying ../../build/amr_multi/amr_multi.egg-info to /home/djqsp2/rokey3_E4_ws/install/amr_multi/lib/python3.10/site-packages/amr_multi-0.0.0-py3.10.egg-info
[0.588s] running install_scripts
[0.600s] Installing amr_master script to /home/djqsp2/rokey3_E4_ws/install/amr_multi/lib/amr_multi
[0.601s] Installing yolo_fake_publisher script to /home/djqsp2/rokey3_E4_ws/install/amr_multi/lib/amr_multi
[0.601s] writing list of installed files to '/home/djqsp2/rokey3_E4_ws/build/amr_multi/install.log'
[0.614s] Invoked command in '/home/djqsp2/rokey3_E4_ws/src/amr_multi' returned '0': CMAKE_PREFIX_PATH=/home/djqsp2/rokey3_E4_ws/install/yoloinference:/home/djqsp2/rokey3_E4_ws/install/yolo_data:/home/djqsp2/rokey3_E4_ws/install/my_interface:/home/djqsp2/rokey3_E4_ws/install/turtlebot4_simulator:/home/djqsp2/rokey3_E4_ws/install/turtlebot4_ignition_bringup:/home/djqsp2/rokey3_E4_ws/install/turtlebot4_desktop:/home/djqsp2/rokey3_E4_ws/install/turtlebot4_viz:/home/djqsp2/rokey3_E4_ws/install/turtlebot4_tutorials:/home/djqsp2/rokey3_E4_ws/install/turtlebot4_navigation:/home/djqsp2/rokey3_E4_ws/install/turtlebot4_msgs:/home/djqsp2/rokey3_E4_ws/install/turtlebot4_ignition_gui_plugins:/home/djqsp2/rokey3_E4_ws/install/turtlebot4_description:/home/djqsp2/rokey3_E4_ws/install/turtlebot4_cpp_tutorials:/home/djqsp2/rokey3_E4_ws/install/multirobot_map_merge:/home/djqsp2/rokey3_E4_ws/install/explore_lite LD_LIBRARY_PATH=/home/djqsp2/rokey3_E4_ws/install/yoloinference/lib:/home/djqsp2/rokey3_E4_ws/install/yolo_data/lib:/home/djqsp2/rokey3_E4_ws/install/my_interface/lib:/home/djqsp2/rokey3_E4_ws/install/turtlebot4_msgs/lib:/home/djqsp2/rokey3_E4_ws/install/multirobot_map_merge/lib:/usr/lib/x86_64-linux-gnu/gazebo-11/plugins:/opt/ros/humble/opt/rviz_ogre_vendor/lib:/opt/ros/humble/lib/x86_64-linux-gnu:/opt/ros/humble/lib:/usr/lib/x86_64-linux-gnu/gazebo-11/plugins PYTHONPATH=/home/djqsp2/rokey3_E4_ws/build/amr_multi/prefix_override:/usr/lib/python3/dist-packages/colcon_core/task/python/colcon_distutils_commands:/home/djqsp2/rokey3_E4_ws/install/amr_multi/lib/python3.10/site-packages:${PYTHONPATH} /usr/bin/python3 -W ignore:setup.py install is deprecated -W ignore:easy_install command is deprecated setup.py egg_info --egg-base ../../build/amr_multi build --build-base /home/djqsp2/rokey3_E4_ws/build/amr_multi/build install --record /home/djqsp2/rokey3_E4_ws/build/amr_multi/install.log --single-version-externally-managed
