[0.009s] Invoking command in '/home/djqsp2/rokey3_E4_ws/build/turtlebot4_viz': AMENT_PREFIX_PATH=/home/djqsp2/rokey3_E4_ws/install/turtlebot4_description:${AMENT_PREFIX_PATH} CMAKE_PREFIX_PATH=/home/djqsp2/rokey3_E4_ws/install/turtlebot4_description:/opt/ros/humble /usr/bin/cmake /home/djqsp2/rokey3_E4_ws/src/turtlebot4_desktop/turtlebot4_viz -DAMENT_CMAKE_SYMLINK_INSTALL=1 -DCMAKE_INSTALL_PREFIX=/home/djqsp2/rokey3_E4_ws/install/turtlebot4_viz
[0.047s] -- The C compiler identification is GNU 11.4.0
[0.085s] -- The CXX compiler identification is GNU 11.4.0
[0.091s] -- Detecting C compiler ABI info
[0.139s] -- Detecting C compiler ABI info - done
[0.146s] -- Check for working C compiler: /usr/bin/cc - skipped
[0.147s] -- Detecting C compile features
[0.147s] -- Detecting C compile features - done
[0.149s] -- Detecting CXX compiler ABI info
[0.215s] -- Detecting CXX compiler ABI info - done
[0.220s] -- Check for working CXX compiler: /usr/bin/c++ - skipped
[0.220s] -- Detecting CXX compile features
[0.221s] -- Detecting CXX compile features - done
[0.222s] -- Found ament_cmake: 1.3.11 (/opt/ros/humble/share/ament_cmake/cmake)
[0.340s] -- Found Python3: /usr/bin/python3 (found version "3.10.12") found components: Interpreter 
[0.380s] -- Override CMake install command with custom implementation using symlinks instead of copying resources
[0.404s] -- Found ament_lint_auto: 0.12.12 (/opt/ros/humble/share/ament_lint_auto/cmake)
[0.467s] -- Added test 'copyright' to check source files copyright and LICENSE
[0.467s] -- Added test 'flake8' to check Python code syntax and style conventions
[0.468s] -- Added test 'lint_cmake' to check CMake code style
[0.468s] -- Added test 'pep257' to check Python code against some of the docstring style conventions in PEP 257
[0.468s] -- Added test 'xmllint' to check XML markup files
[0.469s] -- Configuring done
[0.471s] -- Generating done
[0.472s] -- Build files have been written to: /home/djqsp2/rokey3_E4_ws/build/turtlebot4_viz
[0.508s] Invoked command in '/home/djqsp2/rokey3_E4_ws/build/turtlebot4_viz' returned '0': AMENT_PREFIX_PATH=/home/djqsp2/rokey3_E4_ws/install/turtlebot4_description:${AMENT_PREFIX_PATH} CMAKE_PREFIX_PATH=/home/djqsp2/rokey3_E4_ws/install/turtlebot4_description:/opt/ros/humble /usr/bin/cmake /home/djqsp2/rokey3_E4_ws/src/turtlebot4_desktop/turtlebot4_viz -DAMENT_CMAKE_SYMLINK_INSTALL=1 -DCMAKE_INSTALL_PREFIX=/home/djqsp2/rokey3_E4_ws/install/turtlebot4_viz
[0.508s] Invoking command in '/home/djqsp2/rokey3_E4_ws/build/turtlebot4_viz': AMENT_PREFIX_PATH=/home/djqsp2/rokey3_E4_ws/install/turtlebot4_description:${AMENT_PREFIX_PATH} CMAKE_PREFIX_PATH=/home/djqsp2/rokey3_E4_ws/install/turtlebot4_description:/opt/ros/humble /usr/bin/cmake --build /home/djqsp2/rokey3_E4_ws/build/turtlebot4_viz -- -j22 -l22
[0.683s] Invoked command in '/home/djqsp2/rokey3_E4_ws/build/turtlebot4_viz' returned '0': AMENT_PREFIX_PATH=/home/djqsp2/rokey3_E4_ws/install/turtlebot4_description:${AMENT_PREFIX_PATH} CMAKE_PREFIX_PATH=/home/djqsp2/rokey3_E4_ws/install/turtlebot4_description:/opt/ros/humble /usr/bin/cmake --build /home/djqsp2/rokey3_E4_ws/build/turtlebot4_viz -- -j22 -l22
[0.685s] Invoking command in '/home/djqsp2/rokey3_E4_ws/build/turtlebot4_viz': AMENT_PREFIX_PATH=/home/djqsp2/rokey3_E4_ws/install/turtlebot4_description:${AMENT_PREFIX_PATH} CMAKE_PREFIX_PATH=/home/djqsp2/rokey3_E4_ws/install/turtlebot4_description:/opt/ros/humble /usr/bin/cmake --install /home/djqsp2/rokey3_E4_ws/build/turtlebot4_viz
[0.691s] -- Install configuration: ""
[0.691s] -- Execute custom install script
[0.691s] -- Symlinking: /home/djqsp2/rokey3_E4_ws/install/turtlebot4_viz/share/turtlebot4_viz/launch/view_diagnostics.launch.py
[0.700s] -- Symlinking: /home/djqsp2/rokey3_E4_ws/install/turtlebot4_viz/share/turtlebot4_viz/launch/view_model.launch.py
[0.706s] -- Symlinking: /home/djqsp2/rokey3_E4_ws/install/turtlebot4_viz/share/turtlebot4_viz/launch/view_robot.launch.py
[0.715s] -- Symlinking: /home/djqsp2/rokey3_E4_ws/install/turtlebot4_viz/share/turtlebot4_viz/rviz/model.rviz
[0.723s] -- Symlinking: /home/djqsp2/rokey3_E4_ws/install/turtlebot4_viz/share/turtlebot4_viz/rviz/robot.rviz
[0.732s] -- Symlinking: /home/djqsp2/rokey3_E4_ws/install/turtlebot4_viz/share/ament_index/resource_index/package_run_dependencies/turtlebot4_viz
[0.738s] -- Symlinking: /home/djqsp2/rokey3_E4_ws/install/turtlebot4_viz/share/ament_index/resource_index/parent_prefix_path/turtlebot4_viz
[0.747s] -- Symlinking: /home/djqsp2/rokey3_E4_ws/install/turtlebot4_viz/share/turtlebot4_viz/environment/ament_prefix_path.sh
[0.753s] -- Symlinking: /home/djqsp2/rokey3_E4_ws/install/turtlebot4_viz/share/turtlebot4_viz/environment/ament_prefix_path.dsv
[0.762s] -- Symlinking: /home/djqsp2/rokey3_E4_ws/install/turtlebot4_viz/share/turtlebot4_viz/environment/path.sh
[0.770s] -- Symlinking: /home/djqsp2/rokey3_E4_ws/install/turtlebot4_viz/share/turtlebot4_viz/environment/path.dsv
[0.777s] -- Symlinking: /home/djqsp2/rokey3_E4_ws/install/turtlebot4_viz/share/turtlebot4_viz/local_setup.bash
[0.786s] -- Symlinking: /home/djqsp2/rokey3_E4_ws/install/turtlebot4_viz/share/turtlebot4_viz/local_setup.sh
[0.791s] -- Symlinking: /home/djqsp2/rokey3_E4_ws/install/turtlebot4_viz/share/turtlebot4_viz/local_setup.zsh
[0.796s] -- Symlinking: /home/djqsp2/rokey3_E4_ws/install/turtlebot4_viz/share/turtlebot4_viz/local_setup.dsv
[0.803s] -- Symlinking: /home/djqsp2/rokey3_E4_ws/install/turtlebot4_viz/share/turtlebot4_viz/package.dsv
[0.808s] -- Symlinking: /home/djqsp2/rokey3_E4_ws/install/turtlebot4_viz/share/ament_index/resource_index/packages/turtlebot4_viz
[0.814s] -- Symlinking: /home/djqsp2/rokey3_E4_ws/install/turtlebot4_viz/share/turtlebot4_viz/cmake/turtlebot4_vizConfig.cmake
[0.823s] -- Symlinking: /home/djqsp2/rokey3_E4_ws/install/turtlebot4_viz/share/turtlebot4_viz/cmake/turtlebot4_vizConfig-version.cmake
[0.830s] -- Symlinking: /home/djqsp2/rokey3_E4_ws/install/turtlebot4_viz/share/turtlebot4_viz/package.xml
[0.839s] Invoked command in '/home/djqsp2/rokey3_E4_ws/build/turtlebot4_viz' returned '0': AMENT_PREFIX_PATH=/home/djqsp2/rokey3_E4_ws/install/turtlebot4_description:${AMENT_PREFIX_PATH} CMAKE_PREFIX_PATH=/home/djqsp2/rokey3_E4_ws/install/turtlebot4_description:/opt/ros/humble /usr/bin/cmake --install /home/djqsp2/rokey3_E4_ws/build/turtlebot4_viz
