[0.015s] Invoking command in '/home/djqsp2/rokey3_E4_ws/build/turtlebot4_tutorials': AMENT_PREFIX_PATH=/home/djqsp2/rokey3_E4_ws/install/turtlebot4_python_tutorials:/home/djqsp2/rokey3_E4_ws/install/turtlebot4_navigation:/home/djqsp2/rokey3_E4_ws/install/turtlebot4_cpp_tutorials:${AMENT_PREFIX_PATH} CMAKE_PREFIX_PATH=/home/djqsp2/rokey3_E4_ws/install/turtlebot4_navigation:/home/djqsp2/rokey3_E4_ws/install/turtlebot4_cpp_tutorials:/opt/ros/humble PYTHONPATH=/home/djqsp2/rokey3_E4_ws/build/turtlebot4_python_tutorials:/home/djqsp2/rokey3_E4_ws/install/turtlebot4_python_tutorials/lib/python3.10/site-packages:/home/djqsp2/rokey3_E4_ws/install/turtlebot4_navigation/local/lib/python3.10/dist-packages:${PYTHONPATH} /usr/bin/cmake /home/djqsp2/rokey3_E4_ws/src/turtlebot4_tutorials/turtlebot4_tutorials -DAMENT_CMAKE_SYMLINK_INSTALL=1 -DCMAKE_INSTALL_PREFIX=/home/djqsp2/rokey3_E4_ws/install/turtlebot4_tutorials
[0.057s] -- The C compiler identification is GNU 11.4.0
[0.095s] -- The CXX compiler identification is GNU 11.4.0
[0.101s] -- Detecting C compiler ABI info
[0.158s] -- Detecting C compiler ABI info - done
[0.164s] -- Check for working C compiler: /usr/bin/cc - skipped
[0.165s] -- Detecting C compile features
[0.165s] -- Detecting C compile features - done
[0.168s] -- Detecting CXX compiler ABI info
[0.227s] -- Detecting CXX compiler ABI info - done
[0.232s] -- Check for working CXX compiler: /usr/bin/c++ - skipped
[0.232s] -- Detecting CXX compile features
[0.232s] -- Detecting CXX compile features - done
[0.235s] -- Found ament_cmake: 1.3.11 (/opt/ros/humble/share/ament_cmake/cmake)
[0.374s] -- Found Python3: /usr/bin/python3 (found version "3.10.12") found components: Interpreter 
[0.423s] -- Override CMake install command with custom implementation using symlinks instead of copying resources
[0.502s] -- Configuring done
[0.504s] -- Generating done
[0.506s] -- Build files have been written to: /home/djqsp2/rokey3_E4_ws/build/turtlebot4_tutorials
[0.511s] Invoked command in '/home/djqsp2/rokey3_E4_ws/build/turtlebot4_tutorials' returned '0': AMENT_PREFIX_PATH=/home/djqsp2/rokey3_E4_ws/install/turtlebot4_python_tutorials:/home/djqsp2/rokey3_E4_ws/install/turtlebot4_navigation:/home/djqsp2/rokey3_E4_ws/install/turtlebot4_cpp_tutorials:${AMENT_PREFIX_PATH} CMAKE_PREFIX_PATH=/home/djqsp2/rokey3_E4_ws/install/turtlebot4_navigation:/home/djqsp2/rokey3_E4_ws/install/turtlebot4_cpp_tutorials:/opt/ros/humble PYTHONPATH=/home/djqsp2/rokey3_E4_ws/build/turtlebot4_python_tutorials:/home/djqsp2/rokey3_E4_ws/install/turtlebot4_python_tutorials/lib/python3.10/site-packages:/home/djqsp2/rokey3_E4_ws/install/turtlebot4_navigation/local/lib/python3.10/dist-packages:${PYTHONPATH} /usr/bin/cmake /home/djqsp2/rokey3_E4_ws/src/turtlebot4_tutorials/turtlebot4_tutorials -DAMENT_CMAKE_SYMLINK_INSTALL=1 -DCMAKE_INSTALL_PREFIX=/home/djqsp2/rokey3_E4_ws/install/turtlebot4_tutorials
[0.512s] Invoking command in '/home/djqsp2/rokey3_E4_ws/build/turtlebot4_tutorials': AMENT_PREFIX_PATH=/home/djqsp2/rokey3_E4_ws/install/turtlebot4_python_tutorials:/home/djqsp2/rokey3_E4_ws/install/turtlebot4_navigation:/home/djqsp2/rokey3_E4_ws/install/turtlebot4_cpp_tutorials:${AMENT_PREFIX_PATH} CMAKE_PREFIX_PATH=/home/djqsp2/rokey3_E4_ws/install/turtlebot4_navigation:/home/djqsp2/rokey3_E4_ws/install/turtlebot4_cpp_tutorials:/opt/ros/humble PYTHONPATH=/home/djqsp2/rokey3_E4_ws/build/turtlebot4_python_tutorials:/home/djqsp2/rokey3_E4_ws/install/turtlebot4_python_tutorials/lib/python3.10/site-packages:/home/djqsp2/rokey3_E4_ws/install/turtlebot4_navigation/local/lib/python3.10/dist-packages:${PYTHONPATH} /usr/bin/cmake --build /home/djqsp2/rokey3_E4_ws/build/turtlebot4_tutorials -- -j22 -l22
[0.553s] Invoked command in '/home/djqsp2/rokey3_E4_ws/build/turtlebot4_tutorials' returned '0': AMENT_PREFIX_PATH=/home/djqsp2/rokey3_E4_ws/install/turtlebot4_python_tutorials:/home/djqsp2/rokey3_E4_ws/install/turtlebot4_navigation:/home/djqsp2/rokey3_E4_ws/install/turtlebot4_cpp_tutorials:${AMENT_PREFIX_PATH} CMAKE_PREFIX_PATH=/home/djqsp2/rokey3_E4_ws/install/turtlebot4_navigation:/home/djqsp2/rokey3_E4_ws/install/turtlebot4_cpp_tutorials:/opt/ros/humble PYTHONPATH=/home/djqsp2/rokey3_E4_ws/build/turtlebot4_python_tutorials:/home/djqsp2/rokey3_E4_ws/install/turtlebot4_python_tutorials/lib/python3.10/site-packages:/home/djqsp2/rokey3_E4_ws/install/turtlebot4_navigation/local/lib/python3.10/dist-packages:${PYTHONPATH} /usr/bin/cmake --build /home/djqsp2/rokey3_E4_ws/build/turtlebot4_tutorials -- -j22 -l22
[0.555s] Invoking command in '/home/djqsp2/rokey3_E4_ws/build/turtlebot4_tutorials': AMENT_PREFIX_PATH=/home/djqsp2/rokey3_E4_ws/install/turtlebot4_python_tutorials:/home/djqsp2/rokey3_E4_ws/install/turtlebot4_navigation:/home/djqsp2/rokey3_E4_ws/install/turtlebot4_cpp_tutorials:${AMENT_PREFIX_PATH} CMAKE_PREFIX_PATH=/home/djqsp2/rokey3_E4_ws/install/turtlebot4_navigation:/home/djqsp2/rokey3_E4_ws/install/turtlebot4_cpp_tutorials:/opt/ros/humble PYTHONPATH=/home/djqsp2/rokey3_E4_ws/build/turtlebot4_python_tutorials:/home/djqsp2/rokey3_E4_ws/install/turtlebot4_python_tutorials/lib/python3.10/site-packages:/home/djqsp2/rokey3_E4_ws/install/turtlebot4_navigation/local/lib/python3.10/dist-packages:${PYTHONPATH} /usr/bin/cmake --install /home/djqsp2/rokey3_E4_ws/build/turtlebot4_tutorials
[0.563s] -- Install configuration: ""
[0.563s] -- Execute custom install script
[0.563s] -- Symlinking: /home/djqsp2/rokey3_E4_ws/install/turtlebot4_tutorials/share/ament_index/resource_index/package_run_dependencies/turtlebot4_tutorials
[0.570s] -- Symlinking: /home/djqsp2/rokey3_E4_ws/install/turtlebot4_tutorials/share/ament_index/resource_index/parent_prefix_path/turtlebot4_tutorials
[0.577s] -- Symlinking: /home/djqsp2/rokey3_E4_ws/install/turtlebot4_tutorials/share/turtlebot4_tutorials/environment/ament_prefix_path.sh
[0.586s] -- Symlinking: /home/djqsp2/rokey3_E4_ws/install/turtlebot4_tutorials/share/turtlebot4_tutorials/environment/ament_prefix_path.dsv
[0.594s] -- Symlinking: /home/djqsp2/rokey3_E4_ws/install/turtlebot4_tutorials/share/turtlebot4_tutorials/environment/path.sh
[0.604s] -- Symlinking: /home/djqsp2/rokey3_E4_ws/install/turtlebot4_tutorials/share/turtlebot4_tutorials/environment/path.dsv
[0.614s] -- Symlinking: /home/djqsp2/rokey3_E4_ws/install/turtlebot4_tutorials/share/turtlebot4_tutorials/local_setup.bash
[0.623s] -- Symlinking: /home/djqsp2/rokey3_E4_ws/install/turtlebot4_tutorials/share/turtlebot4_tutorials/local_setup.sh
[0.631s] -- Symlinking: /home/djqsp2/rokey3_E4_ws/install/turtlebot4_tutorials/share/turtlebot4_tutorials/local_setup.zsh
[0.638s] -- Symlinking: /home/djqsp2/rokey3_E4_ws/install/turtlebot4_tutorials/share/turtlebot4_tutorials/local_setup.dsv
[0.646s] -- Symlinking: /home/djqsp2/rokey3_E4_ws/install/turtlebot4_tutorials/share/turtlebot4_tutorials/package.dsv
[0.655s] -- Symlinking: /home/djqsp2/rokey3_E4_ws/install/turtlebot4_tutorials/share/ament_index/resource_index/packages/turtlebot4_tutorials
[0.665s] -- Symlinking: /home/djqsp2/rokey3_E4_ws/install/turtlebot4_tutorials/share/turtlebot4_tutorials/cmake/turtlebot4_tutorialsConfig.cmake
[0.671s] -- Symlinking: /home/djqsp2/rokey3_E4_ws/install/turtlebot4_tutorials/share/turtlebot4_tutorials/cmake/turtlebot4_tutorialsConfig-version.cmake
[0.683s] -- Symlinking: /home/djqsp2/rokey3_E4_ws/install/turtlebot4_tutorials/share/turtlebot4_tutorials/package.xml
[0.693s] Invoked command in '/home/djqsp2/rokey3_E4_ws/build/turtlebot4_tutorials' returned '0': AMENT_PREFIX_PATH=/home/djqsp2/rokey3_E4_ws/install/turtlebot4_python_tutorials:/home/djqsp2/rokey3_E4_ws/install/turtlebot4_navigation:/home/djqsp2/rokey3_E4_ws/install/turtlebot4_cpp_tutorials:${AMENT_PREFIX_PATH} CMAKE_PREFIX_PATH=/home/djqsp2/rokey3_E4_ws/install/turtlebot4_navigation:/home/djqsp2/rokey3_E4_ws/install/turtlebot4_cpp_tutorials:/opt/ros/humble PYTHONPATH=/home/djqsp2/rokey3_E4_ws/build/turtlebot4_python_tutorials:/home/djqsp2/rokey3_E4_ws/install/turtlebot4_python_tutorials/lib/python3.10/site-packages:/home/djqsp2/rokey3_E4_ws/install/turtlebot4_navigation/local/lib/python3.10/dist-packages:${PYTHONPATH} /usr/bin/cmake --install /home/djqsp2/rokey3_E4_ws/build/turtlebot4_tutorials
