[0.007s] Invoking command in '/home/djqsp2/rokey3_E4_ws/build/turtlebot4_desktop': AMENT_PREFIX_PATH=/home/djqsp2/rokey3_E4_ws/install/turtlebot4_viz:/home/djqsp2/rokey3_E4_ws/install/turtlebot4_description:${AMENT_PREFIX_PATH} CMAKE_PREFIX_PATH=/home/djqsp2/rokey3_E4_ws/install/turtlebot4_viz:/home/djqsp2/rokey3_E4_ws/install/turtlebot4_description:/opt/ros/humble /usr/bin/cmake --build /home/djqsp2/rokey3_E4_ws/build/turtlebot4_desktop -- -j22 -l22
[0.046s] Invoked command in '/home/djqsp2/rokey3_E4_ws/build/turtlebot4_desktop' returned '0': AMENT_PREFIX_PATH=/home/djqsp2/rokey3_E4_ws/install/turtlebot4_viz:/home/djqsp2/rokey3_E4_ws/install/turtlebot4_description:${AMENT_PREFIX_PATH} CMAKE_PREFIX_PATH=/home/djqsp2/rokey3_E4_ws/install/turtlebot4_viz:/home/djqsp2/rokey3_E4_ws/install/turtlebot4_description:/opt/ros/humble /usr/bin/cmake --build /home/djqsp2/rokey3_E4_ws/build/turtlebot4_desktop -- -j22 -l22
[0.047s] Invoking command in '/home/djqsp2/rokey3_E4_ws/build/turtlebot4_desktop': AMENT_PREFIX_PATH=/home/djqsp2/rokey3_E4_ws/install/turtlebot4_viz:/home/djqsp2/rokey3_E4_ws/install/turtlebot4_description:${AMENT_PREFIX_PATH} CMAKE_PREFIX_PATH=/home/djqsp2/rokey3_E4_ws/install/turtlebot4_viz:/home/djqsp2/rokey3_E4_ws/install/turtlebot4_description:/opt/ros/humble /usr/bin/cmake --install /home/djqsp2/rokey3_E4_ws/build/turtlebot4_desktop
[0.052s] -- Install configuration: ""
[0.053s] -- Execute custom install script
[0.054s] -- Up-to-date symlink: /home/djqsp2/rokey3_E4_ws/install/turtlebot4_desktop/share/ament_index/resource_index/package_run_dependencies/turtlebot4_desktop
[0.054s] -- Up-to-date symlink: /home/djqsp2/rokey3_E4_ws/install/turtlebot4_desktop/share/ament_index/resource_index/parent_prefix_path/turtlebot4_desktop
[0.054s] -- Up-to-date symlink: /home/djqsp2/rokey3_E4_ws/install/turtlebot4_desktop/share/turtlebot4_desktop/environment/ament_prefix_path.sh
[0.054s] -- Up-to-date symlink: /home/djqsp2/rokey3_E4_ws/install/turtlebot4_desktop/share/turtlebot4_desktop/environment/ament_prefix_path.dsv
[0.054s] -- Up-to-date symlink: /home/djqsp2/rokey3_E4_ws/install/turtlebot4_desktop/share/turtlebot4_desktop/environment/path.sh
[0.054s] -- Up-to-date symlink: /home/djqsp2/rokey3_E4_ws/install/turtlebot4_desktop/share/turtlebot4_desktop/environment/path.dsv
[0.054s] -- Up-to-date symlink: /home/djqsp2/rokey3_E4_ws/install/turtlebot4_desktop/share/turtlebot4_desktop/local_setup.bash
[0.054s] -- Up-to-date symlink: /home/djqsp2/rokey3_E4_ws/install/turtlebot4_desktop/share/turtlebot4_desktop/local_setup.sh
[0.055s] -- Up-to-date symlink: /home/djqsp2/rokey3_E4_ws/install/turtlebot4_desktop/share/turtlebot4_desktop/local_setup.zsh
[0.055s] -- Up-to-date symlink: /home/djqsp2/rokey3_E4_ws/install/turtlebot4_desktop/share/turtlebot4_desktop/local_setup.dsv
[0.055s] -- Symlinking: /home/djqsp2/rokey3_E4_ws/install/turtlebot4_desktop/share/turtlebot4_desktop/package.dsv
[0.061s] -- Up-to-date symlink: /home/djqsp2/rokey3_E4_ws/install/turtlebot4_desktop/share/ament_index/resource_index/packages/turtlebot4_desktop
[0.061s] -- Up-to-date symlink: /home/djqsp2/rokey3_E4_ws/install/turtlebot4_desktop/share/turtlebot4_desktop/cmake/turtlebot4_desktopConfig.cmake
[0.062s] -- Up-to-date symlink: /home/djqsp2/rokey3_E4_ws/install/turtlebot4_desktop/share/turtlebot4_desktop/cmake/turtlebot4_desktopConfig-version.cmake
[0.062s] -- Up-to-date symlink: /home/djqsp2/rokey3_E4_ws/install/turtlebot4_desktop/share/turtlebot4_desktop/package.xml
[0.067s] Invoked command in '/home/djqsp2/rokey3_E4_ws/build/turtlebot4_desktop' returned '0': AMENT_PREFIX_PATH=/home/djqsp2/rokey3_E4_ws/install/turtlebot4_viz:/home/djqsp2/rokey3_E4_ws/install/turtlebot4_description:${AMENT_PREFIX_PATH} CMAKE_PREFIX_PATH=/home/djqsp2/rokey3_E4_ws/install/turtlebot4_viz:/home/djqsp2/rokey3_E4_ws/install/turtlebot4_description:/opt/ros/humble /usr/bin/cmake --install /home/djqsp2/rokey3_E4_ws/build/turtlebot4_desktop
