[0.009s] Invoking command in '/home/djqsp2/rokey3_E4_ws/build/turtlebot4_node': AMENT_PREFIX_PATH=/home/djqsp2/rokey3_E4_ws/install/turtlebot4_msgs:${AMENT_PREFIX_PATH} CMAKE_PREFIX_PATH=/home/djqsp2/rokey3_E4_ws/install/turtlebot4_msgs:/opt/ros/humble LD_LIBRARY_PATH=/home/djqsp2/rokey3_E4_ws/install/turtlebot4_msgs/lib:/usr/lib/x86_64-linux-gnu/gazebo-11/plugins:/opt/ros/humble/opt/rviz_ogre_vendor/lib:/opt/ros/humble/lib/x86_64-linux-gnu:/opt/ros/humble/lib:/usr/lib/x86_64-linux-gnu/gazebo-11/plugins PYTHONPATH=/home/djqsp2/rokey3_E4_ws/install/turtlebot4_msgs/local/lib/python3.10/dist-packages:${PYTHONPATH} /usr/bin/cmake /home/djqsp2/rokey3_E4_ws/src/turtlebot4/turtlebot4_node -DAMENT_CMAKE_SYMLINK_INSTALL=1 -DCMAKE_INSTALL_PREFIX=/home/djqsp2/rokey3_E4_ws/install/turtlebot4_node
[0.054s] -- The C compiler identification is GNU 11.4.0
[0.101s] -- The CXX compiler identification is GNU 11.4.0
[0.108s] -- Detecting C compiler ABI info
[0.160s] -- Detecting C compiler ABI info - done
[0.168s] -- Check for working C compiler: /usr/bin/cc - skipped
[0.168s] -- Detecting C compile features
[0.168s] -- Detecting C compile features - done
[0.172s] -- Detecting CXX compiler ABI info
[0.241s] -- Detecting CXX compiler ABI info - done
[0.249s] -- Check for working CXX compiler: /usr/bin/c++ - skipped
[0.249s] -- Detecting CXX compile features
[0.250s] -- Detecting CXX compile features - done
[0.253s] -- Found ament_cmake: 1.3.11 (/opt/ros/humble/share/ament_cmake/cmake)
[0.378s] -- Found Python3: /usr/bin/python3 (found version "3.10.12") found components: Interpreter 
[0.422s] -- Override CMake install command with custom implementation using symlinks instead of copying resources
[0.443s] -- Found rclcpp: 16.0.12 (/opt/ros/humble/share/rclcpp/cmake)
[0.474s] -- Found rosidl_generator_c: 3.1.6 (/opt/ros/humble/share/rosidl_generator_c/cmake)
[0.477s] -- Found rosidl_adapter: 3.1.6 (/opt/ros/humble/share/rosidl_adapter/cmake)
[0.483s] -- Found rosidl_generator_cpp: 3.1.6 (/opt/ros/humble/share/rosidl_generator_cpp/cmake)
[0.492s] -- Using all available rosidl_typesupport_c: rosidl_typesupport_fastrtps_c;rosidl_typesupport_introspection_c
[0.503s] -- Using all available rosidl_typesupport_cpp: rosidl_typesupport_fastrtps_cpp;rosidl_typesupport_introspection_cpp
[0.533s] -- Found rmw_implementation_cmake: 6.1.2 (/opt/ros/humble/share/rmw_implementation_cmake/cmake)
[0.535s] -- Found rmw_fastrtps_cpp: 6.2.7 (/opt/ros/humble/share/rmw_fastrtps_cpp/cmake)
[0.605s] -- Found OpenSSL: /usr/lib/x86_64-linux-gnu/libcrypto.so (found version "3.0.2")  
[0.628s] -- Found FastRTPS: /opt/ros/humble/include  
[0.666s] -- Using RMW implementation 'rmw_fastrtps_cpp' as default
[0.677s] -- Looking for pthread.h
[0.738s] -- Looking for pthread.h - found
[0.739s] -- Performing Test CMAKE_HAVE_LIBC_PTHREAD
[0.797s] -- Performing Test CMAKE_HAVE_LIBC_PTHREAD - Success
[0.797s] -- Found Threads: TRUE  
[0.833s] -- Found rclcpp_action: 16.0.12 (/opt/ros/humble/share/rclcpp_action/cmake)
[0.856s] -- Found std_srvs: 4.8.0 (/opt/ros/humble/share/std_srvs/cmake)
[0.862s] -- Found sensor_msgs: 4.8.0 (/opt/ros/humble/share/sensor_msgs/cmake)
[0.883s] -- Found irobot_create_msgs: 2.1.0 (/opt/ros/humble/share/irobot_create_msgs/cmake)
[0.896s] -- Found turtlebot4_msgs: 1.0.5 (/home/djqsp2/rokey3_E4_ws/install/turtlebot4_msgs/share/turtlebot4_msgs/cmake)
[0.905s] -- Found ament_lint_auto: 0.12.12 (/opt/ros/humble/share/ament_lint_auto/cmake)
[0.961s] -- Added test 'cppcheck' to perform static code analysis on C / C++ code
[0.961s] -- Configured cppcheck include dirs: /home/djqsp2/rokey3_E4_ws/src/turtlebot4/turtlebot4_node/include
[0.961s] -- Configured cppcheck exclude dirs and/or files: 
[0.962s] -- Added test 'cpplint' to check C / C++ code against the Google style
[0.962s] -- Configured cpplint exclude dirs and/or files: 
[0.962s] -- Added test 'lint_cmake' to check CMake code style
[0.963s] -- Added test 'uncrustify' to check C / C++ code style
[0.963s] -- Configured uncrustify additional arguments: 
[0.963s] -- Added test 'xmllint' to check XML markup files
[0.964s] -- Configuring done
[0.974s] -- Generating done
[0.978s] -- Build files have been written to: /home/djqsp2/rokey3_E4_ws/build/turtlebot4_node
[0.986s] Invoked command in '/home/djqsp2/rokey3_E4_ws/build/turtlebot4_node' returned '0': AMENT_PREFIX_PATH=/home/djqsp2/rokey3_E4_ws/install/turtlebot4_msgs:${AMENT_PREFIX_PATH} CMAKE_PREFIX_PATH=/home/djqsp2/rokey3_E4_ws/install/turtlebot4_msgs:/opt/ros/humble LD_LIBRARY_PATH=/home/djqsp2/rokey3_E4_ws/install/turtlebot4_msgs/lib:/usr/lib/x86_64-linux-gnu/gazebo-11/plugins:/opt/ros/humble/opt/rviz_ogre_vendor/lib:/opt/ros/humble/lib/x86_64-linux-gnu:/opt/ros/humble/lib:/usr/lib/x86_64-linux-gnu/gazebo-11/plugins PYTHONPATH=/home/djqsp2/rokey3_E4_ws/install/turtlebot4_msgs/local/lib/python3.10/dist-packages:${PYTHONPATH} /usr/bin/cmake /home/djqsp2/rokey3_E4_ws/src/turtlebot4/turtlebot4_node -DAMENT_CMAKE_SYMLINK_INSTALL=1 -DCMAKE_INSTALL_PREFIX=/home/djqsp2/rokey3_E4_ws/install/turtlebot4_node
[0.987s] Invoking command in '/home/djqsp2/rokey3_E4_ws/build/turtlebot4_node': AMENT_PREFIX_PATH=/home/djqsp2/rokey3_E4_ws/install/turtlebot4_msgs:${AMENT_PREFIX_PATH} CMAKE_PREFIX_PATH=/home/djqsp2/rokey3_E4_ws/install/turtlebot4_msgs:/opt/ros/humble LD_LIBRARY_PATH=/home/djqsp2/rokey3_E4_ws/install/turtlebot4_msgs/lib:/usr/lib/x86_64-linux-gnu/gazebo-11/plugins:/opt/ros/humble/opt/rviz_ogre_vendor/lib:/opt/ros/humble/lib/x86_64-linux-gnu:/opt/ros/humble/lib:/usr/lib/x86_64-linux-gnu/gazebo-11/plugins PYTHONPATH=/home/djqsp2/rokey3_E4_ws/install/turtlebot4_msgs/local/lib/python3.10/dist-packages:${PYTHONPATH} /usr/bin/cmake --build /home/djqsp2/rokey3_E4_ws/build/turtlebot4_node -- -j22 -l22
[1.032s] [ 12%] [32mBuilding CXX object CMakeFiles/turtlebot4_node_lib.dir/src/turtlebot4.cpp.o[0m
[1.032s] [ 25%] [32mBuilding CXX object CMakeFiles/turtlebot4_node_lib.dir/src/buttons.cpp.o[0m
[1.034s] [ 37%] [32mBuilding CXX object CMakeFiles/turtlebot4_node_lib.dir/src/main.cpp.o[0m
[1.035s] [ 50%] [32mBuilding CXX object CMakeFiles/turtlebot4_node_lib.dir/src/display.cpp.o[0m
[1.035s] [ 62%] [32mBuilding CXX object CMakeFiles/turtlebot4_node_lib.dir/src/leds.cpp.o[0m
[18.303s] [ 75%] [32m[1mLinking CXX static library libturtlebot4_node_lib.a[0m
[18.857s] [ 75%] Built target turtlebot4_node_lib
[18.874s] [ 87%] [32mBuilding CXX object CMakeFiles/turtlebot4_node.dir/src/main.cpp.o[0m
[22.064s] [100%] [32m[1mLinking CXX executable turtlebot4_node[0m
[23.832s] [100%] Built target turtlebot4_node
[23.844s] Invoked command in '/home/djqsp2/rokey3_E4_ws/build/turtlebot4_node' returned '0': AMENT_PREFIX_PATH=/home/djqsp2/rokey3_E4_ws/install/turtlebot4_msgs:${AMENT_PREFIX_PATH} CMAKE_PREFIX_PATH=/home/djqsp2/rokey3_E4_ws/install/turtlebot4_msgs:/opt/ros/humble LD_LIBRARY_PATH=/home/djqsp2/rokey3_E4_ws/install/turtlebot4_msgs/lib:/usr/lib/x86_64-linux-gnu/gazebo-11/plugins:/opt/ros/humble/opt/rviz_ogre_vendor/lib:/opt/ros/humble/lib/x86_64-linux-gnu:/opt/ros/humble/lib:/usr/lib/x86_64-linux-gnu/gazebo-11/plugins PYTHONPATH=/home/djqsp2/rokey3_E4_ws/install/turtlebot4_msgs/local/lib/python3.10/dist-packages:${PYTHONPATH} /usr/bin/cmake --build /home/djqsp2/rokey3_E4_ws/build/turtlebot4_node -- -j22 -l22
[23.846s] Invoking command in '/home/djqsp2/rokey3_E4_ws/build/turtlebot4_node': AMENT_PREFIX_PATH=/home/djqsp2/rokey3_E4_ws/install/turtlebot4_msgs:${AMENT_PREFIX_PATH} CMAKE_PREFIX_PATH=/home/djqsp2/rokey3_E4_ws/install/turtlebot4_msgs:/opt/ros/humble LD_LIBRARY_PATH=/home/djqsp2/rokey3_E4_ws/install/turtlebot4_msgs/lib:/usr/lib/x86_64-linux-gnu/gazebo-11/plugins:/opt/ros/humble/opt/rviz_ogre_vendor/lib:/opt/ros/humble/lib/x86_64-linux-gnu:/opt/ros/humble/lib:/usr/lib/x86_64-linux-gnu/gazebo-11/plugins PYTHONPATH=/home/djqsp2/rokey3_E4_ws/install/turtlebot4_msgs/local/lib/python3.10/dist-packages:${PYTHONPATH} /usr/bin/cmake --install /home/djqsp2/rokey3_E4_ws/build/turtlebot4_node
[23.852s] -- Install configuration: ""
[23.852s] -- Execute custom install script
[23.852s] -- Symlinking: /home/djqsp2/rokey3_E4_ws/install/turtlebot4_node/lib/turtlebot4_node/turtlebot4_node
[23.858s] -- Symlinking: /home/djqsp2/rokey3_E4_ws/install/turtlebot4_node/include/turtlebot4_node/action.hpp
[23.865s] -- Symlinking: /home/djqsp2/rokey3_E4_ws/install/turtlebot4_node/include/turtlebot4_node/buttons.hpp
[23.871s] -- Symlinking: /home/djqsp2/rokey3_E4_ws/install/turtlebot4_node/include/turtlebot4_node/display.hpp
[23.877s] -- Symlinking: /home/djqsp2/rokey3_E4_ws/install/turtlebot4_node/include/turtlebot4_node/leds.hpp
[23.883s] -- Symlinking: /home/djqsp2/rokey3_E4_ws/install/turtlebot4_node/include/turtlebot4_node/service.hpp
[23.889s] -- Symlinking: /home/djqsp2/rokey3_E4_ws/install/turtlebot4_node/include/turtlebot4_node/turtlebot4.hpp
[23.895s] -- Symlinking: /home/djqsp2/rokey3_E4_ws/install/turtlebot4_node/include/turtlebot4_node/utils.hpp
[23.901s] -- Symlinking: /home/djqsp2/rokey3_E4_ws/install/turtlebot4_node/share/ament_index/resource_index/package_run_dependencies/turtlebot4_node
[23.908s] -- Symlinking: /home/djqsp2/rokey3_E4_ws/install/turtlebot4_node/share/ament_index/resource_index/parent_prefix_path/turtlebot4_node
[23.915s] -- Symlinking: /home/djqsp2/rokey3_E4_ws/install/turtlebot4_node/share/turtlebot4_node/environment/ament_prefix_path.sh
[23.920s] -- Symlinking: /home/djqsp2/rokey3_E4_ws/install/turtlebot4_node/share/turtlebot4_node/environment/ament_prefix_path.dsv
[23.927s] -- Symlinking: /home/djqsp2/rokey3_E4_ws/install/turtlebot4_node/share/turtlebot4_node/environment/path.sh
[23.932s] -- Symlinking: /home/djqsp2/rokey3_E4_ws/install/turtlebot4_node/share/turtlebot4_node/environment/path.dsv
[23.937s] -- Symlinking: /home/djqsp2/rokey3_E4_ws/install/turtlebot4_node/share/turtlebot4_node/local_setup.bash
[23.943s] -- Symlinking: /home/djqsp2/rokey3_E4_ws/install/turtlebot4_node/share/turtlebot4_node/local_setup.sh
[23.947s] -- Symlinking: /home/djqsp2/rokey3_E4_ws/install/turtlebot4_node/share/turtlebot4_node/local_setup.zsh
[23.952s] -- Symlinking: /home/djqsp2/rokey3_E4_ws/install/turtlebot4_node/share/turtlebot4_node/local_setup.dsv
[23.958s] -- Symlinking: /home/djqsp2/rokey3_E4_ws/install/turtlebot4_node/share/turtlebot4_node/package.dsv
[23.964s] -- Symlinking: /home/djqsp2/rokey3_E4_ws/install/turtlebot4_node/share/ament_index/resource_index/packages/turtlebot4_node
[23.969s] -- Symlinking: /home/djqsp2/rokey3_E4_ws/install/turtlebot4_node/share/turtlebot4_node/cmake/ament_cmake_export_include_directories-extras.cmake
[23.974s] -- Symlinking: /home/djqsp2/rokey3_E4_ws/install/turtlebot4_node/share/turtlebot4_node/cmake/turtlebot4_nodeConfig.cmake
[23.980s] -- Symlinking: /home/djqsp2/rokey3_E4_ws/install/turtlebot4_node/share/turtlebot4_node/cmake/turtlebot4_nodeConfig-version.cmake
[23.985s] -- Symlinking: /home/djqsp2/rokey3_E4_ws/install/turtlebot4_node/share/turtlebot4_node/package.xml
[23.992s] Invoked command in '/home/djqsp2/rokey3_E4_ws/build/turtlebot4_node' returned '0': AMENT_PREFIX_PATH=/home/djqsp2/rokey3_E4_ws/install/turtlebot4_msgs:${AMENT_PREFIX_PATH} CMAKE_PREFIX_PATH=/home/djqsp2/rokey3_E4_ws/install/turtlebot4_msgs:/opt/ros/humble LD_LIBRARY_PATH=/home/djqsp2/rokey3_E4_ws/install/turtlebot4_msgs/lib:/usr/lib/x86_64-linux-gnu/gazebo-11/plugins:/opt/ros/humble/opt/rviz_ogre_vendor/lib:/opt/ros/humble/lib/x86_64-linux-gnu:/opt/ros/humble/lib:/usr/lib/x86_64-linux-gnu/gazebo-11/plugins PYTHONPATH=/home/djqsp2/rokey3_E4_ws/install/turtlebot4_msgs/local/lib/python3.10/dist-packages:${PYTHONPATH} /usr/bin/cmake --install /home/djqsp2/rokey3_E4_ws/build/turtlebot4_node
