[0.384s] Invoking command in '/home/djqsp2/rokey3_E4_ws/build/turtlebot4_node': AMENT_PREFIX_PATH=/home/djqsp2/rokey3_E4_ws/install/turtlebot4_msgs:${AMENT_PREFIX_PATH} CMAKE_PREFIX_PATH=/home/djqsp2/rokey3_E4_ws/install/turtlebot4_msgs:/opt/ros/humble LD_LIBRARY_PATH=/home/djqsp2/rokey3_E4_ws/install/turtlebot4_msgs/lib:/usr/lib/x86_64-linux-gnu/gazebo-11/plugins:/opt/ros/humble/opt/rviz_ogre_vendor/lib:/opt/ros/humble/lib/x86_64-linux-gnu:/opt/ros/humble/lib:/usr/lib/x86_64-linux-gnu/gazebo-11/plugins PYTHONPATH=/home/djqsp2/rokey3_E4_ws/install/turtlebot4_msgs/local/lib/python3.10/dist-packages:${PYTHONPATH} /usr/bin/cmake --build /home/djqsp2/rokey3_E4_ws/build/turtlebot4_node -- -j22 -l22
[0.440s] [ 75%] Built target turtlebot4_node_lib
[0.466s] [100%] Built target turtlebot4_node
[0.814s] Invoked command in '/home/djqsp2/rokey3_E4_ws/build/turtlebot4_node' returned '0': AMENT_PREFIX_PATH=/home/djqsp2/rokey3_E4_ws/install/turtlebot4_msgs:${AMENT_PREFIX_PATH} CMAKE_PREFIX_PATH=/home/djqsp2/rokey3_E4_ws/install/turtlebot4_msgs:/opt/ros/humble LD_LIBRARY_PATH=/home/djqsp2/rokey3_E4_ws/install/turtlebot4_msgs/lib:/usr/lib/x86_64-linux-gnu/gazebo-11/plugins:/opt/ros/humble/opt/rviz_ogre_vendor/lib:/opt/ros/humble/lib/x86_64-linux-gnu:/opt/ros/humble/lib:/usr/lib/x86_64-linux-gnu/gazebo-11/plugins PYTHONPATH=/home/djqsp2/rokey3_E4_ws/install/turtlebot4_msgs/local/lib/python3.10/dist-packages:${PYTHONPATH} /usr/bin/cmake --build /home/djqsp2/rokey3_E4_ws/build/turtlebot4_node -- -j22 -l22
[0.815s] Invoking command in '/home/djqsp2/rokey3_E4_ws/build/turtlebot4_node': AMENT_PREFIX_PATH=/home/djqsp2/rokey3_E4_ws/install/turtlebot4_msgs:${AMENT_PREFIX_PATH} CMAKE_PREFIX_PATH=/home/djqsp2/rokey3_E4_ws/install/turtlebot4_msgs:/opt/ros/humble LD_LIBRARY_PATH=/home/djqsp2/rokey3_E4_ws/install/turtlebot4_msgs/lib:/usr/lib/x86_64-linux-gnu/gazebo-11/plugins:/opt/ros/humble/opt/rviz_ogre_vendor/lib:/opt/ros/humble/lib/x86_64-linux-gnu:/opt/ros/humble/lib:/usr/lib/x86_64-linux-gnu/gazebo-11/plugins PYTHONPATH=/home/djqsp2/rokey3_E4_ws/install/turtlebot4_msgs/local/lib/python3.10/dist-packages:${PYTHONPATH} /usr/bin/cmake --install /home/djqsp2/rokey3_E4_ws/build/turtlebot4_node
[0.822s] -- Install configuration: ""
[0.823s] -- Execute custom install script
[0.823s] -- Up-to-date symlink: /home/djqsp2/rokey3_E4_ws/install/turtlebot4_node/lib/turtlebot4_node/turtlebot4_node
[0.823s] -- Up-to-date symlink: /home/djqsp2/rokey3_E4_ws/install/turtlebot4_node/include/turtlebot4_node/action.hpp
[0.823s] -- Up-to-date symlink: /home/djqsp2/rokey3_E4_ws/install/turtlebot4_node/include/turtlebot4_node/buttons.hpp
[0.823s] -- Up-to-date symlink: /home/djqsp2/rokey3_E4_ws/install/turtlebot4_node/include/turtlebot4_node/display.hpp
[0.823s] -- Up-to-date symlink: /home/djqsp2/rokey3_E4_ws/install/turtlebot4_node/include/turtlebot4_node/leds.hpp
[0.823s] -- Up-to-date symlink: /home/djqsp2/rokey3_E4_ws/install/turtlebot4_node/include/turtlebot4_node/service.hpp
[0.823s] -- Up-to-date symlink: /home/djqsp2/rokey3_E4_ws/install/turtlebot4_node/include/turtlebot4_node/turtlebot4.hpp
[0.823s] -- Up-to-date symlink: /home/djqsp2/rokey3_E4_ws/install/turtlebot4_node/include/turtlebot4_node/utils.hpp
[0.824s] -- Up-to-date symlink: /home/djqsp2/rokey3_E4_ws/install/turtlebot4_node/share/ament_index/resource_index/package_run_dependencies/turtlebot4_node
[0.824s] -- Up-to-date symlink: /home/djqsp2/rokey3_E4_ws/install/turtlebot4_node/share/ament_index/resource_index/parent_prefix_path/turtlebot4_node
[0.824s] -- Up-to-date symlink: /home/djqsp2/rokey3_E4_ws/install/turtlebot4_node/share/turtlebot4_node/environment/ament_prefix_path.sh
[0.824s] -- Up-to-date symlink: /home/djqsp2/rokey3_E4_ws/install/turtlebot4_node/share/turtlebot4_node/environment/ament_prefix_path.dsv
[0.824s] -- Up-to-date symlink: /home/djqsp2/rokey3_E4_ws/install/turtlebot4_node/share/turtlebot4_node/environment/path.sh
[0.824s] -- Up-to-date symlink: /home/djqsp2/rokey3_E4_ws/install/turtlebot4_node/share/turtlebot4_node/environment/path.dsv
[0.824s] -- Up-to-date symlink: /home/djqsp2/rokey3_E4_ws/install/turtlebot4_node/share/turtlebot4_node/local_setup.bash
[0.825s] -- Up-to-date symlink: /home/djqsp2/rokey3_E4_ws/install/turtlebot4_node/share/turtlebot4_node/local_setup.sh
[0.825s] -- Up-to-date symlink: /home/djqsp2/rokey3_E4_ws/install/turtlebot4_node/share/turtlebot4_node/local_setup.zsh
[0.825s] -- Up-to-date symlink: /home/djqsp2/rokey3_E4_ws/install/turtlebot4_node/share/turtlebot4_node/local_setup.dsv
[0.825s] -- Symlinking: /home/djqsp2/rokey3_E4_ws/install/turtlebot4_node/share/turtlebot4_node/package.dsv
[0.832s] -- Up-to-date symlink: /home/djqsp2/rokey3_E4_ws/install/turtlebot4_node/share/ament_index/resource_index/packages/turtlebot4_node
[0.833s] -- Up-to-date symlink: /home/djqsp2/rokey3_E4_ws/install/turtlebot4_node/share/turtlebot4_node/cmake/ament_cmake_export_include_directories-extras.cmake
[0.833s] -- Up-to-date symlink: /home/djqsp2/rokey3_E4_ws/install/turtlebot4_node/share/turtlebot4_node/cmake/turtlebot4_nodeConfig.cmake
[0.833s] -- Up-to-date symlink: /home/djqsp2/rokey3_E4_ws/install/turtlebot4_node/share/turtlebot4_node/cmake/turtlebot4_nodeConfig-version.cmake
[0.833s] -- Up-to-date symlink: /home/djqsp2/rokey3_E4_ws/install/turtlebot4_node/share/turtlebot4_node/package.xml
