[1.495s] Invoking command in '/home/rokey/rokey3_E4_ws/build/my_package': PYTHONPATH=/home/rokey/rokey3_E4_ws/build/my_package/prefix_override:/usr/lib/python3/dist-packages/colcon_core/task/python/colcon_distutils_commands:/home/rokey/rokey3_E4_ws/install/my_package/lib/python3.10/site-packages:${PYTHONPATH} /usr/bin/python3 -W ignore:setup.py install is deprecated -W ignore:easy_install command is deprecated setup.py develop --editable --build-directory /home/rokey/rokey3_E4_ws/build/my_package/build --no-deps symlink_data
[2.124s] running develop
[2.568s] running egg_info
[2.568s] creating my_package.egg-info
[2.569s] writing my_package.egg-info/PKG-INFO
[2.569s] writing dependency_links to my_package.egg-info/dependency_links.txt
[2.569s] writing entry points to my_package.egg-info/entry_points.txt
[2.570s] writing requirements to my_package.egg-info/requires.txt
[2.570s] writing top-level names to my_package.egg-info/top_level.txt
[2.570s] writing manifest file 'my_package.egg-info/SOURCES.txt'
[2.573s] reading manifest file 'my_package.egg-info/SOURCES.txt'
[2.574s] writing manifest file 'my_package.egg-info/SOURCES.txt'
[2.577s] running build_ext
[2.577s] Creating /home/rokey/rokey3_E4_ws/install/my_package/lib/python3.10/site-packages/my-package.egg-link (link to .)
[2.579s] 
[2.579s] Installed /home/rokey/rokey3_E4_ws/build/my_package
[2.580s] running symlink_data
[2.580s] creating /home/rokey/rokey3_E4_ws/install/my_package/share/ament_index
[2.580s] creating /home/rokey/rokey3_E4_ws/install/my_package/share/ament_index/resource_index
[2.580s] creating /home/rokey/rokey3_E4_ws/install/my_package/share/ament_index/resource_index/packages
[2.580s] symbolically linking /home/rokey/rokey3_E4_ws/build/my_package/resource/my_package -> /home/rokey/rokey3_E4_ws/install/my_package/share/ament_index/resource_index/packages
[2.580s] symbolically linking /home/rokey/rokey3_E4_ws/build/my_package/package.xml -> /home/rokey/rokey3_E4_ws/install/my_package/share/my_package
[2.692s] Invoked command in '/home/rokey/rokey3_E4_ws/build/my_package' returned '0': PYTHONPATH=/home/rokey/rokey3_E4_ws/build/my_package/prefix_override:/usr/lib/python3/dist-packages/colcon_core/task/python/colcon_distutils_commands:/home/rokey/rokey3_E4_ws/install/my_package/lib/python3.10/site-packages:${PYTHONPATH} /usr/bin/python3 -W ignore:setup.py install is deprecated -W ignore:easy_install command is deprecated setup.py develop --editable --build-directory /home/rokey/rokey3_E4_ws/build/my_package/build --no-deps symlink_data
